CRITICAL - 2023-08-30 01:16:26 --> Undefined variable: lang
#0 /home/rowadnet/public_html/CI_FrameWork/app/Views/layout/footer.php(27): CodeIgniter\Debug\Exceptions->errorHandler(8, 'Undefined varia...', '/home/rowadnet/...', 27, Array)
#1 /home/rowadnet/public_html/CI_FrameWork/system/View/View.php(246): include('/home/rowadnet/...')
#2 /home/rowadnet/public_html/CI_FrameWork/system/Common.php(1087): CodeIgniter\View\View->render('layout/footer', Array, true)
#3 /home/rowadnet/public_html/CI_FrameWork/app/Views/404.php(241): view('layout/footer')
#4 /home/rowadnet/public_html/CI_FrameWork/system/View/View.php(246): include('/home/rowadnet/...')
#5 /home/rowadnet/public_html/CI_FrameWork/system/Common.php(1087): CodeIgniter\View\View->render('404', Array, true)
#6 /home/rowadnet/public_html/CI_FrameWork/app/Helpers/lang_helper.php(8): view('404')
#7 /home/rowadnet/public_html/CI_FrameWork/app/Controllers/Error_404.php(12): lang_check()
#8 /home/rowadnet/public_html/CI_FrameWork/system/CodeIgniter.php(914): App\Controllers\Error_404->show404()
#9 /home/rowadnet/public_html/CI_FrameWork/system/CodeIgniter.php(950): CodeIgniter\CodeIgniter->runController(Object(App\Controllers\Error_404))
#10 /home/rowadnet/public_html/CI_FrameWork/system/CodeIgniter.php(324): CodeIgniter\CodeIgniter->display404errors(Object(CodeIgniter\Exceptions\PageNotFoundException))
#11 /home/rowadnet/public_html/index.php(45): CodeIgniter\CodeIgniter->run()
#12 {main}
CRITICAL - 2023-08-30 02:53:52 --> Undefined variable: lang
#0 /home/rowadnet/public_html/CI_FrameWork/app/Views/layout/footer.php(27): CodeIgniter\Debug\Exceptions->errorHandler(8, 'Undefined varia...', '/home/rowadnet/...', 27, Array)
#1 /home/rowadnet/public_html/CI_FrameWork/system/View/View.php(246): include('/home/rowadnet/...')
#2 /home/rowadnet/public_html/CI_FrameWork/system/Common.php(1087): CodeIgniter\View\View->render('layout/footer', Array, true)
#3 /home/rowadnet/public_html/CI_FrameWork/app/Views/404.php(241): view('layout/footer')
#4 /home/rowadnet/public_html/CI_FrameWork/system/View/View.php(246): include('/home/rowadnet/...')
#5 /home/rowadnet/public_html/CI_FrameWork/system/Common.php(1087): CodeIgniter\View\View->render('404', Array, true)
#6 /home/rowadnet/public_html/CI_FrameWork/app/Helpers/lang_helper.php(8): view('404')
#7 /home/rowadnet/public_html/CI_FrameWork/app/Controllers/Home.php(13): lang_check()
#8 /home/rowadnet/public_html/CI_FrameWork/system/CodeIgniter.php(886): App\Controllers\Home->__construct()
#9 /home/rowadnet/public_html/CI_FrameWork/system/CodeIgniter.php(395): CodeIgniter\CodeIgniter->createController()
#10 /home/rowadnet/public_html/CI_FrameWork/system/CodeIgniter.php(308): CodeIgniter\CodeIgniter->handleRequest(NULL, Object(Config\Cache), false)
#11 /home/rowadnet/public_html/index.php(45): CodeIgniter\CodeIgniter->run()
#12 {main}
CRITICAL - 2023-08-30 03:00:39 --> Undefined variable: lang
#0 /home/rowadnet/public_html/CI_FrameWork/app/Views/layout/footer.php(27): CodeIgniter\Debug\Exceptions->errorHandler(8, 'Undefined varia...', '/home/rowadnet/...', 27, Array)
#1 /home/rowadnet/public_html/CI_FrameWork/system/View/View.php(246): include('/home/rowadnet/...')
#2 /home/rowadnet/public_html/CI_FrameWork/system/Common.php(1087): CodeIgniter\View\View->render('layout/footer', Array, true)
#3 /home/rowadnet/public_html/CI_FrameWork/app/Views/404.php(241): view('layout/footer')
#4 /home/rowadnet/public_html/CI_FrameWork/system/View/View.php(246): include('/home/rowadnet/...')
#5 /home/rowadnet/public_html/CI_FrameWork/system/Common.php(1087): CodeIgniter\View\View->render('404', Array, true)
#6 /home/rowadnet/public_html/CI_FrameWork/app/Helpers/lang_helper.php(8): view('404')
#7 /home/rowadnet/public_html/CI_FrameWork/app/Controllers/Home.php(13): lang_check()
#8 /home/rowadnet/public_html/CI_FrameWork/system/CodeIgniter.php(886): App\Controllers\Home->__construct()
#9 /home/rowadnet/public_html/CI_FrameWork/system/CodeIgniter.php(395): CodeIgniter\CodeIgniter->createController()
#10 /home/rowadnet/public_html/CI_FrameWork/system/CodeIgniter.php(308): CodeIgniter\CodeIgniter->handleRequest(NULL, Object(Config\Cache), false)
#11 /home/rowadnet/public_html/index.php(45): CodeIgniter\CodeIgniter->run()
#12 {main}
CRITICAL - 2023-08-30 03:03:59 --> Undefined variable: lang
#0 /home/rowadnet/public_html/CI_FrameWork/app/Views/layout/footer.php(27): CodeIgniter\Debug\Exceptions->errorHandler(8, 'Undefined varia...', '/home/rowadnet/...', 27, Array)
#1 /home/rowadnet/public_html/CI_FrameWork/system/View/View.php(246): include('/home/rowadnet/...')
#2 /home/rowadnet/public_html/CI_FrameWork/system/Common.php(1087): CodeIgniter\View\View->render('layout/footer', Array, true)
#3 /home/rowadnet/public_html/CI_FrameWork/app/Views/404.php(241): view('layout/footer')
#4 /home/rowadnet/public_html/CI_FrameWork/system/View/View.php(246): include('/home/rowadnet/...')
#5 /home/rowadnet/public_html/CI_FrameWork/system/Common.php(1087): CodeIgniter\View\View->render('404', Array, true)
#6 /home/rowadnet/public_html/CI_FrameWork/app/Helpers/lang_helper.php(8): view('404')
#7 /home/rowadnet/public_html/CI_FrameWork/app/Controllers/Error_404.php(12): lang_check()
#8 /home/rowadnet/public_html/CI_FrameWork/system/CodeIgniter.php(914): App\Controllers\Error_404->show404()
#9 /home/rowadnet/public_html/CI_FrameWork/system/CodeIgniter.php(950): CodeIgniter\CodeIgniter->runController(Object(App\Controllers\Error_404))
#10 /home/rowadnet/public_html/CI_FrameWork/system/CodeIgniter.php(324): CodeIgniter\CodeIgniter->display404errors(Object(CodeIgniter\Exceptions\PageNotFoundException))
#11 /home/rowadnet/public_html/index.php(45): CodeIgniter\CodeIgniter->run()
#12 {main}
CRITICAL - 2023-08-30 03:19:46 --> Undefined variable: lang
#0 /home/rowadnet/public_html/CI_FrameWork/app/Views/layout/footer.php(27): CodeIgniter\Debug\Exceptions->errorHandler(8, 'Undefined varia...', '/home/rowadnet/...', 27, Array)
#1 /home/rowadnet/public_html/CI_FrameWork/system/View/View.php(246): include('/home/rowadnet/...')
#2 /home/rowadnet/public_html/CI_FrameWork/system/Common.php(1087): CodeIgniter\View\View->render('layout/footer', Array, true)
#3 /home/rowadnet/public_html/CI_FrameWork/app/Views/404.php(241): view('layout/footer')
#4 /home/rowadnet/public_html/CI_FrameWork/system/View/View.php(246): include('/home/rowadnet/...')
#5 /home/rowadnet/public_html/CI_FrameWork/system/Common.php(1087): CodeIgniter\View\View->render('404', Array, true)
#6 /home/rowadnet/public_html/CI_FrameWork/app/Helpers/lang_helper.php(8): view('404')
#7 /home/rowadnet/public_html/CI_FrameWork/app/Controllers/Home.php(13): lang_check()
#8 /home/rowadnet/public_html/CI_FrameWork/system/CodeIgniter.php(886): App\Controllers\Home->__construct()
#9 /home/rowadnet/public_html/CI_FrameWork/system/CodeIgniter.php(395): CodeIgniter\CodeIgniter->createController()
#10 /home/rowadnet/public_html/CI_FrameWork/system/CodeIgniter.php(308): CodeIgniter\CodeIgniter->handleRequest(NULL, Object(Config\Cache), false)
#11 /home/rowadnet/public_html/index.php(45): CodeIgniter\CodeIgniter->run()
#12 {main}
CRITICAL - 2023-08-30 03:20:04 --> Undefined variable: lang
#0 /home/rowadnet/public_html/CI_FrameWork/app/Views/layout/footer.php(27): CodeIgniter\Debug\Exceptions->errorHandler(8, 'Undefined varia...', '/home/rowadnet/...', 27, Array)
#1 /home/rowadnet/public_html/CI_FrameWork/system/View/View.php(246): include('/home/rowadnet/...')
#2 /home/rowadnet/public_html/CI_FrameWork/system/Common.php(1087): CodeIgniter\View\View->render('layout/footer', Array, true)
#3 /home/rowadnet/public_html/CI_FrameWork/app/Views/404.php(241): view('layout/footer')
#4 /home/rowadnet/public_html/CI_FrameWork/system/View/View.php(246): include('/home/rowadnet/...')
#5 /home/rowadnet/public_html/CI_FrameWork/system/Common.php(1087): CodeIgniter\View\View->render('404', Array, true)
#6 /home/rowadnet/public_html/CI_FrameWork/app/Helpers/lang_helper.php(8): view('404')
#7 /home/rowadnet/public_html/CI_FrameWork/app/Controllers/Error_404.php(12): lang_check()
#8 /home/rowadnet/public_html/CI_FrameWork/system/CodeIgniter.php(914): App\Controllers\Error_404->show404()
#9 /home/rowadnet/public_html/CI_FrameWork/system/CodeIgniter.php(950): CodeIgniter\CodeIgniter->runController(Object(App\Controllers\Error_404))
#10 /home/rowadnet/public_html/CI_FrameWork/system/CodeIgniter.php(324): CodeIgniter\CodeIgniter->display404errors(Object(CodeIgniter\Exceptions\PageNotFoundException))
#11 /home/rowadnet/public_html/index.php(45): CodeIgniter\CodeIgniter->run()
#12 {main}
CRITICAL - 2023-08-30 04:06:19 --> Undefined variable: lang
#0 /home/rowadnet/public_html/CI_FrameWork/app/Views/layout/footer.php(27): CodeIgniter\Debug\Exceptions->errorHandler(8, 'Undefined varia...', '/home/rowadnet/...', 27, Array)
#1 /home/rowadnet/public_html/CI_FrameWork/system/View/View.php(246): include('/home/rowadnet/...')
#2 /home/rowadnet/public_html/CI_FrameWork/system/Common.php(1087): CodeIgniter\View\View->render('layout/footer', Array, true)
#3 /home/rowadnet/public_html/CI_FrameWork/app/Views/404.php(241): view('layout/footer')
#4 /home/rowadnet/public_html/CI_FrameWork/system/View/View.php(246): include('/home/rowadnet/...')
#5 /home/rowadnet/public_html/CI_FrameWork/system/Common.php(1087): CodeIgniter\View\View->render('404', Array, true)
#6 /home/rowadnet/public_html/CI_FrameWork/app/Helpers/lang_helper.php(8): view('404')
#7 /home/rowadnet/public_html/CI_FrameWork/app/Controllers/Error_404.php(12): lang_check()
#8 /home/rowadnet/public_html/CI_FrameWork/system/CodeIgniter.php(914): App\Controllers\Error_404->show404()
#9 /home/rowadnet/public_html/CI_FrameWork/system/CodeIgniter.php(950): CodeIgniter\CodeIgniter->runController(Object(App\Controllers\Error_404))
#10 /home/rowadnet/public_html/CI_FrameWork/system/CodeIgniter.php(324): CodeIgniter\CodeIgniter->display404errors(Object(CodeIgniter\Exceptions\PageNotFoundException))
#11 /home/rowadnet/public_html/index.php(45): CodeIgniter\CodeIgniter->run()
#12 {main}
CRITICAL - 2023-08-30 10:43:06 --> Undefined variable: lang
#0 /home/rowadnet/public_html/CI_FrameWork/app/Views/layout/footer.php(27): CodeIgniter\Debug\Exceptions->errorHandler(8, 'Undefined varia...', '/home/rowadnet/...', 27, Array)
#1 /home/rowadnet/public_html/CI_FrameWork/system/View/View.php(246): include('/home/rowadnet/...')
#2 /home/rowadnet/public_html/CI_FrameWork/system/Common.php(1087): CodeIgniter\View\View->render('layout/footer', Array, true)
#3 /home/rowadnet/public_html/CI_FrameWork/app/Views/404.php(241): view('layout/footer')
#4 /home/rowadnet/public_html/CI_FrameWork/system/View/View.php(246): include('/home/rowadnet/...')
#5 /home/rowadnet/public_html/CI_FrameWork/system/Common.php(1087): CodeIgniter\View\View->render('404', Array, true)
#6 /home/rowadnet/public_html/CI_FrameWork/app/Helpers/lang_helper.php(8): view('404')
#7 /home/rowadnet/public_html/CI_FrameWork/app/Controllers/Error_404.php(12): lang_check()
#8 /home/rowadnet/public_html/CI_FrameWork/system/CodeIgniter.php(914): App\Controllers\Error_404->show404()
#9 /home/rowadnet/public_html/CI_FrameWork/system/CodeIgniter.php(950): CodeIgniter\CodeIgniter->runController(Object(App\Controllers\Error_404))
#10 /home/rowadnet/public_html/CI_FrameWork/system/CodeIgniter.php(324): CodeIgniter\CodeIgniter->display404errors(Object(CodeIgniter\Exceptions\PageNotFoundException))
#11 /home/rowadnet/public_html/index.php(45): CodeIgniter\CodeIgniter->run()
#12 {main}
CRITICAL - 2023-08-30 11:48:52 --> Undefined variable: section
#0 /home/rowadnet/public_html/CI_FrameWork/app/Views/projects/show.php(37): CodeIgniter\Debug\Exceptions->errorHandler(8, 'Undefined varia...', '/home/rowadnet/...', 37, Array)
#1 /home/rowadnet/public_html/CI_FrameWork/system/View/View.php(246): include('/home/rowadnet/...')
#2 /home/rowadnet/public_html/CI_FrameWork/system/Common.php(1087): CodeIgniter\View\View->render('projects/show', Array, true)
#3 /home/rowadnet/public_html/CI_FrameWork/app/Controllers/Projects.php(123): view('projects/show', Array)
#4 /home/rowadnet/public_html/CI_FrameWork/system/CodeIgniter.php(914): App\Controllers\Projects->show('bg-5.png', '')
#5 /home/rowadnet/public_html/CI_FrameWork/system/CodeIgniter.php(400): CodeIgniter\CodeIgniter->runController(Object(App\Controllers\Projects))
#6 /home/rowadnet/public_html/CI_FrameWork/system/CodeIgniter.php(308): CodeIgniter\CodeIgniter->handleRequest(NULL, Object(Config\Cache), false)
#7 /home/rowadnet/public_html/index.php(45): CodeIgniter\CodeIgniter->run()
#8 {main}
CRITICAL - 2023-08-30 11:48:52 --> Undefined variable: lang
#0 /home/rowadnet/public_html/CI_FrameWork/app/Views/layout/footer.php(27): CodeIgniter\Debug\Exceptions->errorHandler(8, 'Undefined varia...', '/home/rowadnet/...', 27, Array)
#1 /home/rowadnet/public_html/CI_FrameWork/system/View/View.php(246): include('/home/rowadnet/...')
#2 /home/rowadnet/public_html/CI_FrameWork/system/Common.php(1087): CodeIgniter\View\View->render('layout/footer', Array, true)
#3 /home/rowadnet/public_html/CI_FrameWork/app/Views/404.php(241): view('layout/footer')
#4 /home/rowadnet/public_html/CI_FrameWork/system/View/View.php(246): include('/home/rowadnet/...')
#5 /home/rowadnet/public_html/CI_FrameWork/system/Common.php(1087): CodeIgniter\View\View->render('404', Array, true)
#6 /home/rowadnet/public_html/CI_FrameWork/app/Helpers/lang_helper.php(8): view('404')
#7 /home/rowadnet/public_html/CI_FrameWork/app/Controllers/Error_404.php(12): lang_check()
#8 /home/rowadnet/public_html/CI_FrameWork/system/CodeIgniter.php(914): App\Controllers\Error_404->show404('images', 'background', 'bg-site.webp')
#9 /home/rowadnet/public_html/CI_FrameWork/system/CodeIgniter.php(950): CodeIgniter\CodeIgniter->runController(Object(App\Controllers\Error_404))
#10 /home/rowadnet/public_html/CI_FrameWork/system/CodeIgniter.php(324): CodeIgniter\CodeIgniter->display404errors(Object(CodeIgniter\Exceptions\PageNotFoundException))
#11 /home/rowadnet/public_html/index.php(45): CodeIgniter\CodeIgniter->run()
#12 {main}
CRITICAL - 2023-08-30 12:47:13 --> Undefined variable: section
#0 /home/rowadnet/public_html/CI_FrameWork/app/Views/projects/show.php(37): CodeIgniter\Debug\Exceptions->errorHandler(8, 'Undefined varia...', '/home/rowadnet/...', 37, Array)
#1 /home/rowadnet/public_html/CI_FrameWork/system/View/View.php(246): include('/home/rowadnet/...')
#2 /home/rowadnet/public_html/CI_FrameWork/system/Common.php(1087): CodeIgniter\View\View->render('projects/show', Array, true)
#3 /home/rowadnet/public_html/CI_FrameWork/app/Controllers/Projects.php(123): view('projects/show', Array)
#4 /home/rowadnet/public_html/CI_FrameWork/system/CodeIgniter.php(914): App\Controllers\Projects->show('bg-5.png', '')
#5 /home/rowadnet/public_html/CI_FrameWork/system/CodeIgniter.php(400): CodeIgniter\CodeIgniter->runController(Object(App\Controllers\Projects))
#6 /home/rowadnet/public_html/CI_FrameWork/system/CodeIgniter.php(308): CodeIgniter\CodeIgniter->handleRequest(NULL, Object(Config\Cache), false)
#7 /home/rowadnet/public_html/index.php(45): CodeIgniter\CodeIgniter->run()
#8 {main}
CRITICAL - 2023-08-30 12:49:37 --> Undefined variable: section
#0 /home/rowadnet/public_html/CI_FrameWork/app/Views/projects/show.php(37): CodeIgniter\Debug\Exceptions->errorHandler(8, 'Undefined varia...', '/home/rowadnet/...', 37, Array)
#1 /home/rowadnet/public_html/CI_FrameWork/system/View/View.php(246): include('/home/rowadnet/...')
#2 /home/rowadnet/public_html/CI_FrameWork/system/Common.php(1087): CodeIgniter\View\View->render('projects/show', Array, true)
#3 /home/rowadnet/public_html/CI_FrameWork/app/Controllers/Projects.php(123): view('projects/show', Array)
#4 /home/rowadnet/public_html/CI_FrameWork/system/CodeIgniter.php(914): App\Controllers\Projects->show('a-refrigerator-...', '')
#5 /home/rowadnet/public_html/CI_FrameWork/system/CodeIgniter.php(400): CodeIgniter\CodeIgniter->runController(Object(App\Controllers\Projects))
#6 /home/rowadnet/public_html/CI_FrameWork/system/CodeIgniter.php(308): CodeIgniter\CodeIgniter->handleRequest(NULL, Object(Config\Cache), false)
#7 /home/rowadnet/public_html/index.php(45): CodeIgniter\CodeIgniter->run()
#8 {main}
CRITICAL - 2023-08-30 13:15:10 --> Undefined variable: lang
#0 /home/rowadnet/public_html/CI_FrameWork/app/Views/layout/footer.php(27): CodeIgniter\Debug\Exceptions->errorHandler(8, 'Undefined varia...', '/home/rowadnet/...', 27, Array)
#1 /home/rowadnet/public_html/CI_FrameWork/system/View/View.php(246): include('/home/rowadnet/...')
#2 /home/rowadnet/public_html/CI_FrameWork/system/Common.php(1087): CodeIgniter\View\View->render('layout/footer', Array, true)
#3 /home/rowadnet/public_html/CI_FrameWork/app/Views/404.php(241): view('layout/footer')
#4 /home/rowadnet/public_html/CI_FrameWork/system/View/View.php(246): include('/home/rowadnet/...')
#5 /home/rowadnet/public_html/CI_FrameWork/system/Common.php(1087): CodeIgniter\View\View->render('404', Array, true)
#6 /home/rowadnet/public_html/CI_FrameWork/app/Helpers/lang_helper.php(8): view('404')
#7 /home/rowadnet/public_html/CI_FrameWork/app/Controllers/Error_404.php(12): lang_check()
#8 /home/rowadnet/public_html/CI_FrameWork/system/CodeIgniter.php(914): App\Controllers\Error_404->show404()
#9 /home/rowadnet/public_html/CI_FrameWork/system/CodeIgniter.php(950): CodeIgniter\CodeIgniter->runController(Object(App\Controllers\Error_404))
#10 /home/rowadnet/public_html/CI_FrameWork/system/CodeIgniter.php(324): CodeIgniter\CodeIgniter->display404errors(Object(CodeIgniter\Exceptions\PageNotFoundException))
#11 /home/rowadnet/public_html/index.php(45): CodeIgniter\CodeIgniter->run()
#12 {main}
CRITICAL - 2023-08-30 13:16:39 --> Undefined variable: section
#0 /home/rowadnet/public_html/CI_FrameWork/app/Views/projects/show.php(37): CodeIgniter\Debug\Exceptions->errorHandler(8, 'Undefined varia...', '/home/rowadnet/...', 37, Array)
#1 /home/rowadnet/public_html/CI_FrameWork/system/View/View.php(246): include('/home/rowadnet/...')
#2 /home/rowadnet/public_html/CI_FrameWork/system/Common.php(1087): CodeIgniter\View\View->render('projects/show', Array, true)
#3 /home/rowadnet/public_html/CI_FrameWork/app/Controllers/Projects.php(123): view('projects/show', Array)
#4 /home/rowadnet/public_html/CI_FrameWork/system/CodeIgniter.php(914): App\Controllers\Projects->show('bg-5.png', '')
#5 /home/rowadnet/public_html/CI_FrameWork/system/CodeIgniter.php(400): CodeIgniter\CodeIgniter->runController(Object(App\Controllers\Projects))
#6 /home/rowadnet/public_html/CI_FrameWork/system/CodeIgniter.php(308): CodeIgniter\CodeIgniter->handleRequest(NULL, Object(Config\Cache), false)
#7 /home/rowadnet/public_html/index.php(45): CodeIgniter\CodeIgniter->run()
#8 {main}
CRITICAL - 2023-08-30 13:16:54 --> Undefined variable: section
#0 /home/rowadnet/public_html/CI_FrameWork/app/Views/projects/show.php(37): CodeIgniter\Debug\Exceptions->errorHandler(8, 'Undefined varia...', '/home/rowadnet/...', 37, Array)
#1 /home/rowadnet/public_html/CI_FrameWork/system/View/View.php(246): include('/home/rowadnet/...')
#2 /home/rowadnet/public_html/CI_FrameWork/system/Common.php(1087): CodeIgniter\View\View->render('projects/show', Array, true)
#3 /home/rowadnet/public_html/CI_FrameWork/app/Controllers/Projects.php(123): view('projects/show', Array)
#4 /home/rowadnet/public_html/CI_FrameWork/system/CodeIgniter.php(914): App\Controllers\Projects->show('bg-5.png', '')
#5 /home/rowadnet/public_html/CI_FrameWork/system/CodeIgniter.php(400): CodeIgniter\CodeIgniter->runController(Object(App\Controllers\Projects))
#6 /home/rowadnet/public_html/CI_FrameWork/system/CodeIgniter.php(308): CodeIgniter\CodeIgniter->handleRequest(NULL, Object(Config\Cache), false)
#7 /home/rowadnet/public_html/index.php(45): CodeIgniter\CodeIgniter->run()
#8 {main}
CRITICAL - 2023-08-30 13:17:15 --> Undefined variable: section
#0 /home/rowadnet/public_html/CI_FrameWork/app/Views/projects/show.php(37): CodeIgniter\Debug\Exceptions->errorHandler(8, 'Undefined varia...', '/home/rowadnet/...', 37, Array)
#1 /home/rowadnet/public_html/CI_FrameWork/system/View/View.php(246): include('/home/rowadnet/...')
#2 /home/rowadnet/public_html/CI_FrameWork/system/Common.php(1087): CodeIgniter\View\View->render('projects/show', Array, true)
#3 /home/rowadnet/public_html/CI_FrameWork/app/Controllers/Projects.php(123): view('projects/show', Array)
#4 /home/rowadnet/public_html/CI_FrameWork/system/CodeIgniter.php(914): App\Controllers\Projects->show('bg-5.png', '')
#5 /home/rowadnet/public_html/CI_FrameWork/system/CodeIgniter.php(400): CodeIgniter\CodeIgniter->runController(Object(App\Controllers\Projects))
#6 /home/rowadnet/public_html/CI_FrameWork/system/CodeIgniter.php(308): CodeIgniter\CodeIgniter->handleRequest(NULL, Object(Config\Cache), false)
#7 /home/rowadnet/public_html/index.php(45): CodeIgniter\CodeIgniter->run()
#8 {main}
CRITICAL - 2023-08-30 13:17:44 --> Undefined variable: section
#0 /home/rowadnet/public_html/CI_FrameWork/app/Views/projects/show.php(37): CodeIgniter\Debug\Exceptions->errorHandler(8, 'Undefined varia...', '/home/rowadnet/...', 37, Array)
#1 /home/rowadnet/public_html/CI_FrameWork/system/View/View.php(246): include('/home/rowadnet/...')
#2 /home/rowadnet/public_html/CI_FrameWork/system/Common.php(1087): CodeIgniter\View\View->render('projects/show', Array, true)
#3 /home/rowadnet/public_html/CI_FrameWork/app/Controllers/Projects.php(123): view('projects/show', Array)
#4 /home/rowadnet/public_html/CI_FrameWork/system/CodeIgniter.php(914): App\Controllers\Projects->show('bg-5.png', '')
#5 /home/rowadnet/public_html/CI_FrameWork/system/CodeIgniter.php(400): CodeIgniter\CodeIgniter->runController(Object(App\Controllers\Projects))
#6 /home/rowadnet/public_html/CI_FrameWork/system/CodeIgniter.php(308): CodeIgniter\CodeIgniter->handleRequest(NULL, Object(Config\Cache), false)
#7 /home/rowadnet/public_html/index.php(45): CodeIgniter\CodeIgniter->run()
#8 {main}
CRITICAL - 2023-08-30 13:17:44 --> Undefined variable: lang
#0 /home/rowadnet/public_html/CI_FrameWork/app/Views/layout/footer.php(27): CodeIgniter\Debug\Exceptions->errorHandler(8, 'Undefined varia...', '/home/rowadnet/...', 27, Array)
#1 /home/rowadnet/public_html/CI_FrameWork/system/View/View.php(246): include('/home/rowadnet/...')
#2 /home/rowadnet/public_html/CI_FrameWork/system/Common.php(1087): CodeIgniter\View\View->render('layout/footer', Array, true)
#3 /home/rowadnet/public_html/CI_FrameWork/app/Views/404.php(241): view('layout/footer')
#4 /home/rowadnet/public_html/CI_FrameWork/system/View/View.php(246): include('/home/rowadnet/...')
#5 /home/rowadnet/public_html/CI_FrameWork/system/Common.php(1087): CodeIgniter\View\View->render('404', Array, true)
#6 /home/rowadnet/public_html/CI_FrameWork/app/Helpers/lang_helper.php(8): view('404')
#7 /home/rowadnet/public_html/CI_FrameWork/app/Controllers/Error_404.php(12): lang_check()
#8 /home/rowadnet/public_html/CI_FrameWork/system/CodeIgniter.php(914): App\Controllers\Error_404->show404()
#9 /home/rowadnet/public_html/CI_FrameWork/system/CodeIgniter.php(950): CodeIgniter\CodeIgniter->runController(Object(App\Controllers\Error_404))
#10 /home/rowadnet/public_html/CI_FrameWork/system/CodeIgniter.php(324): CodeIgniter\CodeIgniter->display404errors(Object(CodeIgniter\Exceptions\PageNotFoundException))
#11 /home/rowadnet/public_html/index.php(45): CodeIgniter\CodeIgniter->run()
#12 {main}
CRITICAL - 2023-08-30 13:17:55 --> Undefined variable: section
#0 /home/rowadnet/public_html/CI_FrameWork/app/Views/projects/show.php(37): CodeIgniter\Debug\Exceptions->errorHandler(8, 'Undefined varia...', '/home/rowadnet/...', 37, Array)
#1 /home/rowadnet/public_html/CI_FrameWork/system/View/View.php(246): include('/home/rowadnet/...')
#2 /home/rowadnet/public_html/CI_FrameWork/system/Common.php(1087): CodeIgniter\View\View->render('projects/show', Array, true)
#3 /home/rowadnet/public_html/CI_FrameWork/app/Controllers/Projects.php(123): view('projects/show', Array)
#4 /home/rowadnet/public_html/CI_FrameWork/system/CodeIgniter.php(914): App\Controllers\Projects->show('bg-5.png', '')
#5 /home/rowadnet/public_html/CI_FrameWork/system/CodeIgniter.php(400): CodeIgniter\CodeIgniter->runController(Object(App\Controllers\Projects))
#6 /home/rowadnet/public_html/CI_FrameWork/system/CodeIgniter.php(308): CodeIgniter\CodeIgniter->handleRequest(NULL, Object(Config\Cache), false)
#7 /home/rowadnet/public_html/index.php(45): CodeIgniter\CodeIgniter->run()
#8 {main}
CRITICAL - 2023-08-30 13:18:29 --> Undefined variable: section
#0 /home/rowadnet/public_html/CI_FrameWork/app/Views/projects/show.php(37): CodeIgniter\Debug\Exceptions->errorHandler(8, 'Undefined varia...', '/home/rowadnet/...', 37, Array)
#1 /home/rowadnet/public_html/CI_FrameWork/system/View/View.php(246): include('/home/rowadnet/...')
#2 /home/rowadnet/public_html/CI_FrameWork/system/Common.php(1087): CodeIgniter\View\View->render('projects/show', Array, true)
#3 /home/rowadnet/public_html/CI_FrameWork/app/Controllers/Projects.php(123): view('projects/show', Array)
#4 /home/rowadnet/public_html/CI_FrameWork/system/CodeIgniter.php(914): App\Controllers\Projects->show('bg-5.png', '')
#5 /home/rowadnet/public_html/CI_FrameWork/system/CodeIgniter.php(400): CodeIgniter\CodeIgniter->runController(Object(App\Controllers\Projects))
#6 /home/rowadnet/public_html/CI_FrameWork/system/CodeIgniter.php(308): CodeIgniter\CodeIgniter->handleRequest(NULL, Object(Config\Cache), false)
#7 /home/rowadnet/public_html/index.php(45): CodeIgniter\CodeIgniter->run()
#8 {main}
CRITICAL - 2023-08-30 14:09:25 --> Undefined variable: lang
#0 /home/rowadnet/public_html/CI_FrameWork/app/Views/layout/footer.php(27): CodeIgniter\Debug\Exceptions->errorHandler(8, 'Undefined varia...', '/home/rowadnet/...', 27, Array)
#1 /home/rowadnet/public_html/CI_FrameWork/system/View/View.php(246): include('/home/rowadnet/...')
#2 /home/rowadnet/public_html/CI_FrameWork/system/Common.php(1087): CodeIgniter\View\View->render('layout/footer', Array, true)
#3 /home/rowadnet/public_html/CI_FrameWork/app/Views/404.php(241): view('layout/footer')
#4 /home/rowadnet/public_html/CI_FrameWork/system/View/View.php(246): include('/home/rowadnet/...')
#5 /home/rowadnet/public_html/CI_FrameWork/system/Common.php(1087): CodeIgniter\View\View->render('404', Array, true)
#6 /home/rowadnet/public_html/CI_FrameWork/app/Helpers/lang_helper.php(8): view('404')
#7 /home/rowadnet/public_html/CI_FrameWork/app/Controllers/Error_404.php(12): lang_check()
#8 /home/rowadnet/public_html/CI_FrameWork/system/CodeIgniter.php(914): App\Controllers\Error_404->show404()
#9 /home/rowadnet/public_html/CI_FrameWork/system/CodeIgniter.php(950): CodeIgniter\CodeIgniter->runController(Object(App\Controllers\Error_404))
#10 /home/rowadnet/public_html/CI_FrameWork/system/CodeIgniter.php(324): CodeIgniter\CodeIgniter->display404errors(Object(CodeIgniter\Exceptions\PageNotFoundException))
#11 /home/rowadnet/public_html/index.php(45): CodeIgniter\CodeIgniter->run()
#12 {main}
CRITICAL - 2023-08-30 14:09:25 --> Undefined variable: lang
#0 /home/rowadnet/public_html/CI_FrameWork/app/Views/layout/footer.php(27): CodeIgniter\Debug\Exceptions->errorHandler(8, 'Undefined varia...', '/home/rowadnet/...', 27, Array)
#1 /home/rowadnet/public_html/CI_FrameWork/system/View/View.php(246): include('/home/rowadnet/...')
#2 /home/rowadnet/public_html/CI_FrameWork/system/Common.php(1087): CodeIgniter\View\View->render('layout/footer', Array, true)
#3 /home/rowadnet/public_html/CI_FrameWork/app/Views/404.php(241): view('layout/footer')
#4 /home/rowadnet/public_html/CI_FrameWork/system/View/View.php(246): include('/home/rowadnet/...')
#5 /home/rowadnet/public_html/CI_FrameWork/system/Common.php(1087): CodeIgniter\View\View->render('404', Array, true)
#6 /home/rowadnet/public_html/CI_FrameWork/app/Helpers/lang_helper.php(8): view('404')
#7 /home/rowadnet/public_html/CI_FrameWork/app/Controllers/Error_404.php(12): lang_check()
#8 /home/rowadnet/public_html/CI_FrameWork/system/CodeIgniter.php(914): App\Controllers\Error_404->show404()
#9 /home/rowadnet/public_html/CI_FrameWork/system/CodeIgniter.php(950): CodeIgniter\CodeIgniter->runController(Object(App\Controllers\Error_404))
#10 /home/rowadnet/public_html/CI_FrameWork/system/CodeIgniter.php(324): CodeIgniter\CodeIgniter->display404errors(Object(CodeIgniter\Exceptions\PageNotFoundException))
#11 /home/rowadnet/public_html/index.php(45): CodeIgniter\CodeIgniter->run()
#12 {main}
CRITICAL - 2023-08-30 15:51:37 --> Undefined variable: section
#0 /home/rowadnet/public_html/CI_FrameWork/app/Views/projects/show.php(37): CodeIgniter\Debug\Exceptions->errorHandler(8, 'Undefined varia...', '/home/rowadnet/...', 37, Array)
#1 /home/rowadnet/public_html/CI_FrameWork/system/View/View.php(246): include('/home/rowadnet/...')
#2 /home/rowadnet/public_html/CI_FrameWork/system/Common.php(1087): CodeIgniter\View\View->render('projects/show', Array, true)
#3 /home/rowadnet/public_html/CI_FrameWork/app/Controllers/Projects.php(123): view('projects/show', Array)
#4 /home/rowadnet/public_html/CI_FrameWork/system/CodeIgniter.php(914): App\Controllers\Projects->show('bg-5.png', '')
#5 /home/rowadnet/public_html/CI_FrameWork/system/CodeIgniter.php(400): CodeIgniter\CodeIgniter->runController(Object(App\Controllers\Projects))
#6 /home/rowadnet/public_html/CI_FrameWork/system/CodeIgniter.php(308): CodeIgniter\CodeIgniter->handleRequest(NULL, Object(Config\Cache), false)
#7 /home/rowadnet/public_html/index.php(45): CodeIgniter\CodeIgniter->run()
#8 {main}
CRITICAL - 2023-08-30 15:51:37 --> Undefined variable: lang
#0 /home/rowadnet/public_html/CI_FrameWork/app/Views/layout/footer.php(27): CodeIgniter\Debug\Exceptions->errorHandler(8, 'Undefined varia...', '/home/rowadnet/...', 27, Array)
#1 /home/rowadnet/public_html/CI_FrameWork/system/View/View.php(246): include('/home/rowadnet/...')
#2 /home/rowadnet/public_html/CI_FrameWork/system/Common.php(1087): CodeIgniter\View\View->render('layout/footer', Array, true)
#3 /home/rowadnet/public_html/CI_FrameWork/app/Views/404.php(241): view('layout/footer')
#4 /home/rowadnet/public_html/CI_FrameWork/system/View/View.php(246): include('/home/rowadnet/...')
#5 /home/rowadnet/public_html/CI_FrameWork/system/Common.php(1087): CodeIgniter\View\View->render('404', Array, true)
#6 /home/rowadnet/public_html/CI_FrameWork/app/Helpers/lang_helper.php(8): view('404')
#7 /home/rowadnet/public_html/CI_FrameWork/app/Controllers/Error_404.php(12): lang_check()
#8 /home/rowadnet/public_html/CI_FrameWork/system/CodeIgniter.php(914): App\Controllers\Error_404->show404('images', 'background', 'bg-site.webp')
#9 /home/rowadnet/public_html/CI_FrameWork/system/CodeIgniter.php(950): CodeIgniter\CodeIgniter->runController(Object(App\Controllers\Error_404))
#10 /home/rowadnet/public_html/CI_FrameWork/system/CodeIgniter.php(324): CodeIgniter\CodeIgniter->display404errors(Object(CodeIgniter\Exceptions\PageNotFoundException))
#11 /home/rowadnet/public_html/index.php(45): CodeIgniter\CodeIgniter->run()
#12 {main}
CRITICAL - 2023-08-30 15:54:13 --> Undefined variable: lang
#0 /home/rowadnet/public_html/CI_FrameWork/app/Views/layout/footer.php(27): CodeIgniter\Debug\Exceptions->errorHandler(8, 'Undefined varia...', '/home/rowadnet/...', 27, Array)
#1 /home/rowadnet/public_html/CI_FrameWork/system/View/View.php(246): include('/home/rowadnet/...')
#2 /home/rowadnet/public_html/CI_FrameWork/system/Common.php(1087): CodeIgniter\View\View->render('layout/footer', Array, true)
#3 /home/rowadnet/public_html/CI_FrameWork/app/Views/404.php(241): view('layout/footer')
#4 /home/rowadnet/public_html/CI_FrameWork/system/View/View.php(246): include('/home/rowadnet/...')
#5 /home/rowadnet/public_html/CI_FrameWork/system/Common.php(1087): CodeIgniter\View\View->render('404', Array, true)
#6 /home/rowadnet/public_html/CI_FrameWork/app/Helpers/lang_helper.php(8): view('404')
#7 /home/rowadnet/public_html/CI_FrameWork/app/Controllers/Error_404.php(12): lang_check()
#8 /home/rowadnet/public_html/CI_FrameWork/system/CodeIgniter.php(914): App\Controllers\Error_404->show404('background', 'bg-5.png')
#9 /home/rowadnet/public_html/CI_FrameWork/system/CodeIgniter.php(950): CodeIgniter\CodeIgniter->runController(Object(App\Controllers\Error_404))
#10 /home/rowadnet/public_html/CI_FrameWork/system/CodeIgniter.php(324): CodeIgniter\CodeIgniter->display404errors(Object(CodeIgniter\Exceptions\PageNotFoundException))
#11 /home/rowadnet/public_html/index.php(45): CodeIgniter\CodeIgniter->run()
#12 {main}
CRITICAL - 2023-08-30 15:54:13 --> Undefined variable: lang
#0 /home/rowadnet/public_html/CI_FrameWork/app/Views/layout/footer.php(27): CodeIgniter\Debug\Exceptions->errorHandler(8, 'Undefined varia...', '/home/rowadnet/...', 27, Array)
#1 /home/rowadnet/public_html/CI_FrameWork/system/View/View.php(246): include('/home/rowadnet/...')
#2 /home/rowadnet/public_html/CI_FrameWork/system/Common.php(1087): CodeIgniter\View\View->render('layout/footer', Array, true)
#3 /home/rowadnet/public_html/CI_FrameWork/app/Views/404.php(241): view('layout/footer')
#4 /home/rowadnet/public_html/CI_FrameWork/system/View/View.php(246): include('/home/rowadnet/...')
#5 /home/rowadnet/public_html/CI_FrameWork/system/Common.php(1087): CodeIgniter\View\View->render('404', Array, true)
#6 /home/rowadnet/public_html/CI_FrameWork/app/Helpers/lang_helper.php(8): view('404')
#7 /home/rowadnet/public_html/CI_FrameWork/app/Controllers/Error_404.php(12): lang_check()
#8 /home/rowadnet/public_html/CI_FrameWork/system/CodeIgniter.php(914): App\Controllers\Error_404->show404('images', 'background', 'bg6.jpg')
#9 /home/rowadnet/public_html/CI_FrameWork/system/CodeIgniter.php(950): CodeIgniter\CodeIgniter->runController(Object(App\Controllers\Error_404))
#10 /home/rowadnet/public_html/CI_FrameWork/system/CodeIgniter.php(324): CodeIgniter\CodeIgniter->display404errors(Object(CodeIgniter\Exceptions\PageNotFoundException))
#11 /home/rowadnet/public_html/index.php(45): CodeIgniter\CodeIgniter->run()
#12 {main}
CRITICAL - 2023-08-30 15:54:37 --> Undefined variable: lang
#0 /home/rowadnet/public_html/CI_FrameWork/app/Views/layout/footer.php(27): CodeIgniter\Debug\Exceptions->errorHandler(8, 'Undefined varia...', '/home/rowadnet/...', 27, Array)
#1 /home/rowadnet/public_html/CI_FrameWork/system/View/View.php(246): include('/home/rowadnet/...')
#2 /home/rowadnet/public_html/CI_FrameWork/system/Common.php(1087): CodeIgniter\View\View->render('layout/footer', Array, true)
#3 /home/rowadnet/public_html/CI_FrameWork/app/Views/404.php(241): view('layout/footer')
#4 /home/rowadnet/public_html/CI_FrameWork/system/View/View.php(246): include('/home/rowadnet/...')
#5 /home/rowadnet/public_html/CI_FrameWork/system/Common.php(1087): CodeIgniter\View\View->render('404', Array, true)
#6 /home/rowadnet/public_html/CI_FrameWork/app/Helpers/lang_helper.php(8): view('404')
#7 /home/rowadnet/public_html/CI_FrameWork/app/Controllers/Error_404.php(12): lang_check()
#8 /home/rowadnet/public_html/CI_FrameWork/system/CodeIgniter.php(914): App\Controllers\Error_404->show404('background', 'bg-5.png')
#9 /home/rowadnet/public_html/CI_FrameWork/system/CodeIgniter.php(950): CodeIgniter\CodeIgniter->runController(Object(App\Controllers\Error_404))
#10 /home/rowadnet/public_html/CI_FrameWork/system/CodeIgniter.php(324): CodeIgniter\CodeIgniter->display404errors(Object(CodeIgniter\Exceptions\PageNotFoundException))
#11 /home/rowadnet/public_html/index.php(45): CodeIgniter\CodeIgniter->run()
#12 {main}
CRITICAL - 2023-08-30 15:54:37 --> Undefined variable: lang
#0 /home/rowadnet/public_html/CI_FrameWork/app/Views/layout/footer.php(27): CodeIgniter\Debug\Exceptions->errorHandler(8, 'Undefined varia...', '/home/rowadnet/...', 27, Array)
#1 /home/rowadnet/public_html/CI_FrameWork/system/View/View.php(246): include('/home/rowadnet/...')
#2 /home/rowadnet/public_html/CI_FrameWork/system/Common.php(1087): CodeIgniter\View\View->render('layout/footer', Array, true)
#3 /home/rowadnet/public_html/CI_FrameWork/app/Views/404.php(241): view('layout/footer')
#4 /home/rowadnet/public_html/CI_FrameWork/system/View/View.php(246): include('/home/rowadnet/...')
#5 /home/rowadnet/public_html/CI_FrameWork/system/Common.php(1087): CodeIgniter\View\View->render('404', Array, true)
#6 /home/rowadnet/public_html/CI_FrameWork/app/Helpers/lang_helper.php(8): view('404')
#7 /home/rowadnet/public_html/CI_FrameWork/app/Controllers/Error_404.php(12): lang_check()
#8 /home/rowadnet/public_html/CI_FrameWork/system/CodeIgniter.php(914): App\Controllers\Error_404->show404('background', 'bg-site.png')
#9 /home/rowadnet/public_html/CI_FrameWork/system/CodeIgniter.php(950): CodeIgniter\CodeIgniter->runController(Object(App\Controllers\Error_404))
#10 /home/rowadnet/public_html/CI_FrameWork/system/CodeIgniter.php(324): CodeIgniter\CodeIgniter->display404errors(Object(CodeIgniter\Exceptions\PageNotFoundException))
#11 /home/rowadnet/public_html/index.php(45): CodeIgniter\CodeIgniter->run()
#12 {main}
CRITICAL - 2023-08-30 15:54:58 --> Undefined variable: lang
#0 /home/rowadnet/public_html/CI_FrameWork/app/Views/layout/footer.php(27): CodeIgniter\Debug\Exceptions->errorHandler(8, 'Undefined varia...', '/home/rowadnet/...', 27, Array)
#1 /home/rowadnet/public_html/CI_FrameWork/system/View/View.php(246): include('/home/rowadnet/...')
#2 /home/rowadnet/public_html/CI_FrameWork/system/Common.php(1087): CodeIgniter\View\View->render('layout/footer', Array, true)
#3 /home/rowadnet/public_html/CI_FrameWork/app/Views/404.php(241): view('layout/footer')
#4 /home/rowadnet/public_html/CI_FrameWork/system/View/View.php(246): include('/home/rowadnet/...')
#5 /home/rowadnet/public_html/CI_FrameWork/system/Common.php(1087): CodeIgniter\View\View->render('404', Array, true)
#6 /home/rowadnet/public_html/CI_FrameWork/app/Helpers/lang_helper.php(8): view('404')
#7 /home/rowadnet/public_html/CI_FrameWork/app/Controllers/Error_404.php(12): lang_check()
#8 /home/rowadnet/public_html/CI_FrameWork/system/CodeIgniter.php(914): App\Controllers\Error_404->show404('background', 'bg-5.png')
#9 /home/rowadnet/public_html/CI_FrameWork/system/CodeIgniter.php(950): CodeIgniter\CodeIgniter->runController(Object(App\Controllers\Error_404))
#10 /home/rowadnet/public_html/CI_FrameWork/system/CodeIgniter.php(324): CodeIgniter\CodeIgniter->display404errors(Object(CodeIgniter\Exceptions\PageNotFoundException))
#11 /home/rowadnet/public_html/index.php(45): CodeIgniter\CodeIgniter->run()
#12 {main}
CRITICAL - 2023-08-30 15:54:58 --> Undefined variable: lang
#0 /home/rowadnet/public_html/CI_FrameWork/app/Views/layout/footer.php(27): CodeIgniter\Debug\Exceptions->errorHandler(8, 'Undefined varia...', '/home/rowadnet/...', 27, Array)
#1 /home/rowadnet/public_html/CI_FrameWork/system/View/View.php(246): include('/home/rowadnet/...')
#2 /home/rowadnet/public_html/CI_FrameWork/system/Common.php(1087): CodeIgniter\View\View->render('layout/footer', Array, true)
#3 /home/rowadnet/public_html/CI_FrameWork/app/Views/404.php(241): view('layout/footer')
#4 /home/rowadnet/public_html/CI_FrameWork/system/View/View.php(246): include('/home/rowadnet/...')
#5 /home/rowadnet/public_html/CI_FrameWork/system/Common.php(1087): CodeIgniter\View\View->render('404', Array, true)
#6 /home/rowadnet/public_html/CI_FrameWork/app/Helpers/lang_helper.php(8): view('404')
#7 /home/rowadnet/public_html/CI_FrameWork/app/Controllers/Error_404.php(12): lang_check()
#8 /home/rowadnet/public_html/CI_FrameWork/system/CodeIgniter.php(914): App\Controllers\Error_404->show404('images', 'background', 'bg6.jpg')
#9 /home/rowadnet/public_html/CI_FrameWork/system/CodeIgniter.php(950): CodeIgniter\CodeIgniter->runController(Object(App\Controllers\Error_404))
#10 /home/rowadnet/public_html/CI_FrameWork/system/CodeIgniter.php(324): CodeIgniter\CodeIgniter->display404errors(Object(CodeIgniter\Exceptions\PageNotFoundException))
#11 /home/rowadnet/public_html/index.php(45): CodeIgniter\CodeIgniter->run()
#12 {main}
CRITICAL - 2023-08-30 15:54:59 --> Undefined variable: section
#0 /home/rowadnet/public_html/CI_FrameWork/app/Views/projects/show.php(37): CodeIgniter\Debug\Exceptions->errorHandler(8, 'Undefined varia...', '/home/rowadnet/...', 37, Array)
#1 /home/rowadnet/public_html/CI_FrameWork/system/View/View.php(246): include('/home/rowadnet/...')
#2 /home/rowadnet/public_html/CI_FrameWork/system/Common.php(1087): CodeIgniter\View\View->render('projects/show', Array, true)
#3 /home/rowadnet/public_html/CI_FrameWork/app/Controllers/Projects.php(123): view('projects/show', Array)
#4 /home/rowadnet/public_html/CI_FrameWork/system/CodeIgniter.php(914): App\Controllers\Projects->show('bg-5.png', '')
#5 /home/rowadnet/public_html/CI_FrameWork/system/CodeIgniter.php(400): CodeIgniter\CodeIgniter->runController(Object(App\Controllers\Projects))
#6 /home/rowadnet/public_html/CI_FrameWork/system/CodeIgniter.php(308): CodeIgniter\CodeIgniter->handleRequest(NULL, Object(Config\Cache), false)
#7 /home/rowadnet/public_html/index.php(45): CodeIgniter\CodeIgniter->run()
#8 {main}
CRITICAL - 2023-08-30 15:55:00 --> Undefined variable: section
#0 /home/rowadnet/public_html/CI_FrameWork/app/Views/projects/show.php(37): CodeIgniter\Debug\Exceptions->errorHandler(8, 'Undefined varia...', '/home/rowadnet/...', 37, Array)
#1 /home/rowadnet/public_html/CI_FrameWork/system/View/View.php(246): include('/home/rowadnet/...')
#2 /home/rowadnet/public_html/CI_FrameWork/system/Common.php(1087): CodeIgniter\View\View->render('projects/show', Array, true)
#3 /home/rowadnet/public_html/CI_FrameWork/app/Controllers/Projects.php(123): view('projects/show', Array)
#4 /home/rowadnet/public_html/CI_FrameWork/system/CodeIgniter.php(914): App\Controllers\Projects->show('bg-5.png', '')
#5 /home/rowadnet/public_html/CI_FrameWork/system/CodeIgniter.php(400): CodeIgniter\CodeIgniter->runController(Object(App\Controllers\Projects))
#6 /home/rowadnet/public_html/CI_FrameWork/system/CodeIgniter.php(308): CodeIgniter\CodeIgniter->handleRequest(NULL, Object(Config\Cache), false)
#7 /home/rowadnet/public_html/index.php(45): CodeIgniter\CodeIgniter->run()
#8 {main}
CRITICAL - 2023-08-30 15:55:00 --> Undefined variable: lang
#0 /home/rowadnet/public_html/CI_FrameWork/app/Views/layout/footer.php(27): CodeIgniter\Debug\Exceptions->errorHandler(8, 'Undefined varia...', '/home/rowadnet/...', 27, Array)
#1 /home/rowadnet/public_html/CI_FrameWork/system/View/View.php(246): include('/home/rowadnet/...')
#2 /home/rowadnet/public_html/CI_FrameWork/system/Common.php(1087): CodeIgniter\View\View->render('layout/footer', Array, true)
#3 /home/rowadnet/public_html/CI_FrameWork/app/Views/404.php(241): view('layout/footer')
#4 /home/rowadnet/public_html/CI_FrameWork/system/View/View.php(246): include('/home/rowadnet/...')
#5 /home/rowadnet/public_html/CI_FrameWork/system/Common.php(1087): CodeIgniter\View\View->render('404', Array, true)
#6 /home/rowadnet/public_html/CI_FrameWork/app/Helpers/lang_helper.php(8): view('404')
#7 /home/rowadnet/public_html/CI_FrameWork/app/Controllers/Error_404.php(12): lang_check()
#8 /home/rowadnet/public_html/CI_FrameWork/system/CodeIgniter.php(914): App\Controllers\Error_404->show404('images', 'background', 'bg-site.webp')
#9 /home/rowadnet/public_html/CI_FrameWork/system/CodeIgniter.php(950): CodeIgniter\CodeIgniter->runController(Object(App\Controllers\Error_404))
#10 /home/rowadnet/public_html/CI_FrameWork/system/CodeIgniter.php(324): CodeIgniter\CodeIgniter->display404errors(Object(CodeIgniter\Exceptions\PageNotFoundException))
#11 /home/rowadnet/public_html/index.php(45): CodeIgniter\CodeIgniter->run()
#12 {main}
CRITICAL - 2023-08-30 15:55:04 --> Undefined variable: section
#0 /home/rowadnet/public_html/CI_FrameWork/app/Views/projects/show.php(37): CodeIgniter\Debug\Exceptions->errorHandler(8, 'Undefined varia...', '/home/rowadnet/...', 37, Array)
#1 /home/rowadnet/public_html/CI_FrameWork/system/View/View.php(246): include('/home/rowadnet/...')
#2 /home/rowadnet/public_html/CI_FrameWork/system/Common.php(1087): CodeIgniter\View\View->render('projects/show', Array, true)
#3 /home/rowadnet/public_html/CI_FrameWork/app/Controllers/Projects.php(123): view('projects/show', Array)
#4 /home/rowadnet/public_html/CI_FrameWork/system/CodeIgniter.php(914): App\Controllers\Projects->show('bg-5.png', '')
#5 /home/rowadnet/public_html/CI_FrameWork/system/CodeIgniter.php(400): CodeIgniter\CodeIgniter->runController(Object(App\Controllers\Projects))
#6 /home/rowadnet/public_html/CI_FrameWork/system/CodeIgniter.php(308): CodeIgniter\CodeIgniter->handleRequest(NULL, Object(Config\Cache), false)
#7 /home/rowadnet/public_html/index.php(45): CodeIgniter\CodeIgniter->run()
#8 {main}
CRITICAL - 2023-08-30 15:55:04 --> Undefined variable: lang
#0 /home/rowadnet/public_html/CI_FrameWork/app/Views/layout/footer.php(27): CodeIgniter\Debug\Exceptions->errorHandler(8, 'Undefined varia...', '/home/rowadnet/...', 27, Array)
#1 /home/rowadnet/public_html/CI_FrameWork/system/View/View.php(246): include('/home/rowadnet/...')
#2 /home/rowadnet/public_html/CI_FrameWork/system/Common.php(1087): CodeIgniter\View\View->render('layout/footer', Array, true)
#3 /home/rowadnet/public_html/CI_FrameWork/app/Views/404.php(241): view('layout/footer')
#4 /home/rowadnet/public_html/CI_FrameWork/system/View/View.php(246): include('/home/rowadnet/...')
#5 /home/rowadnet/public_html/CI_FrameWork/system/Common.php(1087): CodeIgniter\View\View->render('404', Array, true)
#6 /home/rowadnet/public_html/CI_FrameWork/app/Helpers/lang_helper.php(8): view('404')
#7 /home/rowadnet/public_html/CI_FrameWork/app/Controllers/Error_404.php(12): lang_check()
#8 /home/rowadnet/public_html/CI_FrameWork/system/CodeIgniter.php(914): App\Controllers\Error_404->show404('images', 'background', 'bg-site.webp')
#9 /home/rowadnet/public_html/CI_FrameWork/system/CodeIgniter.php(950): CodeIgniter\CodeIgniter->runController(Object(App\Controllers\Error_404))
#10 /home/rowadnet/public_html/CI_FrameWork/system/CodeIgniter.php(324): CodeIgniter\CodeIgniter->display404errors(Object(CodeIgniter\Exceptions\PageNotFoundException))
#11 /home/rowadnet/public_html/index.php(45): CodeIgniter\CodeIgniter->run()
#12 {main}
CRITICAL - 2023-08-30 18:33:45 --> Undefined variable: lang
#0 /home/rowadnet/public_html/CI_FrameWork/app/Views/layout/footer.php(27): CodeIgniter\Debug\Exceptions->errorHandler(8, 'Undefined varia...', '/home/rowadnet/...', 27, Array)
#1 /home/rowadnet/public_html/CI_FrameWork/system/View/View.php(246): include('/home/rowadnet/...')
#2 /home/rowadnet/public_html/CI_FrameWork/system/Common.php(1087): CodeIgniter\View\View->render('layout/footer', Array, true)
#3 /home/rowadnet/public_html/CI_FrameWork/app/Views/404.php(241): view('layout/footer')
#4 /home/rowadnet/public_html/CI_FrameWork/system/View/View.php(246): include('/home/rowadnet/...')
#5 /home/rowadnet/public_html/CI_FrameWork/system/Common.php(1087): CodeIgniter\View\View->render('404', Array, true)
#6 /home/rowadnet/public_html/CI_FrameWork/app/Helpers/lang_helper.php(8): view('404')
#7 /home/rowadnet/public_html/CI_FrameWork/app/Controllers/Error_404.php(12): lang_check()
#8 /home/rowadnet/public_html/CI_FrameWork/system/CodeIgniter.php(914): App\Controllers\Error_404->show404()
#9 /home/rowadnet/public_html/CI_FrameWork/system/CodeIgniter.php(950): CodeIgniter\CodeIgniter->runController(Object(App\Controllers\Error_404))
#10 /home/rowadnet/public_html/CI_FrameWork/system/CodeIgniter.php(324): CodeIgniter\CodeIgniter->display404errors(Object(CodeIgniter\Exceptions\PageNotFoundException))
#11 /home/rowadnet/public_html/index.php(45): CodeIgniter\CodeIgniter->run()
#12 {main}
CRITICAL - 2023-08-30 18:35:41 --> Undefined variable: lang
#0 /home/rowadnet/public_html/CI_FrameWork/app/Views/layout/footer.php(27): CodeIgniter\Debug\Exceptions->errorHandler(8, 'Undefined varia...', '/home/rowadnet/...', 27, Array)
#1 /home/rowadnet/public_html/CI_FrameWork/system/View/View.php(246): include('/home/rowadnet/...')
#2 /home/rowadnet/public_html/CI_FrameWork/system/Common.php(1087): CodeIgniter\View\View->render('layout/footer', Array, true)
#3 /home/rowadnet/public_html/CI_FrameWork/app/Views/404.php(241): view('layout/footer')
#4 /home/rowadnet/public_html/CI_FrameWork/system/View/View.php(246): include('/home/rowadnet/...')
#5 /home/rowadnet/public_html/CI_FrameWork/system/Common.php(1087): CodeIgniter\View\View->render('404', Array, true)
#6 /home/rowadnet/public_html/CI_FrameWork/app/Helpers/lang_helper.php(8): view('404')
#7 /home/rowadnet/public_html/CI_FrameWork/app/Controllers/Error_404.php(12): lang_check()
#8 /home/rowadnet/public_html/CI_FrameWork/system/CodeIgniter.php(914): App\Controllers\Error_404->show404()
#9 /home/rowadnet/public_html/CI_FrameWork/system/CodeIgniter.php(950): CodeIgniter\CodeIgniter->runController(Object(App\Controllers\Error_404))
#10 /home/rowadnet/public_html/CI_FrameWork/system/CodeIgniter.php(324): CodeIgniter\CodeIgniter->display404errors(Object(CodeIgniter\Exceptions\PageNotFoundException))
#11 /home/rowadnet/public_html/index.php(45): CodeIgniter\CodeIgniter->run()
#12 {main}
CRITICAL - 2023-08-30 20:23:14 --> Undefined variable: lang
#0 /home/rowadnet/public_html/CI_FrameWork/app/Views/layout/footer.php(27): CodeIgniter\Debug\Exceptions->errorHandler(8, 'Undefined varia...', '/home/rowadnet/...', 27, Array)
#1 /home/rowadnet/public_html/CI_FrameWork/system/View/View.php(246): include('/home/rowadnet/...')
#2 /home/rowadnet/public_html/CI_FrameWork/system/Common.php(1087): CodeIgniter\View\View->render('layout/footer', Array, true)
#3 /home/rowadnet/public_html/CI_FrameWork/app/Views/404.php(241): view('layout/footer')
#4 /home/rowadnet/public_html/CI_FrameWork/system/View/View.php(246): include('/home/rowadnet/...')
#5 /home/rowadnet/public_html/CI_FrameWork/system/Common.php(1087): CodeIgniter\View\View->render('404', Array, true)
#6 /home/rowadnet/public_html/CI_FrameWork/app/Helpers/lang_helper.php(8): view('404')
#7 /home/rowadnet/public_html/CI_FrameWork/app/Controllers/Error_404.php(12): lang_check()
#8 /home/rowadnet/public_html/CI_FrameWork/system/CodeIgniter.php(914): App\Controllers\Error_404->show404()
#9 /home/rowadnet/public_html/CI_FrameWork/system/CodeIgniter.php(950): CodeIgniter\CodeIgniter->runController(Object(App\Controllers\Error_404))
#10 /home/rowadnet/public_html/CI_FrameWork/system/CodeIgniter.php(324): CodeIgniter\CodeIgniter->display404errors(Object(CodeIgniter\Exceptions\PageNotFoundException))
#11 /home/rowadnet/public_html/index.php(45): CodeIgniter\CodeIgniter->run()
#12 {main}
CRITICAL - 2023-08-30 23:11:49 --> Undefined variable: lang
#0 /home/rowadnet/public_html/CI_FrameWork/app/Views/layout/footer.php(27): CodeIgniter\Debug\Exceptions->errorHandler(8, 'Undefined varia...', '/home/rowadnet/...', 27, Array)
#1 /home/rowadnet/public_html/CI_FrameWork/system/View/View.php(246): include('/home/rowadnet/...')
#2 /home/rowadnet/public_html/CI_FrameWork/system/Common.php(1087): CodeIgniter\View\View->render('layout/footer', Array, true)
#3 /home/rowadnet/public_html/CI_FrameWork/app/Views/404.php(241): view('layout/footer')
#4 /home/rowadnet/public_html/CI_FrameWork/system/View/View.php(246): include('/home/rowadnet/...')
#5 /home/rowadnet/public_html/CI_FrameWork/system/Common.php(1087): CodeIgniter\View\View->render('404', Array, true)
#6 /home/rowadnet/public_html/CI_FrameWork/app/Helpers/lang_helper.php(8): view('404')
#7 /home/rowadnet/public_html/CI_FrameWork/app/Controllers/Error_404.php(12): lang_check()
#8 /home/rowadnet/public_html/CI_FrameWork/system/CodeIgniter.php(914): App\Controllers\Error_404->show404()
#9 /home/rowadnet/public_html/CI_FrameWork/system/CodeIgniter.php(950): CodeIgniter\CodeIgniter->runController(Object(App\Controllers\Error_404))
#10 /home/rowadnet/public_html/CI_FrameWork/system/CodeIgniter.php(324): CodeIgniter\CodeIgniter->display404errors(Object(CodeIgniter\Exceptions\PageNotFoundException))
#11 /home/rowadnet/public_html/index.php(45): CodeIgniter\CodeIgniter->run()
#12 {main}
