CRITICAL - 2023-08-07 00:06:21 --> Undefined variable: lang
#0 /home/rowadnet/public_html/CI_FrameWork/app/Views/layout/footer.php(27): CodeIgniter\Debug\Exceptions->errorHandler(8, 'Undefined varia...', '/home/rowadnet/...', 27, Array)
#1 /home/rowadnet/public_html/CI_FrameWork/system/View/View.php(246): include('/home/rowadnet/...')
#2 /home/rowadnet/public_html/CI_FrameWork/system/Common.php(1087): CodeIgniter\View\View->render('layout/footer', Array, true)
#3 /home/rowadnet/public_html/CI_FrameWork/app/Views/404.php(241): view('layout/footer')
#4 /home/rowadnet/public_html/CI_FrameWork/system/View/View.php(246): include('/home/rowadnet/...')
#5 /home/rowadnet/public_html/CI_FrameWork/system/Common.php(1087): CodeIgniter\View\View->render('404', Array, true)
#6 /home/rowadnet/public_html/CI_FrameWork/app/Helpers/lang_helper.php(8): view('404')
#7 /home/rowadnet/public_html/CI_FrameWork/app/Controllers/Error_404.php(12): lang_check()
#8 /home/rowadnet/public_html/CI_FrameWork/system/CodeIgniter.php(914): App\Controllers\Error_404->show404()
#9 /home/rowadnet/public_html/CI_FrameWork/system/CodeIgniter.php(950): CodeIgniter\CodeIgniter->runController(Object(App\Controllers\Error_404))
#10 /home/rowadnet/public_html/CI_FrameWork/system/CodeIgniter.php(324): CodeIgniter\CodeIgniter->display404errors(Object(CodeIgniter\Exceptions\PageNotFoundException))
#11 /home/rowadnet/public_html/index.php(45): CodeIgniter\CodeIgniter->run()
#12 {main}
CRITICAL - 2023-08-07 00:21:52 --> Undefined variable: lang
#0 /home/rowadnet/public_html/CI_FrameWork/app/Views/layout/footer.php(27): CodeIgniter\Debug\Exceptions->errorHandler(8, 'Undefined varia...', '/home/rowadnet/...', 27, Array)
#1 /home/rowadnet/public_html/CI_FrameWork/system/View/View.php(246): include('/home/rowadnet/...')
#2 /home/rowadnet/public_html/CI_FrameWork/system/Common.php(1087): CodeIgniter\View\View->render('layout/footer', Array, true)
#3 /home/rowadnet/public_html/CI_FrameWork/app/Views/404.php(241): view('layout/footer')
#4 /home/rowadnet/public_html/CI_FrameWork/system/View/View.php(246): include('/home/rowadnet/...')
#5 /home/rowadnet/public_html/CI_FrameWork/system/Common.php(1087): CodeIgniter\View\View->render('404', Array, true)
#6 /home/rowadnet/public_html/CI_FrameWork/app/Helpers/lang_helper.php(8): view('404')
#7 /home/rowadnet/public_html/CI_FrameWork/app/Controllers/Error_404.php(12): lang_check()
#8 /home/rowadnet/public_html/CI_FrameWork/system/CodeIgniter.php(914): App\Controllers\Error_404->show404()
#9 /home/rowadnet/public_html/CI_FrameWork/system/CodeIgniter.php(950): CodeIgniter\CodeIgniter->runController(Object(App\Controllers\Error_404))
#10 /home/rowadnet/public_html/CI_FrameWork/system/CodeIgniter.php(324): CodeIgniter\CodeIgniter->display404errors(Object(CodeIgniter\Exceptions\PageNotFoundException))
#11 /home/rowadnet/public_html/index.php(45): CodeIgniter\CodeIgniter->run()
#12 {main}
CRITICAL - 2023-08-07 00:34:46 --> Undefined variable: lang
#0 /home/rowadnet/public_html/CI_FrameWork/app/Views/layout/footer.php(27): CodeIgniter\Debug\Exceptions->errorHandler(8, 'Undefined varia...', '/home/rowadnet/...', 27, Array)
#1 /home/rowadnet/public_html/CI_FrameWork/system/View/View.php(246): include('/home/rowadnet/...')
#2 /home/rowadnet/public_html/CI_FrameWork/system/Common.php(1087): CodeIgniter\View\View->render('layout/footer', Array, true)
#3 /home/rowadnet/public_html/CI_FrameWork/app/Views/404.php(241): view('layout/footer')
#4 /home/rowadnet/public_html/CI_FrameWork/system/View/View.php(246): include('/home/rowadnet/...')
#5 /home/rowadnet/public_html/CI_FrameWork/system/Common.php(1087): CodeIgniter\View\View->render('404', Array, true)
#6 /home/rowadnet/public_html/CI_FrameWork/app/Helpers/lang_helper.php(8): view('404')
#7 /home/rowadnet/public_html/CI_FrameWork/app/Controllers/Home.php(13): lang_check()
#8 /home/rowadnet/public_html/CI_FrameWork/system/CodeIgniter.php(886): App\Controllers\Home->__construct()
#9 /home/rowadnet/public_html/CI_FrameWork/system/CodeIgniter.php(395): CodeIgniter\CodeIgniter->createController()
#10 /home/rowadnet/public_html/CI_FrameWork/system/CodeIgniter.php(308): CodeIgniter\CodeIgniter->handleRequest(NULL, Object(Config\Cache), false)
#11 /home/rowadnet/public_html/index.php(45): CodeIgniter\CodeIgniter->run()
#12 {main}
CRITICAL - 2023-08-07 01:00:12 --> Undefined variable: lang
#0 /home/rowadnet/public_html/CI_FrameWork/app/Views/layout/footer.php(27): CodeIgniter\Debug\Exceptions->errorHandler(8, 'Undefined varia...', '/home/rowadnet/...', 27, Array)
#1 /home/rowadnet/public_html/CI_FrameWork/system/View/View.php(246): include('/home/rowadnet/...')
#2 /home/rowadnet/public_html/CI_FrameWork/system/Common.php(1087): CodeIgniter\View\View->render('layout/footer', Array, true)
#3 /home/rowadnet/public_html/CI_FrameWork/app/Views/404.php(241): view('layout/footer')
#4 /home/rowadnet/public_html/CI_FrameWork/system/View/View.php(246): include('/home/rowadnet/...')
#5 /home/rowadnet/public_html/CI_FrameWork/system/Common.php(1087): CodeIgniter\View\View->render('404', Array, true)
#6 /home/rowadnet/public_html/CI_FrameWork/app/Helpers/lang_helper.php(8): view('404')
#7 /home/rowadnet/public_html/CI_FrameWork/app/Controllers/Home.php(13): lang_check()
#8 /home/rowadnet/public_html/CI_FrameWork/system/CodeIgniter.php(886): App\Controllers\Home->__construct()
#9 /home/rowadnet/public_html/CI_FrameWork/system/CodeIgniter.php(395): CodeIgniter\CodeIgniter->createController()
#10 /home/rowadnet/public_html/CI_FrameWork/system/CodeIgniter.php(308): CodeIgniter\CodeIgniter->handleRequest(NULL, Object(Config\Cache), false)
#11 /home/rowadnet/public_html/index.php(45): CodeIgniter\CodeIgniter->run()
#12 {main}
CRITICAL - 2023-08-07 01:01:16 --> Undefined variable: lang
#0 /home/rowadnet/public_html/CI_FrameWork/app/Views/layout/footer.php(27): CodeIgniter\Debug\Exceptions->errorHandler(8, 'Undefined varia...', '/home/rowadnet/...', 27, Array)
#1 /home/rowadnet/public_html/CI_FrameWork/system/View/View.php(246): include('/home/rowadnet/...')
#2 /home/rowadnet/public_html/CI_FrameWork/system/Common.php(1087): CodeIgniter\View\View->render('layout/footer', Array, true)
#3 /home/rowadnet/public_html/CI_FrameWork/app/Views/404.php(241): view('layout/footer')
#4 /home/rowadnet/public_html/CI_FrameWork/system/View/View.php(246): include('/home/rowadnet/...')
#5 /home/rowadnet/public_html/CI_FrameWork/system/Common.php(1087): CodeIgniter\View\View->render('404', Array, true)
#6 /home/rowadnet/public_html/CI_FrameWork/app/Helpers/lang_helper.php(8): view('404')
#7 /home/rowadnet/public_html/CI_FrameWork/app/Controllers/Error_404.php(12): lang_check()
#8 /home/rowadnet/public_html/CI_FrameWork/system/CodeIgniter.php(914): App\Controllers\Error_404->show404()
#9 /home/rowadnet/public_html/CI_FrameWork/system/CodeIgniter.php(950): CodeIgniter\CodeIgniter->runController(Object(App\Controllers\Error_404))
#10 /home/rowadnet/public_html/CI_FrameWork/system/CodeIgniter.php(324): CodeIgniter\CodeIgniter->display404errors(Object(CodeIgniter\Exceptions\PageNotFoundException))
#11 /home/rowadnet/public_html/index.php(45): CodeIgniter\CodeIgniter->run()
#12 {main}
CRITICAL - 2023-08-07 01:18:29 --> Undefined variable: section
#0 /home/rowadnet/public_html/CI_FrameWork/app/Views/projects/show.php(37): CodeIgniter\Debug\Exceptions->errorHandler(8, 'Undefined varia...', '/home/rowadnet/...', 37, Array)
#1 /home/rowadnet/public_html/CI_FrameWork/system/View/View.php(246): include('/home/rowadnet/...')
#2 /home/rowadnet/public_html/CI_FrameWork/system/Common.php(1087): CodeIgniter\View\View->render('projects/show', Array, true)
#3 /home/rowadnet/public_html/CI_FrameWork/app/Controllers/Projects.php(123): view('projects/show', Array)
#4 /home/rowadnet/public_html/CI_FrameWork/system/CodeIgniter.php(914): App\Controllers\Projects->show('bg-5.png', '')
#5 /home/rowadnet/public_html/CI_FrameWork/system/CodeIgniter.php(400): CodeIgniter\CodeIgniter->runController(Object(App\Controllers\Projects))
#6 /home/rowadnet/public_html/CI_FrameWork/system/CodeIgniter.php(308): CodeIgniter\CodeIgniter->handleRequest(NULL, Object(Config\Cache), false)
#7 /home/rowadnet/public_html/index.php(45): CodeIgniter\CodeIgniter->run()
#8 {main}
CRITICAL - 2023-08-07 02:19:01 --> Undefined variable: section
#0 /home/rowadnet/public_html/CI_FrameWork/app/Views/projects/show.php(37): CodeIgniter\Debug\Exceptions->errorHandler(8, 'Undefined varia...', '/home/rowadnet/...', 37, Array)
#1 /home/rowadnet/public_html/CI_FrameWork/system/View/View.php(246): include('/home/rowadnet/...')
#2 /home/rowadnet/public_html/CI_FrameWork/system/Common.php(1087): CodeIgniter\View\View->render('projects/show', Array, true)
#3 /home/rowadnet/public_html/CI_FrameWork/app/Controllers/Projects.php(123): view('projects/show', Array)
#4 /home/rowadnet/public_html/CI_FrameWork/system/CodeIgniter.php(914): App\Controllers\Projects->show('bg-5.png', '')
#5 /home/rowadnet/public_html/CI_FrameWork/system/CodeIgniter.php(400): CodeIgniter\CodeIgniter->runController(Object(App\Controllers\Projects))
#6 /home/rowadnet/public_html/CI_FrameWork/system/CodeIgniter.php(308): CodeIgniter\CodeIgniter->handleRequest(NULL, Object(Config\Cache), false)
#7 /home/rowadnet/public_html/index.php(45): CodeIgniter\CodeIgniter->run()
#8 {main}
CRITICAL - 2023-08-07 02:21:33 --> Undefined variable: lang
#0 /home/rowadnet/public_html/CI_FrameWork/app/Views/layout/footer.php(27): CodeIgniter\Debug\Exceptions->errorHandler(8, 'Undefined varia...', '/home/rowadnet/...', 27, Array)
#1 /home/rowadnet/public_html/CI_FrameWork/system/View/View.php(246): include('/home/rowadnet/...')
#2 /home/rowadnet/public_html/CI_FrameWork/system/Common.php(1087): CodeIgniter\View\View->render('layout/footer', Array, true)
#3 /home/rowadnet/public_html/CI_FrameWork/app/Views/404.php(241): view('layout/footer')
#4 /home/rowadnet/public_html/CI_FrameWork/system/View/View.php(246): include('/home/rowadnet/...')
#5 /home/rowadnet/public_html/CI_FrameWork/system/Common.php(1087): CodeIgniter\View\View->render('404', Array, true)
#6 /home/rowadnet/public_html/CI_FrameWork/app/Helpers/lang_helper.php(8): view('404')
#7 /home/rowadnet/public_html/CI_FrameWork/app/Controllers/Error_404.php(12): lang_check()
#8 /home/rowadnet/public_html/CI_FrameWork/system/CodeIgniter.php(914): App\Controllers\Error_404->show404()
#9 /home/rowadnet/public_html/CI_FrameWork/system/CodeIgniter.php(950): CodeIgniter\CodeIgniter->runController(Object(App\Controllers\Error_404))
#10 /home/rowadnet/public_html/CI_FrameWork/system/CodeIgniter.php(324): CodeIgniter\CodeIgniter->display404errors(Object(CodeIgniter\Exceptions\PageNotFoundException))
#11 /home/rowadnet/public_html/index.php(45): CodeIgniter\CodeIgniter->run()
#12 {main}
CRITICAL - 2023-08-07 02:30:32 --> Undefined variable: lang
#0 /home/rowadnet/public_html/CI_FrameWork/app/Views/layout/footer.php(27): CodeIgniter\Debug\Exceptions->errorHandler(8, 'Undefined varia...', '/home/rowadnet/...', 27, Array)
#1 /home/rowadnet/public_html/CI_FrameWork/system/View/View.php(246): include('/home/rowadnet/...')
#2 /home/rowadnet/public_html/CI_FrameWork/system/Common.php(1087): CodeIgniter\View\View->render('layout/footer', Array, true)
#3 /home/rowadnet/public_html/CI_FrameWork/app/Views/404.php(241): view('layout/footer')
#4 /home/rowadnet/public_html/CI_FrameWork/system/View/View.php(246): include('/home/rowadnet/...')
#5 /home/rowadnet/public_html/CI_FrameWork/system/Common.php(1087): CodeIgniter\View\View->render('404', Array, true)
#6 /home/rowadnet/public_html/CI_FrameWork/app/Helpers/lang_helper.php(8): view('404')
#7 /home/rowadnet/public_html/CI_FrameWork/app/Controllers/Error_404.php(12): lang_check()
#8 /home/rowadnet/public_html/CI_FrameWork/system/CodeIgniter.php(914): App\Controllers\Error_404->show404()
#9 /home/rowadnet/public_html/CI_FrameWork/system/CodeIgniter.php(950): CodeIgniter\CodeIgniter->runController(Object(App\Controllers\Error_404))
#10 /home/rowadnet/public_html/CI_FrameWork/system/CodeIgniter.php(324): CodeIgniter\CodeIgniter->display404errors(Object(CodeIgniter\Exceptions\PageNotFoundException))
#11 /home/rowadnet/public_html/index.php(45): CodeIgniter\CodeIgniter->run()
#12 {main}
CRITICAL - 2023-08-07 10:51:33 --> Undefined variable: lang
#0 /home/rowadnet/public_html/CI_FrameWork/app/Views/layout/footer.php(27): CodeIgniter\Debug\Exceptions->errorHandler(8, 'Undefined varia...', '/home/rowadnet/...', 27, Array)
#1 /home/rowadnet/public_html/CI_FrameWork/system/View/View.php(246): include('/home/rowadnet/...')
#2 /home/rowadnet/public_html/CI_FrameWork/system/Common.php(1087): CodeIgniter\View\View->render('layout/footer', Array, true)
#3 /home/rowadnet/public_html/CI_FrameWork/app/Views/404.php(241): view('layout/footer')
#4 /home/rowadnet/public_html/CI_FrameWork/system/View/View.php(246): include('/home/rowadnet/...')
#5 /home/rowadnet/public_html/CI_FrameWork/system/Common.php(1087): CodeIgniter\View\View->render('404', Array, true)
#6 /home/rowadnet/public_html/CI_FrameWork/app/Helpers/lang_helper.php(8): view('404')
#7 /home/rowadnet/public_html/CI_FrameWork/app/Controllers/Error_404.php(12): lang_check()
#8 /home/rowadnet/public_html/CI_FrameWork/system/CodeIgniter.php(914): App\Controllers\Error_404->show404('background', 'bg-5.png')
#9 /home/rowadnet/public_html/CI_FrameWork/system/CodeIgniter.php(950): CodeIgniter\CodeIgniter->runController(Object(App\Controllers\Error_404))
#10 /home/rowadnet/public_html/CI_FrameWork/system/CodeIgniter.php(324): CodeIgniter\CodeIgniter->display404errors(Object(CodeIgniter\Exceptions\PageNotFoundException))
#11 /home/rowadnet/public_html/index.php(45): CodeIgniter\CodeIgniter->run()
#12 {main}
CRITICAL - 2023-08-07 11:35:31 --> Undefined variable: lang
#0 /home/rowadnet/public_html/CI_FrameWork/app/Views/layout/footer.php(27): CodeIgniter\Debug\Exceptions->errorHandler(8, 'Undefined varia...', '/home/rowadnet/...', 27, Array)
#1 /home/rowadnet/public_html/CI_FrameWork/system/View/View.php(246): include('/home/rowadnet/...')
#2 /home/rowadnet/public_html/CI_FrameWork/system/Common.php(1087): CodeIgniter\View\View->render('layout/footer', Array, true)
#3 /home/rowadnet/public_html/CI_FrameWork/app/Views/404.php(241): view('layout/footer')
#4 /home/rowadnet/public_html/CI_FrameWork/system/View/View.php(246): include('/home/rowadnet/...')
#5 /home/rowadnet/public_html/CI_FrameWork/system/Common.php(1087): CodeIgniter\View\View->render('404', Array, true)
#6 /home/rowadnet/public_html/CI_FrameWork/app/Helpers/lang_helper.php(8): view('404')
#7 /home/rowadnet/public_html/CI_FrameWork/app/Controllers/Error_404.php(12): lang_check()
#8 /home/rowadnet/public_html/CI_FrameWork/system/CodeIgniter.php(914): App\Controllers\Error_404->show404()
#9 /home/rowadnet/public_html/CI_FrameWork/system/CodeIgniter.php(950): CodeIgniter\CodeIgniter->runController(Object(App\Controllers\Error_404))
#10 /home/rowadnet/public_html/CI_FrameWork/system/CodeIgniter.php(324): CodeIgniter\CodeIgniter->display404errors(Object(CodeIgniter\Exceptions\PageNotFoundException))
#11 /home/rowadnet/public_html/index.php(45): CodeIgniter\CodeIgniter->run()
#12 {main}
CRITICAL - 2023-08-07 12:12:32 --> Undefined variable: lang
#0 /home/rowadnet/public_html/CI_FrameWork/app/Views/layout/footer.php(27): CodeIgniter\Debug\Exceptions->errorHandler(8, 'Undefined varia...', '/home/rowadnet/...', 27, Array)
#1 /home/rowadnet/public_html/CI_FrameWork/system/View/View.php(246): include('/home/rowadnet/...')
#2 /home/rowadnet/public_html/CI_FrameWork/system/Common.php(1087): CodeIgniter\View\View->render('layout/footer', Array, true)
#3 /home/rowadnet/public_html/CI_FrameWork/app/Views/404.php(241): view('layout/footer')
#4 /home/rowadnet/public_html/CI_FrameWork/system/View/View.php(246): include('/home/rowadnet/...')
#5 /home/rowadnet/public_html/CI_FrameWork/system/Common.php(1087): CodeIgniter\View\View->render('404', Array, true)
#6 /home/rowadnet/public_html/CI_FrameWork/app/Helpers/lang_helper.php(8): view('404')
#7 /home/rowadnet/public_html/CI_FrameWork/app/Controllers/Error_404.php(12): lang_check()
#8 /home/rowadnet/public_html/CI_FrameWork/system/CodeIgniter.php(914): App\Controllers\Error_404->show404('background', 'bg-5.png')
#9 /home/rowadnet/public_html/CI_FrameWork/system/CodeIgniter.php(950): CodeIgniter\CodeIgniter->runController(Object(App\Controllers\Error_404))
#10 /home/rowadnet/public_html/CI_FrameWork/system/CodeIgniter.php(324): CodeIgniter\CodeIgniter->display404errors(Object(CodeIgniter\Exceptions\PageNotFoundException))
#11 /home/rowadnet/public_html/index.php(45): CodeIgniter\CodeIgniter->run()
#12 {main}
CRITICAL - 2023-08-07 12:12:58 --> Undefined variable: lang
#0 /home/rowadnet/public_html/CI_FrameWork/app/Views/layout/footer.php(27): CodeIgniter\Debug\Exceptions->errorHandler(8, 'Undefined varia...', '/home/rowadnet/...', 27, Array)
#1 /home/rowadnet/public_html/CI_FrameWork/system/View/View.php(246): include('/home/rowadnet/...')
#2 /home/rowadnet/public_html/CI_FrameWork/system/Common.php(1087): CodeIgniter\View\View->render('layout/footer', Array, true)
#3 /home/rowadnet/public_html/CI_FrameWork/app/Views/404.php(241): view('layout/footer')
#4 /home/rowadnet/public_html/CI_FrameWork/system/View/View.php(246): include('/home/rowadnet/...')
#5 /home/rowadnet/public_html/CI_FrameWork/system/Common.php(1087): CodeIgniter\View\View->render('404', Array, true)
#6 /home/rowadnet/public_html/CI_FrameWork/app/Helpers/lang_helper.php(8): view('404')
#7 /home/rowadnet/public_html/CI_FrameWork/app/Controllers/Error_404.php(12): lang_check()
#8 /home/rowadnet/public_html/CI_FrameWork/system/CodeIgniter.php(914): App\Controllers\Error_404->show404('background', 'bg-5.png')
#9 /home/rowadnet/public_html/CI_FrameWork/system/CodeIgniter.php(950): CodeIgniter\CodeIgniter->runController(Object(App\Controllers\Error_404))
#10 /home/rowadnet/public_html/CI_FrameWork/system/CodeIgniter.php(324): CodeIgniter\CodeIgniter->display404errors(Object(CodeIgniter\Exceptions\PageNotFoundException))
#11 /home/rowadnet/public_html/index.php(45): CodeIgniter\CodeIgniter->run()
#12 {main}
CRITICAL - 2023-08-07 12:12:58 --> Undefined variable: lang
#0 /home/rowadnet/public_html/CI_FrameWork/app/Views/layout/footer.php(27): CodeIgniter\Debug\Exceptions->errorHandler(8, 'Undefined varia...', '/home/rowadnet/...', 27, Array)
#1 /home/rowadnet/public_html/CI_FrameWork/system/View/View.php(246): include('/home/rowadnet/...')
#2 /home/rowadnet/public_html/CI_FrameWork/system/Common.php(1087): CodeIgniter\View\View->render('layout/footer', Array, true)
#3 /home/rowadnet/public_html/CI_FrameWork/app/Views/404.php(241): view('layout/footer')
#4 /home/rowadnet/public_html/CI_FrameWork/system/View/View.php(246): include('/home/rowadnet/...')
#5 /home/rowadnet/public_html/CI_FrameWork/system/Common.php(1087): CodeIgniter\View\View->render('404', Array, true)
#6 /home/rowadnet/public_html/CI_FrameWork/app/Helpers/lang_helper.php(8): view('404')
#7 /home/rowadnet/public_html/CI_FrameWork/app/Controllers/Error_404.php(12): lang_check()
#8 /home/rowadnet/public_html/CI_FrameWork/system/CodeIgniter.php(914): App\Controllers\Error_404->show404('images', 'background', 'bg6.jpg')
#9 /home/rowadnet/public_html/CI_FrameWork/system/CodeIgniter.php(950): CodeIgniter\CodeIgniter->runController(Object(App\Controllers\Error_404))
#10 /home/rowadnet/public_html/CI_FrameWork/system/CodeIgniter.php(324): CodeIgniter\CodeIgniter->display404errors(Object(CodeIgniter\Exceptions\PageNotFoundException))
#11 /home/rowadnet/public_html/index.php(45): CodeIgniter\CodeIgniter->run()
#12 {main}
CRITICAL - 2023-08-07 12:13:01 --> Undefined variable: lang
#0 /home/rowadnet/public_html/CI_FrameWork/app/Views/layout/footer.php(27): CodeIgniter\Debug\Exceptions->errorHandler(8, 'Undefined varia...', '/home/rowadnet/...', 27, Array)
#1 /home/rowadnet/public_html/CI_FrameWork/system/View/View.php(246): include('/home/rowadnet/...')
#2 /home/rowadnet/public_html/CI_FrameWork/system/Common.php(1087): CodeIgniter\View\View->render('layout/footer', Array, true)
#3 /home/rowadnet/public_html/CI_FrameWork/app/Views/404.php(241): view('layout/footer')
#4 /home/rowadnet/public_html/CI_FrameWork/system/View/View.php(246): include('/home/rowadnet/...')
#5 /home/rowadnet/public_html/CI_FrameWork/system/Common.php(1087): CodeIgniter\View\View->render('404', Array, true)
#6 /home/rowadnet/public_html/CI_FrameWork/app/Helpers/lang_helper.php(8): view('404')
#7 /home/rowadnet/public_html/CI_FrameWork/app/Controllers/Error_404.php(12): lang_check()
#8 /home/rowadnet/public_html/CI_FrameWork/system/CodeIgniter.php(914): App\Controllers\Error_404->show404('background', 'bg-5.png')
#9 /home/rowadnet/public_html/CI_FrameWork/system/CodeIgniter.php(950): CodeIgniter\CodeIgniter->runController(Object(App\Controllers\Error_404))
#10 /home/rowadnet/public_html/CI_FrameWork/system/CodeIgniter.php(324): CodeIgniter\CodeIgniter->display404errors(Object(CodeIgniter\Exceptions\PageNotFoundException))
#11 /home/rowadnet/public_html/index.php(45): CodeIgniter\CodeIgniter->run()
#12 {main}
CRITICAL - 2023-08-07 12:13:01 --> Undefined variable: lang
#0 /home/rowadnet/public_html/CI_FrameWork/app/Views/layout/footer.php(27): CodeIgniter\Debug\Exceptions->errorHandler(8, 'Undefined varia...', '/home/rowadnet/...', 27, Array)
#1 /home/rowadnet/public_html/CI_FrameWork/system/View/View.php(246): include('/home/rowadnet/...')
#2 /home/rowadnet/public_html/CI_FrameWork/system/Common.php(1087): CodeIgniter\View\View->render('layout/footer', Array, true)
#3 /home/rowadnet/public_html/CI_FrameWork/app/Views/404.php(241): view('layout/footer')
#4 /home/rowadnet/public_html/CI_FrameWork/system/View/View.php(246): include('/home/rowadnet/...')
#5 /home/rowadnet/public_html/CI_FrameWork/system/Common.php(1087): CodeIgniter\View\View->render('404', Array, true)
#6 /home/rowadnet/public_html/CI_FrameWork/app/Helpers/lang_helper.php(8): view('404')
#7 /home/rowadnet/public_html/CI_FrameWork/app/Controllers/Error_404.php(12): lang_check()
#8 /home/rowadnet/public_html/CI_FrameWork/system/CodeIgniter.php(914): App\Controllers\Error_404->show404('images', 'background', 'bg6.jpg')
#9 /home/rowadnet/public_html/CI_FrameWork/system/CodeIgniter.php(950): CodeIgniter\CodeIgniter->runController(Object(App\Controllers\Error_404))
#10 /home/rowadnet/public_html/CI_FrameWork/system/CodeIgniter.php(324): CodeIgniter\CodeIgniter->display404errors(Object(CodeIgniter\Exceptions\PageNotFoundException))
#11 /home/rowadnet/public_html/index.php(45): CodeIgniter\CodeIgniter->run()
#12 {main}
CRITICAL - 2023-08-07 12:13:03 --> Undefined variable: lang
#0 /home/rowadnet/public_html/CI_FrameWork/app/Views/layout/footer.php(27): CodeIgniter\Debug\Exceptions->errorHandler(8, 'Undefined varia...', '/home/rowadnet/...', 27, Array)
#1 /home/rowadnet/public_html/CI_FrameWork/system/View/View.php(246): include('/home/rowadnet/...')
#2 /home/rowadnet/public_html/CI_FrameWork/system/Common.php(1087): CodeIgniter\View\View->render('layout/footer', Array, true)
#3 /home/rowadnet/public_html/CI_FrameWork/app/Views/404.php(241): view('layout/footer')
#4 /home/rowadnet/public_html/CI_FrameWork/system/View/View.php(246): include('/home/rowadnet/...')
#5 /home/rowadnet/public_html/CI_FrameWork/system/Common.php(1087): CodeIgniter\View\View->render('404', Array, true)
#6 /home/rowadnet/public_html/CI_FrameWork/app/Helpers/lang_helper.php(8): view('404')
#7 /home/rowadnet/public_html/CI_FrameWork/app/Controllers/Error_404.php(12): lang_check()
#8 /home/rowadnet/public_html/CI_FrameWork/system/CodeIgniter.php(914): App\Controllers\Error_404->show404('background', 'bg-5.png')
#9 /home/rowadnet/public_html/CI_FrameWork/system/CodeIgniter.php(950): CodeIgniter\CodeIgniter->runController(Object(App\Controllers\Error_404))
#10 /home/rowadnet/public_html/CI_FrameWork/system/CodeIgniter.php(324): CodeIgniter\CodeIgniter->display404errors(Object(CodeIgniter\Exceptions\PageNotFoundException))
#11 /home/rowadnet/public_html/index.php(45): CodeIgniter\CodeIgniter->run()
#12 {main}
CRITICAL - 2023-08-07 12:13:06 --> Undefined variable: lang
#0 /home/rowadnet/public_html/CI_FrameWork/app/Views/layout/footer.php(27): CodeIgniter\Debug\Exceptions->errorHandler(8, 'Undefined varia...', '/home/rowadnet/...', 27, Array)
#1 /home/rowadnet/public_html/CI_FrameWork/system/View/View.php(246): include('/home/rowadnet/...')
#2 /home/rowadnet/public_html/CI_FrameWork/system/Common.php(1087): CodeIgniter\View\View->render('layout/footer', Array, true)
#3 /home/rowadnet/public_html/CI_FrameWork/app/Views/404.php(241): view('layout/footer')
#4 /home/rowadnet/public_html/CI_FrameWork/system/View/View.php(246): include('/home/rowadnet/...')
#5 /home/rowadnet/public_html/CI_FrameWork/system/Common.php(1087): CodeIgniter\View\View->render('404', Array, true)
#6 /home/rowadnet/public_html/CI_FrameWork/app/Helpers/lang_helper.php(8): view('404')
#7 /home/rowadnet/public_html/CI_FrameWork/app/Controllers/Error_404.php(12): lang_check()
#8 /home/rowadnet/public_html/CI_FrameWork/system/CodeIgniter.php(914): App\Controllers\Error_404->show404('background', 'bg-5.png')
#9 /home/rowadnet/public_html/CI_FrameWork/system/CodeIgniter.php(950): CodeIgniter\CodeIgniter->runController(Object(App\Controllers\Error_404))
#10 /home/rowadnet/public_html/CI_FrameWork/system/CodeIgniter.php(324): CodeIgniter\CodeIgniter->display404errors(Object(CodeIgniter\Exceptions\PageNotFoundException))
#11 /home/rowadnet/public_html/index.php(45): CodeIgniter\CodeIgniter->run()
#12 {main}
CRITICAL - 2023-08-07 12:15:39 --> Undefined variable: lang
#0 /home/rowadnet/public_html/CI_FrameWork/app/Views/layout/footer.php(27): CodeIgniter\Debug\Exceptions->errorHandler(8, 'Undefined varia...', '/home/rowadnet/...', 27, Array)
#1 /home/rowadnet/public_html/CI_FrameWork/system/View/View.php(246): include('/home/rowadnet/...')
#2 /home/rowadnet/public_html/CI_FrameWork/system/Common.php(1087): CodeIgniter\View\View->render('layout/footer', Array, true)
#3 /home/rowadnet/public_html/CI_FrameWork/app/Views/404.php(241): view('layout/footer')
#4 /home/rowadnet/public_html/CI_FrameWork/system/View/View.php(246): include('/home/rowadnet/...')
#5 /home/rowadnet/public_html/CI_FrameWork/system/Common.php(1087): CodeIgniter\View\View->render('404', Array, true)
#6 /home/rowadnet/public_html/CI_FrameWork/app/Helpers/lang_helper.php(8): view('404')
#7 /home/rowadnet/public_html/CI_FrameWork/app/Controllers/Error_404.php(12): lang_check()
#8 /home/rowadnet/public_html/CI_FrameWork/system/CodeIgniter.php(914): App\Controllers\Error_404->show404('background', 'bg-5.png')
#9 /home/rowadnet/public_html/CI_FrameWork/system/CodeIgniter.php(950): CodeIgniter\CodeIgniter->runController(Object(App\Controllers\Error_404))
#10 /home/rowadnet/public_html/CI_FrameWork/system/CodeIgniter.php(324): CodeIgniter\CodeIgniter->display404errors(Object(CodeIgniter\Exceptions\PageNotFoundException))
#11 /home/rowadnet/public_html/index.php(45): CodeIgniter\CodeIgniter->run()
#12 {main}
CRITICAL - 2023-08-07 12:15:39 --> Undefined variable: lang
#0 /home/rowadnet/public_html/CI_FrameWork/app/Views/layout/footer.php(27): CodeIgniter\Debug\Exceptions->errorHandler(8, 'Undefined varia...', '/home/rowadnet/...', 27, Array)
#1 /home/rowadnet/public_html/CI_FrameWork/system/View/View.php(246): include('/home/rowadnet/...')
#2 /home/rowadnet/public_html/CI_FrameWork/system/Common.php(1087): CodeIgniter\View\View->render('layout/footer', Array, true)
#3 /home/rowadnet/public_html/CI_FrameWork/app/Views/404.php(241): view('layout/footer')
#4 /home/rowadnet/public_html/CI_FrameWork/system/View/View.php(246): include('/home/rowadnet/...')
#5 /home/rowadnet/public_html/CI_FrameWork/system/Common.php(1087): CodeIgniter\View\View->render('404', Array, true)
#6 /home/rowadnet/public_html/CI_FrameWork/app/Helpers/lang_helper.php(8): view('404')
#7 /home/rowadnet/public_html/CI_FrameWork/app/Controllers/Error_404.php(12): lang_check()
#8 /home/rowadnet/public_html/CI_FrameWork/system/CodeIgniter.php(914): App\Controllers\Error_404->show404('images', 'background', 'bg6.jpg')
#9 /home/rowadnet/public_html/CI_FrameWork/system/CodeIgniter.php(950): CodeIgniter\CodeIgniter->runController(Object(App\Controllers\Error_404))
#10 /home/rowadnet/public_html/CI_FrameWork/system/CodeIgniter.php(324): CodeIgniter\CodeIgniter->display404errors(Object(CodeIgniter\Exceptions\PageNotFoundException))
#11 /home/rowadnet/public_html/index.php(45): CodeIgniter\CodeIgniter->run()
#12 {main}
CRITICAL - 2023-08-07 12:15:42 --> Undefined variable: lang
#0 /home/rowadnet/public_html/CI_FrameWork/app/Views/layout/footer.php(27): CodeIgniter\Debug\Exceptions->errorHandler(8, 'Undefined varia...', '/home/rowadnet/...', 27, Array)
#1 /home/rowadnet/public_html/CI_FrameWork/system/View/View.php(246): include('/home/rowadnet/...')
#2 /home/rowadnet/public_html/CI_FrameWork/system/Common.php(1087): CodeIgniter\View\View->render('layout/footer', Array, true)
#3 /home/rowadnet/public_html/CI_FrameWork/app/Views/404.php(241): view('layout/footer')
#4 /home/rowadnet/public_html/CI_FrameWork/system/View/View.php(246): include('/home/rowadnet/...')
#5 /home/rowadnet/public_html/CI_FrameWork/system/Common.php(1087): CodeIgniter\View\View->render('404', Array, true)
#6 /home/rowadnet/public_html/CI_FrameWork/app/Helpers/lang_helper.php(8): view('404')
#7 /home/rowadnet/public_html/CI_FrameWork/app/Controllers/Error_404.php(12): lang_check()
#8 /home/rowadnet/public_html/CI_FrameWork/system/CodeIgniter.php(914): App\Controllers\Error_404->show404('background', 'bg-5.png')
#9 /home/rowadnet/public_html/CI_FrameWork/system/CodeIgniter.php(950): CodeIgniter\CodeIgniter->runController(Object(App\Controllers\Error_404))
#10 /home/rowadnet/public_html/CI_FrameWork/system/CodeIgniter.php(324): CodeIgniter\CodeIgniter->display404errors(Object(CodeIgniter\Exceptions\PageNotFoundException))
#11 /home/rowadnet/public_html/index.php(45): CodeIgniter\CodeIgniter->run()
#12 {main}
CRITICAL - 2023-08-07 12:30:54 --> Undefined variable: lang
#0 /home/rowadnet/public_html/CI_FrameWork/app/Views/layout/footer.php(27): CodeIgniter\Debug\Exceptions->errorHandler(8, 'Undefined varia...', '/home/rowadnet/...', 27, Array)
#1 /home/rowadnet/public_html/CI_FrameWork/system/View/View.php(246): include('/home/rowadnet/...')
#2 /home/rowadnet/public_html/CI_FrameWork/system/Common.php(1087): CodeIgniter\View\View->render('layout/footer', Array, true)
#3 /home/rowadnet/public_html/CI_FrameWork/app/Views/404.php(241): view('layout/footer')
#4 /home/rowadnet/public_html/CI_FrameWork/system/View/View.php(246): include('/home/rowadnet/...')
#5 /home/rowadnet/public_html/CI_FrameWork/system/Common.php(1087): CodeIgniter\View\View->render('404', Array, true)
#6 /home/rowadnet/public_html/CI_FrameWork/app/Helpers/lang_helper.php(8): view('404')
#7 /home/rowadnet/public_html/CI_FrameWork/app/Controllers/Error_404.php(12): lang_check()
#8 /home/rowadnet/public_html/CI_FrameWork/system/CodeIgniter.php(914): App\Controllers\Error_404->show404()
#9 /home/rowadnet/public_html/CI_FrameWork/system/CodeIgniter.php(950): CodeIgniter\CodeIgniter->runController(Object(App\Controllers\Error_404))
#10 /home/rowadnet/public_html/CI_FrameWork/system/CodeIgniter.php(324): CodeIgniter\CodeIgniter->display404errors(Object(CodeIgniter\Exceptions\PageNotFoundException))
#11 /home/rowadnet/public_html/index.php(45): CodeIgniter\CodeIgniter->run()
#12 {main}
CRITICAL - 2023-08-07 13:04:08 --> Undefined variable: section
#0 /home/rowadnet/public_html/CI_FrameWork/app/Views/articles/show.php(37): CodeIgniter\Debug\Exceptions->errorHandler(8, 'Undefined varia...', '/home/rowadnet/...', 37, Array)
#1 /home/rowadnet/public_html/CI_FrameWork/system/View/View.php(246): include('/home/rowadnet/...')
#2 /home/rowadnet/public_html/CI_FrameWork/system/Common.php(1087): CodeIgniter\View\View->render('articles/show', Array, true)
#3 /home/rowadnet/public_html/CI_FrameWork/app/Controllers/Articles.php(66): view('articles/show', Array)
#4 /home/rowadnet/public_html/CI_FrameWork/system/CodeIgniter.php(914): App\Controllers\Articles->show('images', 'background', 'bg-5.png')
#5 /home/rowadnet/public_html/CI_FrameWork/system/CodeIgniter.php(400): CodeIgniter\CodeIgniter->runController(Object(App\Controllers\Articles))
#6 /home/rowadnet/public_html/CI_FrameWork/system/CodeIgniter.php(308): CodeIgniter\CodeIgniter->handleRequest(NULL, Object(Config\Cache), false)
#7 /home/rowadnet/public_html/index.php(45): CodeIgniter\CodeIgniter->run()
#8 {main}
CRITICAL - 2023-08-07 13:04:08 --> Undefined variable: lang
#0 /home/rowadnet/public_html/CI_FrameWork/app/Views/layout/footer.php(27): CodeIgniter\Debug\Exceptions->errorHandler(8, 'Undefined varia...', '/home/rowadnet/...', 27, Array)
#1 /home/rowadnet/public_html/CI_FrameWork/system/View/View.php(246): include('/home/rowadnet/...')
#2 /home/rowadnet/public_html/CI_FrameWork/system/Common.php(1087): CodeIgniter\View\View->render('layout/footer', Array, true)
#3 /home/rowadnet/public_html/CI_FrameWork/app/Views/404.php(241): view('layout/footer')
#4 /home/rowadnet/public_html/CI_FrameWork/system/View/View.php(246): include('/home/rowadnet/...')
#5 /home/rowadnet/public_html/CI_FrameWork/system/Common.php(1087): CodeIgniter\View\View->render('404', Array, true)
#6 /home/rowadnet/public_html/CI_FrameWork/app/Helpers/lang_helper.php(8): view('404')
#7 /home/rowadnet/public_html/CI_FrameWork/app/Controllers/Error_404.php(12): lang_check()
#8 /home/rowadnet/public_html/CI_FrameWork/system/CodeIgniter.php(914): App\Controllers\Error_404->show404('images', 'background', 'bg-site.webp')
#9 /home/rowadnet/public_html/CI_FrameWork/system/CodeIgniter.php(950): CodeIgniter\CodeIgniter->runController(Object(App\Controllers\Error_404))
#10 /home/rowadnet/public_html/CI_FrameWork/system/CodeIgniter.php(324): CodeIgniter\CodeIgniter->display404errors(Object(CodeIgniter\Exceptions\PageNotFoundException))
#11 /home/rowadnet/public_html/index.php(45): CodeIgniter\CodeIgniter->run()
#12 {main}
CRITICAL - 2023-08-07 13:09:25 --> Undefined variable: lang
#0 /home/rowadnet/public_html/CI_FrameWork/app/Views/layout/footer.php(27): CodeIgniter\Debug\Exceptions->errorHandler(8, 'Undefined varia...', '/home/rowadnet/...', 27, Array)
#1 /home/rowadnet/public_html/CI_FrameWork/system/View/View.php(246): include('/home/rowadnet/...')
#2 /home/rowadnet/public_html/CI_FrameWork/system/Common.php(1087): CodeIgniter\View\View->render('layout/footer', Array, true)
#3 /home/rowadnet/public_html/CI_FrameWork/app/Views/404.php(241): view('layout/footer')
#4 /home/rowadnet/public_html/CI_FrameWork/system/View/View.php(246): include('/home/rowadnet/...')
#5 /home/rowadnet/public_html/CI_FrameWork/system/Common.php(1087): CodeIgniter\View\View->render('404', Array, true)
#6 /home/rowadnet/public_html/CI_FrameWork/app/Helpers/lang_helper.php(8): view('404')
#7 /home/rowadnet/public_html/CI_FrameWork/app/Controllers/Error_404.php(12): lang_check()
#8 /home/rowadnet/public_html/CI_FrameWork/system/CodeIgniter.php(914): App\Controllers\Error_404->show404('background', 'bg-5.png')
#9 /home/rowadnet/public_html/CI_FrameWork/system/CodeIgniter.php(950): CodeIgniter\CodeIgniter->runController(Object(App\Controllers\Error_404))
#10 /home/rowadnet/public_html/CI_FrameWork/system/CodeIgniter.php(324): CodeIgniter\CodeIgniter->display404errors(Object(CodeIgniter\Exceptions\PageNotFoundException))
#11 /home/rowadnet/public_html/index.php(45): CodeIgniter\CodeIgniter->run()
#12 {main}
CRITICAL - 2023-08-07 13:09:25 --> Undefined variable: lang
#0 /home/rowadnet/public_html/CI_FrameWork/app/Views/layout/footer.php(27): CodeIgniter\Debug\Exceptions->errorHandler(8, 'Undefined varia...', '/home/rowadnet/...', 27, Array)
#1 /home/rowadnet/public_html/CI_FrameWork/system/View/View.php(246): include('/home/rowadnet/...')
#2 /home/rowadnet/public_html/CI_FrameWork/system/Common.php(1087): CodeIgniter\View\View->render('layout/footer', Array, true)
#3 /home/rowadnet/public_html/CI_FrameWork/app/Views/404.php(241): view('layout/footer')
#4 /home/rowadnet/public_html/CI_FrameWork/system/View/View.php(246): include('/home/rowadnet/...')
#5 /home/rowadnet/public_html/CI_FrameWork/system/Common.php(1087): CodeIgniter\View\View->render('404', Array, true)
#6 /home/rowadnet/public_html/CI_FrameWork/app/Helpers/lang_helper.php(8): view('404')
#7 /home/rowadnet/public_html/CI_FrameWork/app/Controllers/Error_404.php(12): lang_check()
#8 /home/rowadnet/public_html/CI_FrameWork/system/CodeIgniter.php(914): App\Controllers\Error_404->show404('background', 'ptn-1.png')
#9 /home/rowadnet/public_html/CI_FrameWork/system/CodeIgniter.php(950): CodeIgniter\CodeIgniter->runController(Object(App\Controllers\Error_404))
#10 /home/rowadnet/public_html/CI_FrameWork/system/CodeIgniter.php(324): CodeIgniter\CodeIgniter->display404errors(Object(CodeIgniter\Exceptions\PageNotFoundException))
#11 /home/rowadnet/public_html/index.php(45): CodeIgniter\CodeIgniter->run()
#12 {main}
CRITICAL - 2023-08-07 13:31:38 --> Undefined variable: lang
#0 /home/rowadnet/public_html/CI_FrameWork/app/Views/layout/footer.php(27): CodeIgniter\Debug\Exceptions->errorHandler(8, 'Undefined varia...', '/home/rowadnet/...', 27, Array)
#1 /home/rowadnet/public_html/CI_FrameWork/system/View/View.php(246): include('/home/rowadnet/...')
#2 /home/rowadnet/public_html/CI_FrameWork/system/Common.php(1087): CodeIgniter\View\View->render('layout/footer', Array, true)
#3 /home/rowadnet/public_html/CI_FrameWork/app/Views/404.php(241): view('layout/footer')
#4 /home/rowadnet/public_html/CI_FrameWork/system/View/View.php(246): include('/home/rowadnet/...')
#5 /home/rowadnet/public_html/CI_FrameWork/system/Common.php(1087): CodeIgniter\View\View->render('404', Array, true)
#6 /home/rowadnet/public_html/CI_FrameWork/app/Helpers/lang_helper.php(8): view('404')
#7 /home/rowadnet/public_html/CI_FrameWork/app/Controllers/Error_404.php(12): lang_check()
#8 /home/rowadnet/public_html/CI_FrameWork/system/CodeIgniter.php(914): App\Controllers\Error_404->show404('background', 'bg-5.png')
#9 /home/rowadnet/public_html/CI_FrameWork/system/CodeIgniter.php(950): CodeIgniter\CodeIgniter->runController(Object(App\Controllers\Error_404))
#10 /home/rowadnet/public_html/CI_FrameWork/system/CodeIgniter.php(324): CodeIgniter\CodeIgniter->display404errors(Object(CodeIgniter\Exceptions\PageNotFoundException))
#11 /home/rowadnet/public_html/index.php(45): CodeIgniter\CodeIgniter->run()
#12 {main}
CRITICAL - 2023-08-07 13:31:38 --> Undefined variable: lang
#0 /home/rowadnet/public_html/CI_FrameWork/app/Views/layout/footer.php(27): CodeIgniter\Debug\Exceptions->errorHandler(8, 'Undefined varia...', '/home/rowadnet/...', 27, Array)
#1 /home/rowadnet/public_html/CI_FrameWork/system/View/View.php(246): include('/home/rowadnet/...')
#2 /home/rowadnet/public_html/CI_FrameWork/system/Common.php(1087): CodeIgniter\View\View->render('layout/footer', Array, true)
#3 /home/rowadnet/public_html/CI_FrameWork/app/Views/404.php(241): view('layout/footer')
#4 /home/rowadnet/public_html/CI_FrameWork/system/View/View.php(246): include('/home/rowadnet/...')
#5 /home/rowadnet/public_html/CI_FrameWork/system/Common.php(1087): CodeIgniter\View\View->render('404', Array, true)
#6 /home/rowadnet/public_html/CI_FrameWork/app/Helpers/lang_helper.php(8): view('404')
#7 /home/rowadnet/public_html/CI_FrameWork/app/Controllers/Error_404.php(12): lang_check()
#8 /home/rowadnet/public_html/CI_FrameWork/system/CodeIgniter.php(914): App\Controllers\Error_404->show404()
#9 /home/rowadnet/public_html/CI_FrameWork/system/CodeIgniter.php(950): CodeIgniter\CodeIgniter->runController(Object(App\Controllers\Error_404))
#10 /home/rowadnet/public_html/CI_FrameWork/system/CodeIgniter.php(324): CodeIgniter\CodeIgniter->display404errors(Object(CodeIgniter\Exceptions\PageNotFoundException))
#11 /home/rowadnet/public_html/index.php(45): CodeIgniter\CodeIgniter->run()
#12 {main}
CRITICAL - 2023-08-07 15:01:37 --> Undefined variable: lang
#0 /home/rowadnet/public_html/CI_FrameWork/app/Views/layout/footer.php(27): CodeIgniter\Debug\Exceptions->errorHandler(8, 'Undefined varia...', '/home/rowadnet/...', 27, Array)
#1 /home/rowadnet/public_html/CI_FrameWork/system/View/View.php(246): include('/home/rowadnet/...')
#2 /home/rowadnet/public_html/CI_FrameWork/system/Common.php(1087): CodeIgniter\View\View->render('layout/footer', Array, true)
#3 /home/rowadnet/public_html/CI_FrameWork/app/Views/404.php(241): view('layout/footer')
#4 /home/rowadnet/public_html/CI_FrameWork/system/View/View.php(246): include('/home/rowadnet/...')
#5 /home/rowadnet/public_html/CI_FrameWork/system/Common.php(1087): CodeIgniter\View\View->render('404', Array, true)
#6 /home/rowadnet/public_html/CI_FrameWork/app/Helpers/lang_helper.php(8): view('404')
#7 /home/rowadnet/public_html/CI_FrameWork/app/Controllers/Error_404.php(12): lang_check()
#8 /home/rowadnet/public_html/CI_FrameWork/system/CodeIgniter.php(914): App\Controllers\Error_404->show404('background', 'bg-5.png')
#9 /home/rowadnet/public_html/CI_FrameWork/system/CodeIgniter.php(950): CodeIgniter\CodeIgniter->runController(Object(App\Controllers\Error_404))
#10 /home/rowadnet/public_html/CI_FrameWork/system/CodeIgniter.php(324): CodeIgniter\CodeIgniter->display404errors(Object(CodeIgniter\Exceptions\PageNotFoundException))
#11 /home/rowadnet/public_html/index.php(45): CodeIgniter\CodeIgniter->run()
#12 {main}
CRITICAL - 2023-08-07 15:02:41 --> Undefined variable: lang
#0 /home/rowadnet/public_html/CI_FrameWork/app/Views/layout/footer.php(27): CodeIgniter\Debug\Exceptions->errorHandler(8, 'Undefined varia...', '/home/rowadnet/...', 27, Array)
#1 /home/rowadnet/public_html/CI_FrameWork/system/View/View.php(246): include('/home/rowadnet/...')
#2 /home/rowadnet/public_html/CI_FrameWork/system/Common.php(1087): CodeIgniter\View\View->render('layout/footer', Array, true)
#3 /home/rowadnet/public_html/CI_FrameWork/app/Views/404.php(241): view('layout/footer')
#4 /home/rowadnet/public_html/CI_FrameWork/system/View/View.php(246): include('/home/rowadnet/...')
#5 /home/rowadnet/public_html/CI_FrameWork/system/Common.php(1087): CodeIgniter\View\View->render('404', Array, true)
#6 /home/rowadnet/public_html/CI_FrameWork/app/Helpers/lang_helper.php(8): view('404')
#7 /home/rowadnet/public_html/CI_FrameWork/app/Controllers/Error_404.php(12): lang_check()
#8 /home/rowadnet/public_html/CI_FrameWork/system/CodeIgniter.php(914): App\Controllers\Error_404->show404('background', 'bg-5.png')
#9 /home/rowadnet/public_html/CI_FrameWork/system/CodeIgniter.php(950): CodeIgniter\CodeIgniter->runController(Object(App\Controllers\Error_404))
#10 /home/rowadnet/public_html/CI_FrameWork/system/CodeIgniter.php(324): CodeIgniter\CodeIgniter->display404errors(Object(CodeIgniter\Exceptions\PageNotFoundException))
#11 /home/rowadnet/public_html/index.php(45): CodeIgniter\CodeIgniter->run()
#12 {main}
CRITICAL - 2023-08-07 15:02:41 --> Undefined variable: lang
#0 /home/rowadnet/public_html/CI_FrameWork/app/Views/layout/footer.php(27): CodeIgniter\Debug\Exceptions->errorHandler(8, 'Undefined varia...', '/home/rowadnet/...', 27, Array)
#1 /home/rowadnet/public_html/CI_FrameWork/system/View/View.php(246): include('/home/rowadnet/...')
#2 /home/rowadnet/public_html/CI_FrameWork/system/Common.php(1087): CodeIgniter\View\View->render('layout/footer', Array, true)
#3 /home/rowadnet/public_html/CI_FrameWork/app/Views/404.php(241): view('layout/footer')
#4 /home/rowadnet/public_html/CI_FrameWork/system/View/View.php(246): include('/home/rowadnet/...')
#5 /home/rowadnet/public_html/CI_FrameWork/system/Common.php(1087): CodeIgniter\View\View->render('404', Array, true)
#6 /home/rowadnet/public_html/CI_FrameWork/app/Helpers/lang_helper.php(8): view('404')
#7 /home/rowadnet/public_html/CI_FrameWork/app/Controllers/Error_404.php(12): lang_check()
#8 /home/rowadnet/public_html/CI_FrameWork/system/CodeIgniter.php(914): App\Controllers\Error_404->show404('background', 'bg-site.png')
#9 /home/rowadnet/public_html/CI_FrameWork/system/CodeIgniter.php(950): CodeIgniter\CodeIgniter->runController(Object(App\Controllers\Error_404))
#10 /home/rowadnet/public_html/CI_FrameWork/system/CodeIgniter.php(324): CodeIgniter\CodeIgniter->display404errors(Object(CodeIgniter\Exceptions\PageNotFoundException))
#11 /home/rowadnet/public_html/index.php(45): CodeIgniter\CodeIgniter->run()
#12 {main}
CRITICAL - 2023-08-07 15:02:51 --> Undefined variable: section
#0 /home/rowadnet/public_html/CI_FrameWork/app/Views/projects/show.php(37): CodeIgniter\Debug\Exceptions->errorHandler(8, 'Undefined varia...', '/home/rowadnet/...', 37, Array)
#1 /home/rowadnet/public_html/CI_FrameWork/system/View/View.php(246): include('/home/rowadnet/...')
#2 /home/rowadnet/public_html/CI_FrameWork/system/Common.php(1087): CodeIgniter\View\View->render('projects/show', Array, true)
#3 /home/rowadnet/public_html/CI_FrameWork/app/Controllers/Projects.php(123): view('projects/show', Array)
#4 /home/rowadnet/public_html/CI_FrameWork/system/CodeIgniter.php(914): App\Controllers\Projects->show('bg-5.png', '')
#5 /home/rowadnet/public_html/CI_FrameWork/system/CodeIgniter.php(400): CodeIgniter\CodeIgniter->runController(Object(App\Controllers\Projects))
#6 /home/rowadnet/public_html/CI_FrameWork/system/CodeIgniter.php(308): CodeIgniter\CodeIgniter->handleRequest(NULL, Object(Config\Cache), false)
#7 /home/rowadnet/public_html/index.php(45): CodeIgniter\CodeIgniter->run()
#8 {main}
CRITICAL - 2023-08-07 15:02:51 --> Undefined variable: lang
#0 /home/rowadnet/public_html/CI_FrameWork/app/Views/layout/footer.php(27): CodeIgniter\Debug\Exceptions->errorHandler(8, 'Undefined varia...', '/home/rowadnet/...', 27, Array)
#1 /home/rowadnet/public_html/CI_FrameWork/system/View/View.php(246): include('/home/rowadnet/...')
#2 /home/rowadnet/public_html/CI_FrameWork/system/Common.php(1087): CodeIgniter\View\View->render('layout/footer', Array, true)
#3 /home/rowadnet/public_html/CI_FrameWork/app/Views/404.php(241): view('layout/footer')
#4 /home/rowadnet/public_html/CI_FrameWork/system/View/View.php(246): include('/home/rowadnet/...')
#5 /home/rowadnet/public_html/CI_FrameWork/system/Common.php(1087): CodeIgniter\View\View->render('404', Array, true)
#6 /home/rowadnet/public_html/CI_FrameWork/app/Helpers/lang_helper.php(8): view('404')
#7 /home/rowadnet/public_html/CI_FrameWork/app/Controllers/Error_404.php(12): lang_check()
#8 /home/rowadnet/public_html/CI_FrameWork/system/CodeIgniter.php(914): App\Controllers\Error_404->show404('images', 'background', 'bg-site.webp')
#9 /home/rowadnet/public_html/CI_FrameWork/system/CodeIgniter.php(950): CodeIgniter\CodeIgniter->runController(Object(App\Controllers\Error_404))
#10 /home/rowadnet/public_html/CI_FrameWork/system/CodeIgniter.php(324): CodeIgniter\CodeIgniter->display404errors(Object(CodeIgniter\Exceptions\PageNotFoundException))
#11 /home/rowadnet/public_html/index.php(45): CodeIgniter\CodeIgniter->run()
#12 {main}
CRITICAL - 2023-08-07 15:03:05 --> Undefined variable: section
#0 /home/rowadnet/public_html/CI_FrameWork/app/Views/projects/show.php(37): CodeIgniter\Debug\Exceptions->errorHandler(8, 'Undefined varia...', '/home/rowadnet/...', 37, Array)
#1 /home/rowadnet/public_html/CI_FrameWork/system/View/View.php(246): include('/home/rowadnet/...')
#2 /home/rowadnet/public_html/CI_FrameWork/system/Common.php(1087): CodeIgniter\View\View->render('projects/show', Array, true)
#3 /home/rowadnet/public_html/CI_FrameWork/app/Controllers/Projects.php(123): view('projects/show', Array)
#4 /home/rowadnet/public_html/CI_FrameWork/system/CodeIgniter.php(914): App\Controllers\Projects->show('bg-5.png', '')
#5 /home/rowadnet/public_html/CI_FrameWork/system/CodeIgniter.php(400): CodeIgniter\CodeIgniter->runController(Object(App\Controllers\Projects))
#6 /home/rowadnet/public_html/CI_FrameWork/system/CodeIgniter.php(308): CodeIgniter\CodeIgniter->handleRequest(NULL, Object(Config\Cache), false)
#7 /home/rowadnet/public_html/index.php(45): CodeIgniter\CodeIgniter->run()
#8 {main}
CRITICAL - 2023-08-07 15:03:05 --> Undefined variable: lang
#0 /home/rowadnet/public_html/CI_FrameWork/app/Views/layout/footer.php(27): CodeIgniter\Debug\Exceptions->errorHandler(8, 'Undefined varia...', '/home/rowadnet/...', 27, Array)
#1 /home/rowadnet/public_html/CI_FrameWork/system/View/View.php(246): include('/home/rowadnet/...')
#2 /home/rowadnet/public_html/CI_FrameWork/system/Common.php(1087): CodeIgniter\View\View->render('layout/footer', Array, true)
#3 /home/rowadnet/public_html/CI_FrameWork/app/Views/404.php(241): view('layout/footer')
#4 /home/rowadnet/public_html/CI_FrameWork/system/View/View.php(246): include('/home/rowadnet/...')
#5 /home/rowadnet/public_html/CI_FrameWork/system/Common.php(1087): CodeIgniter\View\View->render('404', Array, true)
#6 /home/rowadnet/public_html/CI_FrameWork/app/Helpers/lang_helper.php(8): view('404')
#7 /home/rowadnet/public_html/CI_FrameWork/app/Controllers/Error_404.php(12): lang_check()
#8 /home/rowadnet/public_html/CI_FrameWork/system/CodeIgniter.php(914): App\Controllers\Error_404->show404('images', 'background', 'bg-site.webp')
#9 /home/rowadnet/public_html/CI_FrameWork/system/CodeIgniter.php(950): CodeIgniter\CodeIgniter->runController(Object(App\Controllers\Error_404))
#10 /home/rowadnet/public_html/CI_FrameWork/system/CodeIgniter.php(324): CodeIgniter\CodeIgniter->display404errors(Object(CodeIgniter\Exceptions\PageNotFoundException))
#11 /home/rowadnet/public_html/index.php(45): CodeIgniter\CodeIgniter->run()
#12 {main}
CRITICAL - 2023-08-07 15:03:19 --> Undefined variable: lang
#0 /home/rowadnet/public_html/CI_FrameWork/app/Views/layout/footer.php(27): CodeIgniter\Debug\Exceptions->errorHandler(8, 'Undefined varia...', '/home/rowadnet/...', 27, Array)
#1 /home/rowadnet/public_html/CI_FrameWork/system/View/View.php(246): include('/home/rowadnet/...')
#2 /home/rowadnet/public_html/CI_FrameWork/system/Common.php(1087): CodeIgniter\View\View->render('layout/footer', Array, true)
#3 /home/rowadnet/public_html/CI_FrameWork/app/Views/404.php(241): view('layout/footer')
#4 /home/rowadnet/public_html/CI_FrameWork/system/View/View.php(246): include('/home/rowadnet/...')
#5 /home/rowadnet/public_html/CI_FrameWork/system/Common.php(1087): CodeIgniter\View\View->render('404', Array, true)
#6 /home/rowadnet/public_html/CI_FrameWork/app/Helpers/lang_helper.php(8): view('404')
#7 /home/rowadnet/public_html/CI_FrameWork/app/Controllers/Error_404.php(12): lang_check()
#8 /home/rowadnet/public_html/CI_FrameWork/system/CodeIgniter.php(914): App\Controllers\Error_404->show404('images', 'background', 'bg-site.webp')
#9 /home/rowadnet/public_html/CI_FrameWork/system/CodeIgniter.php(950): CodeIgniter\CodeIgniter->runController(Object(App\Controllers\Error_404))
#10 /home/rowadnet/public_html/CI_FrameWork/system/CodeIgniter.php(324): CodeIgniter\CodeIgniter->display404errors(Object(CodeIgniter\Exceptions\PageNotFoundException))
#11 /home/rowadnet/public_html/index.php(45): CodeIgniter\CodeIgniter->run()
#12 {main}
CRITICAL - 2023-08-07 15:03:19 --> Undefined variable: section
#0 /home/rowadnet/public_html/CI_FrameWork/app/Views/projects/show.php(37): CodeIgniter\Debug\Exceptions->errorHandler(8, 'Undefined varia...', '/home/rowadnet/...', 37, Array)
#1 /home/rowadnet/public_html/CI_FrameWork/system/View/View.php(246): include('/home/rowadnet/...')
#2 /home/rowadnet/public_html/CI_FrameWork/system/Common.php(1087): CodeIgniter\View\View->render('projects/show', Array, true)
#3 /home/rowadnet/public_html/CI_FrameWork/app/Controllers/Projects.php(123): view('projects/show', Array)
#4 /home/rowadnet/public_html/CI_FrameWork/system/CodeIgniter.php(914): App\Controllers\Projects->show('bg-5.png', '')
#5 /home/rowadnet/public_html/CI_FrameWork/system/CodeIgniter.php(400): CodeIgniter\CodeIgniter->runController(Object(App\Controllers\Projects))
#6 /home/rowadnet/public_html/CI_FrameWork/system/CodeIgniter.php(308): CodeIgniter\CodeIgniter->handleRequest(NULL, Object(Config\Cache), false)
#7 /home/rowadnet/public_html/index.php(45): CodeIgniter\CodeIgniter->run()
#8 {main}
CRITICAL - 2023-08-07 15:03:29 --> Undefined variable: lang
#0 /home/rowadnet/public_html/CI_FrameWork/app/Views/layout/footer.php(27): CodeIgniter\Debug\Exceptions->errorHandler(8, 'Undefined varia...', '/home/rowadnet/...', 27, Array)
#1 /home/rowadnet/public_html/CI_FrameWork/system/View/View.php(246): include('/home/rowadnet/...')
#2 /home/rowadnet/public_html/CI_FrameWork/system/Common.php(1087): CodeIgniter\View\View->render('layout/footer', Array, true)
#3 /home/rowadnet/public_html/CI_FrameWork/app/Views/404.php(241): view('layout/footer')
#4 /home/rowadnet/public_html/CI_FrameWork/system/View/View.php(246): include('/home/rowadnet/...')
#5 /home/rowadnet/public_html/CI_FrameWork/system/Common.php(1087): CodeIgniter\View\View->render('404', Array, true)
#6 /home/rowadnet/public_html/CI_FrameWork/app/Helpers/lang_helper.php(8): view('404')
#7 /home/rowadnet/public_html/CI_FrameWork/app/Controllers/Error_404.php(12): lang_check()
#8 /home/rowadnet/public_html/CI_FrameWork/system/CodeIgniter.php(914): App\Controllers\Error_404->show404('background', 'bg-5.png')
#9 /home/rowadnet/public_html/CI_FrameWork/system/CodeIgniter.php(950): CodeIgniter\CodeIgniter->runController(Object(App\Controllers\Error_404))
#10 /home/rowadnet/public_html/CI_FrameWork/system/CodeIgniter.php(324): CodeIgniter\CodeIgniter->display404errors(Object(CodeIgniter\Exceptions\PageNotFoundException))
#11 /home/rowadnet/public_html/index.php(45): CodeIgniter\CodeIgniter->run()
#12 {main}
CRITICAL - 2023-08-07 15:03:29 --> Undefined variable: lang
#0 /home/rowadnet/public_html/CI_FrameWork/app/Views/layout/footer.php(27): CodeIgniter\Debug\Exceptions->errorHandler(8, 'Undefined varia...', '/home/rowadnet/...', 27, Array)
#1 /home/rowadnet/public_html/CI_FrameWork/system/View/View.php(246): include('/home/rowadnet/...')
#2 /home/rowadnet/public_html/CI_FrameWork/system/Common.php(1087): CodeIgniter\View\View->render('layout/footer', Array, true)
#3 /home/rowadnet/public_html/CI_FrameWork/app/Views/404.php(241): view('layout/footer')
#4 /home/rowadnet/public_html/CI_FrameWork/system/View/View.php(246): include('/home/rowadnet/...')
#5 /home/rowadnet/public_html/CI_FrameWork/system/Common.php(1087): CodeIgniter\View\View->render('404', Array, true)
#6 /home/rowadnet/public_html/CI_FrameWork/app/Helpers/lang_helper.php(8): view('404')
#7 /home/rowadnet/public_html/CI_FrameWork/app/Controllers/Error_404.php(12): lang_check()
#8 /home/rowadnet/public_html/CI_FrameWork/system/CodeIgniter.php(914): App\Controllers\Error_404->show404('background', 'bg-site.png')
#9 /home/rowadnet/public_html/CI_FrameWork/system/CodeIgniter.php(950): CodeIgniter\CodeIgniter->runController(Object(App\Controllers\Error_404))
#10 /home/rowadnet/public_html/CI_FrameWork/system/CodeIgniter.php(324): CodeIgniter\CodeIgniter->display404errors(Object(CodeIgniter\Exceptions\PageNotFoundException))
#11 /home/rowadnet/public_html/index.php(45): CodeIgniter\CodeIgniter->run()
#12 {main}
CRITICAL - 2023-08-07 15:42:00 --> Undefined variable: lang
#0 /home/rowadnet/public_html/CI_FrameWork/app/Views/layout/footer.php(27): CodeIgniter\Debug\Exceptions->errorHandler(8, 'Undefined varia...', '/home/rowadnet/...', 27, Array)
#1 /home/rowadnet/public_html/CI_FrameWork/system/View/View.php(246): include('/home/rowadnet/...')
#2 /home/rowadnet/public_html/CI_FrameWork/system/Common.php(1087): CodeIgniter\View\View->render('layout/footer', Array, true)
#3 /home/rowadnet/public_html/CI_FrameWork/app/Views/404.php(241): view('layout/footer')
#4 /home/rowadnet/public_html/CI_FrameWork/system/View/View.php(246): include('/home/rowadnet/...')
#5 /home/rowadnet/public_html/CI_FrameWork/system/Common.php(1087): CodeIgniter\View\View->render('404', Array, true)
#6 /home/rowadnet/public_html/CI_FrameWork/app/Helpers/lang_helper.php(8): view('404')
#7 /home/rowadnet/public_html/CI_FrameWork/app/Controllers/Error_404.php(12): lang_check()
#8 /home/rowadnet/public_html/CI_FrameWork/system/CodeIgniter.php(914): App\Controllers\Error_404->show404('background', 'bg-5.png')
#9 /home/rowadnet/public_html/CI_FrameWork/system/CodeIgniter.php(950): CodeIgniter\CodeIgniter->runController(Object(App\Controllers\Error_404))
#10 /home/rowadnet/public_html/CI_FrameWork/system/CodeIgniter.php(324): CodeIgniter\CodeIgniter->display404errors(Object(CodeIgniter\Exceptions\PageNotFoundException))
#11 /home/rowadnet/public_html/index.php(45): CodeIgniter\CodeIgniter->run()
#12 {main}
CRITICAL - 2023-08-07 15:43:22 --> Undefined variable: lang
#0 /home/rowadnet/public_html/CI_FrameWork/app/Views/layout/footer.php(27): CodeIgniter\Debug\Exceptions->errorHandler(8, 'Undefined varia...', '/home/rowadnet/...', 27, Array)
#1 /home/rowadnet/public_html/CI_FrameWork/system/View/View.php(246): include('/home/rowadnet/...')
#2 /home/rowadnet/public_html/CI_FrameWork/system/Common.php(1087): CodeIgniter\View\View->render('layout/footer', Array, true)
#3 /home/rowadnet/public_html/CI_FrameWork/app/Views/404.php(241): view('layout/footer')
#4 /home/rowadnet/public_html/CI_FrameWork/system/View/View.php(246): include('/home/rowadnet/...')
#5 /home/rowadnet/public_html/CI_FrameWork/system/Common.php(1087): CodeIgniter\View\View->render('404', Array, true)
#6 /home/rowadnet/public_html/CI_FrameWork/app/Helpers/lang_helper.php(8): view('404')
#7 /home/rowadnet/public_html/CI_FrameWork/app/Controllers/Error_404.php(12): lang_check()
#8 /home/rowadnet/public_html/CI_FrameWork/system/CodeIgniter.php(914): App\Controllers\Error_404->show404('background', 'bg-5.png')
#9 /home/rowadnet/public_html/CI_FrameWork/system/CodeIgniter.php(950): CodeIgniter\CodeIgniter->runController(Object(App\Controllers\Error_404))
#10 /home/rowadnet/public_html/CI_FrameWork/system/CodeIgniter.php(324): CodeIgniter\CodeIgniter->display404errors(Object(CodeIgniter\Exceptions\PageNotFoundException))
#11 /home/rowadnet/public_html/index.php(45): CodeIgniter\CodeIgniter->run()
#12 {main}
CRITICAL - 2023-08-07 15:44:10 --> Undefined variable: lang
#0 /home/rowadnet/public_html/CI_FrameWork/app/Views/layout/footer.php(27): CodeIgniter\Debug\Exceptions->errorHandler(8, 'Undefined varia...', '/home/rowadnet/...', 27, Array)
#1 /home/rowadnet/public_html/CI_FrameWork/system/View/View.php(246): include('/home/rowadnet/...')
#2 /home/rowadnet/public_html/CI_FrameWork/system/Common.php(1087): CodeIgniter\View\View->render('layout/footer', Array, true)
#3 /home/rowadnet/public_html/CI_FrameWork/app/Views/404.php(241): view('layout/footer')
#4 /home/rowadnet/public_html/CI_FrameWork/system/View/View.php(246): include('/home/rowadnet/...')
#5 /home/rowadnet/public_html/CI_FrameWork/system/Common.php(1087): CodeIgniter\View\View->render('404', Array, true)
#6 /home/rowadnet/public_html/CI_FrameWork/app/Helpers/lang_helper.php(8): view('404')
#7 /home/rowadnet/public_html/CI_FrameWork/app/Controllers/Error_404.php(12): lang_check()
#8 /home/rowadnet/public_html/CI_FrameWork/system/CodeIgniter.php(914): App\Controllers\Error_404->show404('background', 'bg-5.png')
#9 /home/rowadnet/public_html/CI_FrameWork/system/CodeIgniter.php(950): CodeIgniter\CodeIgniter->runController(Object(App\Controllers\Error_404))
#10 /home/rowadnet/public_html/CI_FrameWork/system/CodeIgniter.php(324): CodeIgniter\CodeIgniter->display404errors(Object(CodeIgniter\Exceptions\PageNotFoundException))
#11 /home/rowadnet/public_html/index.php(45): CodeIgniter\CodeIgniter->run()
#12 {main}
CRITICAL - 2023-08-07 16:03:52 --> Undefined variable: lang
#0 /home/rowadnet/public_html/CI_FrameWork/app/Views/layout/footer.php(27): CodeIgniter\Debug\Exceptions->errorHandler(8, 'Undefined varia...', '/home/rowadnet/...', 27, Array)
#1 /home/rowadnet/public_html/CI_FrameWork/system/View/View.php(246): include('/home/rowadnet/...')
#2 /home/rowadnet/public_html/CI_FrameWork/system/Common.php(1087): CodeIgniter\View\View->render('layout/footer', Array, true)
#3 /home/rowadnet/public_html/CI_FrameWork/app/Views/404.php(241): view('layout/footer')
#4 /home/rowadnet/public_html/CI_FrameWork/system/View/View.php(246): include('/home/rowadnet/...')
#5 /home/rowadnet/public_html/CI_FrameWork/system/Common.php(1087): CodeIgniter\View\View->render('404', Array, true)
#6 /home/rowadnet/public_html/CI_FrameWork/app/Helpers/lang_helper.php(8): view('404')
#7 /home/rowadnet/public_html/CI_FrameWork/app/Controllers/Error_404.php(12): lang_check()
#8 /home/rowadnet/public_html/CI_FrameWork/system/CodeIgniter.php(914): App\Controllers\Error_404->show404()
#9 /home/rowadnet/public_html/CI_FrameWork/system/CodeIgniter.php(950): CodeIgniter\CodeIgniter->runController(Object(App\Controllers\Error_404))
#10 /home/rowadnet/public_html/CI_FrameWork/system/CodeIgniter.php(324): CodeIgniter\CodeIgniter->display404errors(Object(CodeIgniter\Exceptions\PageNotFoundException))
#11 /home/rowadnet/public_html/index.php(45): CodeIgniter\CodeIgniter->run()
#12 {main}
CRITICAL - 2023-08-07 17:48:15 --> Undefined variable: section
#0 /home/rowadnet/public_html/CI_FrameWork/app/Views/articles/show.php(37): CodeIgniter\Debug\Exceptions->errorHandler(8, 'Undefined varia...', '/home/rowadnet/...', 37, Array)
#1 /home/rowadnet/public_html/CI_FrameWork/system/View/View.php(246): include('/home/rowadnet/...')
#2 /home/rowadnet/public_html/CI_FrameWork/system/Common.php(1087): CodeIgniter\View\View->render('articles/show', Array, true)
#3 /home/rowadnet/public_html/CI_FrameWork/app/Controllers/Articles.php(66): view('articles/show', Array)
#4 /home/rowadnet/public_html/CI_FrameWork/system/CodeIgniter.php(914): App\Controllers\Articles->show('images', 'background', 'bg-5.png')
#5 /home/rowadnet/public_html/CI_FrameWork/system/CodeIgniter.php(400): CodeIgniter\CodeIgniter->runController(Object(App\Controllers\Articles))
#6 /home/rowadnet/public_html/CI_FrameWork/system/CodeIgniter.php(308): CodeIgniter\CodeIgniter->handleRequest(NULL, Object(Config\Cache), false)
#7 /home/rowadnet/public_html/index.php(45): CodeIgniter\CodeIgniter->run()
#8 {main}
CRITICAL - 2023-08-07 18:14:54 --> Undefined variable: lang
#0 /home/rowadnet/public_html/CI_FrameWork/app/Views/layout/footer.php(27): CodeIgniter\Debug\Exceptions->errorHandler(8, 'Undefined varia...', '/home/rowadnet/...', 27, Array)
#1 /home/rowadnet/public_html/CI_FrameWork/system/View/View.php(246): include('/home/rowadnet/...')
#2 /home/rowadnet/public_html/CI_FrameWork/system/Common.php(1087): CodeIgniter\View\View->render('layout/footer', Array, true)
#3 /home/rowadnet/public_html/CI_FrameWork/app/Views/404.php(241): view('layout/footer')
#4 /home/rowadnet/public_html/CI_FrameWork/system/View/View.php(246): include('/home/rowadnet/...')
#5 /home/rowadnet/public_html/CI_FrameWork/system/Common.php(1087): CodeIgniter\View\View->render('404', Array, true)
#6 /home/rowadnet/public_html/CI_FrameWork/app/Helpers/lang_helper.php(8): view('404')
#7 /home/rowadnet/public_html/CI_FrameWork/app/Controllers/Error_404.php(12): lang_check()
#8 /home/rowadnet/public_html/CI_FrameWork/system/CodeIgniter.php(914): App\Controllers\Error_404->show404('background', 'bg-5.png')
#9 /home/rowadnet/public_html/CI_FrameWork/system/CodeIgniter.php(950): CodeIgniter\CodeIgniter->runController(Object(App\Controllers\Error_404))
#10 /home/rowadnet/public_html/CI_FrameWork/system/CodeIgniter.php(324): CodeIgniter\CodeIgniter->display404errors(Object(CodeIgniter\Exceptions\PageNotFoundException))
#11 /home/rowadnet/public_html/index.php(45): CodeIgniter\CodeIgniter->run()
#12 {main}
CRITICAL - 2023-08-07 18:55:42 --> Undefined variable: lang
#0 /home/rowadnet/public_html/CI_FrameWork/app/Views/layout/footer.php(27): CodeIgniter\Debug\Exceptions->errorHandler(8, 'Undefined varia...', '/home/rowadnet/...', 27, Array)
#1 /home/rowadnet/public_html/CI_FrameWork/system/View/View.php(246): include('/home/rowadnet/...')
#2 /home/rowadnet/public_html/CI_FrameWork/system/Common.php(1087): CodeIgniter\View\View->render('layout/footer', Array, true)
#3 /home/rowadnet/public_html/CI_FrameWork/app/Views/404.php(241): view('layout/footer')
#4 /home/rowadnet/public_html/CI_FrameWork/system/View/View.php(246): include('/home/rowadnet/...')
#5 /home/rowadnet/public_html/CI_FrameWork/system/Common.php(1087): CodeIgniter\View\View->render('404', Array, true)
#6 /home/rowadnet/public_html/CI_FrameWork/app/Helpers/lang_helper.php(8): view('404')
#7 /home/rowadnet/public_html/CI_FrameWork/app/Controllers/Error_404.php(12): lang_check()
#8 /home/rowadnet/public_html/CI_FrameWork/system/CodeIgniter.php(914): App\Controllers\Error_404->show404()
#9 /home/rowadnet/public_html/CI_FrameWork/system/CodeIgniter.php(950): CodeIgniter\CodeIgniter->runController(Object(App\Controllers\Error_404))
#10 /home/rowadnet/public_html/CI_FrameWork/system/CodeIgniter.php(324): CodeIgniter\CodeIgniter->display404errors(Object(CodeIgniter\Exceptions\PageNotFoundException))
#11 /home/rowadnet/public_html/index.php(45): CodeIgniter\CodeIgniter->run()
#12 {main}
CRITICAL - 2023-08-07 21:06:24 --> Undefined variable: lang
#0 /home/rowadnet/public_html/CI_FrameWork/app/Views/layout/footer.php(27): CodeIgniter\Debug\Exceptions->errorHandler(8, 'Undefined varia...', '/home/rowadnet/...', 27, Array)
#1 /home/rowadnet/public_html/CI_FrameWork/system/View/View.php(246): include('/home/rowadnet/...')
#2 /home/rowadnet/public_html/CI_FrameWork/system/Common.php(1087): CodeIgniter\View\View->render('layout/footer', Array, true)
#3 /home/rowadnet/public_html/CI_FrameWork/app/Views/404.php(241): view('layout/footer')
#4 /home/rowadnet/public_html/CI_FrameWork/system/View/View.php(246): include('/home/rowadnet/...')
#5 /home/rowadnet/public_html/CI_FrameWork/system/Common.php(1087): CodeIgniter\View\View->render('404', Array, true)
#6 /home/rowadnet/public_html/CI_FrameWork/app/Helpers/lang_helper.php(8): view('404')
#7 /home/rowadnet/public_html/CI_FrameWork/app/Controllers/Error_404.php(12): lang_check()
#8 /home/rowadnet/public_html/CI_FrameWork/system/CodeIgniter.php(914): App\Controllers\Error_404->show404()
#9 /home/rowadnet/public_html/CI_FrameWork/system/CodeIgniter.php(950): CodeIgniter\CodeIgniter->runController(Object(App\Controllers\Error_404))
#10 /home/rowadnet/public_html/CI_FrameWork/system/CodeIgniter.php(324): CodeIgniter\CodeIgniter->display404errors(Object(CodeIgniter\Exceptions\PageNotFoundException))
#11 /home/rowadnet/public_html/index.php(45): CodeIgniter\CodeIgniter->run()
#12 {main}
CRITICAL - 2023-08-07 21:07:19 --> Undefined variable: section
#0 /home/rowadnet/public_html/CI_FrameWork/app/Views/articles/show.php(37): CodeIgniter\Debug\Exceptions->errorHandler(8, 'Undefined varia...', '/home/rowadnet/...', 37, Array)
#1 /home/rowadnet/public_html/CI_FrameWork/system/View/View.php(246): include('/home/rowadnet/...')
#2 /home/rowadnet/public_html/CI_FrameWork/system/Common.php(1087): CodeIgniter\View\View->render('articles/show', Array, true)
#3 /home/rowadnet/public_html/CI_FrameWork/app/Controllers/Articles.php(66): view('articles/show', Array)
#4 /home/rowadnet/public_html/CI_FrameWork/system/CodeIgniter.php(914): App\Controllers\Articles->show('images', 'background', 'bg-5.png')
#5 /home/rowadnet/public_html/CI_FrameWork/system/CodeIgniter.php(400): CodeIgniter\CodeIgniter->runController(Object(App\Controllers\Articles))
#6 /home/rowadnet/public_html/CI_FrameWork/system/CodeIgniter.php(308): CodeIgniter\CodeIgniter->handleRequest(NULL, Object(Config\Cache), false)
#7 /home/rowadnet/public_html/index.php(45): CodeIgniter\CodeIgniter->run()
#8 {main}
CRITICAL - 2023-08-07 22:30:32 --> Undefined variable: lang
#0 /home/rowadnet/public_html/CI_FrameWork/app/Views/layout/footer.php(27): CodeIgniter\Debug\Exceptions->errorHandler(8, 'Undefined varia...', '/home/rowadnet/...', 27, Array)
#1 /home/rowadnet/public_html/CI_FrameWork/system/View/View.php(246): include('/home/rowadnet/...')
#2 /home/rowadnet/public_html/CI_FrameWork/system/Common.php(1087): CodeIgniter\View\View->render('layout/footer', Array, true)
#3 /home/rowadnet/public_html/CI_FrameWork/app/Views/404.php(241): view('layout/footer')
#4 /home/rowadnet/public_html/CI_FrameWork/system/View/View.php(246): include('/home/rowadnet/...')
#5 /home/rowadnet/public_html/CI_FrameWork/system/Common.php(1087): CodeIgniter\View\View->render('404', Array, true)
#6 /home/rowadnet/public_html/CI_FrameWork/app/Helpers/lang_helper.php(8): view('404')
#7 /home/rowadnet/public_html/CI_FrameWork/app/Controllers/Error_404.php(12): lang_check()
#8 /home/rowadnet/public_html/CI_FrameWork/system/CodeIgniter.php(914): App\Controllers\Error_404->show404()
#9 /home/rowadnet/public_html/CI_FrameWork/system/CodeIgniter.php(950): CodeIgniter\CodeIgniter->runController(Object(App\Controllers\Error_404))
#10 /home/rowadnet/public_html/CI_FrameWork/system/CodeIgniter.php(324): CodeIgniter\CodeIgniter->display404errors(Object(CodeIgniter\Exceptions\PageNotFoundException))
#11 /home/rowadnet/public_html/index.php(45): CodeIgniter\CodeIgniter->run()
#12 {main}
CRITICAL - 2023-08-07 22:31:14 --> Undefined variable: section
#0 /home/rowadnet/public_html/CI_FrameWork/app/Views/articles/show.php(37): CodeIgniter\Debug\Exceptions->errorHandler(8, 'Undefined varia...', '/home/rowadnet/...', 37, Array)
#1 /home/rowadnet/public_html/CI_FrameWork/system/View/View.php(246): include('/home/rowadnet/...')
#2 /home/rowadnet/public_html/CI_FrameWork/system/Common.php(1087): CodeIgniter\View\View->render('articles/show', Array, true)
#3 /home/rowadnet/public_html/CI_FrameWork/app/Controllers/Articles.php(66): view('articles/show', Array)
#4 /home/rowadnet/public_html/CI_FrameWork/system/CodeIgniter.php(914): App\Controllers\Articles->show('images', 'background', 'bg-5.png')
#5 /home/rowadnet/public_html/CI_FrameWork/system/CodeIgniter.php(400): CodeIgniter\CodeIgniter->runController(Object(App\Controllers\Articles))
#6 /home/rowadnet/public_html/CI_FrameWork/system/CodeIgniter.php(308): CodeIgniter\CodeIgniter->handleRequest(NULL, Object(Config\Cache), false)
#7 /home/rowadnet/public_html/index.php(45): CodeIgniter\CodeIgniter->run()
#8 {main}
CRITICAL - 2023-08-07 22:31:14 --> Undefined variable: lang
#0 /home/rowadnet/public_html/CI_FrameWork/app/Views/layout/footer.php(27): CodeIgniter\Debug\Exceptions->errorHandler(8, 'Undefined varia...', '/home/rowadnet/...', 27, Array)
#1 /home/rowadnet/public_html/CI_FrameWork/system/View/View.php(246): include('/home/rowadnet/...')
#2 /home/rowadnet/public_html/CI_FrameWork/system/Common.php(1087): CodeIgniter\View\View->render('layout/footer', Array, true)
#3 /home/rowadnet/public_html/CI_FrameWork/app/Views/404.php(241): view('layout/footer')
#4 /home/rowadnet/public_html/CI_FrameWork/system/View/View.php(246): include('/home/rowadnet/...')
#5 /home/rowadnet/public_html/CI_FrameWork/system/Common.php(1087): CodeIgniter\View\View->render('404', Array, true)
#6 /home/rowadnet/public_html/CI_FrameWork/app/Helpers/lang_helper.php(8): view('404')
#7 /home/rowadnet/public_html/CI_FrameWork/app/Controllers/Error_404.php(12): lang_check()
#8 /home/rowadnet/public_html/CI_FrameWork/system/CodeIgniter.php(914): App\Controllers\Error_404->show404('images', 'background', 'bg-site.webp')
#9 /home/rowadnet/public_html/CI_FrameWork/system/CodeIgniter.php(950): CodeIgniter\CodeIgniter->runController(Object(App\Controllers\Error_404))
#10 /home/rowadnet/public_html/CI_FrameWork/system/CodeIgniter.php(324): CodeIgniter\CodeIgniter->display404errors(Object(CodeIgniter\Exceptions\PageNotFoundException))
#11 /home/rowadnet/public_html/index.php(45): CodeIgniter\CodeIgniter->run()
#12 {main}
