CRITICAL - 2023-03-23 00:31:09 --> Undefined variable: section
#0 /home/rowadnet/public_html/CI_FrameWork/app/Views/articles/show.php(37): CodeIgniter\Debug\Exceptions->errorHandler(8, 'Undefined varia...', '/home/rowadnet/...', 37, Array)
#1 /home/rowadnet/public_html/CI_FrameWork/system/View/View.php(246): include('/home/rowadnet/...')
#2 /home/rowadnet/public_html/CI_FrameWork/system/Common.php(1087): CodeIgniter\View\View->render('articles/show', Array, true)
#3 /home/rowadnet/public_html/CI_FrameWork/app/Controllers/Articles.php(66): view('articles/show', Array)
#4 /home/rowadnet/public_html/CI_FrameWork/system/CodeIgniter.php(914): App\Controllers\Articles->show('images', 'background', 'bg-5.png')
#5 /home/rowadnet/public_html/CI_FrameWork/system/CodeIgniter.php(400): CodeIgniter\CodeIgniter->runController(Object(App\Controllers\Articles))
#6 /home/rowadnet/public_html/CI_FrameWork/system/CodeIgniter.php(308): CodeIgniter\CodeIgniter->handleRequest(NULL, Object(Config\Cache), false)
#7 /home/rowadnet/public_html/index.php(45): CodeIgniter\CodeIgniter->run()
#8 {main}
CRITICAL - 2023-03-23 01:06:12 --> Undefined variable: lang
#0 /home/rowadnet/public_html/CI_FrameWork/app/Views/layout/footer.php(27): CodeIgniter\Debug\Exceptions->errorHandler(8, 'Undefined varia...', '/home/rowadnet/...', 27, Array)
#1 /home/rowadnet/public_html/CI_FrameWork/system/View/View.php(246): include('/home/rowadnet/...')
#2 /home/rowadnet/public_html/CI_FrameWork/system/Common.php(1087): CodeIgniter\View\View->render('layout/footer', Array, true)
#3 /home/rowadnet/public_html/CI_FrameWork/app/Views/404.php(241): view('layout/footer')
#4 /home/rowadnet/public_html/CI_FrameWork/system/View/View.php(246): include('/home/rowadnet/...')
#5 /home/rowadnet/public_html/CI_FrameWork/system/Common.php(1087): CodeIgniter\View\View->render('404', Array, true)
#6 /home/rowadnet/public_html/CI_FrameWork/app/Helpers/lang_helper.php(8): view('404')
#7 /home/rowadnet/public_html/CI_FrameWork/app/Controllers/Error_404.php(12): lang_check()
#8 /home/rowadnet/public_html/CI_FrameWork/system/CodeIgniter.php(914): App\Controllers\Error_404->show404()
#9 /home/rowadnet/public_html/CI_FrameWork/system/CodeIgniter.php(950): CodeIgniter\CodeIgniter->runController(Object(App\Controllers\Error_404))
#10 /home/rowadnet/public_html/CI_FrameWork/system/CodeIgniter.php(324): CodeIgniter\CodeIgniter->display404errors(Object(CodeIgniter\Exceptions\PageNotFoundException))
#11 /home/rowadnet/public_html/index.php(45): CodeIgniter\CodeIgniter->run()
#12 {main}
CRITICAL - 2023-03-23 01:06:57 --> Undefined variable: lang
#0 /home/rowadnet/public_html/CI_FrameWork/app/Views/layout/footer.php(27): CodeIgniter\Debug\Exceptions->errorHandler(8, 'Undefined varia...', '/home/rowadnet/...', 27, Array)
#1 /home/rowadnet/public_html/CI_FrameWork/system/View/View.php(246): include('/home/rowadnet/...')
#2 /home/rowadnet/public_html/CI_FrameWork/system/Common.php(1087): CodeIgniter\View\View->render('layout/footer', Array, true)
#3 /home/rowadnet/public_html/CI_FrameWork/app/Views/404.php(241): view('layout/footer')
#4 /home/rowadnet/public_html/CI_FrameWork/system/View/View.php(246): include('/home/rowadnet/...')
#5 /home/rowadnet/public_html/CI_FrameWork/system/Common.php(1087): CodeIgniter\View\View->render('404', Array, true)
#6 /home/rowadnet/public_html/CI_FrameWork/app/Helpers/lang_helper.php(8): view('404')
#7 /home/rowadnet/public_html/CI_FrameWork/app/Controllers/Error_404.php(12): lang_check()
#8 /home/rowadnet/public_html/CI_FrameWork/system/CodeIgniter.php(914): App\Controllers\Error_404->show404()
#9 /home/rowadnet/public_html/CI_FrameWork/system/CodeIgniter.php(950): CodeIgniter\CodeIgniter->runController(Object(App\Controllers\Error_404))
#10 /home/rowadnet/public_html/CI_FrameWork/system/CodeIgniter.php(324): CodeIgniter\CodeIgniter->display404errors(Object(CodeIgniter\Exceptions\PageNotFoundException))
#11 /home/rowadnet/public_html/index.php(45): CodeIgniter\CodeIgniter->run()
#12 {main}
CRITICAL - 2023-03-23 01:07:25 --> Undefined variable: lang
#0 /home/rowadnet/public_html/CI_FrameWork/app/Views/layout/footer.php(27): CodeIgniter\Debug\Exceptions->errorHandler(8, 'Undefined varia...', '/home/rowadnet/...', 27, Array)
#1 /home/rowadnet/public_html/CI_FrameWork/system/View/View.php(246): include('/home/rowadnet/...')
#2 /home/rowadnet/public_html/CI_FrameWork/system/Common.php(1087): CodeIgniter\View\View->render('layout/footer', Array, true)
#3 /home/rowadnet/public_html/CI_FrameWork/app/Views/404.php(241): view('layout/footer')
#4 /home/rowadnet/public_html/CI_FrameWork/system/View/View.php(246): include('/home/rowadnet/...')
#5 /home/rowadnet/public_html/CI_FrameWork/system/Common.php(1087): CodeIgniter\View\View->render('404', Array, true)
#6 /home/rowadnet/public_html/CI_FrameWork/app/Helpers/lang_helper.php(8): view('404')
#7 /home/rowadnet/public_html/CI_FrameWork/app/Controllers/Error_404.php(12): lang_check()
#8 /home/rowadnet/public_html/CI_FrameWork/system/CodeIgniter.php(914): App\Controllers\Error_404->show404()
#9 /home/rowadnet/public_html/CI_FrameWork/system/CodeIgniter.php(950): CodeIgniter\CodeIgniter->runController(Object(App\Controllers\Error_404))
#10 /home/rowadnet/public_html/CI_FrameWork/system/CodeIgniter.php(324): CodeIgniter\CodeIgniter->display404errors(Object(CodeIgniter\Exceptions\PageNotFoundException))
#11 /home/rowadnet/public_html/index.php(45): CodeIgniter\CodeIgniter->run()
#12 {main}
CRITICAL - 2023-03-23 01:28:17 --> Undefined variable: section
#0 /home/rowadnet/public_html/CI_FrameWork/app/Views/projects/show.php(37): CodeIgniter\Debug\Exceptions->errorHandler(8, 'Undefined varia...', '/home/rowadnet/...', 37, Array)
#1 /home/rowadnet/public_html/CI_FrameWork/system/View/View.php(246): include('/home/rowadnet/...')
#2 /home/rowadnet/public_html/CI_FrameWork/system/Common.php(1087): CodeIgniter\View\View->render('projects/show', Array, true)
#3 /home/rowadnet/public_html/CI_FrameWork/app/Controllers/Projects.php(123): view('projects/show', Array)
#4 /home/rowadnet/public_html/CI_FrameWork/system/CodeIgniter.php(914): App\Controllers\Projects->show('bg-5.png', '')
#5 /home/rowadnet/public_html/CI_FrameWork/system/CodeIgniter.php(400): CodeIgniter\CodeIgniter->runController(Object(App\Controllers\Projects))
#6 /home/rowadnet/public_html/CI_FrameWork/system/CodeIgniter.php(308): CodeIgniter\CodeIgniter->handleRequest(NULL, Object(Config\Cache), false)
#7 /home/rowadnet/public_html/index.php(45): CodeIgniter\CodeIgniter->run()
#8 {main}
CRITICAL - 2023-03-23 01:29:11 --> Undefined variable: section
#0 /home/rowadnet/public_html/CI_FrameWork/app/Views/projects/show.php(37): CodeIgniter\Debug\Exceptions->errorHandler(8, 'Undefined varia...', '/home/rowadnet/...', 37, Array)
#1 /home/rowadnet/public_html/CI_FrameWork/system/View/View.php(246): include('/home/rowadnet/...')
#2 /home/rowadnet/public_html/CI_FrameWork/system/Common.php(1087): CodeIgniter\View\View->render('projects/show', Array, true)
#3 /home/rowadnet/public_html/CI_FrameWork/app/Controllers/Projects.php(123): view('projects/show', Array)
#4 /home/rowadnet/public_html/CI_FrameWork/system/CodeIgniter.php(914): App\Controllers\Projects->show('bg-5.png', '')
#5 /home/rowadnet/public_html/CI_FrameWork/system/CodeIgniter.php(400): CodeIgniter\CodeIgniter->runController(Object(App\Controllers\Projects))
#6 /home/rowadnet/public_html/CI_FrameWork/system/CodeIgniter.php(308): CodeIgniter\CodeIgniter->handleRequest(NULL, Object(Config\Cache), false)
#7 /home/rowadnet/public_html/index.php(45): CodeIgniter\CodeIgniter->run()
#8 {main}
CRITICAL - 2023-03-23 01:29:52 --> Undefined variable: section
#0 /home/rowadnet/public_html/CI_FrameWork/app/Views/projects/show.php(37): CodeIgniter\Debug\Exceptions->errorHandler(8, 'Undefined varia...', '/home/rowadnet/...', 37, Array)
#1 /home/rowadnet/public_html/CI_FrameWork/system/View/View.php(246): include('/home/rowadnet/...')
#2 /home/rowadnet/public_html/CI_FrameWork/system/Common.php(1087): CodeIgniter\View\View->render('projects/show', Array, true)
#3 /home/rowadnet/public_html/CI_FrameWork/app/Controllers/Projects.php(123): view('projects/show', Array)
#4 /home/rowadnet/public_html/CI_FrameWork/system/CodeIgniter.php(914): App\Controllers\Projects->show('bg-5.png', '')
#5 /home/rowadnet/public_html/CI_FrameWork/system/CodeIgniter.php(400): CodeIgniter\CodeIgniter->runController(Object(App\Controllers\Projects))
#6 /home/rowadnet/public_html/CI_FrameWork/system/CodeIgniter.php(308): CodeIgniter\CodeIgniter->handleRequest(NULL, Object(Config\Cache), false)
#7 /home/rowadnet/public_html/index.php(45): CodeIgniter\CodeIgniter->run()
#8 {main}
CRITICAL - 2023-03-23 01:30:05 --> Undefined variable: section
#0 /home/rowadnet/public_html/CI_FrameWork/app/Views/projects/show.php(37): CodeIgniter\Debug\Exceptions->errorHandler(8, 'Undefined varia...', '/home/rowadnet/...', 37, Array)
#1 /home/rowadnet/public_html/CI_FrameWork/system/View/View.php(246): include('/home/rowadnet/...')
#2 /home/rowadnet/public_html/CI_FrameWork/system/Common.php(1087): CodeIgniter\View\View->render('projects/show', Array, true)
#3 /home/rowadnet/public_html/CI_FrameWork/app/Controllers/Projects.php(123): view('projects/show', Array)
#4 /home/rowadnet/public_html/CI_FrameWork/system/CodeIgniter.php(914): App\Controllers\Projects->show('bg-5.png', '')
#5 /home/rowadnet/public_html/CI_FrameWork/system/CodeIgniter.php(400): CodeIgniter\CodeIgniter->runController(Object(App\Controllers\Projects))
#6 /home/rowadnet/public_html/CI_FrameWork/system/CodeIgniter.php(308): CodeIgniter\CodeIgniter->handleRequest(NULL, Object(Config\Cache), false)
#7 /home/rowadnet/public_html/index.php(45): CodeIgniter\CodeIgniter->run()
#8 {main}
CRITICAL - 2023-03-23 01:30:09 --> Undefined variable: lang
#0 /home/rowadnet/public_html/CI_FrameWork/app/Views/layout/footer.php(27): CodeIgniter\Debug\Exceptions->errorHandler(8, 'Undefined varia...', '/home/rowadnet/...', 27, Array)
#1 /home/rowadnet/public_html/CI_FrameWork/system/View/View.php(246): include('/home/rowadnet/...')
#2 /home/rowadnet/public_html/CI_FrameWork/system/Common.php(1087): CodeIgniter\View\View->render('layout/footer', Array, true)
#3 /home/rowadnet/public_html/CI_FrameWork/app/Views/404.php(241): view('layout/footer')
#4 /home/rowadnet/public_html/CI_FrameWork/system/View/View.php(246): include('/home/rowadnet/...')
#5 /home/rowadnet/public_html/CI_FrameWork/system/Common.php(1087): CodeIgniter\View\View->render('404', Array, true)
#6 /home/rowadnet/public_html/CI_FrameWork/app/Helpers/lang_helper.php(8): view('404')
#7 /home/rowadnet/public_html/CI_FrameWork/app/Controllers/Error_404.php(12): lang_check()
#8 /home/rowadnet/public_html/CI_FrameWork/system/CodeIgniter.php(914): App\Controllers\Error_404->show404()
#9 /home/rowadnet/public_html/CI_FrameWork/system/CodeIgniter.php(950): CodeIgniter\CodeIgniter->runController(Object(App\Controllers\Error_404))
#10 /home/rowadnet/public_html/CI_FrameWork/system/CodeIgniter.php(324): CodeIgniter\CodeIgniter->display404errors(Object(CodeIgniter\Exceptions\PageNotFoundException))
#11 /home/rowadnet/public_html/index.php(45): CodeIgniter\CodeIgniter->run()
#12 {main}
CRITICAL - 2023-03-23 01:30:17 --> Undefined variable: section
#0 /home/rowadnet/public_html/CI_FrameWork/app/Views/projects/show.php(37): CodeIgniter\Debug\Exceptions->errorHandler(8, 'Undefined varia...', '/home/rowadnet/...', 37, Array)
#1 /home/rowadnet/public_html/CI_FrameWork/system/View/View.php(246): include('/home/rowadnet/...')
#2 /home/rowadnet/public_html/CI_FrameWork/system/Common.php(1087): CodeIgniter\View\View->render('projects/show', Array, true)
#3 /home/rowadnet/public_html/CI_FrameWork/app/Controllers/Projects.php(123): view('projects/show', Array)
#4 /home/rowadnet/public_html/CI_FrameWork/system/CodeIgniter.php(914): App\Controllers\Projects->show('bg-5.png', '')
#5 /home/rowadnet/public_html/CI_FrameWork/system/CodeIgniter.php(400): CodeIgniter\CodeIgniter->runController(Object(App\Controllers\Projects))
#6 /home/rowadnet/public_html/CI_FrameWork/system/CodeIgniter.php(308): CodeIgniter\CodeIgniter->handleRequest(NULL, Object(Config\Cache), false)
#7 /home/rowadnet/public_html/index.php(45): CodeIgniter\CodeIgniter->run()
#8 {main}
CRITICAL - 2023-03-23 03:31:28 --> Undefined variable: lang
#0 /home/rowadnet/public_html/CI_FrameWork/app/Views/layout/footer.php(27): CodeIgniter\Debug\Exceptions->errorHandler(8, 'Undefined varia...', '/home/rowadnet/...', 27, Array)
#1 /home/rowadnet/public_html/CI_FrameWork/system/View/View.php(246): include('/home/rowadnet/...')
#2 /home/rowadnet/public_html/CI_FrameWork/system/Common.php(1087): CodeIgniter\View\View->render('layout/footer', Array, true)
#3 /home/rowadnet/public_html/CI_FrameWork/app/Views/404.php(241): view('layout/footer')
#4 /home/rowadnet/public_html/CI_FrameWork/system/View/View.php(246): include('/home/rowadnet/...')
#5 /home/rowadnet/public_html/CI_FrameWork/system/Common.php(1087): CodeIgniter\View\View->render('404', Array, true)
#6 /home/rowadnet/public_html/CI_FrameWork/app/Helpers/lang_helper.php(8): view('404')
#7 /home/rowadnet/public_html/CI_FrameWork/app/Controllers/Error_404.php(12): lang_check()
#8 /home/rowadnet/public_html/CI_FrameWork/system/CodeIgniter.php(914): App\Controllers\Error_404->show404('images', 'background', 'bg-site.webp')
#9 /home/rowadnet/public_html/CI_FrameWork/system/CodeIgniter.php(950): CodeIgniter\CodeIgniter->runController(Object(App\Controllers\Error_404))
#10 /home/rowadnet/public_html/CI_FrameWork/system/CodeIgniter.php(324): CodeIgniter\CodeIgniter->display404errors(Object(CodeIgniter\Exceptions\PageNotFoundException))
#11 /home/rowadnet/public_html/index.php(45): CodeIgniter\CodeIgniter->run()
#12 {main}
CRITICAL - 2023-03-23 03:31:29 --> Undefined variable: section
#0 /home/rowadnet/public_html/CI_FrameWork/app/Views/projects/show.php(37): CodeIgniter\Debug\Exceptions->errorHandler(8, 'Undefined varia...', '/home/rowadnet/...', 37, Array)
#1 /home/rowadnet/public_html/CI_FrameWork/system/View/View.php(246): include('/home/rowadnet/...')
#2 /home/rowadnet/public_html/CI_FrameWork/system/Common.php(1087): CodeIgniter\View\View->render('projects/show', Array, true)
#3 /home/rowadnet/public_html/CI_FrameWork/app/Controllers/Projects.php(123): view('projects/show', Array)
#4 /home/rowadnet/public_html/CI_FrameWork/system/CodeIgniter.php(914): App\Controllers\Projects->show('bg-5.png', '')
#5 /home/rowadnet/public_html/CI_FrameWork/system/CodeIgniter.php(400): CodeIgniter\CodeIgniter->runController(Object(App\Controllers\Projects))
#6 /home/rowadnet/public_html/CI_FrameWork/system/CodeIgniter.php(308): CodeIgniter\CodeIgniter->handleRequest(NULL, Object(Config\Cache), false)
#7 /home/rowadnet/public_html/index.php(45): CodeIgniter\CodeIgniter->run()
#8 {main}
CRITICAL - 2023-03-23 04:11:06 --> Undefined variable: section
#0 /home/rowadnet/public_html/CI_FrameWork/app/Views/projects/show.php(37): CodeIgniter\Debug\Exceptions->errorHandler(8, 'Undefined varia...', '/home/rowadnet/...', 37, Array)
#1 /home/rowadnet/public_html/CI_FrameWork/system/View/View.php(246): include('/home/rowadnet/...')
#2 /home/rowadnet/public_html/CI_FrameWork/system/Common.php(1087): CodeIgniter\View\View->render('projects/show', Array, true)
#3 /home/rowadnet/public_html/CI_FrameWork/app/Controllers/Projects.php(123): view('projects/show', Array)
#4 /home/rowadnet/public_html/CI_FrameWork/system/CodeIgniter.php(914): App\Controllers\Projects->show('bg-5.png', '')
#5 /home/rowadnet/public_html/CI_FrameWork/system/CodeIgniter.php(400): CodeIgniter\CodeIgniter->runController(Object(App\Controllers\Projects))
#6 /home/rowadnet/public_html/CI_FrameWork/system/CodeIgniter.php(308): CodeIgniter\CodeIgniter->handleRequest(NULL, Object(Config\Cache), false)
#7 /home/rowadnet/public_html/index.php(45): CodeIgniter\CodeIgniter->run()
#8 {main}
CRITICAL - 2023-03-23 04:38:01 --> Undefined variable: lang
#0 /home/rowadnet/public_html/CI_FrameWork/app/Views/layout/footer.php(27): CodeIgniter\Debug\Exceptions->errorHandler(8, 'Undefined varia...', '/home/rowadnet/...', 27, Array)
#1 /home/rowadnet/public_html/CI_FrameWork/system/View/View.php(246): include('/home/rowadnet/...')
#2 /home/rowadnet/public_html/CI_FrameWork/system/Common.php(1087): CodeIgniter\View\View->render('layout/footer', Array, true)
#3 /home/rowadnet/public_html/CI_FrameWork/app/Views/404.php(241): view('layout/footer')
#4 /home/rowadnet/public_html/CI_FrameWork/system/View/View.php(246): include('/home/rowadnet/...')
#5 /home/rowadnet/public_html/CI_FrameWork/system/Common.php(1087): CodeIgniter\View\View->render('404', Array, true)
#6 /home/rowadnet/public_html/CI_FrameWork/app/Helpers/lang_helper.php(8): view('404')
#7 /home/rowadnet/public_html/CI_FrameWork/app/Controllers/Error_404.php(12): lang_check()
#8 /home/rowadnet/public_html/CI_FrameWork/system/CodeIgniter.php(914): App\Controllers\Error_404->show404()
#9 /home/rowadnet/public_html/CI_FrameWork/system/CodeIgniter.php(950): CodeIgniter\CodeIgniter->runController(Object(App\Controllers\Error_404))
#10 /home/rowadnet/public_html/CI_FrameWork/system/CodeIgniter.php(324): CodeIgniter\CodeIgniter->display404errors(Object(CodeIgniter\Exceptions\PageNotFoundException))
#11 /home/rowadnet/public_html/index.php(45): CodeIgniter\CodeIgniter->run()
#12 {main}
CRITICAL - 2023-03-23 04:38:52 --> Undefined variable: lang
#0 /home/rowadnet/public_html/CI_FrameWork/app/Views/layout/footer.php(27): CodeIgniter\Debug\Exceptions->errorHandler(8, 'Undefined varia...', '/home/rowadnet/...', 27, Array)
#1 /home/rowadnet/public_html/CI_FrameWork/system/View/View.php(246): include('/home/rowadnet/...')
#2 /home/rowadnet/public_html/CI_FrameWork/system/Common.php(1087): CodeIgniter\View\View->render('layout/footer', Array, true)
#3 /home/rowadnet/public_html/CI_FrameWork/app/Views/404.php(241): view('layout/footer')
#4 /home/rowadnet/public_html/CI_FrameWork/system/View/View.php(246): include('/home/rowadnet/...')
#5 /home/rowadnet/public_html/CI_FrameWork/system/Common.php(1087): CodeIgniter\View\View->render('404', Array, true)
#6 /home/rowadnet/public_html/CI_FrameWork/app/Helpers/lang_helper.php(8): view('404')
#7 /home/rowadnet/public_html/CI_FrameWork/app/Controllers/Error_404.php(12): lang_check()
#8 /home/rowadnet/public_html/CI_FrameWork/system/CodeIgniter.php(914): App\Controllers\Error_404->show404()
#9 /home/rowadnet/public_html/CI_FrameWork/system/CodeIgniter.php(950): CodeIgniter\CodeIgniter->runController(Object(App\Controllers\Error_404))
#10 /home/rowadnet/public_html/CI_FrameWork/system/CodeIgniter.php(324): CodeIgniter\CodeIgniter->display404errors(Object(CodeIgniter\Exceptions\PageNotFoundException))
#11 /home/rowadnet/public_html/index.php(45): CodeIgniter\CodeIgniter->run()
#12 {main}
CRITICAL - 2023-03-23 04:55:49 --> Undefined variable: lang
#0 /home/rowadnet/public_html/CI_FrameWork/app/Views/layout/footer.php(27): CodeIgniter\Debug\Exceptions->errorHandler(8, 'Undefined varia...', '/home/rowadnet/...', 27, Array)
#1 /home/rowadnet/public_html/CI_FrameWork/system/View/View.php(246): include('/home/rowadnet/...')
#2 /home/rowadnet/public_html/CI_FrameWork/system/Common.php(1087): CodeIgniter\View\View->render('layout/footer', Array, true)
#3 /home/rowadnet/public_html/CI_FrameWork/app/Views/404.php(241): view('layout/footer')
#4 /home/rowadnet/public_html/CI_FrameWork/system/View/View.php(246): include('/home/rowadnet/...')
#5 /home/rowadnet/public_html/CI_FrameWork/system/Common.php(1087): CodeIgniter\View\View->render('404', Array, true)
#6 /home/rowadnet/public_html/CI_FrameWork/app/Helpers/lang_helper.php(8): view('404')
#7 /home/rowadnet/public_html/CI_FrameWork/app/Controllers/Error_404.php(12): lang_check()
#8 /home/rowadnet/public_html/CI_FrameWork/system/CodeIgniter.php(914): App\Controllers\Error_404->show404()
#9 /home/rowadnet/public_html/CI_FrameWork/system/CodeIgniter.php(950): CodeIgniter\CodeIgniter->runController(Object(App\Controllers\Error_404))
#10 /home/rowadnet/public_html/CI_FrameWork/system/CodeIgniter.php(324): CodeIgniter\CodeIgniter->display404errors(Object(CodeIgniter\Exceptions\PageNotFoundException))
#11 /home/rowadnet/public_html/index.php(45): CodeIgniter\CodeIgniter->run()
#12 {main}
CRITICAL - 2023-03-23 05:01:26 --> Undefined variable: lang
#0 /home/rowadnet/public_html/CI_FrameWork/app/Views/layout/footer.php(27): CodeIgniter\Debug\Exceptions->errorHandler(8, 'Undefined varia...', '/home/rowadnet/...', 27, Array)
#1 /home/rowadnet/public_html/CI_FrameWork/system/View/View.php(246): include('/home/rowadnet/...')
#2 /home/rowadnet/public_html/CI_FrameWork/system/Common.php(1087): CodeIgniter\View\View->render('layout/footer', Array, true)
#3 /home/rowadnet/public_html/CI_FrameWork/app/Views/404.php(241): view('layout/footer')
#4 /home/rowadnet/public_html/CI_FrameWork/system/View/View.php(246): include('/home/rowadnet/...')
#5 /home/rowadnet/public_html/CI_FrameWork/system/Common.php(1087): CodeIgniter\View\View->render('404', Array, true)
#6 /home/rowadnet/public_html/CI_FrameWork/app/Helpers/lang_helper.php(8): view('404')
#7 /home/rowadnet/public_html/CI_FrameWork/app/Controllers/Error_404.php(12): lang_check()
#8 /home/rowadnet/public_html/CI_FrameWork/system/CodeIgniter.php(914): App\Controllers\Error_404->show404('images', 'background', 'bg-site.webp')
#9 /home/rowadnet/public_html/CI_FrameWork/system/CodeIgniter.php(950): CodeIgniter\CodeIgniter->runController(Object(App\Controllers\Error_404))
#10 /home/rowadnet/public_html/CI_FrameWork/system/CodeIgniter.php(324): CodeIgniter\CodeIgniter->display404errors(Object(CodeIgniter\Exceptions\PageNotFoundException))
#11 /home/rowadnet/public_html/index.php(45): CodeIgniter\CodeIgniter->run()
#12 {main}
CRITICAL - 2023-03-23 05:01:26 --> Undefined variable: section
#0 /home/rowadnet/public_html/CI_FrameWork/app/Views/projects/show.php(37): CodeIgniter\Debug\Exceptions->errorHandler(8, 'Undefined varia...', '/home/rowadnet/...', 37, Array)
#1 /home/rowadnet/public_html/CI_FrameWork/system/View/View.php(246): include('/home/rowadnet/...')
#2 /home/rowadnet/public_html/CI_FrameWork/system/Common.php(1087): CodeIgniter\View\View->render('projects/show', Array, true)
#3 /home/rowadnet/public_html/CI_FrameWork/app/Controllers/Projects.php(123): view('projects/show', Array)
#4 /home/rowadnet/public_html/CI_FrameWork/system/CodeIgniter.php(914): App\Controllers\Projects->show('bg-5.png', '')
#5 /home/rowadnet/public_html/CI_FrameWork/system/CodeIgniter.php(400): CodeIgniter\CodeIgniter->runController(Object(App\Controllers\Projects))
#6 /home/rowadnet/public_html/CI_FrameWork/system/CodeIgniter.php(308): CodeIgniter\CodeIgniter->handleRequest(NULL, Object(Config\Cache), false)
#7 /home/rowadnet/public_html/index.php(45): CodeIgniter\CodeIgniter->run()
#8 {main}
CRITICAL - 2023-03-23 05:26:55 --> Undefined variable: lang
#0 /home/rowadnet/public_html/CI_FrameWork/app/Views/layout/footer.php(27): CodeIgniter\Debug\Exceptions->errorHandler(8, 'Undefined varia...', '/home/rowadnet/...', 27, Array)
#1 /home/rowadnet/public_html/CI_FrameWork/system/View/View.php(246): include('/home/rowadnet/...')
#2 /home/rowadnet/public_html/CI_FrameWork/system/Common.php(1087): CodeIgniter\View\View->render('layout/footer', Array, true)
#3 /home/rowadnet/public_html/CI_FrameWork/app/Views/404.php(241): view('layout/footer')
#4 /home/rowadnet/public_html/CI_FrameWork/system/View/View.php(246): include('/home/rowadnet/...')
#5 /home/rowadnet/public_html/CI_FrameWork/system/Common.php(1087): CodeIgniter\View\View->render('404', Array, true)
#6 /home/rowadnet/public_html/CI_FrameWork/app/Helpers/lang_helper.php(8): view('404')
#7 /home/rowadnet/public_html/CI_FrameWork/app/Controllers/Home.php(13): lang_check()
#8 /home/rowadnet/public_html/CI_FrameWork/system/CodeIgniter.php(886): App\Controllers\Home->__construct()
#9 /home/rowadnet/public_html/CI_FrameWork/system/CodeIgniter.php(395): CodeIgniter\CodeIgniter->createController()
#10 /home/rowadnet/public_html/CI_FrameWork/system/CodeIgniter.php(308): CodeIgniter\CodeIgniter->handleRequest(NULL, Object(Config\Cache), false)
#11 /home/rowadnet/public_html/index.php(45): CodeIgniter\CodeIgniter->run()
#12 {main}
CRITICAL - 2023-03-23 08:15:46 --> Undefined variable: lang
#0 /home/rowadnet/public_html/CI_FrameWork/app/Views/layout/footer.php(27): CodeIgniter\Debug\Exceptions->errorHandler(8, 'Undefined varia...', '/home/rowadnet/...', 27, Array)
#1 /home/rowadnet/public_html/CI_FrameWork/system/View/View.php(246): include('/home/rowadnet/...')
#2 /home/rowadnet/public_html/CI_FrameWork/system/Common.php(1087): CodeIgniter\View\View->render('layout/footer', Array, true)
#3 /home/rowadnet/public_html/CI_FrameWork/app/Views/404.php(241): view('layout/footer')
#4 /home/rowadnet/public_html/CI_FrameWork/system/View/View.php(246): include('/home/rowadnet/...')
#5 /home/rowadnet/public_html/CI_FrameWork/system/Common.php(1087): CodeIgniter\View\View->render('404', Array, true)
#6 /home/rowadnet/public_html/CI_FrameWork/app/Helpers/lang_helper.php(8): view('404')
#7 /home/rowadnet/public_html/CI_FrameWork/app/Controllers/Error_404.php(12): lang_check()
#8 /home/rowadnet/public_html/CI_FrameWork/system/CodeIgniter.php(914): App\Controllers\Error_404->show404('background', 'bg-5.png')
#9 /home/rowadnet/public_html/CI_FrameWork/system/CodeIgniter.php(950): CodeIgniter\CodeIgniter->runController(Object(App\Controllers\Error_404))
#10 /home/rowadnet/public_html/CI_FrameWork/system/CodeIgniter.php(324): CodeIgniter\CodeIgniter->display404errors(Object(CodeIgniter\Exceptions\PageNotFoundException))
#11 /home/rowadnet/public_html/index.php(45): CodeIgniter\CodeIgniter->run()
#12 {main}
CRITICAL - 2023-03-23 08:15:47 --> Undefined variable: lang
#0 /home/rowadnet/public_html/CI_FrameWork/app/Views/layout/footer.php(27): CodeIgniter\Debug\Exceptions->errorHandler(8, 'Undefined varia...', '/home/rowadnet/...', 27, Array)
#1 /home/rowadnet/public_html/CI_FrameWork/system/View/View.php(246): include('/home/rowadnet/...')
#2 /home/rowadnet/public_html/CI_FrameWork/system/Common.php(1087): CodeIgniter\View\View->render('layout/footer', Array, true)
#3 /home/rowadnet/public_html/CI_FrameWork/app/Views/404.php(241): view('layout/footer')
#4 /home/rowadnet/public_html/CI_FrameWork/system/View/View.php(246): include('/home/rowadnet/...')
#5 /home/rowadnet/public_html/CI_FrameWork/system/Common.php(1087): CodeIgniter\View\View->render('404', Array, true)
#6 /home/rowadnet/public_html/CI_FrameWork/app/Helpers/lang_helper.php(8): view('404')
#7 /home/rowadnet/public_html/CI_FrameWork/app/Controllers/Error_404.php(12): lang_check()
#8 /home/rowadnet/public_html/CI_FrameWork/system/CodeIgniter.php(914): App\Controllers\Error_404->show404('background', 'bg-5.png')
#9 /home/rowadnet/public_html/CI_FrameWork/system/CodeIgniter.php(950): CodeIgniter\CodeIgniter->runController(Object(App\Controllers\Error_404))
#10 /home/rowadnet/public_html/CI_FrameWork/system/CodeIgniter.php(324): CodeIgniter\CodeIgniter->display404errors(Object(CodeIgniter\Exceptions\PageNotFoundException))
#11 /home/rowadnet/public_html/index.php(45): CodeIgniter\CodeIgniter->run()
#12 {main}
CRITICAL - 2023-03-23 08:15:47 --> Undefined variable: lang
#0 /home/rowadnet/public_html/CI_FrameWork/app/Views/layout/footer.php(27): CodeIgniter\Debug\Exceptions->errorHandler(8, 'Undefined varia...', '/home/rowadnet/...', 27, Array)
#1 /home/rowadnet/public_html/CI_FrameWork/system/View/View.php(246): include('/home/rowadnet/...')
#2 /home/rowadnet/public_html/CI_FrameWork/system/Common.php(1087): CodeIgniter\View\View->render('layout/footer', Array, true)
#3 /home/rowadnet/public_html/CI_FrameWork/app/Views/404.php(241): view('layout/footer')
#4 /home/rowadnet/public_html/CI_FrameWork/system/View/View.php(246): include('/home/rowadnet/...')
#5 /home/rowadnet/public_html/CI_FrameWork/system/Common.php(1087): CodeIgniter\View\View->render('404', Array, true)
#6 /home/rowadnet/public_html/CI_FrameWork/app/Helpers/lang_helper.php(8): view('404')
#7 /home/rowadnet/public_html/CI_FrameWork/app/Controllers/Error_404.php(12): lang_check()
#8 /home/rowadnet/public_html/CI_FrameWork/system/CodeIgniter.php(914): App\Controllers\Error_404->show404()
#9 /home/rowadnet/public_html/CI_FrameWork/system/CodeIgniter.php(950): CodeIgniter\CodeIgniter->runController(Object(App\Controllers\Error_404))
#10 /home/rowadnet/public_html/CI_FrameWork/system/CodeIgniter.php(324): CodeIgniter\CodeIgniter->display404errors(Object(CodeIgniter\Exceptions\PageNotFoundException))
#11 /home/rowadnet/public_html/index.php(45): CodeIgniter\CodeIgniter->run()
#12 {main}
CRITICAL - 2023-03-23 09:23:49 --> Undefined variable: lang
#0 /home/rowadnet/public_html/CI_FrameWork/app/Views/layout/footer.php(27): CodeIgniter\Debug\Exceptions->errorHandler(8, 'Undefined varia...', '/home/rowadnet/...', 27, Array)
#1 /home/rowadnet/public_html/CI_FrameWork/system/View/View.php(246): include('/home/rowadnet/...')
#2 /home/rowadnet/public_html/CI_FrameWork/system/Common.php(1087): CodeIgniter\View\View->render('layout/footer', Array, true)
#3 /home/rowadnet/public_html/CI_FrameWork/app/Views/404.php(241): view('layout/footer')
#4 /home/rowadnet/public_html/CI_FrameWork/system/View/View.php(246): include('/home/rowadnet/...')
#5 /home/rowadnet/public_html/CI_FrameWork/system/Common.php(1087): CodeIgniter\View\View->render('404', Array, true)
#6 /home/rowadnet/public_html/CI_FrameWork/app/Helpers/lang_helper.php(8): view('404')
#7 /home/rowadnet/public_html/CI_FrameWork/app/Controllers/Error_404.php(12): lang_check()
#8 /home/rowadnet/public_html/CI_FrameWork/system/CodeIgniter.php(914): App\Controllers\Error_404->show404('contact')
#9 /home/rowadnet/public_html/CI_FrameWork/system/CodeIgniter.php(950): CodeIgniter\CodeIgniter->runController(Object(App\Controllers\Error_404))
#10 /home/rowadnet/public_html/CI_FrameWork/system/CodeIgniter.php(324): CodeIgniter\CodeIgniter->display404errors(Object(CodeIgniter\Exceptions\PageNotFoundException))
#11 /home/rowadnet/public_html/index.php(45): CodeIgniter\CodeIgniter->run()
#12 {main}
CRITICAL - 2023-03-23 11:08:01 --> Undefined variable: lang
#0 /home/rowadnet/public_html/CI_FrameWork/app/Views/layout/footer.php(27): CodeIgniter\Debug\Exceptions->errorHandler(8, 'Undefined varia...', '/home/rowadnet/...', 27, Array)
#1 /home/rowadnet/public_html/CI_FrameWork/system/View/View.php(246): include('/home/rowadnet/...')
#2 /home/rowadnet/public_html/CI_FrameWork/system/Common.php(1087): CodeIgniter\View\View->render('layout/footer', Array, true)
#3 /home/rowadnet/public_html/CI_FrameWork/app/Views/404.php(241): view('layout/footer')
#4 /home/rowadnet/public_html/CI_FrameWork/system/View/View.php(246): include('/home/rowadnet/...')
#5 /home/rowadnet/public_html/CI_FrameWork/system/Common.php(1087): CodeIgniter\View\View->render('404', Array, true)
#6 /home/rowadnet/public_html/CI_FrameWork/app/Helpers/lang_helper.php(8): view('404')
#7 /home/rowadnet/public_html/CI_FrameWork/app/Controllers/Error_404.php(12): lang_check()
#8 /home/rowadnet/public_html/CI_FrameWork/system/CodeIgniter.php(914): App\Controllers\Error_404->show404('background', 'bg-5.png')
#9 /home/rowadnet/public_html/CI_FrameWork/system/CodeIgniter.php(950): CodeIgniter\CodeIgniter->runController(Object(App\Controllers\Error_404))
#10 /home/rowadnet/public_html/CI_FrameWork/system/CodeIgniter.php(324): CodeIgniter\CodeIgniter->display404errors(Object(CodeIgniter\Exceptions\PageNotFoundException))
#11 /home/rowadnet/public_html/index.php(45): CodeIgniter\CodeIgniter->run()
#12 {main}
CRITICAL - 2023-03-23 11:08:09 --> Undefined variable: section
#0 /home/rowadnet/public_html/CI_FrameWork/app/Views/projects/show.php(37): CodeIgniter\Debug\Exceptions->errorHandler(8, 'Undefined varia...', '/home/rowadnet/...', 37, Array)
#1 /home/rowadnet/public_html/CI_FrameWork/system/View/View.php(246): include('/home/rowadnet/...')
#2 /home/rowadnet/public_html/CI_FrameWork/system/Common.php(1087): CodeIgniter\View\View->render('projects/show', Array, true)
#3 /home/rowadnet/public_html/CI_FrameWork/app/Controllers/Projects.php(123): view('projects/show', Array)
#4 /home/rowadnet/public_html/CI_FrameWork/system/CodeIgniter.php(914): App\Controllers\Projects->show('bg-5.png', '')
#5 /home/rowadnet/public_html/CI_FrameWork/system/CodeIgniter.php(400): CodeIgniter\CodeIgniter->runController(Object(App\Controllers\Projects))
#6 /home/rowadnet/public_html/CI_FrameWork/system/CodeIgniter.php(308): CodeIgniter\CodeIgniter->handleRequest(NULL, Object(Config\Cache), false)
#7 /home/rowadnet/public_html/index.php(45): CodeIgniter\CodeIgniter->run()
#8 {main}
CRITICAL - 2023-03-23 11:08:09 --> Undefined variable: lang
#0 /home/rowadnet/public_html/CI_FrameWork/app/Views/layout/footer.php(27): CodeIgniter\Debug\Exceptions->errorHandler(8, 'Undefined varia...', '/home/rowadnet/...', 27, Array)
#1 /home/rowadnet/public_html/CI_FrameWork/system/View/View.php(246): include('/home/rowadnet/...')
#2 /home/rowadnet/public_html/CI_FrameWork/system/Common.php(1087): CodeIgniter\View\View->render('layout/footer', Array, true)
#3 /home/rowadnet/public_html/CI_FrameWork/app/Views/404.php(241): view('layout/footer')
#4 /home/rowadnet/public_html/CI_FrameWork/system/View/View.php(246): include('/home/rowadnet/...')
#5 /home/rowadnet/public_html/CI_FrameWork/system/Common.php(1087): CodeIgniter\View\View->render('404', Array, true)
#6 /home/rowadnet/public_html/CI_FrameWork/app/Helpers/lang_helper.php(8): view('404')
#7 /home/rowadnet/public_html/CI_FrameWork/app/Controllers/Error_404.php(12): lang_check()
#8 /home/rowadnet/public_html/CI_FrameWork/system/CodeIgniter.php(914): App\Controllers\Error_404->show404('images', 'background', 'bg-site.webp')
#9 /home/rowadnet/public_html/CI_FrameWork/system/CodeIgniter.php(950): CodeIgniter\CodeIgniter->runController(Object(App\Controllers\Error_404))
#10 /home/rowadnet/public_html/CI_FrameWork/system/CodeIgniter.php(324): CodeIgniter\CodeIgniter->display404errors(Object(CodeIgniter\Exceptions\PageNotFoundException))
#11 /home/rowadnet/public_html/index.php(45): CodeIgniter\CodeIgniter->run()
#12 {main}
CRITICAL - 2023-03-23 11:08:42 --> Undefined variable: lang
#0 /home/rowadnet/public_html/CI_FrameWork/app/Views/layout/footer.php(27): CodeIgniter\Debug\Exceptions->errorHandler(8, 'Undefined varia...', '/home/rowadnet/...', 27, Array)
#1 /home/rowadnet/public_html/CI_FrameWork/system/View/View.php(246): include('/home/rowadnet/...')
#2 /home/rowadnet/public_html/CI_FrameWork/system/Common.php(1087): CodeIgniter\View\View->render('layout/footer', Array, true)
#3 /home/rowadnet/public_html/CI_FrameWork/app/Views/404.php(241): view('layout/footer')
#4 /home/rowadnet/public_html/CI_FrameWork/system/View/View.php(246): include('/home/rowadnet/...')
#5 /home/rowadnet/public_html/CI_FrameWork/system/Common.php(1087): CodeIgniter\View\View->render('404', Array, true)
#6 /home/rowadnet/public_html/CI_FrameWork/app/Helpers/lang_helper.php(8): view('404')
#7 /home/rowadnet/public_html/CI_FrameWork/app/Controllers/Error_404.php(12): lang_check()
#8 /home/rowadnet/public_html/CI_FrameWork/system/CodeIgniter.php(914): App\Controllers\Error_404->show404('background', 'bg-5.png')
#9 /home/rowadnet/public_html/CI_FrameWork/system/CodeIgniter.php(950): CodeIgniter\CodeIgniter->runController(Object(App\Controllers\Error_404))
#10 /home/rowadnet/public_html/CI_FrameWork/system/CodeIgniter.php(324): CodeIgniter\CodeIgniter->display404errors(Object(CodeIgniter\Exceptions\PageNotFoundException))
#11 /home/rowadnet/public_html/index.php(45): CodeIgniter\CodeIgniter->run()
#12 {main}
CRITICAL - 2023-03-23 11:08:45 --> Undefined variable: section
#0 /home/rowadnet/public_html/CI_FrameWork/app/Views/projects/show.php(37): CodeIgniter\Debug\Exceptions->errorHandler(8, 'Undefined varia...', '/home/rowadnet/...', 37, Array)
#1 /home/rowadnet/public_html/CI_FrameWork/system/View/View.php(246): include('/home/rowadnet/...')
#2 /home/rowadnet/public_html/CI_FrameWork/system/Common.php(1087): CodeIgniter\View\View->render('projects/show', Array, true)
#3 /home/rowadnet/public_html/CI_FrameWork/app/Controllers/Projects.php(123): view('projects/show', Array)
#4 /home/rowadnet/public_html/CI_FrameWork/system/CodeIgniter.php(914): App\Controllers\Projects->show('bg-5.png', '')
#5 /home/rowadnet/public_html/CI_FrameWork/system/CodeIgniter.php(400): CodeIgniter\CodeIgniter->runController(Object(App\Controllers\Projects))
#6 /home/rowadnet/public_html/CI_FrameWork/system/CodeIgniter.php(308): CodeIgniter\CodeIgniter->handleRequest(NULL, Object(Config\Cache), false)
#7 /home/rowadnet/public_html/index.php(45): CodeIgniter\CodeIgniter->run()
#8 {main}
CRITICAL - 2023-03-23 11:08:45 --> Undefined variable: lang
#0 /home/rowadnet/public_html/CI_FrameWork/app/Views/layout/footer.php(27): CodeIgniter\Debug\Exceptions->errorHandler(8, 'Undefined varia...', '/home/rowadnet/...', 27, Array)
#1 /home/rowadnet/public_html/CI_FrameWork/system/View/View.php(246): include('/home/rowadnet/...')
#2 /home/rowadnet/public_html/CI_FrameWork/system/Common.php(1087): CodeIgniter\View\View->render('layout/footer', Array, true)
#3 /home/rowadnet/public_html/CI_FrameWork/app/Views/404.php(241): view('layout/footer')
#4 /home/rowadnet/public_html/CI_FrameWork/system/View/View.php(246): include('/home/rowadnet/...')
#5 /home/rowadnet/public_html/CI_FrameWork/system/Common.php(1087): CodeIgniter\View\View->render('404', Array, true)
#6 /home/rowadnet/public_html/CI_FrameWork/app/Helpers/lang_helper.php(8): view('404')
#7 /home/rowadnet/public_html/CI_FrameWork/app/Controllers/Error_404.php(12): lang_check()
#8 /home/rowadnet/public_html/CI_FrameWork/system/CodeIgniter.php(914): App\Controllers\Error_404->show404('images', 'background', 'bg-site.webp')
#9 /home/rowadnet/public_html/CI_FrameWork/system/CodeIgniter.php(950): CodeIgniter\CodeIgniter->runController(Object(App\Controllers\Error_404))
#10 /home/rowadnet/public_html/CI_FrameWork/system/CodeIgniter.php(324): CodeIgniter\CodeIgniter->display404errors(Object(CodeIgniter\Exceptions\PageNotFoundException))
#11 /home/rowadnet/public_html/index.php(45): CodeIgniter\CodeIgniter->run()
#12 {main}
CRITICAL - 2023-03-23 11:09:04 --> Undefined variable: lang
#0 /home/rowadnet/public_html/CI_FrameWork/app/Views/layout/footer.php(27): CodeIgniter\Debug\Exceptions->errorHandler(8, 'Undefined varia...', '/home/rowadnet/...', 27, Array)
#1 /home/rowadnet/public_html/CI_FrameWork/system/View/View.php(246): include('/home/rowadnet/...')
#2 /home/rowadnet/public_html/CI_FrameWork/system/Common.php(1087): CodeIgniter\View\View->render('layout/footer', Array, true)
#3 /home/rowadnet/public_html/CI_FrameWork/app/Views/404.php(241): view('layout/footer')
#4 /home/rowadnet/public_html/CI_FrameWork/system/View/View.php(246): include('/home/rowadnet/...')
#5 /home/rowadnet/public_html/CI_FrameWork/system/Common.php(1087): CodeIgniter\View\View->render('404', Array, true)
#6 /home/rowadnet/public_html/CI_FrameWork/app/Helpers/lang_helper.php(8): view('404')
#7 /home/rowadnet/public_html/CI_FrameWork/app/Controllers/Error_404.php(12): lang_check()
#8 /home/rowadnet/public_html/CI_FrameWork/system/CodeIgniter.php(914): App\Controllers\Error_404->show404('background', 'bg-5.png')
#9 /home/rowadnet/public_html/CI_FrameWork/system/CodeIgniter.php(950): CodeIgniter\CodeIgniter->runController(Object(App\Controllers\Error_404))
#10 /home/rowadnet/public_html/CI_FrameWork/system/CodeIgniter.php(324): CodeIgniter\CodeIgniter->display404errors(Object(CodeIgniter\Exceptions\PageNotFoundException))
#11 /home/rowadnet/public_html/index.php(45): CodeIgniter\CodeIgniter->run()
#12 {main}
CRITICAL - 2023-03-23 11:09:42 --> Undefined variable: lang
#0 /home/rowadnet/public_html/CI_FrameWork/app/Views/layout/footer.php(27): CodeIgniter\Debug\Exceptions->errorHandler(8, 'Undefined varia...', '/home/rowadnet/...', 27, Array)
#1 /home/rowadnet/public_html/CI_FrameWork/system/View/View.php(246): include('/home/rowadnet/...')
#2 /home/rowadnet/public_html/CI_FrameWork/system/Common.php(1087): CodeIgniter\View\View->render('layout/footer', Array, true)
#3 /home/rowadnet/public_html/CI_FrameWork/app/Views/404.php(241): view('layout/footer')
#4 /home/rowadnet/public_html/CI_FrameWork/system/View/View.php(246): include('/home/rowadnet/...')
#5 /home/rowadnet/public_html/CI_FrameWork/system/Common.php(1087): CodeIgniter\View\View->render('404', Array, true)
#6 /home/rowadnet/public_html/CI_FrameWork/app/Helpers/lang_helper.php(8): view('404')
#7 /home/rowadnet/public_html/CI_FrameWork/app/Controllers/Error_404.php(12): lang_check()
#8 /home/rowadnet/public_html/CI_FrameWork/system/CodeIgniter.php(914): App\Controllers\Error_404->show404('background', 'bg-5.png')
#9 /home/rowadnet/public_html/CI_FrameWork/system/CodeIgniter.php(950): CodeIgniter\CodeIgniter->runController(Object(App\Controllers\Error_404))
#10 /home/rowadnet/public_html/CI_FrameWork/system/CodeIgniter.php(324): CodeIgniter\CodeIgniter->display404errors(Object(CodeIgniter\Exceptions\PageNotFoundException))
#11 /home/rowadnet/public_html/index.php(45): CodeIgniter\CodeIgniter->run()
#12 {main}
CRITICAL - 2023-03-23 11:09:42 --> Undefined variable: lang
#0 /home/rowadnet/public_html/CI_FrameWork/app/Views/layout/footer.php(27): CodeIgniter\Debug\Exceptions->errorHandler(8, 'Undefined varia...', '/home/rowadnet/...', 27, Array)
#1 /home/rowadnet/public_html/CI_FrameWork/system/View/View.php(246): include('/home/rowadnet/...')
#2 /home/rowadnet/public_html/CI_FrameWork/system/Common.php(1087): CodeIgniter\View\View->render('layout/footer', Array, true)
#3 /home/rowadnet/public_html/CI_FrameWork/app/Views/404.php(241): view('layout/footer')
#4 /home/rowadnet/public_html/CI_FrameWork/system/View/View.php(246): include('/home/rowadnet/...')
#5 /home/rowadnet/public_html/CI_FrameWork/system/Common.php(1087): CodeIgniter\View\View->render('404', Array, true)
#6 /home/rowadnet/public_html/CI_FrameWork/app/Helpers/lang_helper.php(8): view('404')
#7 /home/rowadnet/public_html/CI_FrameWork/app/Controllers/Error_404.php(12): lang_check()
#8 /home/rowadnet/public_html/CI_FrameWork/system/CodeIgniter.php(914): App\Controllers\Error_404->show404('background', 'bg-site.png')
#9 /home/rowadnet/public_html/CI_FrameWork/system/CodeIgniter.php(950): CodeIgniter\CodeIgniter->runController(Object(App\Controllers\Error_404))
#10 /home/rowadnet/public_html/CI_FrameWork/system/CodeIgniter.php(324): CodeIgniter\CodeIgniter->display404errors(Object(CodeIgniter\Exceptions\PageNotFoundException))
#11 /home/rowadnet/public_html/index.php(45): CodeIgniter\CodeIgniter->run()
#12 {main}
CRITICAL - 2023-03-23 11:13:40 --> Undefined variable: lang
#0 /home/rowadnet/public_html/CI_FrameWork/app/Views/layout/footer.php(27): CodeIgniter\Debug\Exceptions->errorHandler(8, 'Undefined varia...', '/home/rowadnet/...', 27, Array)
#1 /home/rowadnet/public_html/CI_FrameWork/system/View/View.php(246): include('/home/rowadnet/...')
#2 /home/rowadnet/public_html/CI_FrameWork/system/Common.php(1087): CodeIgniter\View\View->render('layout/footer', Array, true)
#3 /home/rowadnet/public_html/CI_FrameWork/app/Views/404.php(241): view('layout/footer')
#4 /home/rowadnet/public_html/CI_FrameWork/system/View/View.php(246): include('/home/rowadnet/...')
#5 /home/rowadnet/public_html/CI_FrameWork/system/Common.php(1087): CodeIgniter\View\View->render('404', Array, true)
#6 /home/rowadnet/public_html/CI_FrameWork/app/Helpers/lang_helper.php(8): view('404')
#7 /home/rowadnet/public_html/CI_FrameWork/app/Controllers/Error_404.php(12): lang_check()
#8 /home/rowadnet/public_html/CI_FrameWork/system/CodeIgniter.php(914): App\Controllers\Error_404->show404('background', 'bg-5.png')
#9 /home/rowadnet/public_html/CI_FrameWork/system/CodeIgniter.php(950): CodeIgniter\CodeIgniter->runController(Object(App\Controllers\Error_404))
#10 /home/rowadnet/public_html/CI_FrameWork/system/CodeIgniter.php(324): CodeIgniter\CodeIgniter->display404errors(Object(CodeIgniter\Exceptions\PageNotFoundException))
#11 /home/rowadnet/public_html/index.php(45): CodeIgniter\CodeIgniter->run()
#12 {main}
CRITICAL - 2023-03-23 11:49:13 --> Undefined variable: lang
#0 /home/rowadnet/public_html/CI_FrameWork/app/Views/layout/footer.php(27): CodeIgniter\Debug\Exceptions->errorHandler(8, 'Undefined varia...', '/home/rowadnet/...', 27, Array)
#1 /home/rowadnet/public_html/CI_FrameWork/system/View/View.php(246): include('/home/rowadnet/...')
#2 /home/rowadnet/public_html/CI_FrameWork/system/Common.php(1087): CodeIgniter\View\View->render('layout/footer', Array, true)
#3 /home/rowadnet/public_html/CI_FrameWork/app/Views/404.php(241): view('layout/footer')
#4 /home/rowadnet/public_html/CI_FrameWork/system/View/View.php(246): include('/home/rowadnet/...')
#5 /home/rowadnet/public_html/CI_FrameWork/system/Common.php(1087): CodeIgniter\View\View->render('404', Array, true)
#6 /home/rowadnet/public_html/CI_FrameWork/app/Helpers/lang_helper.php(8): view('404')
#7 /home/rowadnet/public_html/CI_FrameWork/app/Controllers/Error_404.php(12): lang_check()
#8 /home/rowadnet/public_html/CI_FrameWork/system/CodeIgniter.php(914): App\Controllers\Error_404->show404()
#9 /home/rowadnet/public_html/CI_FrameWork/system/CodeIgniter.php(950): CodeIgniter\CodeIgniter->runController(Object(App\Controllers\Error_404))
#10 /home/rowadnet/public_html/CI_FrameWork/system/CodeIgniter.php(324): CodeIgniter\CodeIgniter->display404errors(Object(CodeIgniter\Exceptions\PageNotFoundException))
#11 /home/rowadnet/public_html/index.php(45): CodeIgniter\CodeIgniter->run()
#12 {main}
CRITICAL - 2023-03-23 13:01:07 --> Undefined variable: lang
#0 /home/rowadnet/public_html/CI_FrameWork/app/Views/layout/footer.php(27): CodeIgniter\Debug\Exceptions->errorHandler(8, 'Undefined varia...', '/home/rowadnet/...', 27, Array)
#1 /home/rowadnet/public_html/CI_FrameWork/system/View/View.php(246): include('/home/rowadnet/...')
#2 /home/rowadnet/public_html/CI_FrameWork/system/Common.php(1087): CodeIgniter\View\View->render('layout/footer', Array, true)
#3 /home/rowadnet/public_html/CI_FrameWork/app/Views/404.php(241): view('layout/footer')
#4 /home/rowadnet/public_html/CI_FrameWork/system/View/View.php(246): include('/home/rowadnet/...')
#5 /home/rowadnet/public_html/CI_FrameWork/system/Common.php(1087): CodeIgniter\View\View->render('404', Array, true)
#6 /home/rowadnet/public_html/CI_FrameWork/app/Helpers/lang_helper.php(8): view('404')
#7 /home/rowadnet/public_html/CI_FrameWork/app/Controllers/Error_404.php(12): lang_check()
#8 /home/rowadnet/public_html/CI_FrameWork/system/CodeIgniter.php(914): App\Controllers\Error_404->show404('background', 'bg-5.png')
#9 /home/rowadnet/public_html/CI_FrameWork/system/CodeIgniter.php(950): CodeIgniter\CodeIgniter->runController(Object(App\Controllers\Error_404))
#10 /home/rowadnet/public_html/CI_FrameWork/system/CodeIgniter.php(324): CodeIgniter\CodeIgniter->display404errors(Object(CodeIgniter\Exceptions\PageNotFoundException))
#11 /home/rowadnet/public_html/index.php(45): CodeIgniter\CodeIgniter->run()
#12 {main}
CRITICAL - 2023-03-23 13:01:07 --> Undefined variable: lang
#0 /home/rowadnet/public_html/CI_FrameWork/app/Views/layout/footer.php(27): CodeIgniter\Debug\Exceptions->errorHandler(8, 'Undefined varia...', '/home/rowadnet/...', 27, Array)
#1 /home/rowadnet/public_html/CI_FrameWork/system/View/View.php(246): include('/home/rowadnet/...')
#2 /home/rowadnet/public_html/CI_FrameWork/system/Common.php(1087): CodeIgniter\View\View->render('layout/footer', Array, true)
#3 /home/rowadnet/public_html/CI_FrameWork/app/Views/404.php(241): view('layout/footer')
#4 /home/rowadnet/public_html/CI_FrameWork/system/View/View.php(246): include('/home/rowadnet/...')
#5 /home/rowadnet/public_html/CI_FrameWork/system/Common.php(1087): CodeIgniter\View\View->render('404', Array, true)
#6 /home/rowadnet/public_html/CI_FrameWork/app/Helpers/lang_helper.php(8): view('404')
#7 /home/rowadnet/public_html/CI_FrameWork/app/Controllers/Error_404.php(12): lang_check()
#8 /home/rowadnet/public_html/CI_FrameWork/system/CodeIgniter.php(914): App\Controllers\Error_404->show404('background', 'ptn-1.png')
#9 /home/rowadnet/public_html/CI_FrameWork/system/CodeIgniter.php(950): CodeIgniter\CodeIgniter->runController(Object(App\Controllers\Error_404))
#10 /home/rowadnet/public_html/CI_FrameWork/system/CodeIgniter.php(324): CodeIgniter\CodeIgniter->display404errors(Object(CodeIgniter\Exceptions\PageNotFoundException))
#11 /home/rowadnet/public_html/index.php(45): CodeIgniter\CodeIgniter->run()
#12 {main}
CRITICAL - 2023-03-23 13:06:49 --> Undefined variable: lang
#0 /home/rowadnet/public_html/CI_FrameWork/app/Views/layout/footer.php(27): CodeIgniter\Debug\Exceptions->errorHandler(8, 'Undefined varia...', '/home/rowadnet/...', 27, Array)
#1 /home/rowadnet/public_html/CI_FrameWork/system/View/View.php(246): include('/home/rowadnet/...')
#2 /home/rowadnet/public_html/CI_FrameWork/system/Common.php(1087): CodeIgniter\View\View->render('layout/footer', Array, true)
#3 /home/rowadnet/public_html/CI_FrameWork/app/Views/404.php(241): view('layout/footer')
#4 /home/rowadnet/public_html/CI_FrameWork/system/View/View.php(246): include('/home/rowadnet/...')
#5 /home/rowadnet/public_html/CI_FrameWork/system/Common.php(1087): CodeIgniter\View\View->render('404', Array, true)
#6 /home/rowadnet/public_html/CI_FrameWork/app/Helpers/lang_helper.php(8): view('404')
#7 /home/rowadnet/public_html/CI_FrameWork/app/Controllers/Error_404.php(12): lang_check()
#8 /home/rowadnet/public_html/CI_FrameWork/system/CodeIgniter.php(914): App\Controllers\Error_404->show404('background', 'bg-5.png')
#9 /home/rowadnet/public_html/CI_FrameWork/system/CodeIgniter.php(950): CodeIgniter\CodeIgniter->runController(Object(App\Controllers\Error_404))
#10 /home/rowadnet/public_html/CI_FrameWork/system/CodeIgniter.php(324): CodeIgniter\CodeIgniter->display404errors(Object(CodeIgniter\Exceptions\PageNotFoundException))
#11 /home/rowadnet/public_html/index.php(45): CodeIgniter\CodeIgniter->run()
#12 {main}
CRITICAL - 2023-03-23 13:06:49 --> Undefined variable: lang
#0 /home/rowadnet/public_html/CI_FrameWork/app/Views/layout/footer.php(27): CodeIgniter\Debug\Exceptions->errorHandler(8, 'Undefined varia...', '/home/rowadnet/...', 27, Array)
#1 /home/rowadnet/public_html/CI_FrameWork/system/View/View.php(246): include('/home/rowadnet/...')
#2 /home/rowadnet/public_html/CI_FrameWork/system/Common.php(1087): CodeIgniter\View\View->render('layout/footer', Array, true)
#3 /home/rowadnet/public_html/CI_FrameWork/app/Views/404.php(241): view('layout/footer')
#4 /home/rowadnet/public_html/CI_FrameWork/system/View/View.php(246): include('/home/rowadnet/...')
#5 /home/rowadnet/public_html/CI_FrameWork/system/Common.php(1087): CodeIgniter\View\View->render('404', Array, true)
#6 /home/rowadnet/public_html/CI_FrameWork/app/Helpers/lang_helper.php(8): view('404')
#7 /home/rowadnet/public_html/CI_FrameWork/app/Controllers/Error_404.php(12): lang_check()
#8 /home/rowadnet/public_html/CI_FrameWork/system/CodeIgniter.php(914): App\Controllers\Error_404->show404('background', 'ptn-1.png')
#9 /home/rowadnet/public_html/CI_FrameWork/system/CodeIgniter.php(950): CodeIgniter\CodeIgniter->runController(Object(App\Controllers\Error_404))
#10 /home/rowadnet/public_html/CI_FrameWork/system/CodeIgniter.php(324): CodeIgniter\CodeIgniter->display404errors(Object(CodeIgniter\Exceptions\PageNotFoundException))
#11 /home/rowadnet/public_html/index.php(45): CodeIgniter\CodeIgniter->run()
#12 {main}
CRITICAL - 2023-03-23 13:07:15 --> Undefined variable: lang
#0 /home/rowadnet/public_html/CI_FrameWork/app/Views/layout/footer.php(27): CodeIgniter\Debug\Exceptions->errorHandler(8, 'Undefined varia...', '/home/rowadnet/...', 27, Array)
#1 /home/rowadnet/public_html/CI_FrameWork/system/View/View.php(246): include('/home/rowadnet/...')
#2 /home/rowadnet/public_html/CI_FrameWork/system/Common.php(1087): CodeIgniter\View\View->render('layout/footer', Array, true)
#3 /home/rowadnet/public_html/CI_FrameWork/app/Views/404.php(241): view('layout/footer')
#4 /home/rowadnet/public_html/CI_FrameWork/system/View/View.php(246): include('/home/rowadnet/...')
#5 /home/rowadnet/public_html/CI_FrameWork/system/Common.php(1087): CodeIgniter\View\View->render('404', Array, true)
#6 /home/rowadnet/public_html/CI_FrameWork/app/Helpers/lang_helper.php(8): view('404')
#7 /home/rowadnet/public_html/CI_FrameWork/app/Controllers/Error_404.php(12): lang_check()
#8 /home/rowadnet/public_html/CI_FrameWork/system/CodeIgniter.php(914): App\Controllers\Error_404->show404('background', 'bg-5.png')
#9 /home/rowadnet/public_html/CI_FrameWork/system/CodeIgniter.php(950): CodeIgniter\CodeIgniter->runController(Object(App\Controllers\Error_404))
#10 /home/rowadnet/public_html/CI_FrameWork/system/CodeIgniter.php(324): CodeIgniter\CodeIgniter->display404errors(Object(CodeIgniter\Exceptions\PageNotFoundException))
#11 /home/rowadnet/public_html/index.php(45): CodeIgniter\CodeIgniter->run()
#12 {main}
CRITICAL - 2023-03-23 13:07:15 --> Undefined variable: lang
#0 /home/rowadnet/public_html/CI_FrameWork/app/Views/layout/footer.php(27): CodeIgniter\Debug\Exceptions->errorHandler(8, 'Undefined varia...', '/home/rowadnet/...', 27, Array)
#1 /home/rowadnet/public_html/CI_FrameWork/system/View/View.php(246): include('/home/rowadnet/...')
#2 /home/rowadnet/public_html/CI_FrameWork/system/Common.php(1087): CodeIgniter\View\View->render('layout/footer', Array, true)
#3 /home/rowadnet/public_html/CI_FrameWork/app/Views/404.php(241): view('layout/footer')
#4 /home/rowadnet/public_html/CI_FrameWork/system/View/View.php(246): include('/home/rowadnet/...')
#5 /home/rowadnet/public_html/CI_FrameWork/system/Common.php(1087): CodeIgniter\View\View->render('404', Array, true)
#6 /home/rowadnet/public_html/CI_FrameWork/app/Helpers/lang_helper.php(8): view('404')
#7 /home/rowadnet/public_html/CI_FrameWork/app/Controllers/Error_404.php(12): lang_check()
#8 /home/rowadnet/public_html/CI_FrameWork/system/CodeIgniter.php(914): App\Controllers\Error_404->show404('background', 'ptn-1.png')
#9 /home/rowadnet/public_html/CI_FrameWork/system/CodeIgniter.php(950): CodeIgniter\CodeIgniter->runController(Object(App\Controllers\Error_404))
#10 /home/rowadnet/public_html/CI_FrameWork/system/CodeIgniter.php(324): CodeIgniter\CodeIgniter->display404errors(Object(CodeIgniter\Exceptions\PageNotFoundException))
#11 /home/rowadnet/public_html/index.php(45): CodeIgniter\CodeIgniter->run()
#12 {main}
CRITICAL - 2023-03-23 13:43:29 --> Undefined variable: lang
#0 /home/rowadnet/public_html/CI_FrameWork/app/Views/layout/footer.php(27): CodeIgniter\Debug\Exceptions->errorHandler(8, 'Undefined varia...', '/home/rowadnet/...', 27, Array)
#1 /home/rowadnet/public_html/CI_FrameWork/system/View/View.php(246): include('/home/rowadnet/...')
#2 /home/rowadnet/public_html/CI_FrameWork/system/Common.php(1087): CodeIgniter\View\View->render('layout/footer', Array, true)
#3 /home/rowadnet/public_html/CI_FrameWork/app/Views/404.php(241): view('layout/footer')
#4 /home/rowadnet/public_html/CI_FrameWork/system/View/View.php(246): include('/home/rowadnet/...')
#5 /home/rowadnet/public_html/CI_FrameWork/system/Common.php(1087): CodeIgniter\View\View->render('404', Array, true)
#6 /home/rowadnet/public_html/CI_FrameWork/app/Helpers/lang_helper.php(8): view('404')
#7 /home/rowadnet/public_html/CI_FrameWork/app/Controllers/Home.php(13): lang_check()
#8 /home/rowadnet/public_html/CI_FrameWork/system/CodeIgniter.php(886): App\Controllers\Home->__construct()
#9 /home/rowadnet/public_html/CI_FrameWork/system/CodeIgniter.php(395): CodeIgniter\CodeIgniter->createController()
#10 /home/rowadnet/public_html/CI_FrameWork/system/CodeIgniter.php(308): CodeIgniter\CodeIgniter->handleRequest(NULL, Object(Config\Cache), false)
#11 /home/rowadnet/public_html/index.php(45): CodeIgniter\CodeIgniter->run()
#12 {main}
CRITICAL - 2023-03-23 13:43:29 --> Undefined variable: lang
#0 /home/rowadnet/public_html/CI_FrameWork/app/Views/layout/footer.php(27): CodeIgniter\Debug\Exceptions->errorHandler(8, 'Undefined varia...', '/home/rowadnet/...', 27, Array)
#1 /home/rowadnet/public_html/CI_FrameWork/system/View/View.php(246): include('/home/rowadnet/...')
#2 /home/rowadnet/public_html/CI_FrameWork/system/Common.php(1087): CodeIgniter\View\View->render('layout/footer', Array, true)
#3 /home/rowadnet/public_html/CI_FrameWork/app/Views/404.php(241): view('layout/footer')
#4 /home/rowadnet/public_html/CI_FrameWork/system/View/View.php(246): include('/home/rowadnet/...')
#5 /home/rowadnet/public_html/CI_FrameWork/system/Common.php(1087): CodeIgniter\View\View->render('404', Array, true)
#6 /home/rowadnet/public_html/CI_FrameWork/app/Helpers/lang_helper.php(8): view('404')
#7 /home/rowadnet/public_html/CI_FrameWork/app/Controllers/Home.php(13): lang_check()
#8 /home/rowadnet/public_html/CI_FrameWork/system/CodeIgniter.php(886): App\Controllers\Home->__construct()
#9 /home/rowadnet/public_html/CI_FrameWork/system/CodeIgniter.php(395): CodeIgniter\CodeIgniter->createController()
#10 /home/rowadnet/public_html/CI_FrameWork/system/CodeIgniter.php(308): CodeIgniter\CodeIgniter->handleRequest(NULL, Object(Config\Cache), false)
#11 /home/rowadnet/public_html/index.php(45): CodeIgniter\CodeIgniter->run()
#12 {main}
CRITICAL - 2023-03-23 14:21:28 --> Undefined variable: lang
#0 /home/rowadnet/public_html/CI_FrameWork/app/Views/layout/footer.php(27): CodeIgniter\Debug\Exceptions->errorHandler(8, 'Undefined varia...', '/home/rowadnet/...', 27, Array)
#1 /home/rowadnet/public_html/CI_FrameWork/system/View/View.php(246): include('/home/rowadnet/...')
#2 /home/rowadnet/public_html/CI_FrameWork/system/Common.php(1087): CodeIgniter\View\View->render('layout/footer', Array, true)
#3 /home/rowadnet/public_html/CI_FrameWork/app/Views/404.php(241): view('layout/footer')
#4 /home/rowadnet/public_html/CI_FrameWork/system/View/View.php(246): include('/home/rowadnet/...')
#5 /home/rowadnet/public_html/CI_FrameWork/system/Common.php(1087): CodeIgniter\View\View->render('404', Array, true)
#6 /home/rowadnet/public_html/CI_FrameWork/app/Helpers/lang_helper.php(8): view('404')
#7 /home/rowadnet/public_html/CI_FrameWork/app/Controllers/Error_404.php(12): lang_check()
#8 /home/rowadnet/public_html/CI_FrameWork/system/CodeIgniter.php(914): App\Controllers\Error_404->show404('background', 'bg-5.png')
#9 /home/rowadnet/public_html/CI_FrameWork/system/CodeIgniter.php(950): CodeIgniter\CodeIgniter->runController(Object(App\Controllers\Error_404))
#10 /home/rowadnet/public_html/CI_FrameWork/system/CodeIgniter.php(324): CodeIgniter\CodeIgniter->display404errors(Object(CodeIgniter\Exceptions\PageNotFoundException))
#11 /home/rowadnet/public_html/index.php(45): CodeIgniter\CodeIgniter->run()
#12 {main}
CRITICAL - 2023-03-23 14:59:14 --> Undefined variable: section
#0 /home/rowadnet/public_html/CI_FrameWork/app/Views/projects/show.php(37): CodeIgniter\Debug\Exceptions->errorHandler(8, 'Undefined varia...', '/home/rowadnet/...', 37, Array)
#1 /home/rowadnet/public_html/CI_FrameWork/system/View/View.php(246): include('/home/rowadnet/...')
#2 /home/rowadnet/public_html/CI_FrameWork/system/Common.php(1087): CodeIgniter\View\View->render('projects/show', Array, true)
#3 /home/rowadnet/public_html/CI_FrameWork/app/Controllers/Projects.php(123): view('projects/show', Array)
#4 /home/rowadnet/public_html/CI_FrameWork/system/CodeIgniter.php(914): App\Controllers\Projects->show('bg-5.png', '')
#5 /home/rowadnet/public_html/CI_FrameWork/system/CodeIgniter.php(400): CodeIgniter\CodeIgniter->runController(Object(App\Controllers\Projects))
#6 /home/rowadnet/public_html/CI_FrameWork/system/CodeIgniter.php(308): CodeIgniter\CodeIgniter->handleRequest(NULL, Object(Config\Cache), false)
#7 /home/rowadnet/public_html/index.php(45): CodeIgniter\CodeIgniter->run()
#8 {main}
CRITICAL - 2023-03-23 16:45:05 --> Undefined variable: lang
#0 /home/rowadnet/public_html/CI_FrameWork/app/Views/layout/footer.php(27): CodeIgniter\Debug\Exceptions->errorHandler(8, 'Undefined varia...', '/home/rowadnet/...', 27, Array)
#1 /home/rowadnet/public_html/CI_FrameWork/system/View/View.php(246): include('/home/rowadnet/...')
#2 /home/rowadnet/public_html/CI_FrameWork/system/Common.php(1087): CodeIgniter\View\View->render('layout/footer', Array, true)
#3 /home/rowadnet/public_html/CI_FrameWork/app/Views/404.php(241): view('layout/footer')
#4 /home/rowadnet/public_html/CI_FrameWork/system/View/View.php(246): include('/home/rowadnet/...')
#5 /home/rowadnet/public_html/CI_FrameWork/system/Common.php(1087): CodeIgniter\View\View->render('404', Array, true)
#6 /home/rowadnet/public_html/CI_FrameWork/app/Helpers/lang_helper.php(8): view('404')
#7 /home/rowadnet/public_html/CI_FrameWork/app/Controllers/Home.php(13): lang_check()
#8 /home/rowadnet/public_html/CI_FrameWork/system/CodeIgniter.php(886): App\Controllers\Home->__construct()
#9 /home/rowadnet/public_html/CI_FrameWork/system/CodeIgniter.php(395): CodeIgniter\CodeIgniter->createController()
#10 /home/rowadnet/public_html/CI_FrameWork/system/CodeIgniter.php(308): CodeIgniter\CodeIgniter->handleRequest(NULL, Object(Config\Cache), false)
#11 /home/rowadnet/public_html/index.php(45): CodeIgniter\CodeIgniter->run()
#12 {main}
CRITICAL - 2023-03-23 17:02:21 --> Undefined variable: section
#0 /home/rowadnet/public_html/CI_FrameWork/app/Views/projects/show.php(37): CodeIgniter\Debug\Exceptions->errorHandler(8, 'Undefined varia...', '/home/rowadnet/...', 37, Array)
#1 /home/rowadnet/public_html/CI_FrameWork/system/View/View.php(246): include('/home/rowadnet/...')
#2 /home/rowadnet/public_html/CI_FrameWork/system/Common.php(1087): CodeIgniter\View\View->render('projects/show', Array, true)
#3 /home/rowadnet/public_html/CI_FrameWork/app/Controllers/Projects.php(123): view('projects/show', Array)
#4 /home/rowadnet/public_html/CI_FrameWork/system/CodeIgniter.php(914): App\Controllers\Projects->show('bg-5.png', '')
#5 /home/rowadnet/public_html/CI_FrameWork/system/CodeIgniter.php(400): CodeIgniter\CodeIgniter->runController(Object(App\Controllers\Projects))
#6 /home/rowadnet/public_html/CI_FrameWork/system/CodeIgniter.php(308): CodeIgniter\CodeIgniter->handleRequest(NULL, Object(Config\Cache), false)
#7 /home/rowadnet/public_html/index.php(45): CodeIgniter\CodeIgniter->run()
#8 {main}
CRITICAL - 2023-03-23 17:02:32 --> Undefined variable: section
#0 /home/rowadnet/public_html/CI_FrameWork/app/Views/projects/show.php(37): CodeIgniter\Debug\Exceptions->errorHandler(8, 'Undefined varia...', '/home/rowadnet/...', 37, Array)
#1 /home/rowadnet/public_html/CI_FrameWork/system/View/View.php(246): include('/home/rowadnet/...')
#2 /home/rowadnet/public_html/CI_FrameWork/system/Common.php(1087): CodeIgniter\View\View->render('projects/show', Array, true)
#3 /home/rowadnet/public_html/CI_FrameWork/app/Controllers/Projects.php(123): view('projects/show', Array)
#4 /home/rowadnet/public_html/CI_FrameWork/system/CodeIgniter.php(914): App\Controllers\Projects->show('bg-5.png', '')
#5 /home/rowadnet/public_html/CI_FrameWork/system/CodeIgniter.php(400): CodeIgniter\CodeIgniter->runController(Object(App\Controllers\Projects))
#6 /home/rowadnet/public_html/CI_FrameWork/system/CodeIgniter.php(308): CodeIgniter\CodeIgniter->handleRequest(NULL, Object(Config\Cache), false)
#7 /home/rowadnet/public_html/index.php(45): CodeIgniter\CodeIgniter->run()
#8 {main}
CRITICAL - 2023-03-23 17:05:21 --> Undefined variable: lang
#0 /home/rowadnet/public_html/CI_FrameWork/app/Views/layout/footer.php(27): CodeIgniter\Debug\Exceptions->errorHandler(8, 'Undefined varia...', '/home/rowadnet/...', 27, Array)
#1 /home/rowadnet/public_html/CI_FrameWork/system/View/View.php(246): include('/home/rowadnet/...')
#2 /home/rowadnet/public_html/CI_FrameWork/system/Common.php(1087): CodeIgniter\View\View->render('layout/footer', Array, true)
#3 /home/rowadnet/public_html/CI_FrameWork/app/Views/404.php(241): view('layout/footer')
#4 /home/rowadnet/public_html/CI_FrameWork/system/View/View.php(246): include('/home/rowadnet/...')
#5 /home/rowadnet/public_html/CI_FrameWork/system/Common.php(1087): CodeIgniter\View\View->render('404', Array, true)
#6 /home/rowadnet/public_html/CI_FrameWork/app/Helpers/lang_helper.php(8): view('404')
#7 /home/rowadnet/public_html/CI_FrameWork/app/Controllers/Home.php(13): lang_check()
#8 /home/rowadnet/public_html/CI_FrameWork/system/CodeIgniter.php(886): App\Controllers\Home->__construct()
#9 /home/rowadnet/public_html/CI_FrameWork/system/CodeIgniter.php(395): CodeIgniter\CodeIgniter->createController()
#10 /home/rowadnet/public_html/CI_FrameWork/system/CodeIgniter.php(308): CodeIgniter\CodeIgniter->handleRequest(NULL, Object(Config\Cache), false)
#11 /home/rowadnet/public_html/index.php(45): CodeIgniter\CodeIgniter->run()
#12 {main}
CRITICAL - 2023-03-23 17:39:04 --> Undefined variable: lang
#0 /home/rowadnet/public_html/CI_FrameWork/app/Views/layout/footer.php(27): CodeIgniter\Debug\Exceptions->errorHandler(8, 'Undefined varia...', '/home/rowadnet/...', 27, Array)
#1 /home/rowadnet/public_html/CI_FrameWork/system/View/View.php(246): include('/home/rowadnet/...')
#2 /home/rowadnet/public_html/CI_FrameWork/system/Common.php(1087): CodeIgniter\View\View->render('layout/footer', Array, true)
#3 /home/rowadnet/public_html/CI_FrameWork/app/Views/404.php(241): view('layout/footer')
#4 /home/rowadnet/public_html/CI_FrameWork/system/View/View.php(246): include('/home/rowadnet/...')
#5 /home/rowadnet/public_html/CI_FrameWork/system/Common.php(1087): CodeIgniter\View\View->render('404', Array, true)
#6 /home/rowadnet/public_html/CI_FrameWork/app/Helpers/lang_helper.php(8): view('404')
#7 /home/rowadnet/public_html/CI_FrameWork/app/Controllers/Home.php(13): lang_check()
#8 /home/rowadnet/public_html/CI_FrameWork/system/CodeIgniter.php(886): App\Controllers\Home->__construct()
#9 /home/rowadnet/public_html/CI_FrameWork/system/CodeIgniter.php(395): CodeIgniter\CodeIgniter->createController()
#10 /home/rowadnet/public_html/CI_FrameWork/system/CodeIgniter.php(308): CodeIgniter\CodeIgniter->handleRequest(NULL, Object(Config\Cache), false)
#11 /home/rowadnet/public_html/index.php(45): CodeIgniter\CodeIgniter->run()
#12 {main}
CRITICAL - 2023-03-23 17:53:05 --> Undefined variable: lang
#0 /home/rowadnet/public_html/CI_FrameWork/app/Views/layout/footer.php(27): CodeIgniter\Debug\Exceptions->errorHandler(8, 'Undefined varia...', '/home/rowadnet/...', 27, Array)
#1 /home/rowadnet/public_html/CI_FrameWork/system/View/View.php(246): include('/home/rowadnet/...')
#2 /home/rowadnet/public_html/CI_FrameWork/system/Common.php(1087): CodeIgniter\View\View->render('layout/footer', Array, true)
#3 /home/rowadnet/public_html/CI_FrameWork/app/Views/404.php(241): view('layout/footer')
#4 /home/rowadnet/public_html/CI_FrameWork/system/View/View.php(246): include('/home/rowadnet/...')
#5 /home/rowadnet/public_html/CI_FrameWork/system/Common.php(1087): CodeIgniter\View\View->render('404', Array, true)
#6 /home/rowadnet/public_html/CI_FrameWork/app/Helpers/lang_helper.php(8): view('404')
#7 /home/rowadnet/public_html/CI_FrameWork/app/Controllers/Home.php(13): lang_check()
#8 /home/rowadnet/public_html/CI_FrameWork/system/CodeIgniter.php(886): App\Controllers\Home->__construct()
#9 /home/rowadnet/public_html/CI_FrameWork/system/CodeIgniter.php(395): CodeIgniter\CodeIgniter->createController()
#10 /home/rowadnet/public_html/CI_FrameWork/system/CodeIgniter.php(308): CodeIgniter\CodeIgniter->handleRequest(NULL, Object(Config\Cache), false)
#11 /home/rowadnet/public_html/index.php(45): CodeIgniter\CodeIgniter->run()
#12 {main}
CRITICAL - 2023-03-23 17:54:06 --> Undefined variable: section
#0 /home/rowadnet/public_html/CI_FrameWork/app/Views/projects/show.php(37): CodeIgniter\Debug\Exceptions->errorHandler(8, 'Undefined varia...', '/home/rowadnet/...', 37, Array)
#1 /home/rowadnet/public_html/CI_FrameWork/system/View/View.php(246): include('/home/rowadnet/...')
#2 /home/rowadnet/public_html/CI_FrameWork/system/Common.php(1087): CodeIgniter\View\View->render('projects/show', Array, true)
#3 /home/rowadnet/public_html/CI_FrameWork/app/Controllers/Projects.php(123): view('projects/show', Array)
#4 /home/rowadnet/public_html/CI_FrameWork/system/CodeIgniter.php(914): App\Controllers\Projects->show('bg-site.webp', '')
#5 /home/rowadnet/public_html/CI_FrameWork/system/CodeIgniter.php(400): CodeIgniter\CodeIgniter->runController(Object(App\Controllers\Projects))
#6 /home/rowadnet/public_html/CI_FrameWork/system/CodeIgniter.php(308): CodeIgniter\CodeIgniter->handleRequest(NULL, Object(Config\Cache), false)
#7 /home/rowadnet/public_html/index.php(45): CodeIgniter\CodeIgniter->run()
#8 {main}
CRITICAL - 2023-03-23 17:58:36 --> Undefined variable: lang
#0 /home/rowadnet/public_html/CI_FrameWork/app/Views/layout/footer.php(27): CodeIgniter\Debug\Exceptions->errorHandler(8, 'Undefined varia...', '/home/rowadnet/...', 27, Array)
#1 /home/rowadnet/public_html/CI_FrameWork/system/View/View.php(246): include('/home/rowadnet/...')
#2 /home/rowadnet/public_html/CI_FrameWork/system/Common.php(1087): CodeIgniter\View\View->render('layout/footer', Array, true)
#3 /home/rowadnet/public_html/CI_FrameWork/app/Views/404.php(241): view('layout/footer')
#4 /home/rowadnet/public_html/CI_FrameWork/system/View/View.php(246): include('/home/rowadnet/...')
#5 /home/rowadnet/public_html/CI_FrameWork/system/Common.php(1087): CodeIgniter\View\View->render('404', Array, true)
#6 /home/rowadnet/public_html/CI_FrameWork/app/Helpers/lang_helper.php(8): view('404')
#7 /home/rowadnet/public_html/CI_FrameWork/app/Controllers/Home.php(13): lang_check()
#8 /home/rowadnet/public_html/CI_FrameWork/system/CodeIgniter.php(886): App\Controllers\Home->__construct()
#9 /home/rowadnet/public_html/CI_FrameWork/system/CodeIgniter.php(395): CodeIgniter\CodeIgniter->createController()
#10 /home/rowadnet/public_html/CI_FrameWork/system/CodeIgniter.php(308): CodeIgniter\CodeIgniter->handleRequest(NULL, Object(Config\Cache), false)
#11 /home/rowadnet/public_html/index.php(45): CodeIgniter\CodeIgniter->run()
#12 {main}
CRITICAL - 2023-03-23 18:01:23 --> Undefined variable: lang
#0 /home/rowadnet/public_html/CI_FrameWork/app/Views/layout/footer.php(27): CodeIgniter\Debug\Exceptions->errorHandler(8, 'Undefined varia...', '/home/rowadnet/...', 27, Array)
#1 /home/rowadnet/public_html/CI_FrameWork/system/View/View.php(246): include('/home/rowadnet/...')
#2 /home/rowadnet/public_html/CI_FrameWork/system/Common.php(1087): CodeIgniter\View\View->render('layout/footer', Array, true)
#3 /home/rowadnet/public_html/CI_FrameWork/app/Views/404.php(241): view('layout/footer')
#4 /home/rowadnet/public_html/CI_FrameWork/system/View/View.php(246): include('/home/rowadnet/...')
#5 /home/rowadnet/public_html/CI_FrameWork/system/Common.php(1087): CodeIgniter\View\View->render('404', Array, true)
#6 /home/rowadnet/public_html/CI_FrameWork/app/Helpers/lang_helper.php(8): view('404')
#7 /home/rowadnet/public_html/CI_FrameWork/app/Controllers/Home.php(13): lang_check()
#8 /home/rowadnet/public_html/CI_FrameWork/system/CodeIgniter.php(886): App\Controllers\Home->__construct()
#9 /home/rowadnet/public_html/CI_FrameWork/system/CodeIgniter.php(395): CodeIgniter\CodeIgniter->createController()
#10 /home/rowadnet/public_html/CI_FrameWork/system/CodeIgniter.php(308): CodeIgniter\CodeIgniter->handleRequest(NULL, Object(Config\Cache), false)
#11 /home/rowadnet/public_html/index.php(45): CodeIgniter\CodeIgniter->run()
#12 {main}
CRITICAL - 2023-03-23 18:17:58 --> Undefined variable: lang
#0 /home/rowadnet/public_html/CI_FrameWork/app/Views/layout/footer.php(27): CodeIgniter\Debug\Exceptions->errorHandler(8, 'Undefined varia...', '/home/rowadnet/...', 27, Array)
#1 /home/rowadnet/public_html/CI_FrameWork/system/View/View.php(246): include('/home/rowadnet/...')
#2 /home/rowadnet/public_html/CI_FrameWork/system/Common.php(1087): CodeIgniter\View\View->render('layout/footer', Array, true)
#3 /home/rowadnet/public_html/CI_FrameWork/app/Views/404.php(241): view('layout/footer')
#4 /home/rowadnet/public_html/CI_FrameWork/system/View/View.php(246): include('/home/rowadnet/...')
#5 /home/rowadnet/public_html/CI_FrameWork/system/Common.php(1087): CodeIgniter\View\View->render('404', Array, true)
#6 /home/rowadnet/public_html/CI_FrameWork/app/Helpers/lang_helper.php(8): view('404')
#7 /home/rowadnet/public_html/CI_FrameWork/app/Controllers/Home.php(13): lang_check()
#8 /home/rowadnet/public_html/CI_FrameWork/system/CodeIgniter.php(886): App\Controllers\Home->__construct()
#9 /home/rowadnet/public_html/CI_FrameWork/system/CodeIgniter.php(395): CodeIgniter\CodeIgniter->createController()
#10 /home/rowadnet/public_html/CI_FrameWork/system/CodeIgniter.php(308): CodeIgniter\CodeIgniter->handleRequest(NULL, Object(Config\Cache), false)
#11 /home/rowadnet/public_html/index.php(45): CodeIgniter\CodeIgniter->run()
#12 {main}
CRITICAL - 2023-03-23 18:18:48 --> Undefined variable: lang
#0 /home/rowadnet/public_html/CI_FrameWork/app/Views/layout/footer.php(27): CodeIgniter\Debug\Exceptions->errorHandler(8, 'Undefined varia...', '/home/rowadnet/...', 27, Array)
#1 /home/rowadnet/public_html/CI_FrameWork/system/View/View.php(246): include('/home/rowadnet/...')
#2 /home/rowadnet/public_html/CI_FrameWork/system/Common.php(1087): CodeIgniter\View\View->render('layout/footer', Array, true)
#3 /home/rowadnet/public_html/CI_FrameWork/app/Views/404.php(241): view('layout/footer')
#4 /home/rowadnet/public_html/CI_FrameWork/system/View/View.php(246): include('/home/rowadnet/...')
#5 /home/rowadnet/public_html/CI_FrameWork/system/Common.php(1087): CodeIgniter\View\View->render('404', Array, true)
#6 /home/rowadnet/public_html/CI_FrameWork/app/Helpers/lang_helper.php(8): view('404')
#7 /home/rowadnet/public_html/CI_FrameWork/app/Controllers/Home.php(13): lang_check()
#8 /home/rowadnet/public_html/CI_FrameWork/system/CodeIgniter.php(886): App\Controllers\Home->__construct()
#9 /home/rowadnet/public_html/CI_FrameWork/system/CodeIgniter.php(395): CodeIgniter\CodeIgniter->createController()
#10 /home/rowadnet/public_html/CI_FrameWork/system/CodeIgniter.php(308): CodeIgniter\CodeIgniter->handleRequest(NULL, Object(Config\Cache), false)
#11 /home/rowadnet/public_html/index.php(45): CodeIgniter\CodeIgniter->run()
#12 {main}
CRITICAL - 2023-03-23 19:59:08 --> Undefined variable: lang
#0 /home/rowadnet/public_html/CI_FrameWork/app/Views/layout/footer.php(27): CodeIgniter\Debug\Exceptions->errorHandler(8, 'Undefined varia...', '/home/rowadnet/...', 27, Array)
#1 /home/rowadnet/public_html/CI_FrameWork/system/View/View.php(246): include('/home/rowadnet/...')
#2 /home/rowadnet/public_html/CI_FrameWork/system/Common.php(1087): CodeIgniter\View\View->render('layout/footer', Array, true)
#3 /home/rowadnet/public_html/CI_FrameWork/app/Views/404.php(241): view('layout/footer')
#4 /home/rowadnet/public_html/CI_FrameWork/system/View/View.php(246): include('/home/rowadnet/...')
#5 /home/rowadnet/public_html/CI_FrameWork/system/Common.php(1087): CodeIgniter\View\View->render('404', Array, true)
#6 /home/rowadnet/public_html/CI_FrameWork/app/Helpers/lang_helper.php(8): view('404')
#7 /home/rowadnet/public_html/CI_FrameWork/app/Controllers/Error_404.php(12): lang_check()
#8 /home/rowadnet/public_html/CI_FrameWork/system/CodeIgniter.php(914): App\Controllers\Error_404->show404()
#9 /home/rowadnet/public_html/CI_FrameWork/system/CodeIgniter.php(950): CodeIgniter\CodeIgniter->runController(Object(App\Controllers\Error_404))
#10 /home/rowadnet/public_html/CI_FrameWork/system/CodeIgniter.php(324): CodeIgniter\CodeIgniter->display404errors(Object(CodeIgniter\Exceptions\PageNotFoundException))
#11 /home/rowadnet/public_html/index.php(45): CodeIgniter\CodeIgniter->run()
#12 {main}
CRITICAL - 2023-03-23 19:59:25 --> Undefined variable: lang
#0 /home/rowadnet/public_html/CI_FrameWork/app/Views/layout/footer.php(27): CodeIgniter\Debug\Exceptions->errorHandler(8, 'Undefined varia...', '/home/rowadnet/...', 27, Array)
#1 /home/rowadnet/public_html/CI_FrameWork/system/View/View.php(246): include('/home/rowadnet/...')
#2 /home/rowadnet/public_html/CI_FrameWork/system/Common.php(1087): CodeIgniter\View\View->render('layout/footer', Array, true)
#3 /home/rowadnet/public_html/CI_FrameWork/app/Views/404.php(241): view('layout/footer')
#4 /home/rowadnet/public_html/CI_FrameWork/system/View/View.php(246): include('/home/rowadnet/...')
#5 /home/rowadnet/public_html/CI_FrameWork/system/Common.php(1087): CodeIgniter\View\View->render('404', Array, true)
#6 /home/rowadnet/public_html/CI_FrameWork/app/Helpers/lang_helper.php(8): view('404')
#7 /home/rowadnet/public_html/CI_FrameWork/app/Controllers/Error_404.php(12): lang_check()
#8 /home/rowadnet/public_html/CI_FrameWork/system/CodeIgniter.php(914): App\Controllers\Error_404->show404()
#9 /home/rowadnet/public_html/CI_FrameWork/system/CodeIgniter.php(950): CodeIgniter\CodeIgniter->runController(Object(App\Controllers\Error_404))
#10 /home/rowadnet/public_html/CI_FrameWork/system/CodeIgniter.php(324): CodeIgniter\CodeIgniter->display404errors(Object(CodeIgniter\Exceptions\PageNotFoundException))
#11 /home/rowadnet/public_html/index.php(45): CodeIgniter\CodeIgniter->run()
#12 {main}
CRITICAL - 2023-03-23 20:00:03 --> Undefined variable: lang
#0 /home/rowadnet/public_html/CI_FrameWork/app/Views/layout/footer.php(27): CodeIgniter\Debug\Exceptions->errorHandler(8, 'Undefined varia...', '/home/rowadnet/...', 27, Array)
#1 /home/rowadnet/public_html/CI_FrameWork/system/View/View.php(246): include('/home/rowadnet/...')
#2 /home/rowadnet/public_html/CI_FrameWork/system/Common.php(1087): CodeIgniter\View\View->render('layout/footer', Array, true)
#3 /home/rowadnet/public_html/CI_FrameWork/app/Views/404.php(241): view('layout/footer')
#4 /home/rowadnet/public_html/CI_FrameWork/system/View/View.php(246): include('/home/rowadnet/...')
#5 /home/rowadnet/public_html/CI_FrameWork/system/Common.php(1087): CodeIgniter\View\View->render('404', Array, true)
#6 /home/rowadnet/public_html/CI_FrameWork/app/Helpers/lang_helper.php(8): view('404')
#7 /home/rowadnet/public_html/CI_FrameWork/app/Controllers/Error_404.php(12): lang_check()
#8 /home/rowadnet/public_html/CI_FrameWork/system/CodeIgniter.php(914): App\Controllers\Error_404->show404()
#9 /home/rowadnet/public_html/CI_FrameWork/system/CodeIgniter.php(950): CodeIgniter\CodeIgniter->runController(Object(App\Controllers\Error_404))
#10 /home/rowadnet/public_html/CI_FrameWork/system/CodeIgniter.php(324): CodeIgniter\CodeIgniter->display404errors(Object(CodeIgniter\Exceptions\PageNotFoundException))
#11 /home/rowadnet/public_html/index.php(45): CodeIgniter\CodeIgniter->run()
#12 {main}
CRITICAL - 2023-03-23 20:00:09 --> Undefined variable: item
#0 /home/rowadnet/public_html/CI_FrameWork/app/Views/careers/show.php(58): CodeIgniter\Debug\Exceptions->errorHandler(8, 'Undefined varia...', '/home/rowadnet/...', 58, Array)
#1 /home/rowadnet/public_html/CI_FrameWork/system/View/View.php(246): include('/home/rowadnet/...')
#2 /home/rowadnet/public_html/CI_FrameWork/system/Common.php(1087): CodeIgniter\View\View->render('careers/show', Array, true)
#3 /home/rowadnet/public_html/CI_FrameWork/app/Controllers/Careers.php(83): view('careers/show', Array)
#4 /home/rowadnet/public_html/CI_FrameWork/system/CodeIgniter.php(914): App\Controllers\Careers->show('images', 'background', 'bg-5.png', '')
#5 /home/rowadnet/public_html/CI_FrameWork/system/CodeIgniter.php(400): CodeIgniter\CodeIgniter->runController(Object(App\Controllers\Careers))
#6 /home/rowadnet/public_html/CI_FrameWork/system/CodeIgniter.php(308): CodeIgniter\CodeIgniter->handleRequest(NULL, Object(Config\Cache), false)
#7 /home/rowadnet/public_html/index.php(45): CodeIgniter\CodeIgniter->run()
#8 {main}
CRITICAL - 2023-03-23 20:00:29 --> Undefined variable: lang
#0 /home/rowadnet/public_html/CI_FrameWork/app/Views/layout/footer.php(27): CodeIgniter\Debug\Exceptions->errorHandler(8, 'Undefined varia...', '/home/rowadnet/...', 27, Array)
#1 /home/rowadnet/public_html/CI_FrameWork/system/View/View.php(246): include('/home/rowadnet/...')
#2 /home/rowadnet/public_html/CI_FrameWork/system/Common.php(1087): CodeIgniter\View\View->render('layout/footer', Array, true)
#3 /home/rowadnet/public_html/CI_FrameWork/app/Views/404.php(241): view('layout/footer')
#4 /home/rowadnet/public_html/CI_FrameWork/system/View/View.php(246): include('/home/rowadnet/...')
#5 /home/rowadnet/public_html/CI_FrameWork/system/Common.php(1087): CodeIgniter\View\View->render('404', Array, true)
#6 /home/rowadnet/public_html/CI_FrameWork/app/Helpers/lang_helper.php(8): view('404')
#7 /home/rowadnet/public_html/CI_FrameWork/app/Controllers/Error_404.php(12): lang_check()
#8 /home/rowadnet/public_html/CI_FrameWork/system/CodeIgniter.php(914): App\Controllers\Error_404->show404()
#9 /home/rowadnet/public_html/CI_FrameWork/system/CodeIgniter.php(950): CodeIgniter\CodeIgniter->runController(Object(App\Controllers\Error_404))
#10 /home/rowadnet/public_html/CI_FrameWork/system/CodeIgniter.php(324): CodeIgniter\CodeIgniter->display404errors(Object(CodeIgniter\Exceptions\PageNotFoundException))
#11 /home/rowadnet/public_html/index.php(45): CodeIgniter\CodeIgniter->run()
#12 {main}
CRITICAL - 2023-03-23 21:30:54 --> Undefined variable: lang
#0 /home/rowadnet/public_html/CI_FrameWork/app/Views/layout/footer.php(27): CodeIgniter\Debug\Exceptions->errorHandler(8, 'Undefined varia...', '/home/rowadnet/...', 27, Array)
#1 /home/rowadnet/public_html/CI_FrameWork/system/View/View.php(246): include('/home/rowadnet/...')
#2 /home/rowadnet/public_html/CI_FrameWork/system/Common.php(1087): CodeIgniter\View\View->render('layout/footer', Array, true)
#3 /home/rowadnet/public_html/CI_FrameWork/app/Views/404.php(241): view('layout/footer')
#4 /home/rowadnet/public_html/CI_FrameWork/system/View/View.php(246): include('/home/rowadnet/...')
#5 /home/rowadnet/public_html/CI_FrameWork/system/Common.php(1087): CodeIgniter\View\View->render('404', Array, true)
#6 /home/rowadnet/public_html/CI_FrameWork/app/Helpers/lang_helper.php(8): view('404')
#7 /home/rowadnet/public_html/CI_FrameWork/app/Controllers/Home.php(13): lang_check()
#8 /home/rowadnet/public_html/CI_FrameWork/system/CodeIgniter.php(886): App\Controllers\Home->__construct()
#9 /home/rowadnet/public_html/CI_FrameWork/system/CodeIgniter.php(395): CodeIgniter\CodeIgniter->createController()
#10 /home/rowadnet/public_html/CI_FrameWork/system/CodeIgniter.php(308): CodeIgniter\CodeIgniter->handleRequest(NULL, Object(Config\Cache), false)
#11 /home/rowadnet/public_html/index.php(45): CodeIgniter\CodeIgniter->run()
#12 {main}
CRITICAL - 2023-03-23 21:46:26 --> Undefined variable: section
#0 /home/rowadnet/public_html/CI_FrameWork/app/Views/projects/show.php(37): CodeIgniter\Debug\Exceptions->errorHandler(8, 'Undefined varia...', '/home/rowadnet/...', 37, Array)
#1 /home/rowadnet/public_html/CI_FrameWork/system/View/View.php(246): include('/home/rowadnet/...')
#2 /home/rowadnet/public_html/CI_FrameWork/system/Common.php(1087): CodeIgniter\View\View->render('projects/show', Array, true)
#3 /home/rowadnet/public_html/CI_FrameWork/app/Controllers/Projects.php(123): view('projects/show', Array)
#4 /home/rowadnet/public_html/CI_FrameWork/system/CodeIgniter.php(914): App\Controllers\Projects->show('bg-5.png', '')
#5 /home/rowadnet/public_html/CI_FrameWork/system/CodeIgniter.php(400): CodeIgniter\CodeIgniter->runController(Object(App\Controllers\Projects))
#6 /home/rowadnet/public_html/CI_FrameWork/system/CodeIgniter.php(308): CodeIgniter\CodeIgniter->handleRequest(NULL, Object(Config\Cache), false)
#7 /home/rowadnet/public_html/index.php(45): CodeIgniter\CodeIgniter->run()
#8 {main}
