CRITICAL - 2022-10-07 00:08:44 --> Undefined variable: lang
#0 /home2/realias6/CI_FrameWork/app/Views/layout/footer.php(27): CodeIgniter\Debug\Exceptions->errorHandler(8, 'Undefined varia...', '/home2/realias6...', 27, Array)
#1 /home2/realias6/CI_FrameWork/system/View/View.php(246): include('/home2/realias6...')
#2 /home2/realias6/CI_FrameWork/system/Common.php(1087): CodeIgniter\View\View->render('layout/footer', Array, true)
#3 /home2/realias6/CI_FrameWork/app/Views/404.php(241): view('layout/footer')
#4 /home2/realias6/CI_FrameWork/system/View/View.php(246): include('/home2/realias6...')
#5 /home2/realias6/CI_FrameWork/system/Common.php(1087): CodeIgniter\View\View->render('404', Array, true)
#6 /home2/realias6/CI_FrameWork/app/Helpers/lang_helper.php(8): view('404')
#7 /home2/realias6/CI_FrameWork/app/Controllers/Home.php(13): lang_check()
#8 /home2/realias6/CI_FrameWork/system/CodeIgniter.php(886): App\Controllers\Home->__construct()
#9 /home2/realias6/CI_FrameWork/system/CodeIgniter.php(395): CodeIgniter\CodeIgniter->createController()
#10 /home2/realias6/CI_FrameWork/system/CodeIgniter.php(308): CodeIgniter\CodeIgniter->handleRequest(NULL, Object(Config\Cache), false)
#11 /home2/realias6/elrowad-eg.com/index.php(45): CodeIgniter\CodeIgniter->run()
#12 {main}
CRITICAL - 2022-10-07 00:53:48 --> Undefined variable: lang
#0 /home2/realias6/CI_FrameWork/app/Views/layout/footer.php(27): CodeIgniter\Debug\Exceptions->errorHandler(8, 'Undefined varia...', '/home2/realias6...', 27, Array)
#1 /home2/realias6/CI_FrameWork/system/View/View.php(246): include('/home2/realias6...')
#2 /home2/realias6/CI_FrameWork/system/Common.php(1087): CodeIgniter\View\View->render('layout/footer', Array, true)
#3 /home2/realias6/CI_FrameWork/app/Views/404.php(241): view('layout/footer')
#4 /home2/realias6/CI_FrameWork/system/View/View.php(246): include('/home2/realias6...')
#5 /home2/realias6/CI_FrameWork/system/Common.php(1087): CodeIgniter\View\View->render('404', Array, true)
#6 /home2/realias6/CI_FrameWork/app/Helpers/lang_helper.php(8): view('404')
#7 /home2/realias6/CI_FrameWork/app/Controllers/Error_404.php(12): lang_check()
#8 /home2/realias6/CI_FrameWork/system/CodeIgniter.php(914): App\Controllers\Error_404->show404('ID3', 'license.txt')
#9 /home2/realias6/CI_FrameWork/system/CodeIgniter.php(950): CodeIgniter\CodeIgniter->runController(Object(App\Controllers\Error_404))
#10 /home2/realias6/CI_FrameWork/system/CodeIgniter.php(324): CodeIgniter\CodeIgniter->display404errors(Object(CodeIgniter\Exceptions\PageNotFoundException))
#11 /home2/realias6/elrowad-eg.com/index.php(45): CodeIgniter\CodeIgniter->run()
#12 {main}
CRITICAL - 2022-10-07 00:53:48 --> Undefined variable: lang
#0 /home2/realias6/CI_FrameWork/app/Views/layout/footer.php(27): CodeIgniter\Debug\Exceptions->errorHandler(8, 'Undefined varia...', '/home2/realias6...', 27, Array)
#1 /home2/realias6/CI_FrameWork/system/View/View.php(246): include('/home2/realias6...')
#2 /home2/realias6/CI_FrameWork/system/Common.php(1087): CodeIgniter\View\View->render('layout/footer', Array, true)
#3 /home2/realias6/CI_FrameWork/app/Views/404.php(241): view('layout/footer')
#4 /home2/realias6/CI_FrameWork/system/View/View.php(246): include('/home2/realias6...')
#5 /home2/realias6/CI_FrameWork/system/Common.php(1087): CodeIgniter\View\View->render('404', Array, true)
#6 /home2/realias6/CI_FrameWork/app/Helpers/lang_helper.php(8): view('404')
#7 /home2/realias6/CI_FrameWork/app/Controllers/Error_404.php(12): lang_check()
#8 /home2/realias6/CI_FrameWork/system/CodeIgniter.php(914): App\Controllers\Error_404->show404()
#9 /home2/realias6/CI_FrameWork/system/CodeIgniter.php(950): CodeIgniter\CodeIgniter->runController(Object(App\Controllers\Error_404))
#10 /home2/realias6/CI_FrameWork/system/CodeIgniter.php(324): CodeIgniter\CodeIgniter->display404errors(Object(CodeIgniter\Exceptions\PageNotFoundException))
#11 /home2/realias6/elrowad-eg.com/index.php(45): CodeIgniter\CodeIgniter->run()
#12 {main}
CRITICAL - 2022-10-07 00:56:51 --> Undefined variable: lang
#0 /home2/realias6/CI_FrameWork/app/Views/layout/footer.php(27): CodeIgniter\Debug\Exceptions->errorHandler(8, 'Undefined varia...', '/home2/realias6...', 27, Array)
#1 /home2/realias6/CI_FrameWork/system/View/View.php(246): include('/home2/realias6...')
#2 /home2/realias6/CI_FrameWork/system/Common.php(1087): CodeIgniter\View\View->render('layout/footer', Array, true)
#3 /home2/realias6/CI_FrameWork/app/Views/404.php(241): view('layout/footer')
#4 /home2/realias6/CI_FrameWork/system/View/View.php(246): include('/home2/realias6...')
#5 /home2/realias6/CI_FrameWork/system/Common.php(1087): CodeIgniter\View\View->render('404', Array, true)
#6 /home2/realias6/CI_FrameWork/app/Helpers/lang_helper.php(8): view('404')
#7 /home2/realias6/CI_FrameWork/app/Controllers/Home.php(13): lang_check()
#8 /home2/realias6/CI_FrameWork/system/CodeIgniter.php(886): App\Controllers\Home->__construct()
#9 /home2/realias6/CI_FrameWork/system/CodeIgniter.php(395): CodeIgniter\CodeIgniter->createController()
#10 /home2/realias6/CI_FrameWork/system/CodeIgniter.php(308): CodeIgniter\CodeIgniter->handleRequest(NULL, Object(Config\Cache), false)
#11 /home2/realias6/elrowad-eg.com/index.php(45): CodeIgniter\CodeIgniter->run()
#12 {main}
CRITICAL - 2022-10-07 01:03:55 --> Undefined variable: lang
#0 /home2/realias6/CI_FrameWork/app/Views/layout/footer.php(27): CodeIgniter\Debug\Exceptions->errorHandler(8, 'Undefined varia...', '/home2/realias6...', 27, Array)
#1 /home2/realias6/CI_FrameWork/system/View/View.php(246): include('/home2/realias6...')
#2 /home2/realias6/CI_FrameWork/system/Common.php(1087): CodeIgniter\View\View->render('layout/footer', Array, true)
#3 /home2/realias6/CI_FrameWork/app/Views/404.php(241): view('layout/footer')
#4 /home2/realias6/CI_FrameWork/system/View/View.php(246): include('/home2/realias6...')
#5 /home2/realias6/CI_FrameWork/system/Common.php(1087): CodeIgniter\View\View->render('404', Array, true)
#6 /home2/realias6/CI_FrameWork/app/Helpers/lang_helper.php(8): view('404')
#7 /home2/realias6/CI_FrameWork/app/Controllers/Home.php(13): lang_check()
#8 /home2/realias6/CI_FrameWork/system/CodeIgniter.php(886): App\Controllers\Home->__construct()
#9 /home2/realias6/CI_FrameWork/system/CodeIgniter.php(395): CodeIgniter\CodeIgniter->createController()
#10 /home2/realias6/CI_FrameWork/system/CodeIgniter.php(308): CodeIgniter\CodeIgniter->handleRequest(NULL, Object(Config\Cache), false)
#11 /home2/realias6/elrowad-eg.com/index.php(45): CodeIgniter\CodeIgniter->run()
#12 {main}
CRITICAL - 2022-10-07 04:32:47 --> Undefined variable: lang
#0 /home2/realias6/CI_FrameWork/app/Views/layout/footer.php(27): CodeIgniter\Debug\Exceptions->errorHandler(8, 'Undefined varia...', '/home2/realias6...', 27, Array)
#1 /home2/realias6/CI_FrameWork/system/View/View.php(246): include('/home2/realias6...')
#2 /home2/realias6/CI_FrameWork/system/Common.php(1087): CodeIgniter\View\View->render('layout/footer', Array, true)
#3 /home2/realias6/CI_FrameWork/app/Views/404.php(241): view('layout/footer')
#4 /home2/realias6/CI_FrameWork/system/View/View.php(246): include('/home2/realias6...')
#5 /home2/realias6/CI_FrameWork/system/Common.php(1087): CodeIgniter\View\View->render('404', Array, true)
#6 /home2/realias6/CI_FrameWork/app/Helpers/lang_helper.php(8): view('404')
#7 /home2/realias6/CI_FrameWork/app/Controllers/Home.php(13): lang_check()
#8 /home2/realias6/CI_FrameWork/system/CodeIgniter.php(886): App\Controllers\Home->__construct()
#9 /home2/realias6/CI_FrameWork/system/CodeIgniter.php(395): CodeIgniter\CodeIgniter->createController()
#10 /home2/realias6/CI_FrameWork/system/CodeIgniter.php(308): CodeIgniter\CodeIgniter->handleRequest(NULL, Object(Config\Cache), false)
#11 /home2/realias6/elrowad-eg.com/index.php(45): CodeIgniter\CodeIgniter->run()
#12 {main}
CRITICAL - 2022-10-07 05:17:08 --> Undefined variable: lang
#0 /home2/realias6/CI_FrameWork/app/Views/layout/footer.php(27): CodeIgniter\Debug\Exceptions->errorHandler(8, 'Undefined varia...', '/home2/realias6...', 27, Array)
#1 /home2/realias6/CI_FrameWork/system/View/View.php(246): include('/home2/realias6...')
#2 /home2/realias6/CI_FrameWork/system/Common.php(1087): CodeIgniter\View\View->render('layout/footer', Array, true)
#3 /home2/realias6/CI_FrameWork/app/Views/404.php(241): view('layout/footer')
#4 /home2/realias6/CI_FrameWork/system/View/View.php(246): include('/home2/realias6...')
#5 /home2/realias6/CI_FrameWork/system/Common.php(1087): CodeIgniter\View\View->render('404', Array, true)
#6 /home2/realias6/CI_FrameWork/app/Helpers/lang_helper.php(8): view('404')
#7 /home2/realias6/CI_FrameWork/app/Controllers/Error_404.php(12): lang_check()
#8 /home2/realias6/CI_FrameWork/system/CodeIgniter.php(914): App\Controllers\Error_404->show404()
#9 /home2/realias6/CI_FrameWork/system/CodeIgniter.php(950): CodeIgniter\CodeIgniter->runController(Object(App\Controllers\Error_404))
#10 /home2/realias6/CI_FrameWork/system/CodeIgniter.php(324): CodeIgniter\CodeIgniter->display404errors(Object(CodeIgniter\Exceptions\PageNotFoundException))
#11 /home2/realias6/elrowad-eg.com/index.php(45): CodeIgniter\CodeIgniter->run()
#12 {main}
CRITICAL - 2022-10-07 05:37:26 --> Undefined variable: lang
#0 /home2/realias6/CI_FrameWork/app/Views/layout/footer.php(27): CodeIgniter\Debug\Exceptions->errorHandler(8, 'Undefined varia...', '/home2/realias6...', 27, Array)
#1 /home2/realias6/CI_FrameWork/system/View/View.php(246): include('/home2/realias6...')
#2 /home2/realias6/CI_FrameWork/system/Common.php(1087): CodeIgniter\View\View->render('layout/footer', Array, true)
#3 /home2/realias6/CI_FrameWork/app/Views/404.php(241): view('layout/footer')
#4 /home2/realias6/CI_FrameWork/system/View/View.php(246): include('/home2/realias6...')
#5 /home2/realias6/CI_FrameWork/system/Common.php(1087): CodeIgniter\View\View->render('404', Array, true)
#6 /home2/realias6/CI_FrameWork/app/Helpers/lang_helper.php(8): view('404')
#7 /home2/realias6/CI_FrameWork/app/Controllers/Home.php(13): lang_check()
#8 /home2/realias6/CI_FrameWork/system/CodeIgniter.php(886): App\Controllers\Home->__construct()
#9 /home2/realias6/CI_FrameWork/system/CodeIgniter.php(395): CodeIgniter\CodeIgniter->createController()
#10 /home2/realias6/CI_FrameWork/system/CodeIgniter.php(308): CodeIgniter\CodeIgniter->handleRequest(NULL, Object(Config\Cache), false)
#11 /home2/realias6/elrowad-eg.com/index.php(45): CodeIgniter\CodeIgniter->run()
#12 {main}
CRITICAL - 2022-10-07 06:02:53 --> Undefined variable: lang
#0 /home2/realias6/CI_FrameWork/app/Views/layout/footer.php(27): CodeIgniter\Debug\Exceptions->errorHandler(8, 'Undefined varia...', '/home2/realias6...', 27, Array)
#1 /home2/realias6/CI_FrameWork/system/View/View.php(246): include('/home2/realias6...')
#2 /home2/realias6/CI_FrameWork/system/Common.php(1087): CodeIgniter\View\View->render('layout/footer', Array, true)
#3 /home2/realias6/CI_FrameWork/app/Views/404.php(241): view('layout/footer')
#4 /home2/realias6/CI_FrameWork/system/View/View.php(246): include('/home2/realias6...')
#5 /home2/realias6/CI_FrameWork/system/Common.php(1087): CodeIgniter\View\View->render('404', Array, true)
#6 /home2/realias6/CI_FrameWork/app/Helpers/lang_helper.php(8): view('404')
#7 /home2/realias6/CI_FrameWork/app/Controllers/Home.php(13): lang_check()
#8 /home2/realias6/CI_FrameWork/system/CodeIgniter.php(886): App\Controllers\Home->__construct()
#9 /home2/realias6/CI_FrameWork/system/CodeIgniter.php(395): CodeIgniter\CodeIgniter->createController()
#10 /home2/realias6/CI_FrameWork/system/CodeIgniter.php(308): CodeIgniter\CodeIgniter->handleRequest(NULL, Object(Config\Cache), false)
#11 /home2/realias6/elrowad-eg.com/index.php(45): CodeIgniter\CodeIgniter->run()
#12 {main}
CRITICAL - 2022-10-07 06:23:11 --> Undefined variable: lang
#0 /home2/realias6/CI_FrameWork/app/Views/layout/footer.php(27): CodeIgniter\Debug\Exceptions->errorHandler(8, 'Undefined varia...', '/home2/realias6...', 27, Array)
#1 /home2/realias6/CI_FrameWork/system/View/View.php(246): include('/home2/realias6...')
#2 /home2/realias6/CI_FrameWork/system/Common.php(1087): CodeIgniter\View\View->render('layout/footer', Array, true)
#3 /home2/realias6/CI_FrameWork/app/Views/404.php(241): view('layout/footer')
#4 /home2/realias6/CI_FrameWork/system/View/View.php(246): include('/home2/realias6...')
#5 /home2/realias6/CI_FrameWork/system/Common.php(1087): CodeIgniter\View\View->render('404', Array, true)
#6 /home2/realias6/CI_FrameWork/app/Helpers/lang_helper.php(8): view('404')
#7 /home2/realias6/CI_FrameWork/app/Controllers/Error_404.php(12): lang_check()
#8 /home2/realias6/CI_FrameWork/system/CodeIgniter.php(914): App\Controllers\Error_404->show404()
#9 /home2/realias6/CI_FrameWork/system/CodeIgniter.php(950): CodeIgniter\CodeIgniter->runController(Object(App\Controllers\Error_404))
#10 /home2/realias6/CI_FrameWork/system/CodeIgniter.php(324): CodeIgniter\CodeIgniter->display404errors(Object(CodeIgniter\Exceptions\PageNotFoundException))
#11 /home2/realias6/elrowad-eg.com/index.php(45): CodeIgniter\CodeIgniter->run()
#12 {main}
CRITICAL - 2022-10-07 06:23:12 --> Undefined variable: lang
#0 /home2/realias6/CI_FrameWork/app/Views/layout/footer.php(27): CodeIgniter\Debug\Exceptions->errorHandler(8, 'Undefined varia...', '/home2/realias6...', 27, Array)
#1 /home2/realias6/CI_FrameWork/system/View/View.php(246): include('/home2/realias6...')
#2 /home2/realias6/CI_FrameWork/system/Common.php(1087): CodeIgniter\View\View->render('layout/footer', Array, true)
#3 /home2/realias6/CI_FrameWork/app/Views/404.php(241): view('layout/footer')
#4 /home2/realias6/CI_FrameWork/system/View/View.php(246): include('/home2/realias6...')
#5 /home2/realias6/CI_FrameWork/system/Common.php(1087): CodeIgniter\View\View->render('404', Array, true)
#6 /home2/realias6/CI_FrameWork/app/Helpers/lang_helper.php(8): view('404')
#7 /home2/realias6/CI_FrameWork/app/Controllers/Home.php(13): lang_check()
#8 /home2/realias6/CI_FrameWork/system/CodeIgniter.php(886): App\Controllers\Home->__construct()
#9 /home2/realias6/CI_FrameWork/system/CodeIgniter.php(395): CodeIgniter\CodeIgniter->createController()
#10 /home2/realias6/CI_FrameWork/system/CodeIgniter.php(308): CodeIgniter\CodeIgniter->handleRequest(NULL, Object(Config\Cache), false)
#11 /home2/realias6/elrowad-eg.com/index.php(45): CodeIgniter\CodeIgniter->run()
#12 {main}
CRITICAL - 2022-10-07 06:23:13 --> Undefined variable: lang
#0 /home2/realias6/CI_FrameWork/app/Views/layout/footer.php(27): CodeIgniter\Debug\Exceptions->errorHandler(8, 'Undefined varia...', '/home2/realias6...', 27, Array)
#1 /home2/realias6/CI_FrameWork/system/View/View.php(246): include('/home2/realias6...')
#2 /home2/realias6/CI_FrameWork/system/Common.php(1087): CodeIgniter\View\View->render('layout/footer', Array, true)
#3 /home2/realias6/CI_FrameWork/app/Views/404.php(241): view('layout/footer')
#4 /home2/realias6/CI_FrameWork/system/View/View.php(246): include('/home2/realias6...')
#5 /home2/realias6/CI_FrameWork/system/Common.php(1087): CodeIgniter\View\View->render('404', Array, true)
#6 /home2/realias6/CI_FrameWork/app/Helpers/lang_helper.php(8): view('404')
#7 /home2/realias6/CI_FrameWork/app/Controllers/Home.php(13): lang_check()
#8 /home2/realias6/CI_FrameWork/system/CodeIgniter.php(886): App\Controllers\Home->__construct()
#9 /home2/realias6/CI_FrameWork/system/CodeIgniter.php(395): CodeIgniter\CodeIgniter->createController()
#10 /home2/realias6/CI_FrameWork/system/CodeIgniter.php(308): CodeIgniter\CodeIgniter->handleRequest(NULL, Object(Config\Cache), false)
#11 /home2/realias6/elrowad-eg.com/index.php(45): CodeIgniter\CodeIgniter->run()
#12 {main}
CRITICAL - 2022-10-07 06:23:13 --> Undefined variable: lang
#0 /home2/realias6/CI_FrameWork/app/Views/layout/footer.php(27): CodeIgniter\Debug\Exceptions->errorHandler(8, 'Undefined varia...', '/home2/realias6...', 27, Array)
#1 /home2/realias6/CI_FrameWork/system/View/View.php(246): include('/home2/realias6...')
#2 /home2/realias6/CI_FrameWork/system/Common.php(1087): CodeIgniter\View\View->render('layout/footer', Array, true)
#3 /home2/realias6/CI_FrameWork/app/Views/404.php(241): view('layout/footer')
#4 /home2/realias6/CI_FrameWork/system/View/View.php(246): include('/home2/realias6...')
#5 /home2/realias6/CI_FrameWork/system/Common.php(1087): CodeIgniter\View\View->render('404', Array, true)
#6 /home2/realias6/CI_FrameWork/app/Helpers/lang_helper.php(8): view('404')
#7 /home2/realias6/CI_FrameWork/app/Controllers/Home.php(13): lang_check()
#8 /home2/realias6/CI_FrameWork/system/CodeIgniter.php(886): App\Controllers\Home->__construct()
#9 /home2/realias6/CI_FrameWork/system/CodeIgniter.php(395): CodeIgniter\CodeIgniter->createController()
#10 /home2/realias6/CI_FrameWork/system/CodeIgniter.php(308): CodeIgniter\CodeIgniter->handleRequest(NULL, Object(Config\Cache), false)
#11 /home2/realias6/elrowad-eg.com/index.php(45): CodeIgniter\CodeIgniter->run()
#12 {main}
CRITICAL - 2022-10-07 06:23:28 --> Undefined variable: lang
#0 /home2/realias6/CI_FrameWork/app/Views/layout/footer.php(27): CodeIgniter\Debug\Exceptions->errorHandler(8, 'Undefined varia...', '/home2/realias6...', 27, Array)
#1 /home2/realias6/CI_FrameWork/system/View/View.php(246): include('/home2/realias6...')
#2 /home2/realias6/CI_FrameWork/system/Common.php(1087): CodeIgniter\View\View->render('layout/footer', Array, true)
#3 /home2/realias6/CI_FrameWork/app/Views/404.php(241): view('layout/footer')
#4 /home2/realias6/CI_FrameWork/system/View/View.php(246): include('/home2/realias6...')
#5 /home2/realias6/CI_FrameWork/system/Common.php(1087): CodeIgniter\View\View->render('404', Array, true)
#6 /home2/realias6/CI_FrameWork/app/Helpers/lang_helper.php(8): view('404')
#7 /home2/realias6/CI_FrameWork/app/Controllers/Home.php(13): lang_check()
#8 /home2/realias6/CI_FrameWork/system/CodeIgniter.php(886): App\Controllers\Home->__construct()
#9 /home2/realias6/CI_FrameWork/system/CodeIgniter.php(395): CodeIgniter\CodeIgniter->createController()
#10 /home2/realias6/CI_FrameWork/system/CodeIgniter.php(308): CodeIgniter\CodeIgniter->handleRequest(NULL, Object(Config\Cache), false)
#11 /home2/realias6/elrowad-eg.com/index.php(45): CodeIgniter\CodeIgniter->run()
#12 {main}
CRITICAL - 2022-10-07 06:23:30 --> Undefined variable: lang
#0 /home2/realias6/CI_FrameWork/app/Views/layout/footer.php(27): CodeIgniter\Debug\Exceptions->errorHandler(8, 'Undefined varia...', '/home2/realias6...', 27, Array)
#1 /home2/realias6/CI_FrameWork/system/View/View.php(246): include('/home2/realias6...')
#2 /home2/realias6/CI_FrameWork/system/Common.php(1087): CodeIgniter\View\View->render('layout/footer', Array, true)
#3 /home2/realias6/CI_FrameWork/app/Views/404.php(241): view('layout/footer')
#4 /home2/realias6/CI_FrameWork/system/View/View.php(246): include('/home2/realias6...')
#5 /home2/realias6/CI_FrameWork/system/Common.php(1087): CodeIgniter\View\View->render('404', Array, true)
#6 /home2/realias6/CI_FrameWork/app/Helpers/lang_helper.php(8): view('404')
#7 /home2/realias6/CI_FrameWork/app/Controllers/Error_404.php(12): lang_check()
#8 /home2/realias6/CI_FrameWork/system/CodeIgniter.php(914): App\Controllers\Error_404->show404('sms_settings.ph...')
#9 /home2/realias6/CI_FrameWork/system/CodeIgniter.php(950): CodeIgniter\CodeIgniter->runController(Object(App\Controllers\Error_404))
#10 /home2/realias6/CI_FrameWork/system/CodeIgniter.php(324): CodeIgniter\CodeIgniter->display404errors(Object(CodeIgniter\Exceptions\PageNotFoundException))
#11 /home2/realias6/elrowad-eg.com/index.php(45): CodeIgniter\CodeIgniter->run()
#12 {main}
CRITICAL - 2022-10-07 06:23:31 --> Undefined variable: lang
#0 /home2/realias6/CI_FrameWork/app/Views/layout/footer.php(27): CodeIgniter\Debug\Exceptions->errorHandler(8, 'Undefined varia...', '/home2/realias6...', 27, Array)
#1 /home2/realias6/CI_FrameWork/system/View/View.php(246): include('/home2/realias6...')
#2 /home2/realias6/CI_FrameWork/system/Common.php(1087): CodeIgniter\View\View->render('layout/footer', Array, true)
#3 /home2/realias6/CI_FrameWork/app/Views/404.php(241): view('layout/footer')
#4 /home2/realias6/CI_FrameWork/system/View/View.php(246): include('/home2/realias6...')
#5 /home2/realias6/CI_FrameWork/system/Common.php(1087): CodeIgniter\View\View->render('404', Array, true)
#6 /home2/realias6/CI_FrameWork/app/Helpers/lang_helper.php(8): view('404')
#7 /home2/realias6/CI_FrameWork/app/Controllers/Error_404.php(12): lang_check()
#8 /home2/realias6/CI_FrameWork/system/CodeIgniter.php(914): App\Controllers\Error_404->show404('s3.php')
#9 /home2/realias6/CI_FrameWork/system/CodeIgniter.php(950): CodeIgniter\CodeIgniter->runController(Object(App\Controllers\Error_404))
#10 /home2/realias6/CI_FrameWork/system/CodeIgniter.php(324): CodeIgniter\CodeIgniter->display404errors(Object(CodeIgniter\Exceptions\PageNotFoundException))
#11 /home2/realias6/elrowad-eg.com/index.php(45): CodeIgniter\CodeIgniter->run()
#12 {main}
CRITICAL - 2022-10-07 06:23:35 --> Undefined variable: lang
#0 /home2/realias6/CI_FrameWork/app/Views/layout/footer.php(27): CodeIgniter\Debug\Exceptions->errorHandler(8, 'Undefined varia...', '/home2/realias6...', 27, Array)
#1 /home2/realias6/CI_FrameWork/system/View/View.php(246): include('/home2/realias6...')
#2 /home2/realias6/CI_FrameWork/system/Common.php(1087): CodeIgniter\View\View->render('layout/footer', Array, true)
#3 /home2/realias6/CI_FrameWork/app/Views/404.php(241): view('layout/footer')
#4 /home2/realias6/CI_FrameWork/system/View/View.php(246): include('/home2/realias6...')
#5 /home2/realias6/CI_FrameWork/system/Common.php(1087): CodeIgniter\View\View->render('404', Array, true)
#6 /home2/realias6/CI_FrameWork/app/Helpers/lang_helper.php(8): view('404')
#7 /home2/realias6/CI_FrameWork/app/Controllers/Error_404.php(12): lang_check()
#8 /home2/realias6/CI_FrameWork/system/CodeIgniter.php(914): App\Controllers\Error_404->show404()
#9 /home2/realias6/CI_FrameWork/system/CodeIgniter.php(950): CodeIgniter\CodeIgniter->runController(Object(App\Controllers\Error_404))
#10 /home2/realias6/CI_FrameWork/system/CodeIgniter.php(324): CodeIgniter\CodeIgniter->display404errors(Object(CodeIgniter\Exceptions\PageNotFoundException))
#11 /home2/realias6/elrowad-eg.com/index.php(45): CodeIgniter\CodeIgniter->run()
#12 {main}
CRITICAL - 2022-10-07 06:23:36 --> Undefined variable: lang
#0 /home2/realias6/CI_FrameWork/app/Views/layout/footer.php(27): CodeIgniter\Debug\Exceptions->errorHandler(8, 'Undefined varia...', '/home2/realias6...', 27, Array)
#1 /home2/realias6/CI_FrameWork/system/View/View.php(246): include('/home2/realias6...')
#2 /home2/realias6/CI_FrameWork/system/Common.php(1087): CodeIgniter\View\View->render('layout/footer', Array, true)
#3 /home2/realias6/CI_FrameWork/app/Views/404.php(241): view('layout/footer')
#4 /home2/realias6/CI_FrameWork/system/View/View.php(246): include('/home2/realias6...')
#5 /home2/realias6/CI_FrameWork/system/Common.php(1087): CodeIgniter\View\View->render('404', Array, true)
#6 /home2/realias6/CI_FrameWork/app/Helpers/lang_helper.php(8): view('404')
#7 /home2/realias6/CI_FrameWork/app/Controllers/Error_404.php(12): lang_check()
#8 /home2/realias6/CI_FrameWork/system/CodeIgniter.php(914): App\Controllers\Error_404->show404()
#9 /home2/realias6/CI_FrameWork/system/CodeIgniter.php(950): CodeIgniter\CodeIgniter->runController(Object(App\Controllers\Error_404))
#10 /home2/realias6/CI_FrameWork/system/CodeIgniter.php(324): CodeIgniter\CodeIgniter->display404errors(Object(CodeIgniter\Exceptions\PageNotFoundException))
#11 /home2/realias6/elrowad-eg.com/index.php(45): CodeIgniter\CodeIgniter->run()
#12 {main}
CRITICAL - 2022-10-07 06:23:37 --> Undefined variable: lang
#0 /home2/realias6/CI_FrameWork/app/Views/layout/footer.php(27): CodeIgniter\Debug\Exceptions->errorHandler(8, 'Undefined varia...', '/home2/realias6...', 27, Array)
#1 /home2/realias6/CI_FrameWork/system/View/View.php(246): include('/home2/realias6...')
#2 /home2/realias6/CI_FrameWork/system/Common.php(1087): CodeIgniter\View\View->render('layout/footer', Array, true)
#3 /home2/realias6/CI_FrameWork/app/Views/404.php(241): view('layout/footer')
#4 /home2/realias6/CI_FrameWork/system/View/View.php(246): include('/home2/realias6...')
#5 /home2/realias6/CI_FrameWork/system/Common.php(1087): CodeIgniter\View\View->render('404', Array, true)
#6 /home2/realias6/CI_FrameWork/app/Helpers/lang_helper.php(8): view('404')
#7 /home2/realias6/CI_FrameWork/app/Controllers/Home.php(13): lang_check()
#8 /home2/realias6/CI_FrameWork/system/CodeIgniter.php(886): App\Controllers\Home->__construct()
#9 /home2/realias6/CI_FrameWork/system/CodeIgniter.php(395): CodeIgniter\CodeIgniter->createController()
#10 /home2/realias6/CI_FrameWork/system/CodeIgniter.php(308): CodeIgniter\CodeIgniter->handleRequest(NULL, Object(Config\Cache), false)
#11 /home2/realias6/elrowad-eg.com/index.php(45): CodeIgniter\CodeIgniter->run()
#12 {main}
CRITICAL - 2022-10-07 08:17:26 --> Undefined variable: lang
#0 /home2/realias6/CI_FrameWork/app/Views/layout/footer.php(27): CodeIgniter\Debug\Exceptions->errorHandler(8, 'Undefined varia...', '/home2/realias6...', 27, Array)
#1 /home2/realias6/CI_FrameWork/system/View/View.php(246): include('/home2/realias6...')
#2 /home2/realias6/CI_FrameWork/system/Common.php(1087): CodeIgniter\View\View->render('layout/footer', Array, true)
#3 /home2/realias6/CI_FrameWork/app/Views/404.php(241): view('layout/footer')
#4 /home2/realias6/CI_FrameWork/system/View/View.php(246): include('/home2/realias6...')
#5 /home2/realias6/CI_FrameWork/system/Common.php(1087): CodeIgniter\View\View->render('404', Array, true)
#6 /home2/realias6/CI_FrameWork/app/Helpers/lang_helper.php(8): view('404')
#7 /home2/realias6/CI_FrameWork/app/Controllers/Error_404.php(12): lang_check()
#8 /home2/realias6/CI_FrameWork/system/CodeIgniter.php(914): App\Controllers\Error_404->show404()
#9 /home2/realias6/CI_FrameWork/system/CodeIgniter.php(950): CodeIgniter\CodeIgniter->runController(Object(App\Controllers\Error_404))
#10 /home2/realias6/CI_FrameWork/system/CodeIgniter.php(324): CodeIgniter\CodeIgniter->display404errors(Object(CodeIgniter\Exceptions\PageNotFoundException))
#11 /home2/realias6/elrowad-eg.com/index.php(45): CodeIgniter\CodeIgniter->run()
#12 {main}
CRITICAL - 2022-10-07 08:24:19 --> Undefined variable: lang
#0 /home2/realias6/CI_FrameWork/app/Views/layout/footer.php(27): CodeIgniter\Debug\Exceptions->errorHandler(8, 'Undefined varia...', '/home2/realias6...', 27, Array)
#1 /home2/realias6/CI_FrameWork/system/View/View.php(246): include('/home2/realias6...')
#2 /home2/realias6/CI_FrameWork/system/Common.php(1087): CodeIgniter\View\View->render('layout/footer', Array, true)
#3 /home2/realias6/CI_FrameWork/app/Views/404.php(241): view('layout/footer')
#4 /home2/realias6/CI_FrameWork/system/View/View.php(246): include('/home2/realias6...')
#5 /home2/realias6/CI_FrameWork/system/Common.php(1087): CodeIgniter\View\View->render('404', Array, true)
#6 /home2/realias6/CI_FrameWork/app/Helpers/lang_helper.php(8): view('404')
#7 /home2/realias6/CI_FrameWork/app/Controllers/Home.php(13): lang_check()
#8 /home2/realias6/CI_FrameWork/system/CodeIgniter.php(886): App\Controllers\Home->__construct()
#9 /home2/realias6/CI_FrameWork/system/CodeIgniter.php(395): CodeIgniter\CodeIgniter->createController()
#10 /home2/realias6/CI_FrameWork/system/CodeIgniter.php(308): CodeIgniter\CodeIgniter->handleRequest(NULL, Object(Config\Cache), false)
#11 /home2/realias6/elrowad-eg.com/index.php(45): CodeIgniter\CodeIgniter->run()
#12 {main}
CRITICAL - 2022-10-07 09:06:40 --> Undefined variable: lang
#0 /home2/realias6/CI_FrameWork/app/Views/layout/footer.php(27): CodeIgniter\Debug\Exceptions->errorHandler(8, 'Undefined varia...', '/home2/realias6...', 27, Array)
#1 /home2/realias6/CI_FrameWork/system/View/View.php(246): include('/home2/realias6...')
#2 /home2/realias6/CI_FrameWork/system/Common.php(1087): CodeIgniter\View\View->render('layout/footer', Array, true)
#3 /home2/realias6/CI_FrameWork/app/Views/404.php(241): view('layout/footer')
#4 /home2/realias6/CI_FrameWork/system/View/View.php(246): include('/home2/realias6...')
#5 /home2/realias6/CI_FrameWork/system/Common.php(1087): CodeIgniter\View\View->render('404', Array, true)
#6 /home2/realias6/CI_FrameWork/app/Helpers/lang_helper.php(8): view('404')
#7 /home2/realias6/CI_FrameWork/app/Controllers/Home.php(13): lang_check()
#8 /home2/realias6/CI_FrameWork/system/CodeIgniter.php(886): App\Controllers\Home->__construct()
#9 /home2/realias6/CI_FrameWork/system/CodeIgniter.php(395): CodeIgniter\CodeIgniter->createController()
#10 /home2/realias6/CI_FrameWork/system/CodeIgniter.php(308): CodeIgniter\CodeIgniter->handleRequest(NULL, Object(Config\Cache), false)
#11 /home2/realias6/elrowad-eg.com/index.php(45): CodeIgniter\CodeIgniter->run()
#12 {main}
CRITICAL - 2022-10-07 10:33:10 --> Undefined variable: lang
#0 /home2/realias6/CI_FrameWork/app/Views/layout/footer.php(27): CodeIgniter\Debug\Exceptions->errorHandler(8, 'Undefined varia...', '/home2/realias6...', 27, Array)
#1 /home2/realias6/CI_FrameWork/system/View/View.php(246): include('/home2/realias6...')
#2 /home2/realias6/CI_FrameWork/system/Common.php(1087): CodeIgniter\View\View->render('layout/footer', Array, true)
#3 /home2/realias6/CI_FrameWork/app/Views/404.php(241): view('layout/footer')
#4 /home2/realias6/CI_FrameWork/system/View/View.php(246): include('/home2/realias6...')
#5 /home2/realias6/CI_FrameWork/system/Common.php(1087): CodeIgniter\View\View->render('404', Array, true)
#6 /home2/realias6/CI_FrameWork/app/Helpers/lang_helper.php(8): view('404')
#7 /home2/realias6/CI_FrameWork/app/Controllers/Home.php(13): lang_check()
#8 /home2/realias6/CI_FrameWork/system/CodeIgniter.php(886): App\Controllers\Home->__construct()
#9 /home2/realias6/CI_FrameWork/system/CodeIgniter.php(395): CodeIgniter\CodeIgniter->createController()
#10 /home2/realias6/CI_FrameWork/system/CodeIgniter.php(308): CodeIgniter\CodeIgniter->handleRequest(NULL, Object(Config\Cache), false)
#11 /home2/realias6/elrowad-eg.com/index.php(45): CodeIgniter\CodeIgniter->run()
#12 {main}
CRITICAL - 2022-10-07 11:07:29 --> Undefined variable: lang
#0 /home2/realias6/CI_FrameWork/app/Views/layout/footer.php(27): CodeIgniter\Debug\Exceptions->errorHandler(8, 'Undefined varia...', '/home2/realias6...', 27, Array)
#1 /home2/realias6/CI_FrameWork/system/View/View.php(246): include('/home2/realias6...')
#2 /home2/realias6/CI_FrameWork/system/Common.php(1087): CodeIgniter\View\View->render('layout/footer', Array, true)
#3 /home2/realias6/CI_FrameWork/app/Views/404.php(241): view('layout/footer')
#4 /home2/realias6/CI_FrameWork/system/View/View.php(246): include('/home2/realias6...')
#5 /home2/realias6/CI_FrameWork/system/Common.php(1087): CodeIgniter\View\View->render('404', Array, true)
#6 /home2/realias6/CI_FrameWork/app/Helpers/lang_helper.php(8): view('404')
#7 /home2/realias6/CI_FrameWork/app/Controllers/Error_404.php(12): lang_check()
#8 /home2/realias6/CI_FrameWork/system/CodeIgniter.php(914): App\Controllers\Error_404->show404()
#9 /home2/realias6/CI_FrameWork/system/CodeIgniter.php(950): CodeIgniter\CodeIgniter->runController(Object(App\Controllers\Error_404))
#10 /home2/realias6/CI_FrameWork/system/CodeIgniter.php(324): CodeIgniter\CodeIgniter->display404errors(Object(CodeIgniter\Exceptions\PageNotFoundException))
#11 /home2/realias6/elrowad-eg.com/index.php(45): CodeIgniter\CodeIgniter->run()
#12 {main}
CRITICAL - 2022-10-07 11:07:30 --> Undefined variable: lang
#0 /home2/realias6/CI_FrameWork/app/Views/layout/footer.php(27): CodeIgniter\Debug\Exceptions->errorHandler(8, 'Undefined varia...', '/home2/realias6...', 27, Array)
#1 /home2/realias6/CI_FrameWork/system/View/View.php(246): include('/home2/realias6...')
#2 /home2/realias6/CI_FrameWork/system/Common.php(1087): CodeIgniter\View\View->render('layout/footer', Array, true)
#3 /home2/realias6/CI_FrameWork/app/Views/404.php(241): view('layout/footer')
#4 /home2/realias6/CI_FrameWork/system/View/View.php(246): include('/home2/realias6...')
#5 /home2/realias6/CI_FrameWork/system/Common.php(1087): CodeIgniter\View\View->render('404', Array, true)
#6 /home2/realias6/CI_FrameWork/app/Helpers/lang_helper.php(8): view('404')
#7 /home2/realias6/CI_FrameWork/app/Controllers/Error_404.php(12): lang_check()
#8 /home2/realias6/CI_FrameWork/system/CodeIgniter.php(914): App\Controllers\Error_404->show404()
#9 /home2/realias6/CI_FrameWork/system/CodeIgniter.php(950): CodeIgniter\CodeIgniter->runController(Object(App\Controllers\Error_404))
#10 /home2/realias6/CI_FrameWork/system/CodeIgniter.php(324): CodeIgniter\CodeIgniter->display404errors(Object(CodeIgniter\Exceptions\PageNotFoundException))
#11 /home2/realias6/elrowad-eg.com/index.php(45): CodeIgniter\CodeIgniter->run()
#12 {main}
CRITICAL - 2022-10-07 11:22:35 --> Undefined variable: lang
#0 /home2/realias6/CI_FrameWork/app/Views/layout/footer.php(27): CodeIgniter\Debug\Exceptions->errorHandler(8, 'Undefined varia...', '/home2/realias6...', 27, Array)
#1 /home2/realias6/CI_FrameWork/system/View/View.php(246): include('/home2/realias6...')
#2 /home2/realias6/CI_FrameWork/system/Common.php(1087): CodeIgniter\View\View->render('layout/footer', Array, true)
#3 /home2/realias6/CI_FrameWork/app/Views/404.php(241): view('layout/footer')
#4 /home2/realias6/CI_FrameWork/system/View/View.php(246): include('/home2/realias6...')
#5 /home2/realias6/CI_FrameWork/system/Common.php(1087): CodeIgniter\View\View->render('404', Array, true)
#6 /home2/realias6/CI_FrameWork/app/Helpers/lang_helper.php(8): view('404')
#7 /home2/realias6/CI_FrameWork/app/Controllers/Home.php(13): lang_check()
#8 /home2/realias6/CI_FrameWork/system/CodeIgniter.php(886): App\Controllers\Home->__construct()
#9 /home2/realias6/CI_FrameWork/system/CodeIgniter.php(395): CodeIgniter\CodeIgniter->createController()
#10 /home2/realias6/CI_FrameWork/system/CodeIgniter.php(308): CodeIgniter\CodeIgniter->handleRequest(NULL, Object(Config\Cache), false)
#11 /home2/realias6/elrowad-eg.com/index.php(45): CodeIgniter\CodeIgniter->run()
#12 {main}
CRITICAL - 2022-10-07 11:23:24 --> Undefined variable: lang
#0 /home2/realias6/CI_FrameWork/app/Views/layout/footer.php(27): CodeIgniter\Debug\Exceptions->errorHandler(8, 'Undefined varia...', '/home2/realias6...', 27, Array)
#1 /home2/realias6/CI_FrameWork/system/View/View.php(246): include('/home2/realias6...')
#2 /home2/realias6/CI_FrameWork/system/Common.php(1087): CodeIgniter\View\View->render('layout/footer', Array, true)
#3 /home2/realias6/CI_FrameWork/app/Views/404.php(241): view('layout/footer')
#4 /home2/realias6/CI_FrameWork/system/View/View.php(246): include('/home2/realias6...')
#5 /home2/realias6/CI_FrameWork/system/Common.php(1087): CodeIgniter\View\View->render('404', Array, true)
#6 /home2/realias6/CI_FrameWork/app/Helpers/lang_helper.php(8): view('404')
#7 /home2/realias6/CI_FrameWork/app/Controllers/Home.php(13): lang_check()
#8 /home2/realias6/CI_FrameWork/system/CodeIgniter.php(886): App\Controllers\Home->__construct()
#9 /home2/realias6/CI_FrameWork/system/CodeIgniter.php(395): CodeIgniter\CodeIgniter->createController()
#10 /home2/realias6/CI_FrameWork/system/CodeIgniter.php(308): CodeIgniter\CodeIgniter->handleRequest(NULL, Object(Config\Cache), false)
#11 /home2/realias6/elrowad-eg.com/index.php(45): CodeIgniter\CodeIgniter->run()
#12 {main}
CRITICAL - 2022-10-07 11:59:21 --> Undefined variable: lang
#0 /home2/realias6/CI_FrameWork/app/Views/layout/footer.php(27): CodeIgniter\Debug\Exceptions->errorHandler(8, 'Undefined varia...', '/home2/realias6...', 27, Array)
#1 /home2/realias6/CI_FrameWork/system/View/View.php(246): include('/home2/realias6...')
#2 /home2/realias6/CI_FrameWork/system/Common.php(1087): CodeIgniter\View\View->render('layout/footer', Array, true)
#3 /home2/realias6/CI_FrameWork/app/Views/404.php(241): view('layout/footer')
#4 /home2/realias6/CI_FrameWork/system/View/View.php(246): include('/home2/realias6...')
#5 /home2/realias6/CI_FrameWork/system/Common.php(1087): CodeIgniter\View\View->render('404', Array, true)
#6 /home2/realias6/CI_FrameWork/app/Helpers/lang_helper.php(8): view('404')
#7 /home2/realias6/CI_FrameWork/app/Controllers/Home.php(13): lang_check()
#8 /home2/realias6/CI_FrameWork/system/CodeIgniter.php(886): App\Controllers\Home->__construct()
#9 /home2/realias6/CI_FrameWork/system/CodeIgniter.php(395): CodeIgniter\CodeIgniter->createController()
#10 /home2/realias6/CI_FrameWork/system/CodeIgniter.php(308): CodeIgniter\CodeIgniter->handleRequest(NULL, Object(Config\Cache), false)
#11 /home2/realias6/elrowad-eg.com/index.php(45): CodeIgniter\CodeIgniter->run()
#12 {main}
CRITICAL - 2022-10-07 12:03:20 --> Undefined variable: lang
#0 /home2/realias6/CI_FrameWork/app/Views/layout/footer.php(27): CodeIgniter\Debug\Exceptions->errorHandler(8, 'Undefined varia...', '/home2/realias6...', 27, Array)
#1 /home2/realias6/CI_FrameWork/system/View/View.php(246): include('/home2/realias6...')
#2 /home2/realias6/CI_FrameWork/system/Common.php(1087): CodeIgniter\View\View->render('layout/footer', Array, true)
#3 /home2/realias6/CI_FrameWork/app/Views/404.php(241): view('layout/footer')
#4 /home2/realias6/CI_FrameWork/system/View/View.php(246): include('/home2/realias6...')
#5 /home2/realias6/CI_FrameWork/system/Common.php(1087): CodeIgniter\View\View->render('404', Array, true)
#6 /home2/realias6/CI_FrameWork/app/Helpers/lang_helper.php(8): view('404')
#7 /home2/realias6/CI_FrameWork/app/Controllers/Home.php(13): lang_check()
#8 /home2/realias6/CI_FrameWork/system/CodeIgniter.php(886): App\Controllers\Home->__construct()
#9 /home2/realias6/CI_FrameWork/system/CodeIgniter.php(395): CodeIgniter\CodeIgniter->createController()
#10 /home2/realias6/CI_FrameWork/system/CodeIgniter.php(308): CodeIgniter\CodeIgniter->handleRequest(NULL, Object(Config\Cache), false)
#11 /home2/realias6/elrowad-eg.com/index.php(45): CodeIgniter\CodeIgniter->run()
#12 {main}
CRITICAL - 2022-10-07 12:06:33 --> Undefined variable: lang
#0 /home2/realias6/CI_FrameWork/app/Views/layout/footer.php(27): CodeIgniter\Debug\Exceptions->errorHandler(8, 'Undefined varia...', '/home2/realias6...', 27, Array)
#1 /home2/realias6/CI_FrameWork/system/View/View.php(246): include('/home2/realias6...')
#2 /home2/realias6/CI_FrameWork/system/Common.php(1087): CodeIgniter\View\View->render('layout/footer', Array, true)
#3 /home2/realias6/CI_FrameWork/app/Views/404.php(241): view('layout/footer')
#4 /home2/realias6/CI_FrameWork/system/View/View.php(246): include('/home2/realias6...')
#5 /home2/realias6/CI_FrameWork/system/Common.php(1087): CodeIgniter\View\View->render('404', Array, true)
#6 /home2/realias6/CI_FrameWork/app/Helpers/lang_helper.php(8): view('404')
#7 /home2/realias6/CI_FrameWork/app/Controllers/Home.php(13): lang_check()
#8 /home2/realias6/CI_FrameWork/system/CodeIgniter.php(886): App\Controllers\Home->__construct()
#9 /home2/realias6/CI_FrameWork/system/CodeIgniter.php(395): CodeIgniter\CodeIgniter->createController()
#10 /home2/realias6/CI_FrameWork/system/CodeIgniter.php(308): CodeIgniter\CodeIgniter->handleRequest(NULL, Object(Config\Cache), false)
#11 /home2/realias6/elrowad-eg.com/index.php(45): CodeIgniter\CodeIgniter->run()
#12 {main}
CRITICAL - 2022-10-07 14:04:31 --> Undefined variable: lang
#0 /home2/realias6/CI_FrameWork/app/Views/layout/footer.php(27): CodeIgniter\Debug\Exceptions->errorHandler(8, 'Undefined varia...', '/home2/realias6...', 27, Array)
#1 /home2/realias6/CI_FrameWork/system/View/View.php(246): include('/home2/realias6...')
#2 /home2/realias6/CI_FrameWork/system/Common.php(1087): CodeIgniter\View\View->render('layout/footer', Array, true)
#3 /home2/realias6/CI_FrameWork/app/Views/404.php(241): view('layout/footer')
#4 /home2/realias6/CI_FrameWork/system/View/View.php(246): include('/home2/realias6...')
#5 /home2/realias6/CI_FrameWork/system/Common.php(1087): CodeIgniter\View\View->render('404', Array, true)
#6 /home2/realias6/CI_FrameWork/app/Helpers/lang_helper.php(8): view('404')
#7 /home2/realias6/CI_FrameWork/app/Controllers/Error_404.php(12): lang_check()
#8 /home2/realias6/CI_FrameWork/system/CodeIgniter.php(914): App\Controllers\Error_404->show404()
#9 /home2/realias6/CI_FrameWork/system/CodeIgniter.php(950): CodeIgniter\CodeIgniter->runController(Object(App\Controllers\Error_404))
#10 /home2/realias6/CI_FrameWork/system/CodeIgniter.php(324): CodeIgniter\CodeIgniter->display404errors(Object(CodeIgniter\Exceptions\PageNotFoundException))
#11 /home2/realias6/elrowad-eg.com/index.php(45): CodeIgniter\CodeIgniter->run()
#12 {main}
CRITICAL - 2022-10-07 14:25:11 --> Undefined variable: lang
#0 /home2/realias6/CI_FrameWork/app/Views/layout/footer.php(27): CodeIgniter\Debug\Exceptions->errorHandler(8, 'Undefined varia...', '/home2/realias6...', 27, Array)
#1 /home2/realias6/CI_FrameWork/system/View/View.php(246): include('/home2/realias6...')
#2 /home2/realias6/CI_FrameWork/system/Common.php(1087): CodeIgniter\View\View->render('layout/footer', Array, true)
#3 /home2/realias6/CI_FrameWork/app/Views/404.php(241): view('layout/footer')
#4 /home2/realias6/CI_FrameWork/system/View/View.php(246): include('/home2/realias6...')
#5 /home2/realias6/CI_FrameWork/system/Common.php(1087): CodeIgniter\View\View->render('404', Array, true)
#6 /home2/realias6/CI_FrameWork/app/Helpers/lang_helper.php(8): view('404')
#7 /home2/realias6/CI_FrameWork/app/Controllers/Home.php(13): lang_check()
#8 /home2/realias6/CI_FrameWork/system/CodeIgniter.php(886): App\Controllers\Home->__construct()
#9 /home2/realias6/CI_FrameWork/system/CodeIgniter.php(395): CodeIgniter\CodeIgniter->createController()
#10 /home2/realias6/CI_FrameWork/system/CodeIgniter.php(308): CodeIgniter\CodeIgniter->handleRequest(NULL, Object(Config\Cache), false)
#11 /home2/realias6/elrowad-eg.com/index.php(45): CodeIgniter\CodeIgniter->run()
#12 {main}
CRITICAL - 2022-10-07 14:26:45 --> Undefined variable: lang
#0 /home2/realias6/CI_FrameWork/app/Views/layout/footer.php(27): CodeIgniter\Debug\Exceptions->errorHandler(8, 'Undefined varia...', '/home2/realias6...', 27, Array)
#1 /home2/realias6/CI_FrameWork/system/View/View.php(246): include('/home2/realias6...')
#2 /home2/realias6/CI_FrameWork/system/Common.php(1087): CodeIgniter\View\View->render('layout/footer', Array, true)
#3 /home2/realias6/CI_FrameWork/app/Views/404.php(241): view('layout/footer')
#4 /home2/realias6/CI_FrameWork/system/View/View.php(246): include('/home2/realias6...')
#5 /home2/realias6/CI_FrameWork/system/Common.php(1087): CodeIgniter\View\View->render('404', Array, true)
#6 /home2/realias6/CI_FrameWork/app/Helpers/lang_helper.php(8): view('404')
#7 /home2/realias6/CI_FrameWork/app/Controllers/Error_404.php(12): lang_check()
#8 /home2/realias6/CI_FrameWork/system/CodeIgniter.php(914): App\Controllers\Error_404->show404('bg-5.png')
#9 /home2/realias6/CI_FrameWork/system/CodeIgniter.php(950): CodeIgniter\CodeIgniter->runController(Object(App\Controllers\Error_404))
#10 /home2/realias6/CI_FrameWork/system/CodeIgniter.php(324): CodeIgniter\CodeIgniter->display404errors(Object(CodeIgniter\Exceptions\PageNotFoundException))
#11 /home2/realias6/elrowad-eg.com/index.php(45): CodeIgniter\CodeIgniter->run()
#12 {main}
CRITICAL - 2022-10-07 14:56:31 --> Undefined variable: meta
#0 /home2/realias6/CI_FrameWork/app/Views/layout/header.php(27): CodeIgniter\Debug\Exceptions->errorHandler(8, 'Undefined varia...', '/home2/realias6...', 27, Array)
#1 /home2/realias6/CI_FrameWork/system/View/View.php(246): include('/home2/realias6...')
#2 /home2/realias6/CI_FrameWork/system/Common.php(1087): CodeIgniter\View\View->render('layout/header', Array, true)
#3 /home2/realias6/CI_FrameWork/app/Views/projects/show.php(2): view('layout/header')
#4 /home2/realias6/CI_FrameWork/system/View/View.php(246): include('/home2/realias6...')
#5 /home2/realias6/CI_FrameWork/system/Common.php(1087): CodeIgniter\View\View->render('projects/show', Array, true)
#6 /home2/realias6/CI_FrameWork/app/Controllers/Projects.php(123): view('projects/show', Array)
#7 /home2/realias6/CI_FrameWork/system/CodeIgniter.php(914): App\Controllers\Projects->show('sadasdasdasd', '')
#8 /home2/realias6/CI_FrameWork/system/CodeIgniter.php(400): CodeIgniter\CodeIgniter->runController(Object(App\Controllers\Projects))
#9 /home2/realias6/CI_FrameWork/system/CodeIgniter.php(308): CodeIgniter\CodeIgniter->handleRequest(NULL, Object(Config\Cache), false)
#10 /home2/realias6/elrowad-eg.com/index.php(45): CodeIgniter\CodeIgniter->run()
#11 {main}
CRITICAL - 2022-10-07 14:56:52 --> Undefined variable: item
#0 /home2/realias6/CI_FrameWork/app/Views/careers/show.php(58): CodeIgniter\Debug\Exceptions->errorHandler(8, 'Undefined varia...', '/home2/realias6...', 58, Array)
#1 /home2/realias6/CI_FrameWork/system/View/View.php(246): include('/home2/realias6...')
#2 /home2/realias6/CI_FrameWork/system/Common.php(1087): CodeIgniter\View\View->render('careers/show', Array, true)
#3 /home2/realias6/CI_FrameWork/app/Controllers/Careers.php(83): view('careers/show', Array)
#4 /home2/realias6/CI_FrameWork/system/CodeIgniter.php(914): App\Controllers\Careers->show('hacked-by-shaha...', '')
#5 /home2/realias6/CI_FrameWork/system/CodeIgniter.php(400): CodeIgniter\CodeIgniter->runController(Object(App\Controllers\Careers))
#6 /home2/realias6/CI_FrameWork/system/CodeIgniter.php(308): CodeIgniter\CodeIgniter->handleRequest(NULL, Object(Config\Cache), false)
#7 /home2/realias6/elrowad-eg.com/index.php(45): CodeIgniter\CodeIgniter->run()
#8 {main}
CRITICAL - 2022-10-07 15:04:12 --> Undefined variable: lang
#0 /home2/realias6/CI_FrameWork/app/Views/layout/footer.php(27): CodeIgniter\Debug\Exceptions->errorHandler(8, 'Undefined varia...', '/home2/realias6...', 27, Array)
#1 /home2/realias6/CI_FrameWork/system/View/View.php(246): include('/home2/realias6...')
#2 /home2/realias6/CI_FrameWork/system/Common.php(1087): CodeIgniter\View\View->render('layout/footer', Array, true)
#3 /home2/realias6/CI_FrameWork/app/Views/404.php(241): view('layout/footer')
#4 /home2/realias6/CI_FrameWork/system/View/View.php(246): include('/home2/realias6...')
#5 /home2/realias6/CI_FrameWork/system/Common.php(1087): CodeIgniter\View\View->render('404', Array, true)
#6 /home2/realias6/CI_FrameWork/app/Helpers/lang_helper.php(8): view('404')
#7 /home2/realias6/CI_FrameWork/app/Controllers/Error_404.php(12): lang_check()
#8 /home2/realias6/CI_FrameWork/system/CodeIgniter.php(914): App\Controllers\Error_404->show404('bg-5.png')
#9 /home2/realias6/CI_FrameWork/system/CodeIgniter.php(950): CodeIgniter\CodeIgniter->runController(Object(App\Controllers\Error_404))
#10 /home2/realias6/CI_FrameWork/system/CodeIgniter.php(324): CodeIgniter\CodeIgniter->display404errors(Object(CodeIgniter\Exceptions\PageNotFoundException))
#11 /home2/realias6/elrowad-eg.com/index.php(45): CodeIgniter\CodeIgniter->run()
#12 {main}
CRITICAL - 2022-10-07 15:04:29 --> Undefined variable: lang
#0 /home2/realias6/CI_FrameWork/app/Views/layout/footer.php(27): CodeIgniter\Debug\Exceptions->errorHandler(8, 'Undefined varia...', '/home2/realias6...', 27, Array)
#1 /home2/realias6/CI_FrameWork/system/View/View.php(246): include('/home2/realias6...')
#2 /home2/realias6/CI_FrameWork/system/Common.php(1087): CodeIgniter\View\View->render('layout/footer', Array, true)
#3 /home2/realias6/CI_FrameWork/app/Views/404.php(241): view('layout/footer')
#4 /home2/realias6/CI_FrameWork/system/View/View.php(246): include('/home2/realias6...')
#5 /home2/realias6/CI_FrameWork/system/Common.php(1087): CodeIgniter\View\View->render('404', Array, true)
#6 /home2/realias6/CI_FrameWork/app/Helpers/lang_helper.php(8): view('404')
#7 /home2/realias6/CI_FrameWork/app/Controllers/Error_404.php(12): lang_check()
#8 /home2/realias6/CI_FrameWork/system/CodeIgniter.php(914): App\Controllers\Error_404->show404('bg-5.png')
#9 /home2/realias6/CI_FrameWork/system/CodeIgniter.php(950): CodeIgniter\CodeIgniter->runController(Object(App\Controllers\Error_404))
#10 /home2/realias6/CI_FrameWork/system/CodeIgniter.php(324): CodeIgniter\CodeIgniter->display404errors(Object(CodeIgniter\Exceptions\PageNotFoundException))
#11 /home2/realias6/elrowad-eg.com/index.php(45): CodeIgniter\CodeIgniter->run()
#12 {main}
CRITICAL - 2022-10-07 15:08:26 --> Undefined variable: lang
#0 /home2/realias6/CI_FrameWork/app/Views/layout/footer.php(27): CodeIgniter\Debug\Exceptions->errorHandler(8, 'Undefined varia...', '/home2/realias6...', 27, Array)
#1 /home2/realias6/CI_FrameWork/system/View/View.php(246): include('/home2/realias6...')
#2 /home2/realias6/CI_FrameWork/system/Common.php(1087): CodeIgniter\View\View->render('layout/footer', Array, true)
#3 /home2/realias6/CI_FrameWork/app/Views/404.php(241): view('layout/footer')
#4 /home2/realias6/CI_FrameWork/system/View/View.php(246): include('/home2/realias6...')
#5 /home2/realias6/CI_FrameWork/system/Common.php(1087): CodeIgniter\View\View->render('404', Array, true)
#6 /home2/realias6/CI_FrameWork/app/Helpers/lang_helper.php(8): view('404')
#7 /home2/realias6/CI_FrameWork/app/Controllers/Home.php(13): lang_check()
#8 /home2/realias6/CI_FrameWork/system/CodeIgniter.php(886): App\Controllers\Home->__construct()
#9 /home2/realias6/CI_FrameWork/system/CodeIgniter.php(395): CodeIgniter\CodeIgniter->createController()
#10 /home2/realias6/CI_FrameWork/system/CodeIgniter.php(308): CodeIgniter\CodeIgniter->handleRequest(NULL, Object(Config\Cache), false)
#11 /home2/realias6/elrowad-eg.com/index.php(45): CodeIgniter\CodeIgniter->run()
#12 {main}
CRITICAL - 2022-10-07 15:31:00 --> Undefined variable: lang
#0 /home2/realias6/CI_FrameWork/app/Views/layout/footer.php(27): CodeIgniter\Debug\Exceptions->errorHandler(8, 'Undefined varia...', '/home2/realias6...', 27, Array)
#1 /home2/realias6/CI_FrameWork/system/View/View.php(246): include('/home2/realias6...')
#2 /home2/realias6/CI_FrameWork/system/Common.php(1087): CodeIgniter\View\View->render('layout/footer', Array, true)
#3 /home2/realias6/CI_FrameWork/app/Views/404.php(241): view('layout/footer')
#4 /home2/realias6/CI_FrameWork/system/View/View.php(246): include('/home2/realias6...')
#5 /home2/realias6/CI_FrameWork/system/Common.php(1087): CodeIgniter\View\View->render('404', Array, true)
#6 /home2/realias6/CI_FrameWork/app/Helpers/lang_helper.php(8): view('404')
#7 /home2/realias6/CI_FrameWork/app/Controllers/Error_404.php(12): lang_check()
#8 /home2/realias6/CI_FrameWork/system/CodeIgniter.php(914): App\Controllers\Error_404->show404('purevision', 'scripts', 'admin', 'uploadify', 'uploadify.css')
#9 /home2/realias6/CI_FrameWork/system/CodeIgniter.php(950): CodeIgniter\CodeIgniter->runController(Object(App\Controllers\Error_404))
#10 /home2/realias6/CI_FrameWork/system/CodeIgniter.php(324): CodeIgniter\CodeIgniter->display404errors(Object(CodeIgniter\Exceptions\PageNotFoundException))
#11 /home2/realias6/elrowad-eg.com/index.php(45): CodeIgniter\CodeIgniter->run()
#12 {main}
CRITICAL - 2022-10-07 15:42:11 --> Undefined variable: lang
#0 /home2/realias6/CI_FrameWork/app/Views/layout/footer.php(27): CodeIgniter\Debug\Exceptions->errorHandler(8, 'Undefined varia...', '/home2/realias6...', 27, Array)
#1 /home2/realias6/CI_FrameWork/system/View/View.php(246): include('/home2/realias6...')
#2 /home2/realias6/CI_FrameWork/system/Common.php(1087): CodeIgniter\View\View->render('layout/footer', Array, true)
#3 /home2/realias6/CI_FrameWork/app/Views/404.php(241): view('layout/footer')
#4 /home2/realias6/CI_FrameWork/system/View/View.php(246): include('/home2/realias6...')
#5 /home2/realias6/CI_FrameWork/system/Common.php(1087): CodeIgniter\View\View->render('404', Array, true)
#6 /home2/realias6/CI_FrameWork/app/Helpers/lang_helper.php(8): view('404')
#7 /home2/realias6/CI_FrameWork/app/Controllers/Error_404.php(12): lang_check()
#8 /home2/realias6/CI_FrameWork/system/CodeIgniter.php(914): App\Controllers\Error_404->show404('bg-5.png')
#9 /home2/realias6/CI_FrameWork/system/CodeIgniter.php(950): CodeIgniter\CodeIgniter->runController(Object(App\Controllers\Error_404))
#10 /home2/realias6/CI_FrameWork/system/CodeIgniter.php(324): CodeIgniter\CodeIgniter->display404errors(Object(CodeIgniter\Exceptions\PageNotFoundException))
#11 /home2/realias6/elrowad-eg.com/index.php(45): CodeIgniter\CodeIgniter->run()
#12 {main}
CRITICAL - 2022-10-07 15:42:16 --> Undefined variable: lang
#0 /home2/realias6/CI_FrameWork/app/Views/layout/footer.php(27): CodeIgniter\Debug\Exceptions->errorHandler(8, 'Undefined varia...', '/home2/realias6...', 27, Array)
#1 /home2/realias6/CI_FrameWork/system/View/View.php(246): include('/home2/realias6...')
#2 /home2/realias6/CI_FrameWork/system/Common.php(1087): CodeIgniter\View\View->render('layout/footer', Array, true)
#3 /home2/realias6/CI_FrameWork/app/Views/404.php(241): view('layout/footer')
#4 /home2/realias6/CI_FrameWork/system/View/View.php(246): include('/home2/realias6...')
#5 /home2/realias6/CI_FrameWork/system/Common.php(1087): CodeIgniter\View\View->render('404', Array, true)
#6 /home2/realias6/CI_FrameWork/app/Helpers/lang_helper.php(8): view('404')
#7 /home2/realias6/CI_FrameWork/app/Controllers/Error_404.php(12): lang_check()
#8 /home2/realias6/CI_FrameWork/system/CodeIgniter.php(914): App\Controllers\Error_404->show404('bg-5.png')
#9 /home2/realias6/CI_FrameWork/system/CodeIgniter.php(950): CodeIgniter\CodeIgniter->runController(Object(App\Controllers\Error_404))
#10 /home2/realias6/CI_FrameWork/system/CodeIgniter.php(324): CodeIgniter\CodeIgniter->display404errors(Object(CodeIgniter\Exceptions\PageNotFoundException))
#11 /home2/realias6/elrowad-eg.com/index.php(45): CodeIgniter\CodeIgniter->run()
#12 {main}
CRITICAL - 2022-10-07 15:42:22 --> Undefined variable: lang
#0 /home2/realias6/CI_FrameWork/app/Views/layout/footer.php(27): CodeIgniter\Debug\Exceptions->errorHandler(8, 'Undefined varia...', '/home2/realias6...', 27, Array)
#1 /home2/realias6/CI_FrameWork/system/View/View.php(246): include('/home2/realias6...')
#2 /home2/realias6/CI_FrameWork/system/Common.php(1087): CodeIgniter\View\View->render('layout/footer', Array, true)
#3 /home2/realias6/CI_FrameWork/app/Views/404.php(241): view('layout/footer')
#4 /home2/realias6/CI_FrameWork/system/View/View.php(246): include('/home2/realias6...')
#5 /home2/realias6/CI_FrameWork/system/Common.php(1087): CodeIgniter\View\View->render('404', Array, true)
#6 /home2/realias6/CI_FrameWork/app/Helpers/lang_helper.php(8): view('404')
#7 /home2/realias6/CI_FrameWork/app/Controllers/Error_404.php(12): lang_check()
#8 /home2/realias6/CI_FrameWork/system/CodeIgniter.php(914): App\Controllers\Error_404->show404('background', 'bg-5.png')
#9 /home2/realias6/CI_FrameWork/system/CodeIgniter.php(950): CodeIgniter\CodeIgniter->runController(Object(App\Controllers\Error_404))
#10 /home2/realias6/CI_FrameWork/system/CodeIgniter.php(324): CodeIgniter\CodeIgniter->display404errors(Object(CodeIgniter\Exceptions\PageNotFoundException))
#11 /home2/realias6/elrowad-eg.com/index.php(45): CodeIgniter\CodeIgniter->run()
#12 {main}
CRITICAL - 2022-10-07 15:43:54 --> Undefined variable: lang
#0 /home2/realias6/CI_FrameWork/app/Views/layout/footer.php(27): CodeIgniter\Debug\Exceptions->errorHandler(8, 'Undefined varia...', '/home2/realias6...', 27, Array)
#1 /home2/realias6/CI_FrameWork/system/View/View.php(246): include('/home2/realias6...')
#2 /home2/realias6/CI_FrameWork/system/Common.php(1087): CodeIgniter\View\View->render('layout/footer', Array, true)
#3 /home2/realias6/CI_FrameWork/app/Views/404.php(241): view('layout/footer')
#4 /home2/realias6/CI_FrameWork/system/View/View.php(246): include('/home2/realias6...')
#5 /home2/realias6/CI_FrameWork/system/Common.php(1087): CodeIgniter\View\View->render('404', Array, true)
#6 /home2/realias6/CI_FrameWork/app/Helpers/lang_helper.php(8): view('404')
#7 /home2/realias6/CI_FrameWork/app/Controllers/Error_404.php(12): lang_check()
#8 /home2/realias6/CI_FrameWork/system/CodeIgniter.php(914): App\Controllers\Error_404->show404('bg-5.png')
#9 /home2/realias6/CI_FrameWork/system/CodeIgniter.php(950): CodeIgniter\CodeIgniter->runController(Object(App\Controllers\Error_404))
#10 /home2/realias6/CI_FrameWork/system/CodeIgniter.php(324): CodeIgniter\CodeIgniter->display404errors(Object(CodeIgniter\Exceptions\PageNotFoundException))
#11 /home2/realias6/elrowad-eg.com/index.php(45): CodeIgniter\CodeIgniter->run()
#12 {main}
CRITICAL - 2022-10-07 15:54:40 --> Undefined variable: lang
#0 /home2/realias6/CI_FrameWork/app/Views/layout/footer.php(27): CodeIgniter\Debug\Exceptions->errorHandler(8, 'Undefined varia...', '/home2/realias6...', 27, Array)
#1 /home2/realias6/CI_FrameWork/system/View/View.php(246): include('/home2/realias6...')
#2 /home2/realias6/CI_FrameWork/system/Common.php(1087): CodeIgniter\View\View->render('layout/footer', Array, true)
#3 /home2/realias6/CI_FrameWork/app/Views/404.php(241): view('layout/footer')
#4 /home2/realias6/CI_FrameWork/system/View/View.php(246): include('/home2/realias6...')
#5 /home2/realias6/CI_FrameWork/system/Common.php(1087): CodeIgniter\View\View->render('404', Array, true)
#6 /home2/realias6/CI_FrameWork/app/Helpers/lang_helper.php(8): view('404')
#7 /home2/realias6/CI_FrameWork/app/Controllers/Home.php(13): lang_check()
#8 /home2/realias6/CI_FrameWork/system/CodeIgniter.php(886): App\Controllers\Home->__construct()
#9 /home2/realias6/CI_FrameWork/system/CodeIgniter.php(395): CodeIgniter\CodeIgniter->createController()
#10 /home2/realias6/CI_FrameWork/system/CodeIgniter.php(308): CodeIgniter\CodeIgniter->handleRequest(NULL, Object(Config\Cache), false)
#11 /home2/realias6/elrowad-eg.com/index.php(45): CodeIgniter\CodeIgniter->run()
#12 {main}
CRITICAL - 2022-10-07 16:22:13 --> Undefined variable: lang
#0 /home2/realias6/CI_FrameWork/app/Views/layout/footer.php(27): CodeIgniter\Debug\Exceptions->errorHandler(8, 'Undefined varia...', '/home2/realias6...', 27, Array)
#1 /home2/realias6/CI_FrameWork/system/View/View.php(246): include('/home2/realias6...')
#2 /home2/realias6/CI_FrameWork/system/Common.php(1087): CodeIgniter\View\View->render('layout/footer', Array, true)
#3 /home2/realias6/CI_FrameWork/app/Views/404.php(241): view('layout/footer')
#4 /home2/realias6/CI_FrameWork/system/View/View.php(246): include('/home2/realias6...')
#5 /home2/realias6/CI_FrameWork/system/Common.php(1087): CodeIgniter\View\View->render('404', Array, true)
#6 /home2/realias6/CI_FrameWork/app/Helpers/lang_helper.php(8): view('404')
#7 /home2/realias6/CI_FrameWork/app/Controllers/Home.php(13): lang_check()
#8 /home2/realias6/CI_FrameWork/system/CodeIgniter.php(886): App\Controllers\Home->__construct()
#9 /home2/realias6/CI_FrameWork/system/CodeIgniter.php(395): CodeIgniter\CodeIgniter->createController()
#10 /home2/realias6/CI_FrameWork/system/CodeIgniter.php(308): CodeIgniter\CodeIgniter->handleRequest(NULL, Object(Config\Cache), false)
#11 /home2/realias6/elrowad-eg.com/index.php(45): CodeIgniter\CodeIgniter->run()
#12 {main}
CRITICAL - 2022-10-07 16:25:03 --> Undefined variable: lang
#0 /home2/realias6/CI_FrameWork/app/Views/layout/footer.php(27): CodeIgniter\Debug\Exceptions->errorHandler(8, 'Undefined varia...', '/home2/realias6...', 27, Array)
#1 /home2/realias6/CI_FrameWork/system/View/View.php(246): include('/home2/realias6...')
#2 /home2/realias6/CI_FrameWork/system/Common.php(1087): CodeIgniter\View\View->render('layout/footer', Array, true)
#3 /home2/realias6/CI_FrameWork/app/Views/404.php(241): view('layout/footer')
#4 /home2/realias6/CI_FrameWork/system/View/View.php(246): include('/home2/realias6...')
#5 /home2/realias6/CI_FrameWork/system/Common.php(1087): CodeIgniter\View\View->render('404', Array, true)
#6 /home2/realias6/CI_FrameWork/app/Helpers/lang_helper.php(8): view('404')
#7 /home2/realias6/CI_FrameWork/app/Controllers/Home.php(13): lang_check()
#8 /home2/realias6/CI_FrameWork/system/CodeIgniter.php(886): App\Controllers\Home->__construct()
#9 /home2/realias6/CI_FrameWork/system/CodeIgniter.php(395): CodeIgniter\CodeIgniter->createController()
#10 /home2/realias6/CI_FrameWork/system/CodeIgniter.php(308): CodeIgniter\CodeIgniter->handleRequest(NULL, Object(Config\Cache), false)
#11 /home2/realias6/elrowad-eg.com/index.php(45): CodeIgniter\CodeIgniter->run()
#12 {main}
CRITICAL - 2022-10-07 17:28:49 --> Undefined variable: lang
#0 /home2/realias6/CI_FrameWork/app/Views/layout/footer.php(27): CodeIgniter\Debug\Exceptions->errorHandler(8, 'Undefined varia...', '/home2/realias6...', 27, Array)
#1 /home2/realias6/CI_FrameWork/system/View/View.php(246): include('/home2/realias6...')
#2 /home2/realias6/CI_FrameWork/system/Common.php(1087): CodeIgniter\View\View->render('layout/footer', Array, true)
#3 /home2/realias6/CI_FrameWork/app/Views/404.php(241): view('layout/footer')
#4 /home2/realias6/CI_FrameWork/system/View/View.php(246): include('/home2/realias6...')
#5 /home2/realias6/CI_FrameWork/system/Common.php(1087): CodeIgniter\View\View->render('404', Array, true)
#6 /home2/realias6/CI_FrameWork/app/Helpers/lang_helper.php(8): view('404')
#7 /home2/realias6/CI_FrameWork/app/Controllers/Error_404.php(12): lang_check()
#8 /home2/realias6/CI_FrameWork/system/CodeIgniter.php(914): App\Controllers\Error_404->show404()
#9 /home2/realias6/CI_FrameWork/system/CodeIgniter.php(950): CodeIgniter\CodeIgniter->runController(Object(App\Controllers\Error_404))
#10 /home2/realias6/CI_FrameWork/system/CodeIgniter.php(324): CodeIgniter\CodeIgniter->display404errors(Object(CodeIgniter\Exceptions\PageNotFoundException))
#11 /home2/realias6/elrowad-eg.com/index.php(45): CodeIgniter\CodeIgniter->run()
#12 {main}
CRITICAL - 2022-10-07 18:18:14 --> Undefined variable: lang
#0 /home2/realias6/CI_FrameWork/app/Views/layout/footer.php(27): CodeIgniter\Debug\Exceptions->errorHandler(8, 'Undefined varia...', '/home2/realias6...', 27, Array)
#1 /home2/realias6/CI_FrameWork/system/View/View.php(246): include('/home2/realias6...')
#2 /home2/realias6/CI_FrameWork/system/Common.php(1087): CodeIgniter\View\View->render('layout/footer', Array, true)
#3 /home2/realias6/CI_FrameWork/app/Views/404.php(241): view('layout/footer')
#4 /home2/realias6/CI_FrameWork/system/View/View.php(246): include('/home2/realias6...')
#5 /home2/realias6/CI_FrameWork/system/Common.php(1087): CodeIgniter\View\View->render('404', Array, true)
#6 /home2/realias6/CI_FrameWork/app/Helpers/lang_helper.php(8): view('404')
#7 /home2/realias6/CI_FrameWork/app/Controllers/Error_404.php(12): lang_check()
#8 /home2/realias6/CI_FrameWork/system/CodeIgniter.php(914): App\Controllers\Error_404->show404('drupal.js')
#9 /home2/realias6/CI_FrameWork/system/CodeIgniter.php(950): CodeIgniter\CodeIgniter->runController(Object(App\Controllers\Error_404))
#10 /home2/realias6/CI_FrameWork/system/CodeIgniter.php(324): CodeIgniter\CodeIgniter->display404errors(Object(CodeIgniter\Exceptions\PageNotFoundException))
#11 /home2/realias6/elrowad-eg.com/index.php(45): CodeIgniter\CodeIgniter->run()
#12 {main}
CRITICAL - 2022-10-07 18:18:14 --> Undefined variable: lang
#0 /home2/realias6/CI_FrameWork/app/Views/layout/footer.php(27): CodeIgniter\Debug\Exceptions->errorHandler(8, 'Undefined varia...', '/home2/realias6...', 27, Array)
#1 /home2/realias6/CI_FrameWork/system/View/View.php(246): include('/home2/realias6...')
#2 /home2/realias6/CI_FrameWork/system/Common.php(1087): CodeIgniter\View\View->render('layout/footer', Array, true)
#3 /home2/realias6/CI_FrameWork/app/Views/404.php(241): view('layout/footer')
#4 /home2/realias6/CI_FrameWork/system/View/View.php(246): include('/home2/realias6...')
#5 /home2/realias6/CI_FrameWork/system/Common.php(1087): CodeIgniter\View\View->render('404', Array, true)
#6 /home2/realias6/CI_FrameWork/app/Helpers/lang_helper.php(8): view('404')
#7 /home2/realias6/CI_FrameWork/app/Controllers/Error_404.php(12): lang_check()
#8 /home2/realias6/CI_FrameWork/system/CodeIgniter.php(914): App\Controllers\Error_404->show404()
#9 /home2/realias6/CI_FrameWork/system/CodeIgniter.php(950): CodeIgniter\CodeIgniter->runController(Object(App\Controllers\Error_404))
#10 /home2/realias6/CI_FrameWork/system/CodeIgniter.php(324): CodeIgniter\CodeIgniter->display404errors(Object(CodeIgniter\Exceptions\PageNotFoundException))
#11 /home2/realias6/elrowad-eg.com/index.php(45): CodeIgniter\CodeIgniter->run()
#12 {main}
CRITICAL - 2022-10-07 18:18:15 --> Undefined variable: lang
#0 /home2/realias6/CI_FrameWork/app/Views/layout/footer.php(27): CodeIgniter\Debug\Exceptions->errorHandler(8, 'Undefined varia...', '/home2/realias6...', 27, Array)
#1 /home2/realias6/CI_FrameWork/system/View/View.php(246): include('/home2/realias6...')
#2 /home2/realias6/CI_FrameWork/system/Common.php(1087): CodeIgniter\View\View->render('layout/footer', Array, true)
#3 /home2/realias6/CI_FrameWork/app/Views/404.php(241): view('layout/footer')
#4 /home2/realias6/CI_FrameWork/system/View/View.php(246): include('/home2/realias6...')
#5 /home2/realias6/CI_FrameWork/system/Common.php(1087): CodeIgniter\View\View->render('404', Array, true)
#6 /home2/realias6/CI_FrameWork/app/Helpers/lang_helper.php(8): view('404')
#7 /home2/realias6/CI_FrameWork/app/Controllers/Error_404.php(12): lang_check()
#8 /home2/realias6/CI_FrameWork/system/CodeIgniter.php(914): App\Controllers\Error_404->show404('drupal.js')
#9 /home2/realias6/CI_FrameWork/system/CodeIgniter.php(950): CodeIgniter\CodeIgniter->runController(Object(App\Controllers\Error_404))
#10 /home2/realias6/CI_FrameWork/system/CodeIgniter.php(324): CodeIgniter\CodeIgniter->display404errors(Object(CodeIgniter\Exceptions\PageNotFoundException))
#11 /home2/realias6/elrowad-eg.com/index.php(45): CodeIgniter\CodeIgniter->run()
#12 {main}
CRITICAL - 2022-10-07 18:18:15 --> Undefined variable: lang
#0 /home2/realias6/CI_FrameWork/app/Views/layout/footer.php(27): CodeIgniter\Debug\Exceptions->errorHandler(8, 'Undefined varia...', '/home2/realias6...', 27, Array)
#1 /home2/realias6/CI_FrameWork/system/View/View.php(246): include('/home2/realias6...')
#2 /home2/realias6/CI_FrameWork/system/Common.php(1087): CodeIgniter\View\View->render('layout/footer', Array, true)
#3 /home2/realias6/CI_FrameWork/app/Views/404.php(241): view('layout/footer')
#4 /home2/realias6/CI_FrameWork/system/View/View.php(246): include('/home2/realias6...')
#5 /home2/realias6/CI_FrameWork/system/Common.php(1087): CodeIgniter\View\View->render('404', Array, true)
#6 /home2/realias6/CI_FrameWork/app/Helpers/lang_helper.php(8): view('404')
#7 /home2/realias6/CI_FrameWork/app/Controllers/Error_404.php(12): lang_check()
#8 /home2/realias6/CI_FrameWork/system/CodeIgniter.php(914): App\Controllers\Error_404->show404()
#9 /home2/realias6/CI_FrameWork/system/CodeIgniter.php(950): CodeIgniter\CodeIgniter->runController(Object(App\Controllers\Error_404))
#10 /home2/realias6/CI_FrameWork/system/CodeIgniter.php(324): CodeIgniter\CodeIgniter->display404errors(Object(CodeIgniter\Exceptions\PageNotFoundException))
#11 /home2/realias6/elrowad-eg.com/index.php(45): CodeIgniter\CodeIgniter->run()
#12 {main}
CRITICAL - 2022-10-07 18:19:43 --> Undefined variable: lang
#0 /home2/realias6/CI_FrameWork/app/Views/layout/footer.php(27): CodeIgniter\Debug\Exceptions->errorHandler(8, 'Undefined varia...', '/home2/realias6...', 27, Array)
#1 /home2/realias6/CI_FrameWork/system/View/View.php(246): include('/home2/realias6...')
#2 /home2/realias6/CI_FrameWork/system/Common.php(1087): CodeIgniter\View\View->render('layout/footer', Array, true)
#3 /home2/realias6/CI_FrameWork/app/Views/404.php(241): view('layout/footer')
#4 /home2/realias6/CI_FrameWork/system/View/View.php(246): include('/home2/realias6...')
#5 /home2/realias6/CI_FrameWork/system/Common.php(1087): CodeIgniter\View\View->render('404', Array, true)
#6 /home2/realias6/CI_FrameWork/app/Helpers/lang_helper.php(8): view('404')
#7 /home2/realias6/CI_FrameWork/app/Controllers/Error_404.php(12): lang_check()
#8 /home2/realias6/CI_FrameWork/system/CodeIgniter.php(914): App\Controllers\Error_404->show404()
#9 /home2/realias6/CI_FrameWork/system/CodeIgniter.php(950): CodeIgniter\CodeIgniter->runController(Object(App\Controllers\Error_404))
#10 /home2/realias6/CI_FrameWork/system/CodeIgniter.php(324): CodeIgniter\CodeIgniter->display404errors(Object(CodeIgniter\Exceptions\PageNotFoundException))
#11 /home2/realias6/elrowad-eg.com/index.php(45): CodeIgniter\CodeIgniter->run()
#12 {main}
CRITICAL - 2022-10-07 18:24:41 --> Undefined variable: lang
#0 /home2/realias6/CI_FrameWork/app/Views/layout/footer.php(27): CodeIgniter\Debug\Exceptions->errorHandler(8, 'Undefined varia...', '/home2/realias6...', 27, Array)
#1 /home2/realias6/CI_FrameWork/system/View/View.php(246): include('/home2/realias6...')
#2 /home2/realias6/CI_FrameWork/system/Common.php(1087): CodeIgniter\View\View->render('layout/footer', Array, true)
#3 /home2/realias6/CI_FrameWork/app/Views/404.php(241): view('layout/footer')
#4 /home2/realias6/CI_FrameWork/system/View/View.php(246): include('/home2/realias6...')
#5 /home2/realias6/CI_FrameWork/system/Common.php(1087): CodeIgniter\View\View->render('404', Array, true)
#6 /home2/realias6/CI_FrameWork/app/Helpers/lang_helper.php(8): view('404')
#7 /home2/realias6/CI_FrameWork/app/Controllers/Error_404.php(12): lang_check()
#8 /home2/realias6/CI_FrameWork/system/CodeIgniter.php(914): App\Controllers\Error_404->show404()
#9 /home2/realias6/CI_FrameWork/system/CodeIgniter.php(950): CodeIgniter\CodeIgniter->runController(Object(App\Controllers\Error_404))
#10 /home2/realias6/CI_FrameWork/system/CodeIgniter.php(324): CodeIgniter\CodeIgniter->display404errors(Object(CodeIgniter\Exceptions\PageNotFoundException))
#11 /home2/realias6/elrowad-eg.com/index.php(45): CodeIgniter\CodeIgniter->run()
#12 {main}
CRITICAL - 2022-10-07 19:02:33 --> Undefined variable: lang
#0 /home2/realias6/CI_FrameWork/app/Views/layout/footer.php(27): CodeIgniter\Debug\Exceptions->errorHandler(8, 'Undefined varia...', '/home2/realias6...', 27, Array)
#1 /home2/realias6/CI_FrameWork/system/View/View.php(246): include('/home2/realias6...')
#2 /home2/realias6/CI_FrameWork/system/Common.php(1087): CodeIgniter\View\View->render('layout/footer', Array, true)
#3 /home2/realias6/CI_FrameWork/app/Views/404.php(241): view('layout/footer')
#4 /home2/realias6/CI_FrameWork/system/View/View.php(246): include('/home2/realias6...')
#5 /home2/realias6/CI_FrameWork/system/Common.php(1087): CodeIgniter\View\View->render('404', Array, true)
#6 /home2/realias6/CI_FrameWork/app/Helpers/lang_helper.php(8): view('404')
#7 /home2/realias6/CI_FrameWork/app/Controllers/Error_404.php(12): lang_check()
#8 /home2/realias6/CI_FrameWork/system/CodeIgniter.php(914): App\Controllers\Error_404->show404('bg-5.png')
#9 /home2/realias6/CI_FrameWork/system/CodeIgniter.php(950): CodeIgniter\CodeIgniter->runController(Object(App\Controllers\Error_404))
#10 /home2/realias6/CI_FrameWork/system/CodeIgniter.php(324): CodeIgniter\CodeIgniter->display404errors(Object(CodeIgniter\Exceptions\PageNotFoundException))
#11 /home2/realias6/elrowad-eg.com/index.php(45): CodeIgniter\CodeIgniter->run()
#12 {main}
CRITICAL - 2022-10-07 19:02:54 --> Undefined variable: lang
#0 /home2/realias6/CI_FrameWork/app/Views/layout/footer.php(27): CodeIgniter\Debug\Exceptions->errorHandler(8, 'Undefined varia...', '/home2/realias6...', 27, Array)
#1 /home2/realias6/CI_FrameWork/system/View/View.php(246): include('/home2/realias6...')
#2 /home2/realias6/CI_FrameWork/system/Common.php(1087): CodeIgniter\View\View->render('layout/footer', Array, true)
#3 /home2/realias6/CI_FrameWork/app/Views/404.php(241): view('layout/footer')
#4 /home2/realias6/CI_FrameWork/system/View/View.php(246): include('/home2/realias6...')
#5 /home2/realias6/CI_FrameWork/system/Common.php(1087): CodeIgniter\View\View->render('404', Array, true)
#6 /home2/realias6/CI_FrameWork/app/Helpers/lang_helper.php(8): view('404')
#7 /home2/realias6/CI_FrameWork/app/Controllers/Error_404.php(12): lang_check()
#8 /home2/realias6/CI_FrameWork/system/CodeIgniter.php(914): App\Controllers\Error_404->show404('background', 'bg-5.png')
#9 /home2/realias6/CI_FrameWork/system/CodeIgniter.php(950): CodeIgniter\CodeIgniter->runController(Object(App\Controllers\Error_404))
#10 /home2/realias6/CI_FrameWork/system/CodeIgniter.php(324): CodeIgniter\CodeIgniter->display404errors(Object(CodeIgniter\Exceptions\PageNotFoundException))
#11 /home2/realias6/elrowad-eg.com/index.php(45): CodeIgniter\CodeIgniter->run()
#12 {main}
CRITICAL - 2022-10-07 19:59:33 --> Undefined variable: lang
#0 /home2/realias6/CI_FrameWork/app/Views/layout/footer.php(27): CodeIgniter\Debug\Exceptions->errorHandler(8, 'Undefined varia...', '/home2/realias6...', 27, Array)
#1 /home2/realias6/CI_FrameWork/system/View/View.php(246): include('/home2/realias6...')
#2 /home2/realias6/CI_FrameWork/system/Common.php(1087): CodeIgniter\View\View->render('layout/footer', Array, true)
#3 /home2/realias6/CI_FrameWork/app/Views/404.php(241): view('layout/footer')
#4 /home2/realias6/CI_FrameWork/system/View/View.php(246): include('/home2/realias6...')
#5 /home2/realias6/CI_FrameWork/system/Common.php(1087): CodeIgniter\View\View->render('404', Array, true)
#6 /home2/realias6/CI_FrameWork/app/Helpers/lang_helper.php(8): view('404')
#7 /home2/realias6/CI_FrameWork/app/Controllers/Home.php(13): lang_check()
#8 /home2/realias6/CI_FrameWork/system/CodeIgniter.php(886): App\Controllers\Home->__construct()
#9 /home2/realias6/CI_FrameWork/system/CodeIgniter.php(395): CodeIgniter\CodeIgniter->createController()
#10 /home2/realias6/CI_FrameWork/system/CodeIgniter.php(308): CodeIgniter\CodeIgniter->handleRequest(NULL, Object(Config\Cache), false)
#11 /home2/realias6/elrowad-eg.com/index.php(45): CodeIgniter\CodeIgniter->run()
#12 {main}
CRITICAL - 2022-10-07 20:06:13 --> Undefined variable: lang
#0 /home2/realias6/CI_FrameWork/app/Views/layout/footer.php(27): CodeIgniter\Debug\Exceptions->errorHandler(8, 'Undefined varia...', '/home2/realias6...', 27, Array)
#1 /home2/realias6/CI_FrameWork/system/View/View.php(246): include('/home2/realias6...')
#2 /home2/realias6/CI_FrameWork/system/Common.php(1087): CodeIgniter\View\View->render('layout/footer', Array, true)
#3 /home2/realias6/CI_FrameWork/app/Views/404.php(241): view('layout/footer')
#4 /home2/realias6/CI_FrameWork/system/View/View.php(246): include('/home2/realias6...')
#5 /home2/realias6/CI_FrameWork/system/Common.php(1087): CodeIgniter\View\View->render('404', Array, true)
#6 /home2/realias6/CI_FrameWork/app/Helpers/lang_helper.php(8): view('404')
#7 /home2/realias6/CI_FrameWork/app/Controllers/Home.php(13): lang_check()
#8 /home2/realias6/CI_FrameWork/system/CodeIgniter.php(886): App\Controllers\Home->__construct()
#9 /home2/realias6/CI_FrameWork/system/CodeIgniter.php(395): CodeIgniter\CodeIgniter->createController()
#10 /home2/realias6/CI_FrameWork/system/CodeIgniter.php(308): CodeIgniter\CodeIgniter->handleRequest(NULL, Object(Config\Cache), false)
#11 /home2/realias6/elrowad-eg.com/index.php(45): CodeIgniter\CodeIgniter->run()
#12 {main}
CRITICAL - 2022-10-07 20:31:28 --> Undefined variable: lang
#0 /home2/realias6/CI_FrameWork/app/Views/layout/footer.php(27): CodeIgniter\Debug\Exceptions->errorHandler(8, 'Undefined varia...', '/home2/realias6...', 27, Array)
#1 /home2/realias6/CI_FrameWork/system/View/View.php(246): include('/home2/realias6...')
#2 /home2/realias6/CI_FrameWork/system/Common.php(1087): CodeIgniter\View\View->render('layout/footer', Array, true)
#3 /home2/realias6/CI_FrameWork/app/Views/404.php(241): view('layout/footer')
#4 /home2/realias6/CI_FrameWork/system/View/View.php(246): include('/home2/realias6...')
#5 /home2/realias6/CI_FrameWork/system/Common.php(1087): CodeIgniter\View\View->render('404', Array, true)
#6 /home2/realias6/CI_FrameWork/app/Helpers/lang_helper.php(8): view('404')
#7 /home2/realias6/CI_FrameWork/app/Controllers/Error_404.php(12): lang_check()
#8 /home2/realias6/CI_FrameWork/system/CodeIgniter.php(914): App\Controllers\Error_404->show404('bg-5.png')
#9 /home2/realias6/CI_FrameWork/system/CodeIgniter.php(950): CodeIgniter\CodeIgniter->runController(Object(App\Controllers\Error_404))
#10 /home2/realias6/CI_FrameWork/system/CodeIgniter.php(324): CodeIgniter\CodeIgniter->display404errors(Object(CodeIgniter\Exceptions\PageNotFoundException))
#11 /home2/realias6/elrowad-eg.com/index.php(45): CodeIgniter\CodeIgniter->run()
#12 {main}
CRITICAL - 2022-10-07 20:31:31 --> Undefined variable: lang
#0 /home2/realias6/CI_FrameWork/app/Views/layout/footer.php(27): CodeIgniter\Debug\Exceptions->errorHandler(8, 'Undefined varia...', '/home2/realias6...', 27, Array)
#1 /home2/realias6/CI_FrameWork/system/View/View.php(246): include('/home2/realias6...')
#2 /home2/realias6/CI_FrameWork/system/Common.php(1087): CodeIgniter\View\View->render('layout/footer', Array, true)
#3 /home2/realias6/CI_FrameWork/app/Views/404.php(241): view('layout/footer')
#4 /home2/realias6/CI_FrameWork/system/View/View.php(246): include('/home2/realias6...')
#5 /home2/realias6/CI_FrameWork/system/Common.php(1087): CodeIgniter\View\View->render('404', Array, true)
#6 /home2/realias6/CI_FrameWork/app/Helpers/lang_helper.php(8): view('404')
#7 /home2/realias6/CI_FrameWork/app/Controllers/Error_404.php(12): lang_check()
#8 /home2/realias6/CI_FrameWork/system/CodeIgniter.php(914): App\Controllers\Error_404->show404('background', 'bg-5.png')
#9 /home2/realias6/CI_FrameWork/system/CodeIgniter.php(950): CodeIgniter\CodeIgniter->runController(Object(App\Controllers\Error_404))
#10 /home2/realias6/CI_FrameWork/system/CodeIgniter.php(324): CodeIgniter\CodeIgniter->display404errors(Object(CodeIgniter\Exceptions\PageNotFoundException))
#11 /home2/realias6/elrowad-eg.com/index.php(45): CodeIgniter\CodeIgniter->run()
#12 {main}
CRITICAL - 2022-10-07 20:31:32 --> Undefined variable: lang
#0 /home2/realias6/CI_FrameWork/app/Views/layout/footer.php(27): CodeIgniter\Debug\Exceptions->errorHandler(8, 'Undefined varia...', '/home2/realias6...', 27, Array)
#1 /home2/realias6/CI_FrameWork/system/View/View.php(246): include('/home2/realias6...')
#2 /home2/realias6/CI_FrameWork/system/Common.php(1087): CodeIgniter\View\View->render('layout/footer', Array, true)
#3 /home2/realias6/CI_FrameWork/app/Views/404.php(241): view('layout/footer')
#4 /home2/realias6/CI_FrameWork/system/View/View.php(246): include('/home2/realias6...')
#5 /home2/realias6/CI_FrameWork/system/Common.php(1087): CodeIgniter\View\View->render('404', Array, true)
#6 /home2/realias6/CI_FrameWork/app/Helpers/lang_helper.php(8): view('404')
#7 /home2/realias6/CI_FrameWork/app/Controllers/Error_404.php(12): lang_check()
#8 /home2/realias6/CI_FrameWork/system/CodeIgniter.php(914): App\Controllers\Error_404->show404('background', 'ptn-1.png')
#9 /home2/realias6/CI_FrameWork/system/CodeIgniter.php(950): CodeIgniter\CodeIgniter->runController(Object(App\Controllers\Error_404))
#10 /home2/realias6/CI_FrameWork/system/CodeIgniter.php(324): CodeIgniter\CodeIgniter->display404errors(Object(CodeIgniter\Exceptions\PageNotFoundException))
#11 /home2/realias6/elrowad-eg.com/index.php(45): CodeIgniter\CodeIgniter->run()
#12 {main}
CRITICAL - 2022-10-07 20:31:32 --> Undefined variable: lang
#0 /home2/realias6/CI_FrameWork/app/Views/layout/footer.php(27): CodeIgniter\Debug\Exceptions->errorHandler(8, 'Undefined varia...', '/home2/realias6...', 27, Array)
#1 /home2/realias6/CI_FrameWork/system/View/View.php(246): include('/home2/realias6...')
#2 /home2/realias6/CI_FrameWork/system/Common.php(1087): CodeIgniter\View\View->render('layout/footer', Array, true)
#3 /home2/realias6/CI_FrameWork/app/Views/404.php(241): view('layout/footer')
#4 /home2/realias6/CI_FrameWork/system/View/View.php(246): include('/home2/realias6...')
#5 /home2/realias6/CI_FrameWork/system/Common.php(1087): CodeIgniter\View\View->render('404', Array, true)
#6 /home2/realias6/CI_FrameWork/app/Helpers/lang_helper.php(8): view('404')
#7 /home2/realias6/CI_FrameWork/app/Controllers/Error_404.php(12): lang_check()
#8 /home2/realias6/CI_FrameWork/system/CodeIgniter.php(914): App\Controllers\Error_404->show404('line.png')
#9 /home2/realias6/CI_FrameWork/system/CodeIgniter.php(950): CodeIgniter\CodeIgniter->runController(Object(App\Controllers\Error_404))
#10 /home2/realias6/CI_FrameWork/system/CodeIgniter.php(324): CodeIgniter\CodeIgniter->display404errors(Object(CodeIgniter\Exceptions\PageNotFoundException))
#11 /home2/realias6/elrowad-eg.com/index.php(45): CodeIgniter\CodeIgniter->run()
#12 {main}
CRITICAL - 2022-10-07 20:32:10 --> Undefined variable: lang
#0 /home2/realias6/CI_FrameWork/app/Views/layout/footer.php(27): CodeIgniter\Debug\Exceptions->errorHandler(8, 'Undefined varia...', '/home2/realias6...', 27, Array)
#1 /home2/realias6/CI_FrameWork/system/View/View.php(246): include('/home2/realias6...')
#2 /home2/realias6/CI_FrameWork/system/Common.php(1087): CodeIgniter\View\View->render('layout/footer', Array, true)
#3 /home2/realias6/CI_FrameWork/app/Views/404.php(241): view('layout/footer')
#4 /home2/realias6/CI_FrameWork/system/View/View.php(246): include('/home2/realias6...')
#5 /home2/realias6/CI_FrameWork/system/Common.php(1087): CodeIgniter\View\View->render('404', Array, true)
#6 /home2/realias6/CI_FrameWork/app/Helpers/lang_helper.php(8): view('404')
#7 /home2/realias6/CI_FrameWork/app/Controllers/Error_404.php(12): lang_check()
#8 /home2/realias6/CI_FrameWork/system/CodeIgniter.php(914): App\Controllers\Error_404->show404('background', 'bg-5.png')
#9 /home2/realias6/CI_FrameWork/system/CodeIgniter.php(950): CodeIgniter\CodeIgniter->runController(Object(App\Controllers\Error_404))
#10 /home2/realias6/CI_FrameWork/system/CodeIgniter.php(324): CodeIgniter\CodeIgniter->display404errors(Object(CodeIgniter\Exceptions\PageNotFoundException))
#11 /home2/realias6/elrowad-eg.com/index.php(45): CodeIgniter\CodeIgniter->run()
#12 {main}
CRITICAL - 2022-10-07 21:25:06 --> Undefined variable: lang
#0 /home2/realias6/CI_FrameWork/app/Views/layout/footer.php(27): CodeIgniter\Debug\Exceptions->errorHandler(8, 'Undefined varia...', '/home2/realias6...', 27, Array)
#1 /home2/realias6/CI_FrameWork/system/View/View.php(246): include('/home2/realias6...')
#2 /home2/realias6/CI_FrameWork/system/Common.php(1087): CodeIgniter\View\View->render('layout/footer', Array, true)
#3 /home2/realias6/CI_FrameWork/app/Views/404.php(241): view('layout/footer')
#4 /home2/realias6/CI_FrameWork/system/View/View.php(246): include('/home2/realias6...')
#5 /home2/realias6/CI_FrameWork/system/Common.php(1087): CodeIgniter\View\View->render('404', Array, true)
#6 /home2/realias6/CI_FrameWork/app/Helpers/lang_helper.php(8): view('404')
#7 /home2/realias6/CI_FrameWork/app/Controllers/Home.php(13): lang_check()
#8 /home2/realias6/CI_FrameWork/system/CodeIgniter.php(886): App\Controllers\Home->__construct()
#9 /home2/realias6/CI_FrameWork/system/CodeIgniter.php(395): CodeIgniter\CodeIgniter->createController()
#10 /home2/realias6/CI_FrameWork/system/CodeIgniter.php(308): CodeIgniter\CodeIgniter->handleRequest(NULL, Object(Config\Cache), false)
#11 /home2/realias6/elrowad-eg.com/index.php(45): CodeIgniter\CodeIgniter->run()
#12 {main}
CRITICAL - 2022-10-07 21:29:17 --> Undefined variable: lang
#0 /home2/realias6/CI_FrameWork/app/Views/layout/footer.php(27): CodeIgniter\Debug\Exceptions->errorHandler(8, 'Undefined varia...', '/home2/realias6...', 27, Array)
#1 /home2/realias6/CI_FrameWork/system/View/View.php(246): include('/home2/realias6...')
#2 /home2/realias6/CI_FrameWork/system/Common.php(1087): CodeIgniter\View\View->render('layout/footer', Array, true)
#3 /home2/realias6/CI_FrameWork/app/Views/404.php(241): view('layout/footer')
#4 /home2/realias6/CI_FrameWork/system/View/View.php(246): include('/home2/realias6...')
#5 /home2/realias6/CI_FrameWork/system/Common.php(1087): CodeIgniter\View\View->render('404', Array, true)
#6 /home2/realias6/CI_FrameWork/app/Helpers/lang_helper.php(8): view('404')
#7 /home2/realias6/CI_FrameWork/app/Controllers/Error_404.php(12): lang_check()
#8 /home2/realias6/CI_FrameWork/system/CodeIgniter.php(914): App\Controllers\Error_404->show404()
#9 /home2/realias6/CI_FrameWork/system/CodeIgniter.php(950): CodeIgniter\CodeIgniter->runController(Object(App\Controllers\Error_404))
#10 /home2/realias6/CI_FrameWork/system/CodeIgniter.php(324): CodeIgniter\CodeIgniter->display404errors(Object(CodeIgniter\Exceptions\PageNotFoundException))
#11 /home2/realias6/elrowad-eg.com/index.php(45): CodeIgniter\CodeIgniter->run()
#12 {main}
CRITICAL - 2022-10-07 21:48:27 --> Undefined variable: lang
#0 /home2/realias6/CI_FrameWork/app/Views/layout/footer.php(27): CodeIgniter\Debug\Exceptions->errorHandler(8, 'Undefined varia...', '/home2/realias6...', 27, Array)
#1 /home2/realias6/CI_FrameWork/system/View/View.php(246): include('/home2/realias6...')
#2 /home2/realias6/CI_FrameWork/system/Common.php(1087): CodeIgniter\View\View->render('layout/footer', Array, true)
#3 /home2/realias6/CI_FrameWork/app/Views/404.php(241): view('layout/footer')
#4 /home2/realias6/CI_FrameWork/system/View/View.php(246): include('/home2/realias6...')
#5 /home2/realias6/CI_FrameWork/system/Common.php(1087): CodeIgniter\View\View->render('404', Array, true)
#6 /home2/realias6/CI_FrameWork/app/Helpers/lang_helper.php(8): view('404')
#7 /home2/realias6/CI_FrameWork/app/Controllers/Home.php(13): lang_check()
#8 /home2/realias6/CI_FrameWork/system/CodeIgniter.php(886): App\Controllers\Home->__construct()
#9 /home2/realias6/CI_FrameWork/system/CodeIgniter.php(395): CodeIgniter\CodeIgniter->createController()
#10 /home2/realias6/CI_FrameWork/system/CodeIgniter.php(308): CodeIgniter\CodeIgniter->handleRequest(NULL, Object(Config\Cache), false)
#11 /home2/realias6/elrowad-eg.com/index.php(45): CodeIgniter\CodeIgniter->run()
#12 {main}
CRITICAL - 2022-10-07 22:07:03 --> Undefined variable: lang
#0 /home2/realias6/CI_FrameWork/app/Views/layout/footer.php(27): CodeIgniter\Debug\Exceptions->errorHandler(8, 'Undefined varia...', '/home2/realias6...', 27, Array)
#1 /home2/realias6/CI_FrameWork/system/View/View.php(246): include('/home2/realias6...')
#2 /home2/realias6/CI_FrameWork/system/Common.php(1087): CodeIgniter\View\View->render('layout/footer', Array, true)
#3 /home2/realias6/CI_FrameWork/app/Views/404.php(241): view('layout/footer')
#4 /home2/realias6/CI_FrameWork/system/View/View.php(246): include('/home2/realias6...')
#5 /home2/realias6/CI_FrameWork/system/Common.php(1087): CodeIgniter\View\View->render('404', Array, true)
#6 /home2/realias6/CI_FrameWork/app/Helpers/lang_helper.php(8): view('404')
#7 /home2/realias6/CI_FrameWork/app/Controllers/Home.php(13): lang_check()
#8 /home2/realias6/CI_FrameWork/system/CodeIgniter.php(886): App\Controllers\Home->__construct()
#9 /home2/realias6/CI_FrameWork/system/CodeIgniter.php(395): CodeIgniter\CodeIgniter->createController()
#10 /home2/realias6/CI_FrameWork/system/CodeIgniter.php(308): CodeIgniter\CodeIgniter->handleRequest(NULL, Object(Config\Cache), false)
#11 /home2/realias6/elrowad-eg.com/index.php(45): CodeIgniter\CodeIgniter->run()
#12 {main}
CRITICAL - 2022-10-07 22:15:36 --> Undefined variable: lang
#0 /home2/realias6/CI_FrameWork/app/Views/layout/footer.php(27): CodeIgniter\Debug\Exceptions->errorHandler(8, 'Undefined varia...', '/home2/realias6...', 27, Array)
#1 /home2/realias6/CI_FrameWork/system/View/View.php(246): include('/home2/realias6...')
#2 /home2/realias6/CI_FrameWork/system/Common.php(1087): CodeIgniter\View\View->render('layout/footer', Array, true)
#3 /home2/realias6/CI_FrameWork/app/Views/404.php(241): view('layout/footer')
#4 /home2/realias6/CI_FrameWork/system/View/View.php(246): include('/home2/realias6...')
#5 /home2/realias6/CI_FrameWork/system/Common.php(1087): CodeIgniter\View\View->render('404', Array, true)
#6 /home2/realias6/CI_FrameWork/app/Helpers/lang_helper.php(8): view('404')
#7 /home2/realias6/CI_FrameWork/app/Controllers/Home.php(13): lang_check()
#8 /home2/realias6/CI_FrameWork/system/CodeIgniter.php(886): App\Controllers\Home->__construct()
#9 /home2/realias6/CI_FrameWork/system/CodeIgniter.php(395): CodeIgniter\CodeIgniter->createController()
#10 /home2/realias6/CI_FrameWork/system/CodeIgniter.php(308): CodeIgniter\CodeIgniter->handleRequest(NULL, Object(Config\Cache), false)
#11 /home2/realias6/elrowad-eg.com/index.php(45): CodeIgniter\CodeIgniter->run()
#12 {main}
CRITICAL - 2022-10-07 22:24:07 --> Undefined variable: lang
#0 /home2/realias6/CI_FrameWork/app/Views/layout/footer.php(27): CodeIgniter\Debug\Exceptions->errorHandler(8, 'Undefined varia...', '/home2/realias6...', 27, Array)
#1 /home2/realias6/CI_FrameWork/system/View/View.php(246): include('/home2/realias6...')
#2 /home2/realias6/CI_FrameWork/system/Common.php(1087): CodeIgniter\View\View->render('layout/footer', Array, true)
#3 /home2/realias6/CI_FrameWork/app/Views/404.php(241): view('layout/footer')
#4 /home2/realias6/CI_FrameWork/system/View/View.php(246): include('/home2/realias6...')
#5 /home2/realias6/CI_FrameWork/system/Common.php(1087): CodeIgniter\View\View->render('404', Array, true)
#6 /home2/realias6/CI_FrameWork/app/Helpers/lang_helper.php(8): view('404')
#7 /home2/realias6/CI_FrameWork/app/Controllers/Error_404.php(12): lang_check()
#8 /home2/realias6/CI_FrameWork/system/CodeIgniter.php(914): App\Controllers\Error_404->show404('bg-5.png')
#9 /home2/realias6/CI_FrameWork/system/CodeIgniter.php(950): CodeIgniter\CodeIgniter->runController(Object(App\Controllers\Error_404))
#10 /home2/realias6/CI_FrameWork/system/CodeIgniter.php(324): CodeIgniter\CodeIgniter->display404errors(Object(CodeIgniter\Exceptions\PageNotFoundException))
#11 /home2/realias6/elrowad-eg.com/index.php(45): CodeIgniter\CodeIgniter->run()
#12 {main}
CRITICAL - 2022-10-07 22:24:34 --> Undefined variable: lang
#0 /home2/realias6/CI_FrameWork/app/Views/layout/footer.php(27): CodeIgniter\Debug\Exceptions->errorHandler(8, 'Undefined varia...', '/home2/realias6...', 27, Array)
#1 /home2/realias6/CI_FrameWork/system/View/View.php(246): include('/home2/realias6...')
#2 /home2/realias6/CI_FrameWork/system/Common.php(1087): CodeIgniter\View\View->render('layout/footer', Array, true)
#3 /home2/realias6/CI_FrameWork/app/Views/404.php(241): view('layout/footer')
#4 /home2/realias6/CI_FrameWork/system/View/View.php(246): include('/home2/realias6...')
#5 /home2/realias6/CI_FrameWork/system/Common.php(1087): CodeIgniter\View\View->render('404', Array, true)
#6 /home2/realias6/CI_FrameWork/app/Helpers/lang_helper.php(8): view('404')
#7 /home2/realias6/CI_FrameWork/app/Controllers/Error_404.php(12): lang_check()
#8 /home2/realias6/CI_FrameWork/system/CodeIgniter.php(914): App\Controllers\Error_404->show404('background', 'bg-5.png')
#9 /home2/realias6/CI_FrameWork/system/CodeIgniter.php(950): CodeIgniter\CodeIgniter->runController(Object(App\Controllers\Error_404))
#10 /home2/realias6/CI_FrameWork/system/CodeIgniter.php(324): CodeIgniter\CodeIgniter->display404errors(Object(CodeIgniter\Exceptions\PageNotFoundException))
#11 /home2/realias6/elrowad-eg.com/index.php(45): CodeIgniter\CodeIgniter->run()
#12 {main}
CRITICAL - 2022-10-07 23:39:43 --> Undefined variable: item
#0 /home2/realias6/CI_FrameWork/app/Views/careers/show.php(58): CodeIgniter\Debug\Exceptions->errorHandler(8, 'Undefined varia...', '/home2/realias6...', 58, Array)
#1 /home2/realias6/CI_FrameWork/system/View/View.php(246): include('/home2/realias6...')
#2 /home2/realias6/CI_FrameWork/system/Common.php(1087): CodeIgniter\View\View->render('careers/show', Array, true)
#3 /home2/realias6/CI_FrameWork/app/Controllers/Careers.php(83): view('careers/show', Array)
#4 /home2/realias6/CI_FrameWork/system/CodeIgniter.php(914): App\Controllers\Careers->show('hacked-by-shaha...', '')
#5 /home2/realias6/CI_FrameWork/system/CodeIgniter.php(400): CodeIgniter\CodeIgniter->runController(Object(App\Controllers\Careers))
#6 /home2/realias6/CI_FrameWork/system/CodeIgniter.php(308): CodeIgniter\CodeIgniter->handleRequest(NULL, Object(Config\Cache), false)
#7 /home2/realias6/elrowad-eg.com/index.php(45): CodeIgniter\CodeIgniter->run()
#8 {main}
CRITICAL - 2022-10-07 23:45:29 --> Undefined variable: lang
#0 /home2/realias6/CI_FrameWork/app/Views/layout/footer.php(27): CodeIgniter\Debug\Exceptions->errorHandler(8, 'Undefined varia...', '/home2/realias6...', 27, Array)
#1 /home2/realias6/CI_FrameWork/system/View/View.php(246): include('/home2/realias6...')
#2 /home2/realias6/CI_FrameWork/system/Common.php(1087): CodeIgniter\View\View->render('layout/footer', Array, true)
#3 /home2/realias6/CI_FrameWork/app/Views/404.php(241): view('layout/footer')
#4 /home2/realias6/CI_FrameWork/system/View/View.php(246): include('/home2/realias6...')
#5 /home2/realias6/CI_FrameWork/system/Common.php(1087): CodeIgniter\View\View->render('404', Array, true)
#6 /home2/realias6/CI_FrameWork/app/Helpers/lang_helper.php(8): view('404')
#7 /home2/realias6/CI_FrameWork/app/Controllers/Error_404.php(12): lang_check()
#8 /home2/realias6/CI_FrameWork/system/CodeIgniter.php(914): App\Controllers\Error_404->show404('bg-5.png')
#9 /home2/realias6/CI_FrameWork/system/CodeIgniter.php(950): CodeIgniter\CodeIgniter->runController(Object(App\Controllers\Error_404))
#10 /home2/realias6/CI_FrameWork/system/CodeIgniter.php(324): CodeIgniter\CodeIgniter->display404errors(Object(CodeIgniter\Exceptions\PageNotFoundException))
#11 /home2/realias6/elrowad-eg.com/index.php(45): CodeIgniter\CodeIgniter->run()
#12 {main}
CRITICAL - 2022-10-07 23:46:04 --> Undefined variable: lang
#0 /home2/realias6/CI_FrameWork/app/Views/layout/footer.php(27): CodeIgniter\Debug\Exceptions->errorHandler(8, 'Undefined varia...', '/home2/realias6...', 27, Array)
#1 /home2/realias6/CI_FrameWork/system/View/View.php(246): include('/home2/realias6...')
#2 /home2/realias6/CI_FrameWork/system/Common.php(1087): CodeIgniter\View\View->render('layout/footer', Array, true)
#3 /home2/realias6/CI_FrameWork/app/Views/404.php(241): view('layout/footer')
#4 /home2/realias6/CI_FrameWork/system/View/View.php(246): include('/home2/realias6...')
#5 /home2/realias6/CI_FrameWork/system/Common.php(1087): CodeIgniter\View\View->render('404', Array, true)
#6 /home2/realias6/CI_FrameWork/app/Helpers/lang_helper.php(8): view('404')
#7 /home2/realias6/CI_FrameWork/app/Controllers/Error_404.php(12): lang_check()
#8 /home2/realias6/CI_FrameWork/system/CodeIgniter.php(914): App\Controllers\Error_404->show404('background', 'bg-5.png')
#9 /home2/realias6/CI_FrameWork/system/CodeIgniter.php(950): CodeIgniter\CodeIgniter->runController(Object(App\Controllers\Error_404))
#10 /home2/realias6/CI_FrameWork/system/CodeIgniter.php(324): CodeIgniter\CodeIgniter->display404errors(Object(CodeIgniter\Exceptions\PageNotFoundException))
#11 /home2/realias6/elrowad-eg.com/index.php(45): CodeIgniter\CodeIgniter->run()
#12 {main}
CRITICAL - 2022-10-07 23:58:11 --> Undefined variable: lang
#0 /home2/realias6/CI_FrameWork/app/Views/layout/footer.php(27): CodeIgniter\Debug\Exceptions->errorHandler(8, 'Undefined varia...', '/home2/realias6...', 27, Array)
#1 /home2/realias6/CI_FrameWork/system/View/View.php(246): include('/home2/realias6...')
#2 /home2/realias6/CI_FrameWork/system/Common.php(1087): CodeIgniter\View\View->render('layout/footer', Array, true)
#3 /home2/realias6/CI_FrameWork/app/Views/404.php(241): view('layout/footer')
#4 /home2/realias6/CI_FrameWork/system/View/View.php(246): include('/home2/realias6...')
#5 /home2/realias6/CI_FrameWork/system/Common.php(1087): CodeIgniter\View\View->render('404', Array, true)
#6 /home2/realias6/CI_FrameWork/app/Helpers/lang_helper.php(8): view('404')
#7 /home2/realias6/CI_FrameWork/app/Controllers/Error_404.php(12): lang_check()
#8 /home2/realias6/CI_FrameWork/system/CodeIgniter.php(914): App\Controllers\Error_404->show404('background', 'bg-5.png')
#9 /home2/realias6/CI_FrameWork/system/CodeIgniter.php(950): CodeIgniter\CodeIgniter->runController(Object(App\Controllers\Error_404))
#10 /home2/realias6/CI_FrameWork/system/CodeIgniter.php(324): CodeIgniter\CodeIgniter->display404errors(Object(CodeIgniter\Exceptions\PageNotFoundException))
#11 /home2/realias6/elrowad-eg.com/index.php(45): CodeIgniter\CodeIgniter->run()
#12 {main}
CRITICAL - 2022-10-07 23:59:49 --> Undefined variable: lang
#0 /home2/realias6/CI_FrameWork/app/Views/layout/footer.php(27): CodeIgniter\Debug\Exceptions->errorHandler(8, 'Undefined varia...', '/home2/realias6...', 27, Array)
#1 /home2/realias6/CI_FrameWork/system/View/View.php(246): include('/home2/realias6...')
#2 /home2/realias6/CI_FrameWork/system/Common.php(1087): CodeIgniter\View\View->render('layout/footer', Array, true)
#3 /home2/realias6/CI_FrameWork/app/Views/404.php(241): view('layout/footer')
#4 /home2/realias6/CI_FrameWork/system/View/View.php(246): include('/home2/realias6...')
#5 /home2/realias6/CI_FrameWork/system/Common.php(1087): CodeIgniter\View\View->render('404', Array, true)
#6 /home2/realias6/CI_FrameWork/app/Helpers/lang_helper.php(8): view('404')
#7 /home2/realias6/CI_FrameWork/app/Controllers/Error_404.php(12): lang_check()
#8 /home2/realias6/CI_FrameWork/system/CodeIgniter.php(914): App\Controllers\Error_404->show404('background', 'bg-5.png')
#9 /home2/realias6/CI_FrameWork/system/CodeIgniter.php(950): CodeIgniter\CodeIgniter->runController(Object(App\Controllers\Error_404))
#10 /home2/realias6/CI_FrameWork/system/CodeIgniter.php(324): CodeIgniter\CodeIgniter->display404errors(Object(CodeIgniter\Exceptions\PageNotFoundException))
#11 /home2/realias6/elrowad-eg.com/index.php(45): CodeIgniter\CodeIgniter->run()
#12 {main}
