CRITICAL - 2022-10-19 00:02:16 --> Undefined variable: lang
#0 /home2/realias6/CI_FrameWork/app/Views/layout/footer.php(27): CodeIgniter\Debug\Exceptions->errorHandler(8, 'Undefined varia...', '/home2/realias6...', 27, Array)
#1 /home2/realias6/CI_FrameWork/system/View/View.php(246): include('/home2/realias6...')
#2 /home2/realias6/CI_FrameWork/system/Common.php(1087): CodeIgniter\View\View->render('layout/footer', Array, true)
#3 /home2/realias6/CI_FrameWork/app/Views/404.php(241): view('layout/footer')
#4 /home2/realias6/CI_FrameWork/system/View/View.php(246): include('/home2/realias6...')
#5 /home2/realias6/CI_FrameWork/system/Common.php(1087): CodeIgniter\View\View->render('404', Array, true)
#6 /home2/realias6/CI_FrameWork/app/Helpers/lang_helper.php(8): view('404')
#7 /home2/realias6/CI_FrameWork/app/Controllers/Error_404.php(12): lang_check()
#8 /home2/realias6/CI_FrameWork/system/CodeIgniter.php(914): App\Controllers\Error_404->show404()
#9 /home2/realias6/CI_FrameWork/system/CodeIgniter.php(950): CodeIgniter\CodeIgniter->runController(Object(App\Controllers\Error_404))
#10 /home2/realias6/CI_FrameWork/system/CodeIgniter.php(324): CodeIgniter\CodeIgniter->display404errors(Object(CodeIgniter\Exceptions\PageNotFoundException))
#11 /home2/realias6/elrowad-eg.com/index.php(45): CodeIgniter\CodeIgniter->run()
#12 {main}
CRITICAL - 2022-10-19 00:28:12 --> Undefined variable: lang
#0 /home2/realias6/CI_FrameWork/app/Views/layout/footer.php(27): CodeIgniter\Debug\Exceptions->errorHandler(8, 'Undefined varia...', '/home2/realias6...', 27, Array)
#1 /home2/realias6/CI_FrameWork/system/View/View.php(246): include('/home2/realias6...')
#2 /home2/realias6/CI_FrameWork/system/Common.php(1087): CodeIgniter\View\View->render('layout/footer', Array, true)
#3 /home2/realias6/CI_FrameWork/app/Views/404.php(241): view('layout/footer')
#4 /home2/realias6/CI_FrameWork/system/View/View.php(246): include('/home2/realias6...')
#5 /home2/realias6/CI_FrameWork/system/Common.php(1087): CodeIgniter\View\View->render('404', Array, true)
#6 /home2/realias6/CI_FrameWork/app/Helpers/lang_helper.php(8): view('404')
#7 /home2/realias6/CI_FrameWork/app/Controllers/Error_404.php(12): lang_check()
#8 /home2/realias6/CI_FrameWork/system/CodeIgniter.php(914): App\Controllers\Error_404->show404('bg-5.png')
#9 /home2/realias6/CI_FrameWork/system/CodeIgniter.php(950): CodeIgniter\CodeIgniter->runController(Object(App\Controllers\Error_404))
#10 /home2/realias6/CI_FrameWork/system/CodeIgniter.php(324): CodeIgniter\CodeIgniter->display404errors(Object(CodeIgniter\Exceptions\PageNotFoundException))
#11 /home2/realias6/elrowad-eg.com/index.php(45): CodeIgniter\CodeIgniter->run()
#12 {main}
CRITICAL - 2022-10-19 01:07:50 --> Undefined variable: lang
#0 /home2/realias6/CI_FrameWork/app/Views/layout/footer.php(27): CodeIgniter\Debug\Exceptions->errorHandler(8, 'Undefined varia...', '/home2/realias6...', 27, Array)
#1 /home2/realias6/CI_FrameWork/system/View/View.php(246): include('/home2/realias6...')
#2 /home2/realias6/CI_FrameWork/system/Common.php(1087): CodeIgniter\View\View->render('layout/footer', Array, true)
#3 /home2/realias6/CI_FrameWork/app/Views/404.php(241): view('layout/footer')
#4 /home2/realias6/CI_FrameWork/system/View/View.php(246): include('/home2/realias6...')
#5 /home2/realias6/CI_FrameWork/system/Common.php(1087): CodeIgniter\View\View->render('404', Array, true)
#6 /home2/realias6/CI_FrameWork/app/Helpers/lang_helper.php(8): view('404')
#7 /home2/realias6/CI_FrameWork/app/Controllers/Error_404.php(12): lang_check()
#8 /home2/realias6/CI_FrameWork/system/CodeIgniter.php(914): App\Controllers\Error_404->show404('bg-5.png')
#9 /home2/realias6/CI_FrameWork/system/CodeIgniter.php(950): CodeIgniter\CodeIgniter->runController(Object(App\Controllers\Error_404))
#10 /home2/realias6/CI_FrameWork/system/CodeIgniter.php(324): CodeIgniter\CodeIgniter->display404errors(Object(CodeIgniter\Exceptions\PageNotFoundException))
#11 /home2/realias6/elrowad-eg.com/index.php(45): CodeIgniter\CodeIgniter->run()
#12 {main}
CRITICAL - 2022-10-19 01:08:02 --> Undefined variable: lang
#0 /home2/realias6/CI_FrameWork/app/Views/layout/footer.php(27): CodeIgniter\Debug\Exceptions->errorHandler(8, 'Undefined varia...', '/home2/realias6...', 27, Array)
#1 /home2/realias6/CI_FrameWork/system/View/View.php(246): include('/home2/realias6...')
#2 /home2/realias6/CI_FrameWork/system/Common.php(1087): CodeIgniter\View\View->render('layout/footer', Array, true)
#3 /home2/realias6/CI_FrameWork/app/Views/404.php(241): view('layout/footer')
#4 /home2/realias6/CI_FrameWork/system/View/View.php(246): include('/home2/realias6...')
#5 /home2/realias6/CI_FrameWork/system/Common.php(1087): CodeIgniter\View\View->render('404', Array, true)
#6 /home2/realias6/CI_FrameWork/app/Helpers/lang_helper.php(8): view('404')
#7 /home2/realias6/CI_FrameWork/app/Controllers/Error_404.php(12): lang_check()
#8 /home2/realias6/CI_FrameWork/system/CodeIgniter.php(914): App\Controllers\Error_404->show404('background', 'bg-5.png')
#9 /home2/realias6/CI_FrameWork/system/CodeIgniter.php(950): CodeIgniter\CodeIgniter->runController(Object(App\Controllers\Error_404))
#10 /home2/realias6/CI_FrameWork/system/CodeIgniter.php(324): CodeIgniter\CodeIgniter->display404errors(Object(CodeIgniter\Exceptions\PageNotFoundException))
#11 /home2/realias6/elrowad-eg.com/index.php(45): CodeIgniter\CodeIgniter->run()
#12 {main}
CRITICAL - 2022-10-19 01:56:45 --> Undefined variable: lang
#0 /home2/realias6/CI_FrameWork/app/Views/layout/footer.php(27): CodeIgniter\Debug\Exceptions->errorHandler(8, 'Undefined varia...', '/home2/realias6...', 27, Array)
#1 /home2/realias6/CI_FrameWork/system/View/View.php(246): include('/home2/realias6...')
#2 /home2/realias6/CI_FrameWork/system/Common.php(1087): CodeIgniter\View\View->render('layout/footer', Array, true)
#3 /home2/realias6/CI_FrameWork/app/Views/404.php(241): view('layout/footer')
#4 /home2/realias6/CI_FrameWork/system/View/View.php(246): include('/home2/realias6...')
#5 /home2/realias6/CI_FrameWork/system/Common.php(1087): CodeIgniter\View\View->render('404', Array, true)
#6 /home2/realias6/CI_FrameWork/app/Helpers/lang_helper.php(8): view('404')
#7 /home2/realias6/CI_FrameWork/app/Controllers/Home.php(13): lang_check()
#8 /home2/realias6/CI_FrameWork/system/CodeIgniter.php(886): App\Controllers\Home->__construct()
#9 /home2/realias6/CI_FrameWork/system/CodeIgniter.php(395): CodeIgniter\CodeIgniter->createController()
#10 /home2/realias6/CI_FrameWork/system/CodeIgniter.php(308): CodeIgniter\CodeIgniter->handleRequest(NULL, Object(Config\Cache), false)
#11 /home2/realias6/elrowad-eg.com/index.php(45): CodeIgniter\CodeIgniter->run()
#12 {main}
CRITICAL - 2022-10-19 01:56:45 --> Undefined variable: lang
#0 /home2/realias6/CI_FrameWork/app/Views/layout/footer.php(27): CodeIgniter\Debug\Exceptions->errorHandler(8, 'Undefined varia...', '/home2/realias6...', 27, Array)
#1 /home2/realias6/CI_FrameWork/system/View/View.php(246): include('/home2/realias6...')
#2 /home2/realias6/CI_FrameWork/system/Common.php(1087): CodeIgniter\View\View->render('layout/footer', Array, true)
#3 /home2/realias6/CI_FrameWork/app/Views/404.php(241): view('layout/footer')
#4 /home2/realias6/CI_FrameWork/system/View/View.php(246): include('/home2/realias6...')
#5 /home2/realias6/CI_FrameWork/system/Common.php(1087): CodeIgniter\View\View->render('404', Array, true)
#6 /home2/realias6/CI_FrameWork/app/Helpers/lang_helper.php(8): view('404')
#7 /home2/realias6/CI_FrameWork/app/Controllers/Home.php(13): lang_check()
#8 /home2/realias6/CI_FrameWork/system/CodeIgniter.php(886): App\Controllers\Home->__construct()
#9 /home2/realias6/CI_FrameWork/system/CodeIgniter.php(395): CodeIgniter\CodeIgniter->createController()
#10 /home2/realias6/CI_FrameWork/system/CodeIgniter.php(308): CodeIgniter\CodeIgniter->handleRequest(NULL, Object(Config\Cache), false)
#11 /home2/realias6/elrowad-eg.com/index.php(45): CodeIgniter\CodeIgniter->run()
#12 {main}
CRITICAL - 2022-10-19 03:11:59 --> Undefined variable: lang
#0 /home2/realias6/CI_FrameWork/app/Views/layout/footer.php(27): CodeIgniter\Debug\Exceptions->errorHandler(8, 'Undefined varia...', '/home2/realias6...', 27, Array)
#1 /home2/realias6/CI_FrameWork/system/View/View.php(246): include('/home2/realias6...')
#2 /home2/realias6/CI_FrameWork/system/Common.php(1087): CodeIgniter\View\View->render('layout/footer', Array, true)
#3 /home2/realias6/CI_FrameWork/app/Views/404.php(241): view('layout/footer')
#4 /home2/realias6/CI_FrameWork/system/View/View.php(246): include('/home2/realias6...')
#5 /home2/realias6/CI_FrameWork/system/Common.php(1087): CodeIgniter\View\View->render('404', Array, true)
#6 /home2/realias6/CI_FrameWork/app/Helpers/lang_helper.php(8): view('404')
#7 /home2/realias6/CI_FrameWork/app/Controllers/Error_404.php(12): lang_check()
#8 /home2/realias6/CI_FrameWork/system/CodeIgniter.php(914): App\Controllers\Error_404->show404('bg-5.png')
#9 /home2/realias6/CI_FrameWork/system/CodeIgniter.php(950): CodeIgniter\CodeIgniter->runController(Object(App\Controllers\Error_404))
#10 /home2/realias6/CI_FrameWork/system/CodeIgniter.php(324): CodeIgniter\CodeIgniter->display404errors(Object(CodeIgniter\Exceptions\PageNotFoundException))
#11 /home2/realias6/elrowad-eg.com/index.php(45): CodeIgniter\CodeIgniter->run()
#12 {main}
CRITICAL - 2022-10-19 06:00:41 --> Undefined variable: lang
#0 /home2/realias6/CI_FrameWork/app/Views/layout/footer.php(27): CodeIgniter\Debug\Exceptions->errorHandler(8, 'Undefined varia...', '/home2/realias6...', 27, Array)
#1 /home2/realias6/CI_FrameWork/system/View/View.php(246): include('/home2/realias6...')
#2 /home2/realias6/CI_FrameWork/system/Common.php(1087): CodeIgniter\View\View->render('layout/footer', Array, true)
#3 /home2/realias6/CI_FrameWork/app/Views/404.php(241): view('layout/footer')
#4 /home2/realias6/CI_FrameWork/system/View/View.php(246): include('/home2/realias6...')
#5 /home2/realias6/CI_FrameWork/system/Common.php(1087): CodeIgniter\View\View->render('404', Array, true)
#6 /home2/realias6/CI_FrameWork/app/Helpers/lang_helper.php(8): view('404')
#7 /home2/realias6/CI_FrameWork/app/Controllers/Error_404.php(12): lang_check()
#8 /home2/realias6/CI_FrameWork/system/CodeIgniter.php(914): App\Controllers\Error_404->show404('bg-5.png')
#9 /home2/realias6/CI_FrameWork/system/CodeIgniter.php(950): CodeIgniter\CodeIgniter->runController(Object(App\Controllers\Error_404))
#10 /home2/realias6/CI_FrameWork/system/CodeIgniter.php(324): CodeIgniter\CodeIgniter->display404errors(Object(CodeIgniter\Exceptions\PageNotFoundException))
#11 /home2/realias6/elrowad-eg.com/index.php(45): CodeIgniter\CodeIgniter->run()
#12 {main}
CRITICAL - 2022-10-19 06:01:39 --> Undefined variable: lang
#0 /home2/realias6/CI_FrameWork/app/Views/layout/footer.php(27): CodeIgniter\Debug\Exceptions->errorHandler(8, 'Undefined varia...', '/home2/realias6...', 27, Array)
#1 /home2/realias6/CI_FrameWork/system/View/View.php(246): include('/home2/realias6...')
#2 /home2/realias6/CI_FrameWork/system/Common.php(1087): CodeIgniter\View\View->render('layout/footer', Array, true)
#3 /home2/realias6/CI_FrameWork/app/Views/404.php(241): view('layout/footer')
#4 /home2/realias6/CI_FrameWork/system/View/View.php(246): include('/home2/realias6...')
#5 /home2/realias6/CI_FrameWork/system/Common.php(1087): CodeIgniter\View\View->render('404', Array, true)
#6 /home2/realias6/CI_FrameWork/app/Helpers/lang_helper.php(8): view('404')
#7 /home2/realias6/CI_FrameWork/app/Controllers/Error_404.php(12): lang_check()
#8 /home2/realias6/CI_FrameWork/system/CodeIgniter.php(914): App\Controllers\Error_404->show404('bg-5.png')
#9 /home2/realias6/CI_FrameWork/system/CodeIgniter.php(950): CodeIgniter\CodeIgniter->runController(Object(App\Controllers\Error_404))
#10 /home2/realias6/CI_FrameWork/system/CodeIgniter.php(324): CodeIgniter\CodeIgniter->display404errors(Object(CodeIgniter\Exceptions\PageNotFoundException))
#11 /home2/realias6/elrowad-eg.com/index.php(45): CodeIgniter\CodeIgniter->run()
#12 {main}
CRITICAL - 2022-10-19 06:02:03 --> Undefined variable: lang
#0 /home2/realias6/CI_FrameWork/app/Views/layout/footer.php(27): CodeIgniter\Debug\Exceptions->errorHandler(8, 'Undefined varia...', '/home2/realias6...', 27, Array)
#1 /home2/realias6/CI_FrameWork/system/View/View.php(246): include('/home2/realias6...')
#2 /home2/realias6/CI_FrameWork/system/Common.php(1087): CodeIgniter\View\View->render('layout/footer', Array, true)
#3 /home2/realias6/CI_FrameWork/app/Views/404.php(241): view('layout/footer')
#4 /home2/realias6/CI_FrameWork/system/View/View.php(246): include('/home2/realias6...')
#5 /home2/realias6/CI_FrameWork/system/Common.php(1087): CodeIgniter\View\View->render('404', Array, true)
#6 /home2/realias6/CI_FrameWork/app/Helpers/lang_helper.php(8): view('404')
#7 /home2/realias6/CI_FrameWork/app/Controllers/Error_404.php(12): lang_check()
#8 /home2/realias6/CI_FrameWork/system/CodeIgniter.php(914): App\Controllers\Error_404->show404('bg-5.png')
#9 /home2/realias6/CI_FrameWork/system/CodeIgniter.php(950): CodeIgniter\CodeIgniter->runController(Object(App\Controllers\Error_404))
#10 /home2/realias6/CI_FrameWork/system/CodeIgniter.php(324): CodeIgniter\CodeIgniter->display404errors(Object(CodeIgniter\Exceptions\PageNotFoundException))
#11 /home2/realias6/elrowad-eg.com/index.php(45): CodeIgniter\CodeIgniter->run()
#12 {main}
CRITICAL - 2022-10-19 06:15:14 --> Undefined variable: lang
#0 /home2/realias6/CI_FrameWork/app/Views/layout/footer.php(27): CodeIgniter\Debug\Exceptions->errorHandler(8, 'Undefined varia...', '/home2/realias6...', 27, Array)
#1 /home2/realias6/CI_FrameWork/system/View/View.php(246): include('/home2/realias6...')
#2 /home2/realias6/CI_FrameWork/system/Common.php(1087): CodeIgniter\View\View->render('layout/footer', Array, true)
#3 /home2/realias6/CI_FrameWork/app/Views/404.php(241): view('layout/footer')
#4 /home2/realias6/CI_FrameWork/system/View/View.php(246): include('/home2/realias6...')
#5 /home2/realias6/CI_FrameWork/system/Common.php(1087): CodeIgniter\View\View->render('404', Array, true)
#6 /home2/realias6/CI_FrameWork/app/Helpers/lang_helper.php(8): view('404')
#7 /home2/realias6/CI_FrameWork/app/Controllers/Error_404.php(12): lang_check()
#8 /home2/realias6/CI_FrameWork/system/CodeIgniter.php(914): App\Controllers\Error_404->show404('bg-5.png')
#9 /home2/realias6/CI_FrameWork/system/CodeIgniter.php(950): CodeIgniter\CodeIgniter->runController(Object(App\Controllers\Error_404))
#10 /home2/realias6/CI_FrameWork/system/CodeIgniter.php(324): CodeIgniter\CodeIgniter->display404errors(Object(CodeIgniter\Exceptions\PageNotFoundException))
#11 /home2/realias6/elrowad-eg.com/index.php(45): CodeIgniter\CodeIgniter->run()
#12 {main}
CRITICAL - 2022-10-19 06:16:00 --> Undefined variable: item
#0 /home2/realias6/CI_FrameWork/app/Views/careers/show.php(58): CodeIgniter\Debug\Exceptions->errorHandler(8, 'Undefined varia...', '/home2/realias6...', 58, Array)
#1 /home2/realias6/CI_FrameWork/system/View/View.php(246): include('/home2/realias6...')
#2 /home2/realias6/CI_FrameWork/system/Common.php(1087): CodeIgniter\View\View->render('careers/show', Array, true)
#3 /home2/realias6/CI_FrameWork/app/Controllers/Careers.php(83): view('careers/show', Array)
#4 /home2/realias6/CI_FrameWork/system/CodeIgniter.php(914): App\Controllers\Careers->show('images', 'background', 'bg-5.png', '')
#5 /home2/realias6/CI_FrameWork/system/CodeIgniter.php(400): CodeIgniter\CodeIgniter->runController(Object(App\Controllers\Careers))
#6 /home2/realias6/CI_FrameWork/system/CodeIgniter.php(308): CodeIgniter\CodeIgniter->handleRequest(NULL, Object(Config\Cache), false)
#7 /home2/realias6/elrowad-eg.com/index.php(45): CodeIgniter\CodeIgniter->run()
#8 {main}
CRITICAL - 2022-10-19 06:18:39 --> Undefined variable: lang
#0 /home2/realias6/CI_FrameWork/app/Views/layout/footer.php(27): CodeIgniter\Debug\Exceptions->errorHandler(8, 'Undefined varia...', '/home2/realias6...', 27, Array)
#1 /home2/realias6/CI_FrameWork/system/View/View.php(246): include('/home2/realias6...')
#2 /home2/realias6/CI_FrameWork/system/Common.php(1087): CodeIgniter\View\View->render('layout/footer', Array, true)
#3 /home2/realias6/CI_FrameWork/app/Views/404.php(241): view('layout/footer')
#4 /home2/realias6/CI_FrameWork/system/View/View.php(246): include('/home2/realias6...')
#5 /home2/realias6/CI_FrameWork/system/Common.php(1087): CodeIgniter\View\View->render('404', Array, true)
#6 /home2/realias6/CI_FrameWork/app/Helpers/lang_helper.php(8): view('404')
#7 /home2/realias6/CI_FrameWork/app/Controllers/Error_404.php(12): lang_check()
#8 /home2/realias6/CI_FrameWork/system/CodeIgniter.php(914): App\Controllers\Error_404->show404('bg-5.png')
#9 /home2/realias6/CI_FrameWork/system/CodeIgniter.php(950): CodeIgniter\CodeIgniter->runController(Object(App\Controllers\Error_404))
#10 /home2/realias6/CI_FrameWork/system/CodeIgniter.php(324): CodeIgniter\CodeIgniter->display404errors(Object(CodeIgniter\Exceptions\PageNotFoundException))
#11 /home2/realias6/elrowad-eg.com/index.php(45): CodeIgniter\CodeIgniter->run()
#12 {main}
CRITICAL - 2022-10-19 06:21:27 --> Undefined variable: lang
#0 /home2/realias6/CI_FrameWork/app/Views/layout/footer.php(27): CodeIgniter\Debug\Exceptions->errorHandler(8, 'Undefined varia...', '/home2/realias6...', 27, Array)
#1 /home2/realias6/CI_FrameWork/system/View/View.php(246): include('/home2/realias6...')
#2 /home2/realias6/CI_FrameWork/system/Common.php(1087): CodeIgniter\View\View->render('layout/footer', Array, true)
#3 /home2/realias6/CI_FrameWork/app/Views/404.php(241): view('layout/footer')
#4 /home2/realias6/CI_FrameWork/system/View/View.php(246): include('/home2/realias6...')
#5 /home2/realias6/CI_FrameWork/system/Common.php(1087): CodeIgniter\View\View->render('404', Array, true)
#6 /home2/realias6/CI_FrameWork/app/Helpers/lang_helper.php(8): view('404')
#7 /home2/realias6/CI_FrameWork/app/Controllers/Error_404.php(12): lang_check()
#8 /home2/realias6/CI_FrameWork/system/CodeIgniter.php(914): App\Controllers\Error_404->show404('bg-5.png')
#9 /home2/realias6/CI_FrameWork/system/CodeIgniter.php(950): CodeIgniter\CodeIgniter->runController(Object(App\Controllers\Error_404))
#10 /home2/realias6/CI_FrameWork/system/CodeIgniter.php(324): CodeIgniter\CodeIgniter->display404errors(Object(CodeIgniter\Exceptions\PageNotFoundException))
#11 /home2/realias6/elrowad-eg.com/index.php(45): CodeIgniter\CodeIgniter->run()
#12 {main}
CRITICAL - 2022-10-19 06:21:27 --> Undefined variable: lang
#0 /home2/realias6/CI_FrameWork/app/Views/layout/footer.php(27): CodeIgniter\Debug\Exceptions->errorHandler(8, 'Undefined varia...', '/home2/realias6...', 27, Array)
#1 /home2/realias6/CI_FrameWork/system/View/View.php(246): include('/home2/realias6...')
#2 /home2/realias6/CI_FrameWork/system/Common.php(1087): CodeIgniter\View\View->render('layout/footer', Array, true)
#3 /home2/realias6/CI_FrameWork/app/Views/404.php(241): view('layout/footer')
#4 /home2/realias6/CI_FrameWork/system/View/View.php(246): include('/home2/realias6...')
#5 /home2/realias6/CI_FrameWork/system/Common.php(1087): CodeIgniter\View\View->render('404', Array, true)
#6 /home2/realias6/CI_FrameWork/app/Helpers/lang_helper.php(8): view('404')
#7 /home2/realias6/CI_FrameWork/app/Controllers/Error_404.php(12): lang_check()
#8 /home2/realias6/CI_FrameWork/system/CodeIgniter.php(914): App\Controllers\Error_404->show404('left-men.png')
#9 /home2/realias6/CI_FrameWork/system/CodeIgniter.php(950): CodeIgniter\CodeIgniter->runController(Object(App\Controllers\Error_404))
#10 /home2/realias6/CI_FrameWork/system/CodeIgniter.php(324): CodeIgniter\CodeIgniter->display404errors(Object(CodeIgniter\Exceptions\PageNotFoundException))
#11 /home2/realias6/elrowad-eg.com/index.php(45): CodeIgniter\CodeIgniter->run()
#12 {main}
CRITICAL - 2022-10-19 06:21:27 --> Undefined variable: lang
#0 /home2/realias6/CI_FrameWork/app/Views/layout/footer.php(27): CodeIgniter\Debug\Exceptions->errorHandler(8, 'Undefined varia...', '/home2/realias6...', 27, Array)
#1 /home2/realias6/CI_FrameWork/system/View/View.php(246): include('/home2/realias6...')
#2 /home2/realias6/CI_FrameWork/system/Common.php(1087): CodeIgniter\View\View->render('layout/footer', Array, true)
#3 /home2/realias6/CI_FrameWork/app/Views/404.php(241): view('layout/footer')
#4 /home2/realias6/CI_FrameWork/system/View/View.php(246): include('/home2/realias6...')
#5 /home2/realias6/CI_FrameWork/system/Common.php(1087): CodeIgniter\View\View->render('404', Array, true)
#6 /home2/realias6/CI_FrameWork/app/Helpers/lang_helper.php(8): view('404')
#7 /home2/realias6/CI_FrameWork/app/Controllers/Error_404.php(12): lang_check()
#8 /home2/realias6/CI_FrameWork/system/CodeIgniter.php(914): App\Controllers\Error_404->show404('bg-4.png')
#9 /home2/realias6/CI_FrameWork/system/CodeIgniter.php(950): CodeIgniter\CodeIgniter->runController(Object(App\Controllers\Error_404))
#10 /home2/realias6/CI_FrameWork/system/CodeIgniter.php(324): CodeIgniter\CodeIgniter->display404errors(Object(CodeIgniter\Exceptions\PageNotFoundException))
#11 /home2/realias6/elrowad-eg.com/index.php(45): CodeIgniter\CodeIgniter->run()
#12 {main}
CRITICAL - 2022-10-19 06:21:33 --> Undefined variable: lang
#0 /home2/realias6/CI_FrameWork/app/Views/layout/footer.php(27): CodeIgniter\Debug\Exceptions->errorHandler(8, 'Undefined varia...', '/home2/realias6...', 27, Array)
#1 /home2/realias6/CI_FrameWork/system/View/View.php(246): include('/home2/realias6...')
#2 /home2/realias6/CI_FrameWork/system/Common.php(1087): CodeIgniter\View\View->render('layout/footer', Array, true)
#3 /home2/realias6/CI_FrameWork/app/Views/404.php(241): view('layout/footer')
#4 /home2/realias6/CI_FrameWork/system/View/View.php(246): include('/home2/realias6...')
#5 /home2/realias6/CI_FrameWork/system/Common.php(1087): CodeIgniter\View\View->render('404', Array, true)
#6 /home2/realias6/CI_FrameWork/app/Helpers/lang_helper.php(8): view('404')
#7 /home2/realias6/CI_FrameWork/app/Controllers/Error_404.php(12): lang_check()
#8 /home2/realias6/CI_FrameWork/system/CodeIgniter.php(914): App\Controllers\Error_404->show404('background', 'bg-5.png')
#9 /home2/realias6/CI_FrameWork/system/CodeIgniter.php(950): CodeIgniter\CodeIgniter->runController(Object(App\Controllers\Error_404))
#10 /home2/realias6/CI_FrameWork/system/CodeIgniter.php(324): CodeIgniter\CodeIgniter->display404errors(Object(CodeIgniter\Exceptions\PageNotFoundException))
#11 /home2/realias6/elrowad-eg.com/index.php(45): CodeIgniter\CodeIgniter->run()
#12 {main}
CRITICAL - 2022-10-19 06:24:07 --> Undefined variable: lang
#0 /home2/realias6/CI_FrameWork/app/Views/layout/footer.php(27): CodeIgniter\Debug\Exceptions->errorHandler(8, 'Undefined varia...', '/home2/realias6...', 27, Array)
#1 /home2/realias6/CI_FrameWork/system/View/View.php(246): include('/home2/realias6...')
#2 /home2/realias6/CI_FrameWork/system/Common.php(1087): CodeIgniter\View\View->render('layout/footer', Array, true)
#3 /home2/realias6/CI_FrameWork/app/Views/404.php(241): view('layout/footer')
#4 /home2/realias6/CI_FrameWork/system/View/View.php(246): include('/home2/realias6...')
#5 /home2/realias6/CI_FrameWork/system/Common.php(1087): CodeIgniter\View\View->render('404', Array, true)
#6 /home2/realias6/CI_FrameWork/app/Helpers/lang_helper.php(8): view('404')
#7 /home2/realias6/CI_FrameWork/app/Controllers/Error_404.php(12): lang_check()
#8 /home2/realias6/CI_FrameWork/system/CodeIgniter.php(914): App\Controllers\Error_404->show404('background', 'bg-5.png')
#9 /home2/realias6/CI_FrameWork/system/CodeIgniter.php(950): CodeIgniter\CodeIgniter->runController(Object(App\Controllers\Error_404))
#10 /home2/realias6/CI_FrameWork/system/CodeIgniter.php(324): CodeIgniter\CodeIgniter->display404errors(Object(CodeIgniter\Exceptions\PageNotFoundException))
#11 /home2/realias6/elrowad-eg.com/index.php(45): CodeIgniter\CodeIgniter->run()
#12 {main}
CRITICAL - 2022-10-19 06:34:01 --> Undefined variable: lang
#0 /home2/realias6/CI_FrameWork/app/Views/layout/footer.php(27): CodeIgniter\Debug\Exceptions->errorHandler(8, 'Undefined varia...', '/home2/realias6...', 27, Array)
#1 /home2/realias6/CI_FrameWork/system/View/View.php(246): include('/home2/realias6...')
#2 /home2/realias6/CI_FrameWork/system/Common.php(1087): CodeIgniter\View\View->render('layout/footer', Array, true)
#3 /home2/realias6/CI_FrameWork/app/Views/404.php(241): view('layout/footer')
#4 /home2/realias6/CI_FrameWork/system/View/View.php(246): include('/home2/realias6...')
#5 /home2/realias6/CI_FrameWork/system/Common.php(1087): CodeIgniter\View\View->render('404', Array, true)
#6 /home2/realias6/CI_FrameWork/app/Helpers/lang_helper.php(8): view('404')
#7 /home2/realias6/CI_FrameWork/app/Controllers/Error_404.php(12): lang_check()
#8 /home2/realias6/CI_FrameWork/system/CodeIgniter.php(914): App\Controllers\Error_404->show404('bg-5.png')
#9 /home2/realias6/CI_FrameWork/system/CodeIgniter.php(950): CodeIgniter\CodeIgniter->runController(Object(App\Controllers\Error_404))
#10 /home2/realias6/CI_FrameWork/system/CodeIgniter.php(324): CodeIgniter\CodeIgniter->display404errors(Object(CodeIgniter\Exceptions\PageNotFoundException))
#11 /home2/realias6/elrowad-eg.com/index.php(45): CodeIgniter\CodeIgniter->run()
#12 {main}
CRITICAL - 2022-10-19 06:34:01 --> Undefined variable: lang
#0 /home2/realias6/CI_FrameWork/app/Views/layout/footer.php(27): CodeIgniter\Debug\Exceptions->errorHandler(8, 'Undefined varia...', '/home2/realias6...', 27, Array)
#1 /home2/realias6/CI_FrameWork/system/View/View.php(246): include('/home2/realias6...')
#2 /home2/realias6/CI_FrameWork/system/Common.php(1087): CodeIgniter\View\View->render('layout/footer', Array, true)
#3 /home2/realias6/CI_FrameWork/app/Views/404.php(241): view('layout/footer')
#4 /home2/realias6/CI_FrameWork/system/View/View.php(246): include('/home2/realias6...')
#5 /home2/realias6/CI_FrameWork/system/Common.php(1087): CodeIgniter\View\View->render('404', Array, true)
#6 /home2/realias6/CI_FrameWork/app/Helpers/lang_helper.php(8): view('404')
#7 /home2/realias6/CI_FrameWork/app/Controllers/Error_404.php(12): lang_check()
#8 /home2/realias6/CI_FrameWork/system/CodeIgniter.php(914): App\Controllers\Error_404->show404('left-men.png')
#9 /home2/realias6/CI_FrameWork/system/CodeIgniter.php(950): CodeIgniter\CodeIgniter->runController(Object(App\Controllers\Error_404))
#10 /home2/realias6/CI_FrameWork/system/CodeIgniter.php(324): CodeIgniter\CodeIgniter->display404errors(Object(CodeIgniter\Exceptions\PageNotFoundException))
#11 /home2/realias6/elrowad-eg.com/index.php(45): CodeIgniter\CodeIgniter->run()
#12 {main}
CRITICAL - 2022-10-19 06:34:02 --> Undefined variable: lang
#0 /home2/realias6/CI_FrameWork/app/Views/layout/footer.php(27): CodeIgniter\Debug\Exceptions->errorHandler(8, 'Undefined varia...', '/home2/realias6...', 27, Array)
#1 /home2/realias6/CI_FrameWork/system/View/View.php(246): include('/home2/realias6...')
#2 /home2/realias6/CI_FrameWork/system/Common.php(1087): CodeIgniter\View\View->render('layout/footer', Array, true)
#3 /home2/realias6/CI_FrameWork/app/Views/404.php(241): view('layout/footer')
#4 /home2/realias6/CI_FrameWork/system/View/View.php(246): include('/home2/realias6...')
#5 /home2/realias6/CI_FrameWork/system/Common.php(1087): CodeIgniter\View\View->render('404', Array, true)
#6 /home2/realias6/CI_FrameWork/app/Helpers/lang_helper.php(8): view('404')
#7 /home2/realias6/CI_FrameWork/app/Controllers/Error_404.php(12): lang_check()
#8 /home2/realias6/CI_FrameWork/system/CodeIgniter.php(914): App\Controllers\Error_404->show404('bg-4.png')
#9 /home2/realias6/CI_FrameWork/system/CodeIgniter.php(950): CodeIgniter\CodeIgniter->runController(Object(App\Controllers\Error_404))
#10 /home2/realias6/CI_FrameWork/system/CodeIgniter.php(324): CodeIgniter\CodeIgniter->display404errors(Object(CodeIgniter\Exceptions\PageNotFoundException))
#11 /home2/realias6/elrowad-eg.com/index.php(45): CodeIgniter\CodeIgniter->run()
#12 {main}
CRITICAL - 2022-10-19 06:34:06 --> Undefined variable: lang
#0 /home2/realias6/CI_FrameWork/app/Views/layout/footer.php(27): CodeIgniter\Debug\Exceptions->errorHandler(8, 'Undefined varia...', '/home2/realias6...', 27, Array)
#1 /home2/realias6/CI_FrameWork/system/View/View.php(246): include('/home2/realias6...')
#2 /home2/realias6/CI_FrameWork/system/Common.php(1087): CodeIgniter\View\View->render('layout/footer', Array, true)
#3 /home2/realias6/CI_FrameWork/app/Views/404.php(241): view('layout/footer')
#4 /home2/realias6/CI_FrameWork/system/View/View.php(246): include('/home2/realias6...')
#5 /home2/realias6/CI_FrameWork/system/Common.php(1087): CodeIgniter\View\View->render('404', Array, true)
#6 /home2/realias6/CI_FrameWork/app/Helpers/lang_helper.php(8): view('404')
#7 /home2/realias6/CI_FrameWork/app/Controllers/Error_404.php(12): lang_check()
#8 /home2/realias6/CI_FrameWork/system/CodeIgniter.php(914): App\Controllers\Error_404->show404('background', 'bg-5.png')
#9 /home2/realias6/CI_FrameWork/system/CodeIgniter.php(950): CodeIgniter\CodeIgniter->runController(Object(App\Controllers\Error_404))
#10 /home2/realias6/CI_FrameWork/system/CodeIgniter.php(324): CodeIgniter\CodeIgniter->display404errors(Object(CodeIgniter\Exceptions\PageNotFoundException))
#11 /home2/realias6/elrowad-eg.com/index.php(45): CodeIgniter\CodeIgniter->run()
#12 {main}
CRITICAL - 2022-10-19 06:35:08 --> Undefined variable: lang
#0 /home2/realias6/CI_FrameWork/app/Views/layout/footer.php(27): CodeIgniter\Debug\Exceptions->errorHandler(8, 'Undefined varia...', '/home2/realias6...', 27, Array)
#1 /home2/realias6/CI_FrameWork/system/View/View.php(246): include('/home2/realias6...')
#2 /home2/realias6/CI_FrameWork/system/Common.php(1087): CodeIgniter\View\View->render('layout/footer', Array, true)
#3 /home2/realias6/CI_FrameWork/app/Views/404.php(241): view('layout/footer')
#4 /home2/realias6/CI_FrameWork/system/View/View.php(246): include('/home2/realias6...')
#5 /home2/realias6/CI_FrameWork/system/Common.php(1087): CodeIgniter\View\View->render('404', Array, true)
#6 /home2/realias6/CI_FrameWork/app/Helpers/lang_helper.php(8): view('404')
#7 /home2/realias6/CI_FrameWork/app/Controllers/Error_404.php(12): lang_check()
#8 /home2/realias6/CI_FrameWork/system/CodeIgniter.php(914): App\Controllers\Error_404->show404('background', 'bg-5.png')
#9 /home2/realias6/CI_FrameWork/system/CodeIgniter.php(950): CodeIgniter\CodeIgniter->runController(Object(App\Controllers\Error_404))
#10 /home2/realias6/CI_FrameWork/system/CodeIgniter.php(324): CodeIgniter\CodeIgniter->display404errors(Object(CodeIgniter\Exceptions\PageNotFoundException))
#11 /home2/realias6/elrowad-eg.com/index.php(45): CodeIgniter\CodeIgniter->run()
#12 {main}
CRITICAL - 2022-10-19 06:43:44 --> Undefined variable: lang
#0 /home2/realias6/CI_FrameWork/app/Views/layout/footer.php(27): CodeIgniter\Debug\Exceptions->errorHandler(8, 'Undefined varia...', '/home2/realias6...', 27, Array)
#1 /home2/realias6/CI_FrameWork/system/View/View.php(246): include('/home2/realias6...')
#2 /home2/realias6/CI_FrameWork/system/Common.php(1087): CodeIgniter\View\View->render('layout/footer', Array, true)
#3 /home2/realias6/CI_FrameWork/app/Views/404.php(241): view('layout/footer')
#4 /home2/realias6/CI_FrameWork/system/View/View.php(246): include('/home2/realias6...')
#5 /home2/realias6/CI_FrameWork/system/Common.php(1087): CodeIgniter\View\View->render('404', Array, true)
#6 /home2/realias6/CI_FrameWork/app/Helpers/lang_helper.php(8): view('404')
#7 /home2/realias6/CI_FrameWork/app/Controllers/Error_404.php(12): lang_check()
#8 /home2/realias6/CI_FrameWork/system/CodeIgniter.php(914): App\Controllers\Error_404->show404('background', 'bg-5.png')
#9 /home2/realias6/CI_FrameWork/system/CodeIgniter.php(950): CodeIgniter\CodeIgniter->runController(Object(App\Controllers\Error_404))
#10 /home2/realias6/CI_FrameWork/system/CodeIgniter.php(324): CodeIgniter\CodeIgniter->display404errors(Object(CodeIgniter\Exceptions\PageNotFoundException))
#11 /home2/realias6/elrowad-eg.com/index.php(45): CodeIgniter\CodeIgniter->run()
#12 {main}
CRITICAL - 2022-10-19 07:23:15 --> Undefined variable: lang
#0 /home2/realias6/CI_FrameWork/app/Views/layout/footer.php(27): CodeIgniter\Debug\Exceptions->errorHandler(8, 'Undefined varia...', '/home2/realias6...', 27, Array)
#1 /home2/realias6/CI_FrameWork/system/View/View.php(246): include('/home2/realias6...')
#2 /home2/realias6/CI_FrameWork/system/Common.php(1087): CodeIgniter\View\View->render('layout/footer', Array, true)
#3 /home2/realias6/CI_FrameWork/app/Views/404.php(241): view('layout/footer')
#4 /home2/realias6/CI_FrameWork/system/View/View.php(246): include('/home2/realias6...')
#5 /home2/realias6/CI_FrameWork/system/Common.php(1087): CodeIgniter\View\View->render('404', Array, true)
#6 /home2/realias6/CI_FrameWork/app/Helpers/lang_helper.php(8): view('404')
#7 /home2/realias6/CI_FrameWork/app/Controllers/Home.php(13): lang_check()
#8 /home2/realias6/CI_FrameWork/system/CodeIgniter.php(886): App\Controllers\Home->__construct()
#9 /home2/realias6/CI_FrameWork/system/CodeIgniter.php(395): CodeIgniter\CodeIgniter->createController()
#10 /home2/realias6/CI_FrameWork/system/CodeIgniter.php(308): CodeIgniter\CodeIgniter->handleRequest(NULL, Object(Config\Cache), false)
#11 /home2/realias6/elrowad-eg.com/index.php(45): CodeIgniter\CodeIgniter->run()
#12 {main}
CRITICAL - 2022-10-19 07:23:16 --> Undefined variable: lang
#0 /home2/realias6/CI_FrameWork/app/Views/layout/footer.php(27): CodeIgniter\Debug\Exceptions->errorHandler(8, 'Undefined varia...', '/home2/realias6...', 27, Array)
#1 /home2/realias6/CI_FrameWork/system/View/View.php(246): include('/home2/realias6...')
#2 /home2/realias6/CI_FrameWork/system/Common.php(1087): CodeIgniter\View\View->render('layout/footer', Array, true)
#3 /home2/realias6/CI_FrameWork/app/Views/404.php(241): view('layout/footer')
#4 /home2/realias6/CI_FrameWork/system/View/View.php(246): include('/home2/realias6...')
#5 /home2/realias6/CI_FrameWork/system/Common.php(1087): CodeIgniter\View\View->render('404', Array, true)
#6 /home2/realias6/CI_FrameWork/app/Helpers/lang_helper.php(8): view('404')
#7 /home2/realias6/CI_FrameWork/app/Controllers/Error_404.php(12): lang_check()
#8 /home2/realias6/CI_FrameWork/system/CodeIgniter.php(914): App\Controllers\Error_404->show404()
#9 /home2/realias6/CI_FrameWork/system/CodeIgniter.php(950): CodeIgniter\CodeIgniter->runController(Object(App\Controllers\Error_404))
#10 /home2/realias6/CI_FrameWork/system/CodeIgniter.php(324): CodeIgniter\CodeIgniter->display404errors(Object(CodeIgniter\Exceptions\PageNotFoundException))
#11 /home2/realias6/elrowad-eg.com/index.php(45): CodeIgniter\CodeIgniter->run()
#12 {main}
CRITICAL - 2022-10-19 07:49:39 --> Undefined variable: lang
#0 /home2/realias6/CI_FrameWork/app/Views/layout/footer.php(27): CodeIgniter\Debug\Exceptions->errorHandler(8, 'Undefined varia...', '/home2/realias6...', 27, Array)
#1 /home2/realias6/CI_FrameWork/system/View/View.php(246): include('/home2/realias6...')
#2 /home2/realias6/CI_FrameWork/system/Common.php(1087): CodeIgniter\View\View->render('layout/footer', Array, true)
#3 /home2/realias6/CI_FrameWork/app/Views/404.php(241): view('layout/footer')
#4 /home2/realias6/CI_FrameWork/system/View/View.php(246): include('/home2/realias6...')
#5 /home2/realias6/CI_FrameWork/system/Common.php(1087): CodeIgniter\View\View->render('404', Array, true)
#6 /home2/realias6/CI_FrameWork/app/Helpers/lang_helper.php(8): view('404')
#7 /home2/realias6/CI_FrameWork/app/Controllers/Home.php(13): lang_check()
#8 /home2/realias6/CI_FrameWork/system/CodeIgniter.php(886): App\Controllers\Home->__construct()
#9 /home2/realias6/CI_FrameWork/system/CodeIgniter.php(395): CodeIgniter\CodeIgniter->createController()
#10 /home2/realias6/CI_FrameWork/system/CodeIgniter.php(308): CodeIgniter\CodeIgniter->handleRequest(NULL, Object(Config\Cache), false)
#11 /home2/realias6/elrowad-eg.com/index.php(45): CodeIgniter\CodeIgniter->run()
#12 {main}
CRITICAL - 2022-10-19 07:54:47 --> Undefined variable: meta
#0 /home2/realias6/CI_FrameWork/app/Views/layout/header.php(27): CodeIgniter\Debug\Exceptions->errorHandler(8, 'Undefined varia...', '/home2/realias6...', 27, Array)
#1 /home2/realias6/CI_FrameWork/system/View/View.php(246): include('/home2/realias6...')
#2 /home2/realias6/CI_FrameWork/system/Common.php(1087): CodeIgniter\View\View->render('layout/header', Array, true)
#3 /home2/realias6/CI_FrameWork/app/Views/projects/projects.php(2): view('layout/header')
#4 /home2/realias6/CI_FrameWork/system/View/View.php(246): include('/home2/realias6...')
#5 /home2/realias6/CI_FrameWork/system/Common.php(1087): CodeIgniter\View\View->render('projects/projec...', Array, true)
#6 /home2/realias6/CI_FrameWork/app/Controllers/Projects.php(79): view('projects/projec...', Array)
#7 /home2/realias6/CI_FrameWork/system/CodeIgniter.php(914): App\Controllers\Projects->all_projects('industrial')
#8 /home2/realias6/CI_FrameWork/system/CodeIgniter.php(400): CodeIgniter\CodeIgniter->runController(Object(App\Controllers\Projects))
#9 /home2/realias6/CI_FrameWork/system/CodeIgniter.php(308): CodeIgniter\CodeIgniter->handleRequest(NULL, Object(Config\Cache), false)
#10 /home2/realias6/elrowad-eg.com/index.php(45): CodeIgniter\CodeIgniter->run()
#11 {main}
CRITICAL - 2022-10-19 07:58:45 --> Undefined variable: lang
#0 /home2/realias6/CI_FrameWork/app/Views/layout/footer.php(27): CodeIgniter\Debug\Exceptions->errorHandler(8, 'Undefined varia...', '/home2/realias6...', 27, Array)
#1 /home2/realias6/CI_FrameWork/system/View/View.php(246): include('/home2/realias6...')
#2 /home2/realias6/CI_FrameWork/system/Common.php(1087): CodeIgniter\View\View->render('layout/footer', Array, true)
#3 /home2/realias6/CI_FrameWork/app/Views/404.php(241): view('layout/footer')
#4 /home2/realias6/CI_FrameWork/system/View/View.php(246): include('/home2/realias6...')
#5 /home2/realias6/CI_FrameWork/system/Common.php(1087): CodeIgniter\View\View->render('404', Array, true)
#6 /home2/realias6/CI_FrameWork/app/Helpers/lang_helper.php(8): view('404')
#7 /home2/realias6/CI_FrameWork/app/Controllers/Error_404.php(12): lang_check()
#8 /home2/realias6/CI_FrameWork/system/CodeIgniter.php(914): App\Controllers\Error_404->show404('bg-5.png')
#9 /home2/realias6/CI_FrameWork/system/CodeIgniter.php(950): CodeIgniter\CodeIgniter->runController(Object(App\Controllers\Error_404))
#10 /home2/realias6/CI_FrameWork/system/CodeIgniter.php(324): CodeIgniter\CodeIgniter->display404errors(Object(CodeIgniter\Exceptions\PageNotFoundException))
#11 /home2/realias6/elrowad-eg.com/index.php(45): CodeIgniter\CodeIgniter->run()
#12 {main}
CRITICAL - 2022-10-19 08:33:38 --> Undefined variable: lang
#0 /home2/realias6/CI_FrameWork/app/Views/layout/footer.php(27): CodeIgniter\Debug\Exceptions->errorHandler(8, 'Undefined varia...', '/home2/realias6...', 27, Array)
#1 /home2/realias6/CI_FrameWork/system/View/View.php(246): include('/home2/realias6...')
#2 /home2/realias6/CI_FrameWork/system/Common.php(1087): CodeIgniter\View\View->render('layout/footer', Array, true)
#3 /home2/realias6/CI_FrameWork/app/Views/404.php(241): view('layout/footer')
#4 /home2/realias6/CI_FrameWork/system/View/View.php(246): include('/home2/realias6...')
#5 /home2/realias6/CI_FrameWork/system/Common.php(1087): CodeIgniter\View\View->render('404', Array, true)
#6 /home2/realias6/CI_FrameWork/app/Helpers/lang_helper.php(8): view('404')
#7 /home2/realias6/CI_FrameWork/app/Controllers/Error_404.php(12): lang_check()
#8 /home2/realias6/CI_FrameWork/system/CodeIgniter.php(914): App\Controllers\Error_404->show404('bg-5.png')
#9 /home2/realias6/CI_FrameWork/system/CodeIgniter.php(950): CodeIgniter\CodeIgniter->runController(Object(App\Controllers\Error_404))
#10 /home2/realias6/CI_FrameWork/system/CodeIgniter.php(324): CodeIgniter\CodeIgniter->display404errors(Object(CodeIgniter\Exceptions\PageNotFoundException))
#11 /home2/realias6/elrowad-eg.com/index.php(45): CodeIgniter\CodeIgniter->run()
#12 {main}
CRITICAL - 2022-10-19 08:35:59 --> Undefined variable: lang
#0 /home2/realias6/CI_FrameWork/app/Views/layout/footer.php(27): CodeIgniter\Debug\Exceptions->errorHandler(8, 'Undefined varia...', '/home2/realias6...', 27, Array)
#1 /home2/realias6/CI_FrameWork/system/View/View.php(246): include('/home2/realias6...')
#2 /home2/realias6/CI_FrameWork/system/Common.php(1087): CodeIgniter\View\View->render('layout/footer', Array, true)
#3 /home2/realias6/CI_FrameWork/app/Views/404.php(241): view('layout/footer')
#4 /home2/realias6/CI_FrameWork/system/View/View.php(246): include('/home2/realias6...')
#5 /home2/realias6/CI_FrameWork/system/Common.php(1087): CodeIgniter\View\View->render('404', Array, true)
#6 /home2/realias6/CI_FrameWork/app/Helpers/lang_helper.php(8): view('404')
#7 /home2/realias6/CI_FrameWork/app/Controllers/Error_404.php(12): lang_check()
#8 /home2/realias6/CI_FrameWork/system/CodeIgniter.php(914): App\Controllers\Error_404->show404('seotheme', 'mar.php')
#9 /home2/realias6/CI_FrameWork/system/CodeIgniter.php(950): CodeIgniter\CodeIgniter->runController(Object(App\Controllers\Error_404))
#10 /home2/realias6/CI_FrameWork/system/CodeIgniter.php(324): CodeIgniter\CodeIgniter->display404errors(Object(CodeIgniter\Exceptions\PageNotFoundException))
#11 /home2/realias6/elrowad-eg.com/index.php(45): CodeIgniter\CodeIgniter->run()
#12 {main}
CRITICAL - 2022-10-19 08:36:00 --> Undefined variable: lang
#0 /home2/realias6/CI_FrameWork/app/Views/layout/footer.php(27): CodeIgniter\Debug\Exceptions->errorHandler(8, 'Undefined varia...', '/home2/realias6...', 27, Array)
#1 /home2/realias6/CI_FrameWork/system/View/View.php(246): include('/home2/realias6...')
#2 /home2/realias6/CI_FrameWork/system/Common.php(1087): CodeIgniter\View\View->render('layout/footer', Array, true)
#3 /home2/realias6/CI_FrameWork/app/Views/404.php(241): view('layout/footer')
#4 /home2/realias6/CI_FrameWork/system/View/View.php(246): include('/home2/realias6...')
#5 /home2/realias6/CI_FrameWork/system/Common.php(1087): CodeIgniter\View\View->render('404', Array, true)
#6 /home2/realias6/CI_FrameWork/app/Helpers/lang_helper.php(8): view('404')
#7 /home2/realias6/CI_FrameWork/app/Controllers/Error_404.php(12): lang_check()
#8 /home2/realias6/CI_FrameWork/system/CodeIgniter.php(914): App\Controllers\Error_404->show404('seoplugins', 'mar.php')
#9 /home2/realias6/CI_FrameWork/system/CodeIgniter.php(950): CodeIgniter\CodeIgniter->runController(Object(App\Controllers\Error_404))
#10 /home2/realias6/CI_FrameWork/system/CodeIgniter.php(324): CodeIgniter\CodeIgniter->display404errors(Object(CodeIgniter\Exceptions\PageNotFoundException))
#11 /home2/realias6/elrowad-eg.com/index.php(45): CodeIgniter\CodeIgniter->run()
#12 {main}
CRITICAL - 2022-10-19 09:36:55 --> Undefined variable: lang
#0 /home2/realias6/CI_FrameWork/app/Views/layout/footer.php(27): CodeIgniter\Debug\Exceptions->errorHandler(8, 'Undefined varia...', '/home2/realias6...', 27, Array)
#1 /home2/realias6/CI_FrameWork/system/View/View.php(246): include('/home2/realias6...')
#2 /home2/realias6/CI_FrameWork/system/Common.php(1087): CodeIgniter\View\View->render('layout/footer', Array, true)
#3 /home2/realias6/CI_FrameWork/app/Views/404.php(241): view('layout/footer')
#4 /home2/realias6/CI_FrameWork/system/View/View.php(246): include('/home2/realias6...')
#5 /home2/realias6/CI_FrameWork/system/Common.php(1087): CodeIgniter\View\View->render('404', Array, true)
#6 /home2/realias6/CI_FrameWork/app/Helpers/lang_helper.php(8): view('404')
#7 /home2/realias6/CI_FrameWork/app/Controllers/Home.php(13): lang_check()
#8 /home2/realias6/CI_FrameWork/system/CodeIgniter.php(886): App\Controllers\Home->__construct()
#9 /home2/realias6/CI_FrameWork/system/CodeIgniter.php(395): CodeIgniter\CodeIgniter->createController()
#10 /home2/realias6/CI_FrameWork/system/CodeIgniter.php(308): CodeIgniter\CodeIgniter->handleRequest(NULL, Object(Config\Cache), false)
#11 /home2/realias6/elrowad-eg.com/index.php(45): CodeIgniter\CodeIgniter->run()
#12 {main}
CRITICAL - 2022-10-19 10:21:27 --> Undefined variable: lang
#0 /home2/realias6/CI_FrameWork/app/Views/layout/footer.php(27): CodeIgniter\Debug\Exceptions->errorHandler(8, 'Undefined varia...', '/home2/realias6...', 27, Array)
#1 /home2/realias6/CI_FrameWork/system/View/View.php(246): include('/home2/realias6...')
#2 /home2/realias6/CI_FrameWork/system/Common.php(1087): CodeIgniter\View\View->render('layout/footer', Array, true)
#3 /home2/realias6/CI_FrameWork/app/Views/404.php(241): view('layout/footer')
#4 /home2/realias6/CI_FrameWork/system/View/View.php(246): include('/home2/realias6...')
#5 /home2/realias6/CI_FrameWork/system/Common.php(1087): CodeIgniter\View\View->render('404', Array, true)
#6 /home2/realias6/CI_FrameWork/app/Helpers/lang_helper.php(8): view('404')
#7 /home2/realias6/CI_FrameWork/app/Controllers/Error_404.php(12): lang_check()
#8 /home2/realias6/CI_FrameWork/system/CodeIgniter.php(914): App\Controllers\Error_404->show404('background', 'bg-5.png')
#9 /home2/realias6/CI_FrameWork/system/CodeIgniter.php(950): CodeIgniter\CodeIgniter->runController(Object(App\Controllers\Error_404))
#10 /home2/realias6/CI_FrameWork/system/CodeIgniter.php(324): CodeIgniter\CodeIgniter->display404errors(Object(CodeIgniter\Exceptions\PageNotFoundException))
#11 /home2/realias6/elrowad-eg.com/index.php(45): CodeIgniter\CodeIgniter->run()
#12 {main}
CRITICAL - 2022-10-19 10:29:14 --> Undefined variable: lang
#0 /home2/realias6/CI_FrameWork/app/Views/layout/footer.php(27): CodeIgniter\Debug\Exceptions->errorHandler(8, 'Undefined varia...', '/home2/realias6...', 27, Array)
#1 /home2/realias6/CI_FrameWork/system/View/View.php(246): include('/home2/realias6...')
#2 /home2/realias6/CI_FrameWork/system/Common.php(1087): CodeIgniter\View\View->render('layout/footer', Array, true)
#3 /home2/realias6/CI_FrameWork/app/Views/404.php(241): view('layout/footer')
#4 /home2/realias6/CI_FrameWork/system/View/View.php(246): include('/home2/realias6...')
#5 /home2/realias6/CI_FrameWork/system/Common.php(1087): CodeIgniter\View\View->render('404', Array, true)
#6 /home2/realias6/CI_FrameWork/app/Helpers/lang_helper.php(8): view('404')
#7 /home2/realias6/CI_FrameWork/app/Controllers/Home.php(13): lang_check()
#8 /home2/realias6/CI_FrameWork/system/CodeIgniter.php(886): App\Controllers\Home->__construct()
#9 /home2/realias6/CI_FrameWork/system/CodeIgniter.php(395): CodeIgniter\CodeIgniter->createController()
#10 /home2/realias6/CI_FrameWork/system/CodeIgniter.php(308): CodeIgniter\CodeIgniter->handleRequest(NULL, Object(Config\Cache), false)
#11 /home2/realias6/elrowad-eg.com/index.php(45): CodeIgniter\CodeIgniter->run()
#12 {main}
CRITICAL - 2022-10-19 10:48:37 --> Undefined variable: lang
#0 /home2/realias6/CI_FrameWork/app/Views/layout/footer.php(27): CodeIgniter\Debug\Exceptions->errorHandler(8, 'Undefined varia...', '/home2/realias6...', 27, Array)
#1 /home2/realias6/CI_FrameWork/system/View/View.php(246): include('/home2/realias6...')
#2 /home2/realias6/CI_FrameWork/system/Common.php(1087): CodeIgniter\View\View->render('layout/footer', Array, true)
#3 /home2/realias6/CI_FrameWork/app/Views/404.php(241): view('layout/footer')
#4 /home2/realias6/CI_FrameWork/system/View/View.php(246): include('/home2/realias6...')
#5 /home2/realias6/CI_FrameWork/system/Common.php(1087): CodeIgniter\View\View->render('404', Array, true)
#6 /home2/realias6/CI_FrameWork/app/Helpers/lang_helper.php(8): view('404')
#7 /home2/realias6/CI_FrameWork/app/Controllers/Error_404.php(12): lang_check()
#8 /home2/realias6/CI_FrameWork/system/CodeIgniter.php(914): App\Controllers\Error_404->show404('bg-5.png')
#9 /home2/realias6/CI_FrameWork/system/CodeIgniter.php(950): CodeIgniter\CodeIgniter->runController(Object(App\Controllers\Error_404))
#10 /home2/realias6/CI_FrameWork/system/CodeIgniter.php(324): CodeIgniter\CodeIgniter->display404errors(Object(CodeIgniter\Exceptions\PageNotFoundException))
#11 /home2/realias6/elrowad-eg.com/index.php(45): CodeIgniter\CodeIgniter->run()
#12 {main}
CRITICAL - 2022-10-19 10:48:37 --> Undefined variable: lang
#0 /home2/realias6/CI_FrameWork/app/Views/layout/footer.php(27): CodeIgniter\Debug\Exceptions->errorHandler(8, 'Undefined varia...', '/home2/realias6...', 27, Array)
#1 /home2/realias6/CI_FrameWork/system/View/View.php(246): include('/home2/realias6...')
#2 /home2/realias6/CI_FrameWork/system/Common.php(1087): CodeIgniter\View\View->render('layout/footer', Array, true)
#3 /home2/realias6/CI_FrameWork/app/Views/404.php(241): view('layout/footer')
#4 /home2/realias6/CI_FrameWork/system/View/View.php(246): include('/home2/realias6...')
#5 /home2/realias6/CI_FrameWork/system/Common.php(1087): CodeIgniter\View\View->render('404', Array, true)
#6 /home2/realias6/CI_FrameWork/app/Helpers/lang_helper.php(8): view('404')
#7 /home2/realias6/CI_FrameWork/app/Controllers/Error_404.php(12): lang_check()
#8 /home2/realias6/CI_FrameWork/system/CodeIgniter.php(914): App\Controllers\Error_404->show404('left-men.png')
#9 /home2/realias6/CI_FrameWork/system/CodeIgniter.php(950): CodeIgniter\CodeIgniter->runController(Object(App\Controllers\Error_404))
#10 /home2/realias6/CI_FrameWork/system/CodeIgniter.php(324): CodeIgniter\CodeIgniter->display404errors(Object(CodeIgniter\Exceptions\PageNotFoundException))
#11 /home2/realias6/elrowad-eg.com/index.php(45): CodeIgniter\CodeIgniter->run()
#12 {main}
CRITICAL - 2022-10-19 10:48:37 --> Undefined variable: lang
#0 /home2/realias6/CI_FrameWork/app/Views/layout/footer.php(27): CodeIgniter\Debug\Exceptions->errorHandler(8, 'Undefined varia...', '/home2/realias6...', 27, Array)
#1 /home2/realias6/CI_FrameWork/system/View/View.php(246): include('/home2/realias6...')
#2 /home2/realias6/CI_FrameWork/system/Common.php(1087): CodeIgniter\View\View->render('layout/footer', Array, true)
#3 /home2/realias6/CI_FrameWork/app/Views/404.php(241): view('layout/footer')
#4 /home2/realias6/CI_FrameWork/system/View/View.php(246): include('/home2/realias6...')
#5 /home2/realias6/CI_FrameWork/system/Common.php(1087): CodeIgniter\View\View->render('404', Array, true)
#6 /home2/realias6/CI_FrameWork/app/Helpers/lang_helper.php(8): view('404')
#7 /home2/realias6/CI_FrameWork/app/Controllers/Error_404.php(12): lang_check()
#8 /home2/realias6/CI_FrameWork/system/CodeIgniter.php(914): App\Controllers\Error_404->show404('bg-4.png')
#9 /home2/realias6/CI_FrameWork/system/CodeIgniter.php(950): CodeIgniter\CodeIgniter->runController(Object(App\Controllers\Error_404))
#10 /home2/realias6/CI_FrameWork/system/CodeIgniter.php(324): CodeIgniter\CodeIgniter->display404errors(Object(CodeIgniter\Exceptions\PageNotFoundException))
#11 /home2/realias6/elrowad-eg.com/index.php(45): CodeIgniter\CodeIgniter->run()
#12 {main}
CRITICAL - 2022-10-19 11:19:58 --> Undefined variable: lang
#0 /home2/realias6/CI_FrameWork/app/Views/layout/footer.php(27): CodeIgniter\Debug\Exceptions->errorHandler(8, 'Undefined varia...', '/home2/realias6...', 27, Array)
#1 /home2/realias6/CI_FrameWork/system/View/View.php(246): include('/home2/realias6...')
#2 /home2/realias6/CI_FrameWork/system/Common.php(1087): CodeIgniter\View\View->render('layout/footer', Array, true)
#3 /home2/realias6/CI_FrameWork/app/Views/404.php(241): view('layout/footer')
#4 /home2/realias6/CI_FrameWork/system/View/View.php(246): include('/home2/realias6...')
#5 /home2/realias6/CI_FrameWork/system/Common.php(1087): CodeIgniter\View\View->render('404', Array, true)
#6 /home2/realias6/CI_FrameWork/app/Helpers/lang_helper.php(8): view('404')
#7 /home2/realias6/CI_FrameWork/app/Controllers/Error_404.php(12): lang_check()
#8 /home2/realias6/CI_FrameWork/system/CodeIgniter.php(914): App\Controllers\Error_404->show404()
#9 /home2/realias6/CI_FrameWork/system/CodeIgniter.php(950): CodeIgniter\CodeIgniter->runController(Object(App\Controllers\Error_404))
#10 /home2/realias6/CI_FrameWork/system/CodeIgniter.php(324): CodeIgniter\CodeIgniter->display404errors(Object(CodeIgniter\Exceptions\PageNotFoundException))
#11 /home2/realias6/elrowad-eg.com/index.php(45): CodeIgniter\CodeIgniter->run()
#12 {main}
CRITICAL - 2022-10-19 11:19:58 --> Undefined variable: lang
#0 /home2/realias6/CI_FrameWork/app/Views/layout/footer.php(27): CodeIgniter\Debug\Exceptions->errorHandler(8, 'Undefined varia...', '/home2/realias6...', 27, Array)
#1 /home2/realias6/CI_FrameWork/system/View/View.php(246): include('/home2/realias6...')
#2 /home2/realias6/CI_FrameWork/system/Common.php(1087): CodeIgniter\View\View->render('layout/footer', Array, true)
#3 /home2/realias6/CI_FrameWork/app/Views/404.php(241): view('layout/footer')
#4 /home2/realias6/CI_FrameWork/system/View/View.php(246): include('/home2/realias6...')
#5 /home2/realias6/CI_FrameWork/system/Common.php(1087): CodeIgniter\View\View->render('404', Array, true)
#6 /home2/realias6/CI_FrameWork/app/Helpers/lang_helper.php(8): view('404')
#7 /home2/realias6/CI_FrameWork/app/Controllers/Home.php(13): lang_check()
#8 /home2/realias6/CI_FrameWork/system/CodeIgniter.php(886): App\Controllers\Home->__construct()
#9 /home2/realias6/CI_FrameWork/system/CodeIgniter.php(395): CodeIgniter\CodeIgniter->createController()
#10 /home2/realias6/CI_FrameWork/system/CodeIgniter.php(308): CodeIgniter\CodeIgniter->handleRequest(NULL, Object(Config\Cache), false)
#11 /home2/realias6/elrowad-eg.com/index.php(45): CodeIgniter\CodeIgniter->run()
#12 {main}
CRITICAL - 2022-10-19 11:19:58 --> Undefined variable: lang
#0 /home2/realias6/CI_FrameWork/app/Views/layout/footer.php(27): CodeIgniter\Debug\Exceptions->errorHandler(8, 'Undefined varia...', '/home2/realias6...', 27, Array)
#1 /home2/realias6/CI_FrameWork/system/View/View.php(246): include('/home2/realias6...')
#2 /home2/realias6/CI_FrameWork/system/Common.php(1087): CodeIgniter\View\View->render('layout/footer', Array, true)
#3 /home2/realias6/CI_FrameWork/app/Views/404.php(241): view('layout/footer')
#4 /home2/realias6/CI_FrameWork/system/View/View.php(246): include('/home2/realias6...')
#5 /home2/realias6/CI_FrameWork/system/Common.php(1087): CodeIgniter\View\View->render('404', Array, true)
#6 /home2/realias6/CI_FrameWork/app/Helpers/lang_helper.php(8): view('404')
#7 /home2/realias6/CI_FrameWork/app/Controllers/Home.php(13): lang_check()
#8 /home2/realias6/CI_FrameWork/system/CodeIgniter.php(886): App\Controllers\Home->__construct()
#9 /home2/realias6/CI_FrameWork/system/CodeIgniter.php(395): CodeIgniter\CodeIgniter->createController()
#10 /home2/realias6/CI_FrameWork/system/CodeIgniter.php(308): CodeIgniter\CodeIgniter->handleRequest(NULL, Object(Config\Cache), false)
#11 /home2/realias6/elrowad-eg.com/index.php(45): CodeIgniter\CodeIgniter->run()
#12 {main}
CRITICAL - 2022-10-19 11:19:58 --> Undefined variable: lang
#0 /home2/realias6/CI_FrameWork/app/Views/layout/footer.php(27): CodeIgniter\Debug\Exceptions->errorHandler(8, 'Undefined varia...', '/home2/realias6...', 27, Array)
#1 /home2/realias6/CI_FrameWork/system/View/View.php(246): include('/home2/realias6...')
#2 /home2/realias6/CI_FrameWork/system/Common.php(1087): CodeIgniter\View\View->render('layout/footer', Array, true)
#3 /home2/realias6/CI_FrameWork/app/Views/404.php(241): view('layout/footer')
#4 /home2/realias6/CI_FrameWork/system/View/View.php(246): include('/home2/realias6...')
#5 /home2/realias6/CI_FrameWork/system/Common.php(1087): CodeIgniter\View\View->render('404', Array, true)
#6 /home2/realias6/CI_FrameWork/app/Helpers/lang_helper.php(8): view('404')
#7 /home2/realias6/CI_FrameWork/app/Controllers/Home.php(13): lang_check()
#8 /home2/realias6/CI_FrameWork/system/CodeIgniter.php(886): App\Controllers\Home->__construct()
#9 /home2/realias6/CI_FrameWork/system/CodeIgniter.php(395): CodeIgniter\CodeIgniter->createController()
#10 /home2/realias6/CI_FrameWork/system/CodeIgniter.php(308): CodeIgniter\CodeIgniter->handleRequest(NULL, Object(Config\Cache), false)
#11 /home2/realias6/elrowad-eg.com/index.php(45): CodeIgniter\CodeIgniter->run()
#12 {main}
CRITICAL - 2022-10-19 11:22:56 --> Undefined variable: lang
#0 /home2/realias6/CI_FrameWork/app/Views/layout/footer.php(27): CodeIgniter\Debug\Exceptions->errorHandler(8, 'Undefined varia...', '/home2/realias6...', 27, Array)
#1 /home2/realias6/CI_FrameWork/system/View/View.php(246): include('/home2/realias6...')
#2 /home2/realias6/CI_FrameWork/system/Common.php(1087): CodeIgniter\View\View->render('layout/footer', Array, true)
#3 /home2/realias6/CI_FrameWork/app/Views/404.php(241): view('layout/footer')
#4 /home2/realias6/CI_FrameWork/system/View/View.php(246): include('/home2/realias6...')
#5 /home2/realias6/CI_FrameWork/system/Common.php(1087): CodeIgniter\View\View->render('404', Array, true)
#6 /home2/realias6/CI_FrameWork/app/Helpers/lang_helper.php(8): view('404')
#7 /home2/realias6/CI_FrameWork/app/Controllers/Error_404.php(12): lang_check()
#8 /home2/realias6/CI_FrameWork/system/CodeIgniter.php(914): App\Controllers\Error_404->show404('background', 'bg-5.png')
#9 /home2/realias6/CI_FrameWork/system/CodeIgniter.php(950): CodeIgniter\CodeIgniter->runController(Object(App\Controllers\Error_404))
#10 /home2/realias6/CI_FrameWork/system/CodeIgniter.php(324): CodeIgniter\CodeIgniter->display404errors(Object(CodeIgniter\Exceptions\PageNotFoundException))
#11 /home2/realias6/elrowad-eg.com/index.php(45): CodeIgniter\CodeIgniter->run()
#12 {main}
CRITICAL - 2022-10-19 11:47:44 --> Undefined variable: lang
#0 /home2/realias6/CI_FrameWork/app/Views/layout/footer.php(27): CodeIgniter\Debug\Exceptions->errorHandler(8, 'Undefined varia...', '/home2/realias6...', 27, Array)
#1 /home2/realias6/CI_FrameWork/system/View/View.php(246): include('/home2/realias6...')
#2 /home2/realias6/CI_FrameWork/system/Common.php(1087): CodeIgniter\View\View->render('layout/footer', Array, true)
#3 /home2/realias6/CI_FrameWork/app/Views/404.php(241): view('layout/footer')
#4 /home2/realias6/CI_FrameWork/system/View/View.php(246): include('/home2/realias6...')
#5 /home2/realias6/CI_FrameWork/system/Common.php(1087): CodeIgniter\View\View->render('404', Array, true)
#6 /home2/realias6/CI_FrameWork/app/Helpers/lang_helper.php(8): view('404')
#7 /home2/realias6/CI_FrameWork/app/Controllers/Error_404.php(12): lang_check()
#8 /home2/realias6/CI_FrameWork/system/CodeIgniter.php(914): App\Controllers\Error_404->show404('background', 'bg-5.png')
#9 /home2/realias6/CI_FrameWork/system/CodeIgniter.php(950): CodeIgniter\CodeIgniter->runController(Object(App\Controllers\Error_404))
#10 /home2/realias6/CI_FrameWork/system/CodeIgniter.php(324): CodeIgniter\CodeIgniter->display404errors(Object(CodeIgniter\Exceptions\PageNotFoundException))
#11 /home2/realias6/elrowad-eg.com/index.php(45): CodeIgniter\CodeIgniter->run()
#12 {main}
CRITICAL - 2022-10-19 11:54:40 --> Undefined variable: meta
#0 /home2/realias6/CI_FrameWork/app/Views/layout/header.php(27): CodeIgniter\Debug\Exceptions->errorHandler(8, 'Undefined varia...', '/home2/realias6...', 27, Array)
#1 /home2/realias6/CI_FrameWork/system/View/View.php(246): include('/home2/realias6...')
#2 /home2/realias6/CI_FrameWork/system/Common.php(1087): CodeIgniter\View\View->render('layout/header', Array, true)
#3 /home2/realias6/CI_FrameWork/app/Views/projects/show.php(2): view('layout/header')
#4 /home2/realias6/CI_FrameWork/system/View/View.php(246): include('/home2/realias6...')
#5 /home2/realias6/CI_FrameWork/system/Common.php(1087): CodeIgniter\View\View->render('projects/show', Array, true)
#6 /home2/realias6/CI_FrameWork/app/Controllers/Projects.php(123): view('projects/show', Array)
#7 /home2/realias6/CI_FrameWork/system/CodeIgniter.php(914): App\Controllers\Projects->show('index.html', '')
#8 /home2/realias6/CI_FrameWork/system/CodeIgniter.php(400): CodeIgniter\CodeIgniter->runController(Object(App\Controllers\Projects))
#9 /home2/realias6/CI_FrameWork/system/CodeIgniter.php(308): CodeIgniter\CodeIgniter->handleRequest(NULL, Object(Config\Cache), false)
#10 /home2/realias6/elrowad-eg.com/index.php(45): CodeIgniter\CodeIgniter->run()
#11 {main}
CRITICAL - 2022-10-19 13:28:44 --> Undefined variable: lang
#0 /home2/realias6/CI_FrameWork/app/Views/layout/footer.php(27): CodeIgniter\Debug\Exceptions->errorHandler(8, 'Undefined varia...', '/home2/realias6...', 27, Array)
#1 /home2/realias6/CI_FrameWork/system/View/View.php(246): include('/home2/realias6...')
#2 /home2/realias6/CI_FrameWork/system/Common.php(1087): CodeIgniter\View\View->render('layout/footer', Array, true)
#3 /home2/realias6/CI_FrameWork/app/Views/404.php(241): view('layout/footer')
#4 /home2/realias6/CI_FrameWork/system/View/View.php(246): include('/home2/realias6...')
#5 /home2/realias6/CI_FrameWork/system/Common.php(1087): CodeIgniter\View\View->render('404', Array, true)
#6 /home2/realias6/CI_FrameWork/app/Helpers/lang_helper.php(8): view('404')
#7 /home2/realias6/CI_FrameWork/app/Controllers/Error_404.php(12): lang_check()
#8 /home2/realias6/CI_FrameWork/system/CodeIgniter.php(914): App\Controllers\Error_404->show404('bg-5.png')
#9 /home2/realias6/CI_FrameWork/system/CodeIgniter.php(950): CodeIgniter\CodeIgniter->runController(Object(App\Controllers\Error_404))
#10 /home2/realias6/CI_FrameWork/system/CodeIgniter.php(324): CodeIgniter\CodeIgniter->display404errors(Object(CodeIgniter\Exceptions\PageNotFoundException))
#11 /home2/realias6/elrowad-eg.com/index.php(45): CodeIgniter\CodeIgniter->run()
#12 {main}
CRITICAL - 2022-10-19 13:28:46 --> Undefined variable: lang
#0 /home2/realias6/CI_FrameWork/app/Views/layout/footer.php(27): CodeIgniter\Debug\Exceptions->errorHandler(8, 'Undefined varia...', '/home2/realias6...', 27, Array)
#1 /home2/realias6/CI_FrameWork/system/View/View.php(246): include('/home2/realias6...')
#2 /home2/realias6/CI_FrameWork/system/Common.php(1087): CodeIgniter\View\View->render('layout/footer', Array, true)
#3 /home2/realias6/CI_FrameWork/app/Views/404.php(241): view('layout/footer')
#4 /home2/realias6/CI_FrameWork/system/View/View.php(246): include('/home2/realias6...')
#5 /home2/realias6/CI_FrameWork/system/Common.php(1087): CodeIgniter\View\View->render('404', Array, true)
#6 /home2/realias6/CI_FrameWork/app/Helpers/lang_helper.php(8): view('404')
#7 /home2/realias6/CI_FrameWork/app/Controllers/Error_404.php(12): lang_check()
#8 /home2/realias6/CI_FrameWork/system/CodeIgniter.php(914): App\Controllers\Error_404->show404('bg-4.png')
#9 /home2/realias6/CI_FrameWork/system/CodeIgniter.php(950): CodeIgniter\CodeIgniter->runController(Object(App\Controllers\Error_404))
#10 /home2/realias6/CI_FrameWork/system/CodeIgniter.php(324): CodeIgniter\CodeIgniter->display404errors(Object(CodeIgniter\Exceptions\PageNotFoundException))
#11 /home2/realias6/elrowad-eg.com/index.php(45): CodeIgniter\CodeIgniter->run()
#12 {main}
CRITICAL - 2022-10-19 13:28:47 --> Undefined variable: lang
#0 /home2/realias6/CI_FrameWork/app/Views/layout/footer.php(27): CodeIgniter\Debug\Exceptions->errorHandler(8, 'Undefined varia...', '/home2/realias6...', 27, Array)
#1 /home2/realias6/CI_FrameWork/system/View/View.php(246): include('/home2/realias6...')
#2 /home2/realias6/CI_FrameWork/system/Common.php(1087): CodeIgniter\View\View->render('layout/footer', Array, true)
#3 /home2/realias6/CI_FrameWork/app/Views/404.php(241): view('layout/footer')
#4 /home2/realias6/CI_FrameWork/system/View/View.php(246): include('/home2/realias6...')
#5 /home2/realias6/CI_FrameWork/system/Common.php(1087): CodeIgniter\View\View->render('404', Array, true)
#6 /home2/realias6/CI_FrameWork/app/Helpers/lang_helper.php(8): view('404')
#7 /home2/realias6/CI_FrameWork/app/Controllers/Error_404.php(12): lang_check()
#8 /home2/realias6/CI_FrameWork/system/CodeIgniter.php(914): App\Controllers\Error_404->show404('left-men.png')
#9 /home2/realias6/CI_FrameWork/system/CodeIgniter.php(950): CodeIgniter\CodeIgniter->runController(Object(App\Controllers\Error_404))
#10 /home2/realias6/CI_FrameWork/system/CodeIgniter.php(324): CodeIgniter\CodeIgniter->display404errors(Object(CodeIgniter\Exceptions\PageNotFoundException))
#11 /home2/realias6/elrowad-eg.com/index.php(45): CodeIgniter\CodeIgniter->run()
#12 {main}
CRITICAL - 2022-10-19 14:07:28 --> Undefined variable: lang
#0 /home2/realias6/CI_FrameWork/app/Views/layout/footer.php(27): CodeIgniter\Debug\Exceptions->errorHandler(8, 'Undefined varia...', '/home2/realias6...', 27, Array)
#1 /home2/realias6/CI_FrameWork/system/View/View.php(246): include('/home2/realias6...')
#2 /home2/realias6/CI_FrameWork/system/Common.php(1087): CodeIgniter\View\View->render('layout/footer', Array, true)
#3 /home2/realias6/CI_FrameWork/app/Views/404.php(241): view('layout/footer')
#4 /home2/realias6/CI_FrameWork/system/View/View.php(246): include('/home2/realias6...')
#5 /home2/realias6/CI_FrameWork/system/Common.php(1087): CodeIgniter\View\View->render('404', Array, true)
#6 /home2/realias6/CI_FrameWork/app/Helpers/lang_helper.php(8): view('404')
#7 /home2/realias6/CI_FrameWork/app/Controllers/Error_404.php(12): lang_check()
#8 /home2/realias6/CI_FrameWork/system/CodeIgniter.php(914): App\Controllers\Error_404->show404('seotheme', 'db.php')
#9 /home2/realias6/CI_FrameWork/system/CodeIgniter.php(950): CodeIgniter\CodeIgniter->runController(Object(App\Controllers\Error_404))
#10 /home2/realias6/CI_FrameWork/system/CodeIgniter.php(324): CodeIgniter\CodeIgniter->display404errors(Object(CodeIgniter\Exceptions\PageNotFoundException))
#11 /home2/realias6/elrowad-eg.com/index.php(45): CodeIgniter\CodeIgniter->run()
#12 {main}
CRITICAL - 2022-10-19 14:07:30 --> Undefined variable: lang
#0 /home2/realias6/CI_FrameWork/app/Views/layout/footer.php(27): CodeIgniter\Debug\Exceptions->errorHandler(8, 'Undefined varia...', '/home2/realias6...', 27, Array)
#1 /home2/realias6/CI_FrameWork/system/View/View.php(246): include('/home2/realias6...')
#2 /home2/realias6/CI_FrameWork/system/Common.php(1087): CodeIgniter\View\View->render('layout/footer', Array, true)
#3 /home2/realias6/CI_FrameWork/app/Views/404.php(241): view('layout/footer')
#4 /home2/realias6/CI_FrameWork/system/View/View.php(246): include('/home2/realias6...')
#5 /home2/realias6/CI_FrameWork/system/Common.php(1087): CodeIgniter\View\View->render('404', Array, true)
#6 /home2/realias6/CI_FrameWork/app/Helpers/lang_helper.php(8): view('404')
#7 /home2/realias6/CI_FrameWork/app/Controllers/Error_404.php(12): lang_check()
#8 /home2/realias6/CI_FrameWork/system/CodeIgniter.php(914): App\Controllers\Error_404->show404('seotheme', 'db.php')
#9 /home2/realias6/CI_FrameWork/system/CodeIgniter.php(950): CodeIgniter\CodeIgniter->runController(Object(App\Controllers\Error_404))
#10 /home2/realias6/CI_FrameWork/system/CodeIgniter.php(324): CodeIgniter\CodeIgniter->display404errors(Object(CodeIgniter\Exceptions\PageNotFoundException))
#11 /home2/realias6/elrowad-eg.com/index.php(45): CodeIgniter\CodeIgniter->run()
#12 {main}
CRITICAL - 2022-10-19 14:20:10 --> Undefined variable: lang
#0 /home2/realias6/CI_FrameWork/app/Views/layout/footer.php(27): CodeIgniter\Debug\Exceptions->errorHandler(8, 'Undefined varia...', '/home2/realias6...', 27, Array)
#1 /home2/realias6/CI_FrameWork/system/View/View.php(246): include('/home2/realias6...')
#2 /home2/realias6/CI_FrameWork/system/Common.php(1087): CodeIgniter\View\View->render('layout/footer', Array, true)
#3 /home2/realias6/CI_FrameWork/app/Views/404.php(241): view('layout/footer')
#4 /home2/realias6/CI_FrameWork/system/View/View.php(246): include('/home2/realias6...')
#5 /home2/realias6/CI_FrameWork/system/Common.php(1087): CodeIgniter\View\View->render('404', Array, true)
#6 /home2/realias6/CI_FrameWork/app/Helpers/lang_helper.php(8): view('404')
#7 /home2/realias6/CI_FrameWork/app/Controllers/Error_404.php(12): lang_check()
#8 /home2/realias6/CI_FrameWork/system/CodeIgniter.php(914): App\Controllers\Error_404->show404('background', 'bg-5.png')
#9 /home2/realias6/CI_FrameWork/system/CodeIgniter.php(950): CodeIgniter\CodeIgniter->runController(Object(App\Controllers\Error_404))
#10 /home2/realias6/CI_FrameWork/system/CodeIgniter.php(324): CodeIgniter\CodeIgniter->display404errors(Object(CodeIgniter\Exceptions\PageNotFoundException))
#11 /home2/realias6/elrowad-eg.com/index.php(45): CodeIgniter\CodeIgniter->run()
#12 {main}
CRITICAL - 2022-10-19 14:28:45 --> Undefined variable: lang
#0 /home2/realias6/CI_FrameWork/app/Views/layout/footer.php(27): CodeIgniter\Debug\Exceptions->errorHandler(8, 'Undefined varia...', '/home2/realias6...', 27, Array)
#1 /home2/realias6/CI_FrameWork/system/View/View.php(246): include('/home2/realias6...')
#2 /home2/realias6/CI_FrameWork/system/Common.php(1087): CodeIgniter\View\View->render('layout/footer', Array, true)
#3 /home2/realias6/CI_FrameWork/app/Views/404.php(241): view('layout/footer')
#4 /home2/realias6/CI_FrameWork/system/View/View.php(246): include('/home2/realias6...')
#5 /home2/realias6/CI_FrameWork/system/Common.php(1087): CodeIgniter\View\View->render('404', Array, true)
#6 /home2/realias6/CI_FrameWork/app/Helpers/lang_helper.php(8): view('404')
#7 /home2/realias6/CI_FrameWork/app/Controllers/Error_404.php(12): lang_check()
#8 /home2/realias6/CI_FrameWork/system/CodeIgniter.php(914): App\Controllers\Error_404->show404('bg-5.png')
#9 /home2/realias6/CI_FrameWork/system/CodeIgniter.php(950): CodeIgniter\CodeIgniter->runController(Object(App\Controllers\Error_404))
#10 /home2/realias6/CI_FrameWork/system/CodeIgniter.php(324): CodeIgniter\CodeIgniter->display404errors(Object(CodeIgniter\Exceptions\PageNotFoundException))
#11 /home2/realias6/elrowad-eg.com/index.php(45): CodeIgniter\CodeIgniter->run()
#12 {main}
CRITICAL - 2022-10-19 15:35:29 --> Undefined variable: lang
#0 /home2/realias6/CI_FrameWork/app/Views/layout/footer.php(27): CodeIgniter\Debug\Exceptions->errorHandler(8, 'Undefined varia...', '/home2/realias6...', 27, Array)
#1 /home2/realias6/CI_FrameWork/system/View/View.php(246): include('/home2/realias6...')
#2 /home2/realias6/CI_FrameWork/system/Common.php(1087): CodeIgniter\View\View->render('layout/footer', Array, true)
#3 /home2/realias6/CI_FrameWork/app/Views/404.php(241): view('layout/footer')
#4 /home2/realias6/CI_FrameWork/system/View/View.php(246): include('/home2/realias6...')
#5 /home2/realias6/CI_FrameWork/system/Common.php(1087): CodeIgniter\View\View->render('404', Array, true)
#6 /home2/realias6/CI_FrameWork/app/Helpers/lang_helper.php(8): view('404')
#7 /home2/realias6/CI_FrameWork/app/Controllers/Error_404.php(12): lang_check()
#8 /home2/realias6/CI_FrameWork/system/CodeIgniter.php(914): App\Controllers\Error_404->show404('satoshi', 'styles', 'functions.css')
#9 /home2/realias6/CI_FrameWork/system/CodeIgniter.php(950): CodeIgniter\CodeIgniter->runController(Object(App\Controllers\Error_404))
#10 /home2/realias6/CI_FrameWork/system/CodeIgniter.php(324): CodeIgniter\CodeIgniter->display404errors(Object(CodeIgniter\Exceptions\PageNotFoundException))
#11 /home2/realias6/elrowad-eg.com/index.php(45): CodeIgniter\CodeIgniter->run()
#12 {main}
CRITICAL - 2022-10-19 17:27:26 --> Undefined variable: lang
#0 /home2/realias6/CI_FrameWork/app/Views/layout/footer.php(27): CodeIgniter\Debug\Exceptions->errorHandler(8, 'Undefined varia...', '/home2/realias6...', 27, Array)
#1 /home2/realias6/CI_FrameWork/system/View/View.php(246): include('/home2/realias6...')
#2 /home2/realias6/CI_FrameWork/system/Common.php(1087): CodeIgniter\View\View->render('layout/footer', Array, true)
#3 /home2/realias6/CI_FrameWork/app/Views/404.php(241): view('layout/footer')
#4 /home2/realias6/CI_FrameWork/system/View/View.php(246): include('/home2/realias6...')
#5 /home2/realias6/CI_FrameWork/system/Common.php(1087): CodeIgniter\View\View->render('404', Array, true)
#6 /home2/realias6/CI_FrameWork/app/Helpers/lang_helper.php(8): view('404')
#7 /home2/realias6/CI_FrameWork/app/Controllers/Error_404.php(12): lang_check()
#8 /home2/realias6/CI_FrameWork/system/CodeIgniter.php(914): App\Controllers\Error_404->show404('ioptimization', 'IOptimize.php')
#9 /home2/realias6/CI_FrameWork/system/CodeIgniter.php(950): CodeIgniter\CodeIgniter->runController(Object(App\Controllers\Error_404))
#10 /home2/realias6/CI_FrameWork/system/CodeIgniter.php(324): CodeIgniter\CodeIgniter->display404errors(Object(CodeIgniter\Exceptions\PageNotFoundException))
#11 /home2/realias6/elrowad-eg.com/index.php(45): CodeIgniter\CodeIgniter->run()
#12 {main}
CRITICAL - 2022-10-19 17:28:43 --> Undefined variable: lang
#0 /home2/realias6/CI_FrameWork/app/Views/layout/footer.php(27): CodeIgniter\Debug\Exceptions->errorHandler(8, 'Undefined varia...', '/home2/realias6...', 27, Array)
#1 /home2/realias6/CI_FrameWork/system/View/View.php(246): include('/home2/realias6...')
#2 /home2/realias6/CI_FrameWork/system/Common.php(1087): CodeIgniter\View\View->render('layout/footer', Array, true)
#3 /home2/realias6/CI_FrameWork/app/Views/404.php(241): view('layout/footer')
#4 /home2/realias6/CI_FrameWork/system/View/View.php(246): include('/home2/realias6...')
#5 /home2/realias6/CI_FrameWork/system/Common.php(1087): CodeIgniter\View\View->render('404', Array, true)
#6 /home2/realias6/CI_FrameWork/app/Helpers/lang_helper.php(8): view('404')
#7 /home2/realias6/CI_FrameWork/app/Controllers/Error_404.php(12): lang_check()
#8 /home2/realias6/CI_FrameWork/system/CodeIgniter.php(914): App\Controllers\Error_404->show404('ioptimization', 'IOptimize.php')
#9 /home2/realias6/CI_FrameWork/system/CodeIgniter.php(950): CodeIgniter\CodeIgniter->runController(Object(App\Controllers\Error_404))
#10 /home2/realias6/CI_FrameWork/system/CodeIgniter.php(324): CodeIgniter\CodeIgniter->display404errors(Object(CodeIgniter\Exceptions\PageNotFoundException))
#11 /home2/realias6/elrowad-eg.com/index.php(45): CodeIgniter\CodeIgniter->run()
#12 {main}
CRITICAL - 2022-10-19 18:29:03 --> Undefined variable: lang
#0 /home2/realias6/CI_FrameWork/app/Views/layout/footer.php(27): CodeIgniter\Debug\Exceptions->errorHandler(8, 'Undefined varia...', '/home2/realias6...', 27, Array)
#1 /home2/realias6/CI_FrameWork/system/View/View.php(246): include('/home2/realias6...')
#2 /home2/realias6/CI_FrameWork/system/Common.php(1087): CodeIgniter\View\View->render('layout/footer', Array, true)
#3 /home2/realias6/CI_FrameWork/app/Views/404.php(241): view('layout/footer')
#4 /home2/realias6/CI_FrameWork/system/View/View.php(246): include('/home2/realias6...')
#5 /home2/realias6/CI_FrameWork/system/Common.php(1087): CodeIgniter\View\View->render('404', Array, true)
#6 /home2/realias6/CI_FrameWork/app/Helpers/lang_helper.php(8): view('404')
#7 /home2/realias6/CI_FrameWork/app/Controllers/Home.php(13): lang_check()
#8 /home2/realias6/CI_FrameWork/system/CodeIgniter.php(886): App\Controllers\Home->__construct()
#9 /home2/realias6/CI_FrameWork/system/CodeIgniter.php(395): CodeIgniter\CodeIgniter->createController()
#10 /home2/realias6/CI_FrameWork/system/CodeIgniter.php(308): CodeIgniter\CodeIgniter->handleRequest(NULL, Object(Config\Cache), false)
#11 /home2/realias6/elrowad-eg.com/index.php(45): CodeIgniter\CodeIgniter->run()
#12 {main}
CRITICAL - 2022-10-19 18:29:04 --> Undefined variable: lang
#0 /home2/realias6/CI_FrameWork/app/Views/layout/footer.php(27): CodeIgniter\Debug\Exceptions->errorHandler(8, 'Undefined varia...', '/home2/realias6...', 27, Array)
#1 /home2/realias6/CI_FrameWork/system/View/View.php(246): include('/home2/realias6...')
#2 /home2/realias6/CI_FrameWork/system/Common.php(1087): CodeIgniter\View\View->render('layout/footer', Array, true)
#3 /home2/realias6/CI_FrameWork/app/Views/404.php(241): view('layout/footer')
#4 /home2/realias6/CI_FrameWork/system/View/View.php(246): include('/home2/realias6...')
#5 /home2/realias6/CI_FrameWork/system/Common.php(1087): CodeIgniter\View\View->render('404', Array, true)
#6 /home2/realias6/CI_FrameWork/app/Helpers/lang_helper.php(8): view('404')
#7 /home2/realias6/CI_FrameWork/app/Controllers/Home.php(13): lang_check()
#8 /home2/realias6/CI_FrameWork/system/CodeIgniter.php(886): App\Controllers\Home->__construct()
#9 /home2/realias6/CI_FrameWork/system/CodeIgniter.php(395): CodeIgniter\CodeIgniter->createController()
#10 /home2/realias6/CI_FrameWork/system/CodeIgniter.php(308): CodeIgniter\CodeIgniter->handleRequest(NULL, Object(Config\Cache), false)
#11 /home2/realias6/elrowad-eg.com/index.php(45): CodeIgniter\CodeIgniter->run()
#12 {main}
CRITICAL - 2022-10-19 18:29:05 --> Undefined variable: lang
#0 /home2/realias6/CI_FrameWork/app/Views/layout/footer.php(27): CodeIgniter\Debug\Exceptions->errorHandler(8, 'Undefined varia...', '/home2/realias6...', 27, Array)
#1 /home2/realias6/CI_FrameWork/system/View/View.php(246): include('/home2/realias6...')
#2 /home2/realias6/CI_FrameWork/system/Common.php(1087): CodeIgniter\View\View->render('layout/footer', Array, true)
#3 /home2/realias6/CI_FrameWork/app/Views/404.php(241): view('layout/footer')
#4 /home2/realias6/CI_FrameWork/system/View/View.php(246): include('/home2/realias6...')
#5 /home2/realias6/CI_FrameWork/system/Common.php(1087): CodeIgniter\View\View->render('404', Array, true)
#6 /home2/realias6/CI_FrameWork/app/Helpers/lang_helper.php(8): view('404')
#7 /home2/realias6/CI_FrameWork/app/Controllers/Home.php(13): lang_check()
#8 /home2/realias6/CI_FrameWork/system/CodeIgniter.php(886): App\Controllers\Home->__construct()
#9 /home2/realias6/CI_FrameWork/system/CodeIgniter.php(395): CodeIgniter\CodeIgniter->createController()
#10 /home2/realias6/CI_FrameWork/system/CodeIgniter.php(308): CodeIgniter\CodeIgniter->handleRequest(NULL, Object(Config\Cache), false)
#11 /home2/realias6/elrowad-eg.com/index.php(45): CodeIgniter\CodeIgniter->run()
#12 {main}
CRITICAL - 2022-10-19 18:29:07 --> Undefined variable: lang
#0 /home2/realias6/CI_FrameWork/app/Views/layout/footer.php(27): CodeIgniter\Debug\Exceptions->errorHandler(8, 'Undefined varia...', '/home2/realias6...', 27, Array)
#1 /home2/realias6/CI_FrameWork/system/View/View.php(246): include('/home2/realias6...')
#2 /home2/realias6/CI_FrameWork/system/Common.php(1087): CodeIgniter\View\View->render('layout/footer', Array, true)
#3 /home2/realias6/CI_FrameWork/app/Views/404.php(241): view('layout/footer')
#4 /home2/realias6/CI_FrameWork/system/View/View.php(246): include('/home2/realias6...')
#5 /home2/realias6/CI_FrameWork/system/Common.php(1087): CodeIgniter\View\View->render('404', Array, true)
#6 /home2/realias6/CI_FrameWork/app/Helpers/lang_helper.php(8): view('404')
#7 /home2/realias6/CI_FrameWork/app/Controllers/Home.php(13): lang_check()
#8 /home2/realias6/CI_FrameWork/system/CodeIgniter.php(886): App\Controllers\Home->__construct()
#9 /home2/realias6/CI_FrameWork/system/CodeIgniter.php(395): CodeIgniter\CodeIgniter->createController()
#10 /home2/realias6/CI_FrameWork/system/CodeIgniter.php(308): CodeIgniter\CodeIgniter->handleRequest(NULL, Object(Config\Cache), false)
#11 /home2/realias6/elrowad-eg.com/index.php(45): CodeIgniter\CodeIgniter->run()
#12 {main}
CRITICAL - 2022-10-19 21:01:39 --> Undefined variable: lang
#0 /home2/realias6/CI_FrameWork/app/Views/layout/footer.php(27): CodeIgniter\Debug\Exceptions->errorHandler(8, 'Undefined varia...', '/home2/realias6...', 27, Array)
#1 /home2/realias6/CI_FrameWork/system/View/View.php(246): include('/home2/realias6...')
#2 /home2/realias6/CI_FrameWork/system/Common.php(1087): CodeIgniter\View\View->render('layout/footer', Array, true)
#3 /home2/realias6/CI_FrameWork/app/Views/404.php(241): view('layout/footer')
#4 /home2/realias6/CI_FrameWork/system/View/View.php(246): include('/home2/realias6...')
#5 /home2/realias6/CI_FrameWork/system/Common.php(1087): CodeIgniter\View\View->render('404', Array, true)
#6 /home2/realias6/CI_FrameWork/app/Helpers/lang_helper.php(8): view('404')
#7 /home2/realias6/CI_FrameWork/app/Controllers/Error_404.php(12): lang_check()
#8 /home2/realias6/CI_FrameWork/system/CodeIgniter.php(914): App\Controllers\Error_404->show404('seotheme', 'mar.php')
#9 /home2/realias6/CI_FrameWork/system/CodeIgniter.php(950): CodeIgniter\CodeIgniter->runController(Object(App\Controllers\Error_404))
#10 /home2/realias6/CI_FrameWork/system/CodeIgniter.php(324): CodeIgniter\CodeIgniter->display404errors(Object(CodeIgniter\Exceptions\PageNotFoundException))
#11 /home2/realias6/elrowad-eg.com/index.php(45): CodeIgniter\CodeIgniter->run()
#12 {main}
CRITICAL - 2022-10-19 21:01:41 --> Undefined variable: lang
#0 /home2/realias6/CI_FrameWork/app/Views/layout/footer.php(27): CodeIgniter\Debug\Exceptions->errorHandler(8, 'Undefined varia...', '/home2/realias6...', 27, Array)
#1 /home2/realias6/CI_FrameWork/system/View/View.php(246): include('/home2/realias6...')
#2 /home2/realias6/CI_FrameWork/system/Common.php(1087): CodeIgniter\View\View->render('layout/footer', Array, true)
#3 /home2/realias6/CI_FrameWork/app/Views/404.php(241): view('layout/footer')
#4 /home2/realias6/CI_FrameWork/system/View/View.php(246): include('/home2/realias6...')
#5 /home2/realias6/CI_FrameWork/system/Common.php(1087): CodeIgniter\View\View->render('404', Array, true)
#6 /home2/realias6/CI_FrameWork/app/Helpers/lang_helper.php(8): view('404')
#7 /home2/realias6/CI_FrameWork/app/Controllers/Error_404.php(12): lang_check()
#8 /home2/realias6/CI_FrameWork/system/CodeIgniter.php(914): App\Controllers\Error_404->show404('seotheme', 'mar.php')
#9 /home2/realias6/CI_FrameWork/system/CodeIgniter.php(950): CodeIgniter\CodeIgniter->runController(Object(App\Controllers\Error_404))
#10 /home2/realias6/CI_FrameWork/system/CodeIgniter.php(324): CodeIgniter\CodeIgniter->display404errors(Object(CodeIgniter\Exceptions\PageNotFoundException))
#11 /home2/realias6/elrowad-eg.com/index.php(45): CodeIgniter\CodeIgniter->run()
#12 {main}
CRITICAL - 2022-10-19 21:01:43 --> Undefined variable: lang
#0 /home2/realias6/CI_FrameWork/app/Views/layout/footer.php(27): CodeIgniter\Debug\Exceptions->errorHandler(8, 'Undefined varia...', '/home2/realias6...', 27, Array)
#1 /home2/realias6/CI_FrameWork/system/View/View.php(246): include('/home2/realias6...')
#2 /home2/realias6/CI_FrameWork/system/Common.php(1087): CodeIgniter\View\View->render('layout/footer', Array, true)
#3 /home2/realias6/CI_FrameWork/app/Views/404.php(241): view('layout/footer')
#4 /home2/realias6/CI_FrameWork/system/View/View.php(246): include('/home2/realias6...')
#5 /home2/realias6/CI_FrameWork/system/Common.php(1087): CodeIgniter\View\View->render('404', Array, true)
#6 /home2/realias6/CI_FrameWork/app/Helpers/lang_helper.php(8): view('404')
#7 /home2/realias6/CI_FrameWork/app/Controllers/Error_404.php(12): lang_check()
#8 /home2/realias6/CI_FrameWork/system/CodeIgniter.php(914): App\Controllers\Error_404->show404()
#9 /home2/realias6/CI_FrameWork/system/CodeIgniter.php(950): CodeIgniter\CodeIgniter->runController(Object(App\Controllers\Error_404))
#10 /home2/realias6/CI_FrameWork/system/CodeIgniter.php(324): CodeIgniter\CodeIgniter->display404errors(Object(CodeIgniter\Exceptions\PageNotFoundException))
#11 /home2/realias6/elrowad-eg.com/index.php(45): CodeIgniter\CodeIgniter->run()
#12 {main}
CRITICAL - 2022-10-19 21:01:45 --> Undefined variable: lang
#0 /home2/realias6/CI_FrameWork/app/Views/layout/footer.php(27): CodeIgniter\Debug\Exceptions->errorHandler(8, 'Undefined varia...', '/home2/realias6...', 27, Array)
#1 /home2/realias6/CI_FrameWork/system/View/View.php(246): include('/home2/realias6...')
#2 /home2/realias6/CI_FrameWork/system/Common.php(1087): CodeIgniter\View\View->render('layout/footer', Array, true)
#3 /home2/realias6/CI_FrameWork/app/Views/404.php(241): view('layout/footer')
#4 /home2/realias6/CI_FrameWork/system/View/View.php(246): include('/home2/realias6...')
#5 /home2/realias6/CI_FrameWork/system/Common.php(1087): CodeIgniter\View\View->render('404', Array, true)
#6 /home2/realias6/CI_FrameWork/app/Helpers/lang_helper.php(8): view('404')
#7 /home2/realias6/CI_FrameWork/app/Controllers/Error_404.php(12): lang_check()
#8 /home2/realias6/CI_FrameWork/system/CodeIgniter.php(914): App\Controllers\Error_404->show404()
#9 /home2/realias6/CI_FrameWork/system/CodeIgniter.php(950): CodeIgniter\CodeIgniter->runController(Object(App\Controllers\Error_404))
#10 /home2/realias6/CI_FrameWork/system/CodeIgniter.php(324): CodeIgniter\CodeIgniter->display404errors(Object(CodeIgniter\Exceptions\PageNotFoundException))
#11 /home2/realias6/elrowad-eg.com/index.php(45): CodeIgniter\CodeIgniter->run()
#12 {main}
CRITICAL - 2022-10-19 21:01:47 --> Undefined variable: lang
#0 /home2/realias6/CI_FrameWork/app/Views/layout/footer.php(27): CodeIgniter\Debug\Exceptions->errorHandler(8, 'Undefined varia...', '/home2/realias6...', 27, Array)
#1 /home2/realias6/CI_FrameWork/system/View/View.php(246): include('/home2/realias6...')
#2 /home2/realias6/CI_FrameWork/system/Common.php(1087): CodeIgniter\View\View->render('layout/footer', Array, true)
#3 /home2/realias6/CI_FrameWork/app/Views/404.php(241): view('layout/footer')
#4 /home2/realias6/CI_FrameWork/system/View/View.php(246): include('/home2/realias6...')
#5 /home2/realias6/CI_FrameWork/system/Common.php(1087): CodeIgniter\View\View->render('404', Array, true)
#6 /home2/realias6/CI_FrameWork/app/Helpers/lang_helper.php(8): view('404')
#7 /home2/realias6/CI_FrameWork/app/Controllers/Home.php(13): lang_check()
#8 /home2/realias6/CI_FrameWork/system/CodeIgniter.php(886): App\Controllers\Home->__construct()
#9 /home2/realias6/CI_FrameWork/system/CodeIgniter.php(395): CodeIgniter\CodeIgniter->createController()
#10 /home2/realias6/CI_FrameWork/system/CodeIgniter.php(308): CodeIgniter\CodeIgniter->handleRequest(NULL, Object(Config\Cache), false)
#11 /home2/realias6/elrowad-eg.com/index.php(45): CodeIgniter\CodeIgniter->run()
#12 {main}
CRITICAL - 2022-10-19 21:01:50 --> Undefined variable: lang
#0 /home2/realias6/CI_FrameWork/app/Views/layout/footer.php(27): CodeIgniter\Debug\Exceptions->errorHandler(8, 'Undefined varia...', '/home2/realias6...', 27, Array)
#1 /home2/realias6/CI_FrameWork/system/View/View.php(246): include('/home2/realias6...')
#2 /home2/realias6/CI_FrameWork/system/Common.php(1087): CodeIgniter\View\View->render('layout/footer', Array, true)
#3 /home2/realias6/CI_FrameWork/app/Views/404.php(241): view('layout/footer')
#4 /home2/realias6/CI_FrameWork/system/View/View.php(246): include('/home2/realias6...')
#5 /home2/realias6/CI_FrameWork/system/Common.php(1087): CodeIgniter\View\View->render('404', Array, true)
#6 /home2/realias6/CI_FrameWork/app/Helpers/lang_helper.php(8): view('404')
#7 /home2/realias6/CI_FrameWork/app/Controllers/Home.php(13): lang_check()
#8 /home2/realias6/CI_FrameWork/system/CodeIgniter.php(886): App\Controllers\Home->__construct()
#9 /home2/realias6/CI_FrameWork/system/CodeIgniter.php(395): CodeIgniter\CodeIgniter->createController()
#10 /home2/realias6/CI_FrameWork/system/CodeIgniter.php(308): CodeIgniter\CodeIgniter->handleRequest(NULL, Object(Config\Cache), false)
#11 /home2/realias6/elrowad-eg.com/index.php(45): CodeIgniter\CodeIgniter->run()
#12 {main}
CRITICAL - 2022-10-19 21:08:20 --> Undefined variable: lang
#0 /home2/realias6/CI_FrameWork/app/Views/layout/footer.php(27): CodeIgniter\Debug\Exceptions->errorHandler(8, 'Undefined varia...', '/home2/realias6...', 27, Array)
#1 /home2/realias6/CI_FrameWork/system/View/View.php(246): include('/home2/realias6...')
#2 /home2/realias6/CI_FrameWork/system/Common.php(1087): CodeIgniter\View\View->render('layout/footer', Array, true)
#3 /home2/realias6/CI_FrameWork/app/Views/404.php(241): view('layout/footer')
#4 /home2/realias6/CI_FrameWork/system/View/View.php(246): include('/home2/realias6...')
#5 /home2/realias6/CI_FrameWork/system/Common.php(1087): CodeIgniter\View\View->render('404', Array, true)
#6 /home2/realias6/CI_FrameWork/app/Helpers/lang_helper.php(8): view('404')
#7 /home2/realias6/CI_FrameWork/app/Controllers/Error_404.php(12): lang_check()
#8 /home2/realias6/CI_FrameWork/system/CodeIgniter.php(914): App\Controllers\Error_404->show404('background', 'bg-5.png')
#9 /home2/realias6/CI_FrameWork/system/CodeIgniter.php(950): CodeIgniter\CodeIgniter->runController(Object(App\Controllers\Error_404))
#10 /home2/realias6/CI_FrameWork/system/CodeIgniter.php(324): CodeIgniter\CodeIgniter->display404errors(Object(CodeIgniter\Exceptions\PageNotFoundException))
#11 /home2/realias6/elrowad-eg.com/index.php(45): CodeIgniter\CodeIgniter->run()
#12 {main}
CRITICAL - 2022-10-19 21:08:42 --> Undefined variable: lang
#0 /home2/realias6/CI_FrameWork/app/Views/layout/footer.php(27): CodeIgniter\Debug\Exceptions->errorHandler(8, 'Undefined varia...', '/home2/realias6...', 27, Array)
#1 /home2/realias6/CI_FrameWork/system/View/View.php(246): include('/home2/realias6...')
#2 /home2/realias6/CI_FrameWork/system/Common.php(1087): CodeIgniter\View\View->render('layout/footer', Array, true)
#3 /home2/realias6/CI_FrameWork/app/Views/404.php(241): view('layout/footer')
#4 /home2/realias6/CI_FrameWork/system/View/View.php(246): include('/home2/realias6...')
#5 /home2/realias6/CI_FrameWork/system/Common.php(1087): CodeIgniter\View\View->render('404', Array, true)
#6 /home2/realias6/CI_FrameWork/app/Helpers/lang_helper.php(8): view('404')
#7 /home2/realias6/CI_FrameWork/app/Controllers/Error_404.php(12): lang_check()
#8 /home2/realias6/CI_FrameWork/system/CodeIgniter.php(914): App\Controllers\Error_404->show404('background', 'bg-5.png')
#9 /home2/realias6/CI_FrameWork/system/CodeIgniter.php(950): CodeIgniter\CodeIgniter->runController(Object(App\Controllers\Error_404))
#10 /home2/realias6/CI_FrameWork/system/CodeIgniter.php(324): CodeIgniter\CodeIgniter->display404errors(Object(CodeIgniter\Exceptions\PageNotFoundException))
#11 /home2/realias6/elrowad-eg.com/index.php(45): CodeIgniter\CodeIgniter->run()
#12 {main}
CRITICAL - 2022-10-19 21:22:58 --> Undefined variable: meta
#0 /home2/realias6/CI_FrameWork/app/Views/layout/header.php(27): CodeIgniter\Debug\Exceptions->errorHandler(8, 'Undefined varia...', '/home2/realias6...', 27, Array)
#1 /home2/realias6/CI_FrameWork/system/View/View.php(246): include('/home2/realias6...')
#2 /home2/realias6/CI_FrameWork/system/Common.php(1087): CodeIgniter\View\View->render('layout/header', Array, true)
#3 /home2/realias6/CI_FrameWork/app/Views/projects/projects.php(2): view('layout/header')
#4 /home2/realias6/CI_FrameWork/system/View/View.php(246): include('/home2/realias6...')
#5 /home2/realias6/CI_FrameWork/system/Common.php(1087): CodeIgniter\View\View->render('projects/projec...', Array, true)
#6 /home2/realias6/CI_FrameWork/app/Controllers/Projects.php(79): view('projects/projec...', Array)
#7 /home2/realias6/CI_FrameWork/system/CodeIgniter.php(914): App\Controllers\Projects->all_projects('industrial')
#8 /home2/realias6/CI_FrameWork/system/CodeIgniter.php(400): CodeIgniter\CodeIgniter->runController(Object(App\Controllers\Projects))
#9 /home2/realias6/CI_FrameWork/system/CodeIgniter.php(308): CodeIgniter\CodeIgniter->handleRequest(NULL, Object(Config\Cache), false)
#10 /home2/realias6/elrowad-eg.com/index.php(45): CodeIgniter\CodeIgniter->run()
#11 {main}
CRITICAL - 2022-10-19 21:57:14 --> Undefined variable: meta
#0 /home2/realias6/CI_FrameWork/app/Views/layout/header.php(27): CodeIgniter\Debug\Exceptions->errorHandler(8, 'Undefined varia...', '/home2/realias6...', 27, Array)
#1 /home2/realias6/CI_FrameWork/system/View/View.php(246): include('/home2/realias6...')
#2 /home2/realias6/CI_FrameWork/system/Common.php(1087): CodeIgniter\View\View->render('layout/header', Array, true)
#3 /home2/realias6/CI_FrameWork/app/Views/projects/projects.php(2): view('layout/header')
#4 /home2/realias6/CI_FrameWork/system/View/View.php(246): include('/home2/realias6...')
#5 /home2/realias6/CI_FrameWork/system/Common.php(1087): CodeIgniter\View\View->render('projects/projec...', Array, true)
#6 /home2/realias6/CI_FrameWork/app/Controllers/Projects.php(79): view('projects/projec...', Array)
#7 /home2/realias6/CI_FrameWork/system/CodeIgniter.php(914): App\Controllers\Projects->all_projects('industrial')
#8 /home2/realias6/CI_FrameWork/system/CodeIgniter.php(400): CodeIgniter\CodeIgniter->runController(Object(App\Controllers\Projects))
#9 /home2/realias6/CI_FrameWork/system/CodeIgniter.php(308): CodeIgniter\CodeIgniter->handleRequest(NULL, Object(Config\Cache), false)
#10 /home2/realias6/elrowad-eg.com/index.php(45): CodeIgniter\CodeIgniter->run()
#11 {main}
CRITICAL - 2022-10-19 22:15:09 --> Undefined variable: meta
#0 /home2/realias6/CI_FrameWork/app/Views/layout/header.php(27): CodeIgniter\Debug\Exceptions->errorHandler(8, 'Undefined varia...', '/home2/realias6...', 27, Array)
#1 /home2/realias6/CI_FrameWork/system/View/View.php(246): include('/home2/realias6...')
#2 /home2/realias6/CI_FrameWork/system/Common.php(1087): CodeIgniter\View\View->render('layout/header', Array, true)
#3 /home2/realias6/CI_FrameWork/app/Views/projects/show.php(2): view('layout/header')
#4 /home2/realias6/CI_FrameWork/system/View/View.php(246): include('/home2/realias6...')
#5 /home2/realias6/CI_FrameWork/system/Common.php(1087): CodeIgniter\View\View->render('projects/show', Array, true)
#6 /home2/realias6/CI_FrameWork/app/Controllers/Projects.php(123): view('projects/show', Array)
#7 /home2/realias6/CI_FrameWork/system/CodeIgniter.php(914): App\Controllers\Projects->show('bg-site.png', '')
#8 /home2/realias6/CI_FrameWork/system/CodeIgniter.php(400): CodeIgniter\CodeIgniter->runController(Object(App\Controllers\Projects))
#9 /home2/realias6/CI_FrameWork/system/CodeIgniter.php(308): CodeIgniter\CodeIgniter->handleRequest(NULL, Object(Config\Cache), false)
#10 /home2/realias6/elrowad-eg.com/index.php(45): CodeIgniter\CodeIgniter->run()
#11 {main}
CRITICAL - 2022-10-19 22:23:30 --> Undefined variable: lang
#0 /home2/realias6/CI_FrameWork/app/Views/layout/footer.php(27): CodeIgniter\Debug\Exceptions->errorHandler(8, 'Undefined varia...', '/home2/realias6...', 27, Array)
#1 /home2/realias6/CI_FrameWork/system/View/View.php(246): include('/home2/realias6...')
#2 /home2/realias6/CI_FrameWork/system/Common.php(1087): CodeIgniter\View\View->render('layout/footer', Array, true)
#3 /home2/realias6/CI_FrameWork/app/Views/404.php(241): view('layout/footer')
#4 /home2/realias6/CI_FrameWork/system/View/View.php(246): include('/home2/realias6...')
#5 /home2/realias6/CI_FrameWork/system/Common.php(1087): CodeIgniter\View\View->render('404', Array, true)
#6 /home2/realias6/CI_FrameWork/app/Helpers/lang_helper.php(8): view('404')
#7 /home2/realias6/CI_FrameWork/app/Controllers/Error_404.php(12): lang_check()
#8 /home2/realias6/CI_FrameWork/system/CodeIgniter.php(914): App\Controllers\Error_404->show404()
#9 /home2/realias6/CI_FrameWork/system/CodeIgniter.php(950): CodeIgniter\CodeIgniter->runController(Object(App\Controllers\Error_404))
#10 /home2/realias6/CI_FrameWork/system/CodeIgniter.php(324): CodeIgniter\CodeIgniter->display404errors(Object(CodeIgniter\Exceptions\PageNotFoundException))
#11 /home2/realias6/elrowad-eg.com/index.php(45): CodeIgniter\CodeIgniter->run()
#12 {main}
