CRITICAL - 2022-10-16 01:10:55 --> Undefined variable: lang
#0 /home2/realias6/CI_FrameWork/app/Views/layout/footer.php(27): CodeIgniter\Debug\Exceptions->errorHandler(8, 'Undefined varia...', '/home2/realias6...', 27, Array)
#1 /home2/realias6/CI_FrameWork/system/View/View.php(246): include('/home2/realias6...')
#2 /home2/realias6/CI_FrameWork/system/Common.php(1087): CodeIgniter\View\View->render('layout/footer', Array, true)
#3 /home2/realias6/CI_FrameWork/app/Views/404.php(241): view('layout/footer')
#4 /home2/realias6/CI_FrameWork/system/View/View.php(246): include('/home2/realias6...')
#5 /home2/realias6/CI_FrameWork/system/Common.php(1087): CodeIgniter\View\View->render('404', Array, true)
#6 /home2/realias6/CI_FrameWork/app/Helpers/lang_helper.php(8): view('404')
#7 /home2/realias6/CI_FrameWork/app/Controllers/Error_404.php(12): lang_check()
#8 /home2/realias6/CI_FrameWork/system/CodeIgniter.php(914): App\Controllers\Error_404->show404('bg-5.png')
#9 /home2/realias6/CI_FrameWork/system/CodeIgniter.php(950): CodeIgniter\CodeIgniter->runController(Object(App\Controllers\Error_404))
#10 /home2/realias6/CI_FrameWork/system/CodeIgniter.php(324): CodeIgniter\CodeIgniter->display404errors(Object(CodeIgniter\Exceptions\PageNotFoundException))
#11 /home2/realias6/elrowad-eg.com/index.php(45): CodeIgniter\CodeIgniter->run()
#12 {main}
CRITICAL - 2022-10-16 01:11:06 --> Undefined variable: lang
#0 /home2/realias6/CI_FrameWork/app/Views/layout/footer.php(27): CodeIgniter\Debug\Exceptions->errorHandler(8, 'Undefined varia...', '/home2/realias6...', 27, Array)
#1 /home2/realias6/CI_FrameWork/system/View/View.php(246): include('/home2/realias6...')
#2 /home2/realias6/CI_FrameWork/system/Common.php(1087): CodeIgniter\View\View->render('layout/footer', Array, true)
#3 /home2/realias6/CI_FrameWork/app/Views/404.php(241): view('layout/footer')
#4 /home2/realias6/CI_FrameWork/system/View/View.php(246): include('/home2/realias6...')
#5 /home2/realias6/CI_FrameWork/system/Common.php(1087): CodeIgniter\View\View->render('404', Array, true)
#6 /home2/realias6/CI_FrameWork/app/Helpers/lang_helper.php(8): view('404')
#7 /home2/realias6/CI_FrameWork/app/Controllers/Home.php(13): lang_check()
#8 /home2/realias6/CI_FrameWork/system/CodeIgniter.php(886): App\Controllers\Home->__construct()
#9 /home2/realias6/CI_FrameWork/system/CodeIgniter.php(395): CodeIgniter\CodeIgniter->createController()
#10 /home2/realias6/CI_FrameWork/system/CodeIgniter.php(308): CodeIgniter\CodeIgniter->handleRequest(NULL, Object(Config\Cache), false)
#11 /home2/realias6/elrowad-eg.com/index.php(45): CodeIgniter\CodeIgniter->run()
#12 {main}
CRITICAL - 2022-10-16 01:11:36 --> Undefined variable: lang
#0 /home2/realias6/CI_FrameWork/app/Views/layout/footer.php(27): CodeIgniter\Debug\Exceptions->errorHandler(8, 'Undefined varia...', '/home2/realias6...', 27, Array)
#1 /home2/realias6/CI_FrameWork/system/View/View.php(246): include('/home2/realias6...')
#2 /home2/realias6/CI_FrameWork/system/Common.php(1087): CodeIgniter\View\View->render('layout/footer', Array, true)
#3 /home2/realias6/CI_FrameWork/app/Views/404.php(241): view('layout/footer')
#4 /home2/realias6/CI_FrameWork/system/View/View.php(246): include('/home2/realias6...')
#5 /home2/realias6/CI_FrameWork/system/Common.php(1087): CodeIgniter\View\View->render('404', Array, true)
#6 /home2/realias6/CI_FrameWork/app/Helpers/lang_helper.php(8): view('404')
#7 /home2/realias6/CI_FrameWork/app/Controllers/Error_404.php(12): lang_check()
#8 /home2/realias6/CI_FrameWork/system/CodeIgniter.php(914): App\Controllers\Error_404->show404('vodafone.jpg')
#9 /home2/realias6/CI_FrameWork/system/CodeIgniter.php(950): CodeIgniter\CodeIgniter->runController(Object(App\Controllers\Error_404))
#10 /home2/realias6/CI_FrameWork/system/CodeIgniter.php(324): CodeIgniter\CodeIgniter->display404errors(Object(CodeIgniter\Exceptions\PageNotFoundException))
#11 /home2/realias6/elrowad-eg.com/index.php(45): CodeIgniter\CodeIgniter->run()
#12 {main}
CRITICAL - 2022-10-16 01:11:40 --> Undefined variable: lang
#0 /home2/realias6/CI_FrameWork/app/Views/layout/footer.php(27): CodeIgniter\Debug\Exceptions->errorHandler(8, 'Undefined varia...', '/home2/realias6...', 27, Array)
#1 /home2/realias6/CI_FrameWork/system/View/View.php(246): include('/home2/realias6...')
#2 /home2/realias6/CI_FrameWork/system/Common.php(1087): CodeIgniter\View\View->render('layout/footer', Array, true)
#3 /home2/realias6/CI_FrameWork/app/Views/404.php(241): view('layout/footer')
#4 /home2/realias6/CI_FrameWork/system/View/View.php(246): include('/home2/realias6...')
#5 /home2/realias6/CI_FrameWork/system/Common.php(1087): CodeIgniter\View\View->render('404', Array, true)
#6 /home2/realias6/CI_FrameWork/app/Helpers/lang_helper.php(8): view('404')
#7 /home2/realias6/CI_FrameWork/app/Controllers/Error_404.php(12): lang_check()
#8 /home2/realias6/CI_FrameWork/system/CodeIgniter.php(914): App\Controllers\Error_404->show404('background', 'bg-5.png')
#9 /home2/realias6/CI_FrameWork/system/CodeIgniter.php(950): CodeIgniter\CodeIgniter->runController(Object(App\Controllers\Error_404))
#10 /home2/realias6/CI_FrameWork/system/CodeIgniter.php(324): CodeIgniter\CodeIgniter->display404errors(Object(CodeIgniter\Exceptions\PageNotFoundException))
#11 /home2/realias6/elrowad-eg.com/index.php(45): CodeIgniter\CodeIgniter->run()
#12 {main}
CRITICAL - 2022-10-16 01:12:29 --> Undefined variable: lang
#0 /home2/realias6/CI_FrameWork/app/Views/layout/footer.php(27): CodeIgniter\Debug\Exceptions->errorHandler(8, 'Undefined varia...', '/home2/realias6...', 27, Array)
#1 /home2/realias6/CI_FrameWork/system/View/View.php(246): include('/home2/realias6...')
#2 /home2/realias6/CI_FrameWork/system/Common.php(1087): CodeIgniter\View\View->render('layout/footer', Array, true)
#3 /home2/realias6/CI_FrameWork/app/Views/404.php(241): view('layout/footer')
#4 /home2/realias6/CI_FrameWork/system/View/View.php(246): include('/home2/realias6...')
#5 /home2/realias6/CI_FrameWork/system/Common.php(1087): CodeIgniter\View\View->render('404', Array, true)
#6 /home2/realias6/CI_FrameWork/app/Helpers/lang_helper.php(8): view('404')
#7 /home2/realias6/CI_FrameWork/app/Controllers/Error_404.php(12): lang_check()
#8 /home2/realias6/CI_FrameWork/system/CodeIgniter.php(914): App\Controllers\Error_404->show404('bg-5.png')
#9 /home2/realias6/CI_FrameWork/system/CodeIgniter.php(950): CodeIgniter\CodeIgniter->runController(Object(App\Controllers\Error_404))
#10 /home2/realias6/CI_FrameWork/system/CodeIgniter.php(324): CodeIgniter\CodeIgniter->display404errors(Object(CodeIgniter\Exceptions\PageNotFoundException))
#11 /home2/realias6/elrowad-eg.com/index.php(45): CodeIgniter\CodeIgniter->run()
#12 {main}
CRITICAL - 2022-10-16 01:17:22 --> Undefined variable: lang
#0 /home2/realias6/CI_FrameWork/app/Views/layout/footer.php(27): CodeIgniter\Debug\Exceptions->errorHandler(8, 'Undefined varia...', '/home2/realias6...', 27, Array)
#1 /home2/realias6/CI_FrameWork/system/View/View.php(246): include('/home2/realias6...')
#2 /home2/realias6/CI_FrameWork/system/Common.php(1087): CodeIgniter\View\View->render('layout/footer', Array, true)
#3 /home2/realias6/CI_FrameWork/app/Views/404.php(241): view('layout/footer')
#4 /home2/realias6/CI_FrameWork/system/View/View.php(246): include('/home2/realias6...')
#5 /home2/realias6/CI_FrameWork/system/Common.php(1087): CodeIgniter\View\View->render('404', Array, true)
#6 /home2/realias6/CI_FrameWork/app/Helpers/lang_helper.php(8): view('404')
#7 /home2/realias6/CI_FrameWork/app/Controllers/Error_404.php(12): lang_check()
#8 /home2/realias6/CI_FrameWork/system/CodeIgniter.php(914): App\Controllers\Error_404->show404('background', 'ptn-1.png')
#9 /home2/realias6/CI_FrameWork/system/CodeIgniter.php(950): CodeIgniter\CodeIgniter->runController(Object(App\Controllers\Error_404))
#10 /home2/realias6/CI_FrameWork/system/CodeIgniter.php(324): CodeIgniter\CodeIgniter->display404errors(Object(CodeIgniter\Exceptions\PageNotFoundException))
#11 /home2/realias6/elrowad-eg.com/index.php(45): CodeIgniter\CodeIgniter->run()
#12 {main}
CRITICAL - 2022-10-16 02:29:46 --> Undefined variable: lang
#0 /home2/realias6/CI_FrameWork/app/Views/layout/footer.php(27): CodeIgniter\Debug\Exceptions->errorHandler(8, 'Undefined varia...', '/home2/realias6...', 27, Array)
#1 /home2/realias6/CI_FrameWork/system/View/View.php(246): include('/home2/realias6...')
#2 /home2/realias6/CI_FrameWork/system/Common.php(1087): CodeIgniter\View\View->render('layout/footer', Array, true)
#3 /home2/realias6/CI_FrameWork/app/Views/404.php(241): view('layout/footer')
#4 /home2/realias6/CI_FrameWork/system/View/View.php(246): include('/home2/realias6...')
#5 /home2/realias6/CI_FrameWork/system/Common.php(1087): CodeIgniter\View\View->render('404', Array, true)
#6 /home2/realias6/CI_FrameWork/app/Helpers/lang_helper.php(8): view('404')
#7 /home2/realias6/CI_FrameWork/app/Controllers/Home.php(13): lang_check()
#8 /home2/realias6/CI_FrameWork/system/CodeIgniter.php(886): App\Controllers\Home->__construct()
#9 /home2/realias6/CI_FrameWork/system/CodeIgniter.php(395): CodeIgniter\CodeIgniter->createController()
#10 /home2/realias6/CI_FrameWork/system/CodeIgniter.php(308): CodeIgniter\CodeIgniter->handleRequest(NULL, Object(Config\Cache), false)
#11 /home2/realias6/elrowad-eg.com/index.php(45): CodeIgniter\CodeIgniter->run()
#12 {main}
CRITICAL - 2022-10-16 03:03:53 --> Undefined variable: lang
#0 /home2/realias6/CI_FrameWork/app/Views/layout/footer.php(27): CodeIgniter\Debug\Exceptions->errorHandler(8, 'Undefined varia...', '/home2/realias6...', 27, Array)
#1 /home2/realias6/CI_FrameWork/system/View/View.php(246): include('/home2/realias6...')
#2 /home2/realias6/CI_FrameWork/system/Common.php(1087): CodeIgniter\View\View->render('layout/footer', Array, true)
#3 /home2/realias6/CI_FrameWork/app/Views/404.php(241): view('layout/footer')
#4 /home2/realias6/CI_FrameWork/system/View/View.php(246): include('/home2/realias6...')
#5 /home2/realias6/CI_FrameWork/system/Common.php(1087): CodeIgniter\View\View->render('404', Array, true)
#6 /home2/realias6/CI_FrameWork/app/Helpers/lang_helper.php(8): view('404')
#7 /home2/realias6/CI_FrameWork/app/Controllers/Home.php(13): lang_check()
#8 /home2/realias6/CI_FrameWork/system/CodeIgniter.php(886): App\Controllers\Home->__construct()
#9 /home2/realias6/CI_FrameWork/system/CodeIgniter.php(395): CodeIgniter\CodeIgniter->createController()
#10 /home2/realias6/CI_FrameWork/system/CodeIgniter.php(308): CodeIgniter\CodeIgniter->handleRequest(NULL, Object(Config\Cache), false)
#11 /home2/realias6/elrowad-eg.com/index.php(45): CodeIgniter\CodeIgniter->run()
#12 {main}
CRITICAL - 2022-10-16 05:16:17 --> Undefined variable: lang
#0 /home2/realias6/CI_FrameWork/app/Views/layout/footer.php(27): CodeIgniter\Debug\Exceptions->errorHandler(8, 'Undefined varia...', '/home2/realias6...', 27, Array)
#1 /home2/realias6/CI_FrameWork/system/View/View.php(246): include('/home2/realias6...')
#2 /home2/realias6/CI_FrameWork/system/Common.php(1087): CodeIgniter\View\View->render('layout/footer', Array, true)
#3 /home2/realias6/CI_FrameWork/app/Views/404.php(241): view('layout/footer')
#4 /home2/realias6/CI_FrameWork/system/View/View.php(246): include('/home2/realias6...')
#5 /home2/realias6/CI_FrameWork/system/Common.php(1087): CodeIgniter\View\View->render('404', Array, true)
#6 /home2/realias6/CI_FrameWork/app/Helpers/lang_helper.php(8): view('404')
#7 /home2/realias6/CI_FrameWork/app/Controllers/Error_404.php(12): lang_check()
#8 /home2/realias6/CI_FrameWork/system/CodeIgniter.php(914): App\Controllers\Error_404->show404('bg-5.png')
#9 /home2/realias6/CI_FrameWork/system/CodeIgniter.php(950): CodeIgniter\CodeIgniter->runController(Object(App\Controllers\Error_404))
#10 /home2/realias6/CI_FrameWork/system/CodeIgniter.php(324): CodeIgniter\CodeIgniter->display404errors(Object(CodeIgniter\Exceptions\PageNotFoundException))
#11 /home2/realias6/elrowad-eg.com/index.php(45): CodeIgniter\CodeIgniter->run()
#12 {main}
CRITICAL - 2022-10-16 07:19:19 --> Undefined variable: lang
#0 /home2/realias6/CI_FrameWork/app/Views/layout/footer.php(27): CodeIgniter\Debug\Exceptions->errorHandler(8, 'Undefined varia...', '/home2/realias6...', 27, Array)
#1 /home2/realias6/CI_FrameWork/system/View/View.php(246): include('/home2/realias6...')
#2 /home2/realias6/CI_FrameWork/system/Common.php(1087): CodeIgniter\View\View->render('layout/footer', Array, true)
#3 /home2/realias6/CI_FrameWork/app/Views/404.php(241): view('layout/footer')
#4 /home2/realias6/CI_FrameWork/system/View/View.php(246): include('/home2/realias6...')
#5 /home2/realias6/CI_FrameWork/system/Common.php(1087): CodeIgniter\View\View->render('404', Array, true)
#6 /home2/realias6/CI_FrameWork/app/Helpers/lang_helper.php(8): view('404')
#7 /home2/realias6/CI_FrameWork/app/Controllers/Home.php(13): lang_check()
#8 /home2/realias6/CI_FrameWork/system/CodeIgniter.php(886): App\Controllers\Home->__construct()
#9 /home2/realias6/CI_FrameWork/system/CodeIgniter.php(395): CodeIgniter\CodeIgniter->createController()
#10 /home2/realias6/CI_FrameWork/system/CodeIgniter.php(308): CodeIgniter\CodeIgniter->handleRequest(NULL, Object(Config\Cache), false)
#11 /home2/realias6/elrowad-eg.com/index.php(45): CodeIgniter\CodeIgniter->run()
#12 {main}
CRITICAL - 2022-10-16 08:24:48 --> Undefined variable: meta
#0 /home2/realias6/CI_FrameWork/app/Views/layout/header.php(27): CodeIgniter\Debug\Exceptions->errorHandler(8, 'Undefined varia...', '/home2/realias6...', 27, Array)
#1 /home2/realias6/CI_FrameWork/system/View/View.php(246): include('/home2/realias6...')
#2 /home2/realias6/CI_FrameWork/system/Common.php(1087): CodeIgniter\View\View->render('layout/header', Array, true)
#3 /home2/realias6/CI_FrameWork/app/Views/projects/projects.php(2): view('layout/header')
#4 /home2/realias6/CI_FrameWork/system/View/View.php(246): include('/home2/realias6...')
#5 /home2/realias6/CI_FrameWork/system/Common.php(1087): CodeIgniter\View\View->render('projects/projec...', Array, true)
#6 /home2/realias6/CI_FrameWork/app/Controllers/Projects.php(79): view('projects/projec...', Array)
#7 /home2/realias6/CI_FrameWork/system/CodeIgniter.php(914): App\Controllers\Projects->all_projects('industrial')
#8 /home2/realias6/CI_FrameWork/system/CodeIgniter.php(400): CodeIgniter\CodeIgniter->runController(Object(App\Controllers\Projects))
#9 /home2/realias6/CI_FrameWork/system/CodeIgniter.php(308): CodeIgniter\CodeIgniter->handleRequest(NULL, Object(Config\Cache), false)
#10 /home2/realias6/elrowad-eg.com/index.php(45): CodeIgniter\CodeIgniter->run()
#11 {main}
CRITICAL - 2022-10-16 08:54:18 --> Undefined variable: lang
#0 /home2/realias6/CI_FrameWork/app/Views/layout/footer.php(27): CodeIgniter\Debug\Exceptions->errorHandler(8, 'Undefined varia...', '/home2/realias6...', 27, Array)
#1 /home2/realias6/CI_FrameWork/system/View/View.php(246): include('/home2/realias6...')
#2 /home2/realias6/CI_FrameWork/system/Common.php(1087): CodeIgniter\View\View->render('layout/footer', Array, true)
#3 /home2/realias6/CI_FrameWork/app/Views/404.php(241): view('layout/footer')
#4 /home2/realias6/CI_FrameWork/system/View/View.php(246): include('/home2/realias6...')
#5 /home2/realias6/CI_FrameWork/system/Common.php(1087): CodeIgniter\View\View->render('404', Array, true)
#6 /home2/realias6/CI_FrameWork/app/Helpers/lang_helper.php(8): view('404')
#7 /home2/realias6/CI_FrameWork/app/Controllers/Error_404.php(12): lang_check()
#8 /home2/realias6/CI_FrameWork/system/CodeIgniter.php(914): App\Controllers\Error_404->show404('bg-5.png')
#9 /home2/realias6/CI_FrameWork/system/CodeIgniter.php(950): CodeIgniter\CodeIgniter->runController(Object(App\Controllers\Error_404))
#10 /home2/realias6/CI_FrameWork/system/CodeIgniter.php(324): CodeIgniter\CodeIgniter->display404errors(Object(CodeIgniter\Exceptions\PageNotFoundException))
#11 /home2/realias6/elrowad-eg.com/index.php(45): CodeIgniter\CodeIgniter->run()
#12 {main}
CRITICAL - 2022-10-16 08:54:26 --> Undefined variable: lang
#0 /home2/realias6/CI_FrameWork/app/Views/layout/footer.php(27): CodeIgniter\Debug\Exceptions->errorHandler(8, 'Undefined varia...', '/home2/realias6...', 27, Array)
#1 /home2/realias6/CI_FrameWork/system/View/View.php(246): include('/home2/realias6...')
#2 /home2/realias6/CI_FrameWork/system/Common.php(1087): CodeIgniter\View\View->render('layout/footer', Array, true)
#3 /home2/realias6/CI_FrameWork/app/Views/404.php(241): view('layout/footer')
#4 /home2/realias6/CI_FrameWork/system/View/View.php(246): include('/home2/realias6...')
#5 /home2/realias6/CI_FrameWork/system/Common.php(1087): CodeIgniter\View\View->render('404', Array, true)
#6 /home2/realias6/CI_FrameWork/app/Helpers/lang_helper.php(8): view('404')
#7 /home2/realias6/CI_FrameWork/app/Controllers/Error_404.php(12): lang_check()
#8 /home2/realias6/CI_FrameWork/system/CodeIgniter.php(914): App\Controllers\Error_404->show404('left-men.png')
#9 /home2/realias6/CI_FrameWork/system/CodeIgniter.php(950): CodeIgniter\CodeIgniter->runController(Object(App\Controllers\Error_404))
#10 /home2/realias6/CI_FrameWork/system/CodeIgniter.php(324): CodeIgniter\CodeIgniter->display404errors(Object(CodeIgniter\Exceptions\PageNotFoundException))
#11 /home2/realias6/elrowad-eg.com/index.php(45): CodeIgniter\CodeIgniter->run()
#12 {main}
CRITICAL - 2022-10-16 08:54:26 --> Undefined variable: lang
#0 /home2/realias6/CI_FrameWork/app/Views/layout/footer.php(27): CodeIgniter\Debug\Exceptions->errorHandler(8, 'Undefined varia...', '/home2/realias6...', 27, Array)
#1 /home2/realias6/CI_FrameWork/system/View/View.php(246): include('/home2/realias6...')
#2 /home2/realias6/CI_FrameWork/system/Common.php(1087): CodeIgniter\View\View->render('layout/footer', Array, true)
#3 /home2/realias6/CI_FrameWork/app/Views/404.php(241): view('layout/footer')
#4 /home2/realias6/CI_FrameWork/system/View/View.php(246): include('/home2/realias6...')
#5 /home2/realias6/CI_FrameWork/system/Common.php(1087): CodeIgniter\View\View->render('404', Array, true)
#6 /home2/realias6/CI_FrameWork/app/Helpers/lang_helper.php(8): view('404')
#7 /home2/realias6/CI_FrameWork/app/Controllers/Error_404.php(12): lang_check()
#8 /home2/realias6/CI_FrameWork/system/CodeIgniter.php(914): App\Controllers\Error_404->show404('bg-4.png')
#9 /home2/realias6/CI_FrameWork/system/CodeIgniter.php(950): CodeIgniter\CodeIgniter->runController(Object(App\Controllers\Error_404))
#10 /home2/realias6/CI_FrameWork/system/CodeIgniter.php(324): CodeIgniter\CodeIgniter->display404errors(Object(CodeIgniter\Exceptions\PageNotFoundException))
#11 /home2/realias6/elrowad-eg.com/index.php(45): CodeIgniter\CodeIgniter->run()
#12 {main}
CRITICAL - 2022-10-16 08:54:53 --> Undefined variable: lang
#0 /home2/realias6/CI_FrameWork/app/Views/layout/footer.php(27): CodeIgniter\Debug\Exceptions->errorHandler(8, 'Undefined varia...', '/home2/realias6...', 27, Array)
#1 /home2/realias6/CI_FrameWork/system/View/View.php(246): include('/home2/realias6...')
#2 /home2/realias6/CI_FrameWork/system/Common.php(1087): CodeIgniter\View\View->render('layout/footer', Array, true)
#3 /home2/realias6/CI_FrameWork/app/Views/404.php(241): view('layout/footer')
#4 /home2/realias6/CI_FrameWork/system/View/View.php(246): include('/home2/realias6...')
#5 /home2/realias6/CI_FrameWork/system/Common.php(1087): CodeIgniter\View\View->render('404', Array, true)
#6 /home2/realias6/CI_FrameWork/app/Helpers/lang_helper.php(8): view('404')
#7 /home2/realias6/CI_FrameWork/app/Controllers/Error_404.php(12): lang_check()
#8 /home2/realias6/CI_FrameWork/system/CodeIgniter.php(914): App\Controllers\Error_404->show404('background', 'bg-5.png')
#9 /home2/realias6/CI_FrameWork/system/CodeIgniter.php(950): CodeIgniter\CodeIgniter->runController(Object(App\Controllers\Error_404))
#10 /home2/realias6/CI_FrameWork/system/CodeIgniter.php(324): CodeIgniter\CodeIgniter->display404errors(Object(CodeIgniter\Exceptions\PageNotFoundException))
#11 /home2/realias6/elrowad-eg.com/index.php(45): CodeIgniter\CodeIgniter->run()
#12 {main}
CRITICAL - 2022-10-16 08:55:02 --> Undefined variable: lang
#0 /home2/realias6/CI_FrameWork/app/Views/layout/footer.php(27): CodeIgniter\Debug\Exceptions->errorHandler(8, 'Undefined varia...', '/home2/realias6...', 27, Array)
#1 /home2/realias6/CI_FrameWork/system/View/View.php(246): include('/home2/realias6...')
#2 /home2/realias6/CI_FrameWork/system/Common.php(1087): CodeIgniter\View\View->render('layout/footer', Array, true)
#3 /home2/realias6/CI_FrameWork/app/Views/404.php(241): view('layout/footer')
#4 /home2/realias6/CI_FrameWork/system/View/View.php(246): include('/home2/realias6...')
#5 /home2/realias6/CI_FrameWork/system/Common.php(1087): CodeIgniter\View\View->render('404', Array, true)
#6 /home2/realias6/CI_FrameWork/app/Helpers/lang_helper.php(8): view('404')
#7 /home2/realias6/CI_FrameWork/app/Controllers/Error_404.php(12): lang_check()
#8 /home2/realias6/CI_FrameWork/system/CodeIgniter.php(914): App\Controllers\Error_404->show404('bg-4.png')
#9 /home2/realias6/CI_FrameWork/system/CodeIgniter.php(950): CodeIgniter\CodeIgniter->runController(Object(App\Controllers\Error_404))
#10 /home2/realias6/CI_FrameWork/system/CodeIgniter.php(324): CodeIgniter\CodeIgniter->display404errors(Object(CodeIgniter\Exceptions\PageNotFoundException))
#11 /home2/realias6/elrowad-eg.com/index.php(45): CodeIgniter\CodeIgniter->run()
#12 {main}
CRITICAL - 2022-10-16 08:55:03 --> Undefined variable: lang
#0 /home2/realias6/CI_FrameWork/app/Views/layout/footer.php(27): CodeIgniter\Debug\Exceptions->errorHandler(8, 'Undefined varia...', '/home2/realias6...', 27, Array)
#1 /home2/realias6/CI_FrameWork/system/View/View.php(246): include('/home2/realias6...')
#2 /home2/realias6/CI_FrameWork/system/Common.php(1087): CodeIgniter\View\View->render('layout/footer', Array, true)
#3 /home2/realias6/CI_FrameWork/app/Views/404.php(241): view('layout/footer')
#4 /home2/realias6/CI_FrameWork/system/View/View.php(246): include('/home2/realias6...')
#5 /home2/realias6/CI_FrameWork/system/Common.php(1087): CodeIgniter\View\View->render('404', Array, true)
#6 /home2/realias6/CI_FrameWork/app/Helpers/lang_helper.php(8): view('404')
#7 /home2/realias6/CI_FrameWork/app/Controllers/Error_404.php(12): lang_check()
#8 /home2/realias6/CI_FrameWork/system/CodeIgniter.php(914): App\Controllers\Error_404->show404('bg-5.png')
#9 /home2/realias6/CI_FrameWork/system/CodeIgniter.php(950): CodeIgniter\CodeIgniter->runController(Object(App\Controllers\Error_404))
#10 /home2/realias6/CI_FrameWork/system/CodeIgniter.php(324): CodeIgniter\CodeIgniter->display404errors(Object(CodeIgniter\Exceptions\PageNotFoundException))
#11 /home2/realias6/elrowad-eg.com/index.php(45): CodeIgniter\CodeIgniter->run()
#12 {main}
CRITICAL - 2022-10-16 08:55:03 --> Undefined variable: lang
#0 /home2/realias6/CI_FrameWork/app/Views/layout/footer.php(27): CodeIgniter\Debug\Exceptions->errorHandler(8, 'Undefined varia...', '/home2/realias6...', 27, Array)
#1 /home2/realias6/CI_FrameWork/system/View/View.php(246): include('/home2/realias6...')
#2 /home2/realias6/CI_FrameWork/system/Common.php(1087): CodeIgniter\View\View->render('layout/footer', Array, true)
#3 /home2/realias6/CI_FrameWork/app/Views/404.php(241): view('layout/footer')
#4 /home2/realias6/CI_FrameWork/system/View/View.php(246): include('/home2/realias6...')
#5 /home2/realias6/CI_FrameWork/system/Common.php(1087): CodeIgniter\View\View->render('404', Array, true)
#6 /home2/realias6/CI_FrameWork/app/Helpers/lang_helper.php(8): view('404')
#7 /home2/realias6/CI_FrameWork/app/Controllers/Error_404.php(12): lang_check()
#8 /home2/realias6/CI_FrameWork/system/CodeIgniter.php(914): App\Controllers\Error_404->show404('left-men.png')
#9 /home2/realias6/CI_FrameWork/system/CodeIgniter.php(950): CodeIgniter\CodeIgniter->runController(Object(App\Controllers\Error_404))
#10 /home2/realias6/CI_FrameWork/system/CodeIgniter.php(324): CodeIgniter\CodeIgniter->display404errors(Object(CodeIgniter\Exceptions\PageNotFoundException))
#11 /home2/realias6/elrowad-eg.com/index.php(45): CodeIgniter\CodeIgniter->run()
#12 {main}
CRITICAL - 2022-10-16 08:55:52 --> Undefined variable: lang
#0 /home2/realias6/CI_FrameWork/app/Views/layout/footer.php(27): CodeIgniter\Debug\Exceptions->errorHandler(8, 'Undefined varia...', '/home2/realias6...', 27, Array)
#1 /home2/realias6/CI_FrameWork/system/View/View.php(246): include('/home2/realias6...')
#2 /home2/realias6/CI_FrameWork/system/Common.php(1087): CodeIgniter\View\View->render('layout/footer', Array, true)
#3 /home2/realias6/CI_FrameWork/app/Views/404.php(241): view('layout/footer')
#4 /home2/realias6/CI_FrameWork/system/View/View.php(246): include('/home2/realias6...')
#5 /home2/realias6/CI_FrameWork/system/Common.php(1087): CodeIgniter\View\View->render('404', Array, true)
#6 /home2/realias6/CI_FrameWork/app/Helpers/lang_helper.php(8): view('404')
#7 /home2/realias6/CI_FrameWork/app/Controllers/Home.php(13): lang_check()
#8 /home2/realias6/CI_FrameWork/system/CodeIgniter.php(886): App\Controllers\Home->__construct()
#9 /home2/realias6/CI_FrameWork/system/CodeIgniter.php(395): CodeIgniter\CodeIgniter->createController()
#10 /home2/realias6/CI_FrameWork/system/CodeIgniter.php(308): CodeIgniter\CodeIgniter->handleRequest(NULL, Object(Config\Cache), false)
#11 /home2/realias6/elrowad-eg.com/index.php(45): CodeIgniter\CodeIgniter->run()
#12 {main}
CRITICAL - 2022-10-16 09:22:31 --> Undefined variable: lang
#0 /home2/realias6/CI_FrameWork/app/Views/layout/footer.php(27): CodeIgniter\Debug\Exceptions->errorHandler(8, 'Undefined varia...', '/home2/realias6...', 27, Array)
#1 /home2/realias6/CI_FrameWork/system/View/View.php(246): include('/home2/realias6...')
#2 /home2/realias6/CI_FrameWork/system/Common.php(1087): CodeIgniter\View\View->render('layout/footer', Array, true)
#3 /home2/realias6/CI_FrameWork/app/Views/404.php(241): view('layout/footer')
#4 /home2/realias6/CI_FrameWork/system/View/View.php(246): include('/home2/realias6...')
#5 /home2/realias6/CI_FrameWork/system/Common.php(1087): CodeIgniter\View\View->render('404', Array, true)
#6 /home2/realias6/CI_FrameWork/app/Helpers/lang_helper.php(8): view('404')
#7 /home2/realias6/CI_FrameWork/app/Controllers/Home.php(13): lang_check()
#8 /home2/realias6/CI_FrameWork/system/CodeIgniter.php(886): App\Controllers\Home->__construct()
#9 /home2/realias6/CI_FrameWork/system/CodeIgniter.php(395): CodeIgniter\CodeIgniter->createController()
#10 /home2/realias6/CI_FrameWork/system/CodeIgniter.php(308): CodeIgniter\CodeIgniter->handleRequest(NULL, Object(Config\Cache), false)
#11 /home2/realias6/elrowad-eg.com/index.php(45): CodeIgniter\CodeIgniter->run()
#12 {main}
CRITICAL - 2022-10-16 09:23:56 --> Undefined variable: lang
#0 /home2/realias6/CI_FrameWork/app/Views/layout/footer.php(27): CodeIgniter\Debug\Exceptions->errorHandler(8, 'Undefined varia...', '/home2/realias6...', 27, Array)
#1 /home2/realias6/CI_FrameWork/system/View/View.php(246): include('/home2/realias6...')
#2 /home2/realias6/CI_FrameWork/system/Common.php(1087): CodeIgniter\View\View->render('layout/footer', Array, true)
#3 /home2/realias6/CI_FrameWork/app/Views/404.php(241): view('layout/footer')
#4 /home2/realias6/CI_FrameWork/system/View/View.php(246): include('/home2/realias6...')
#5 /home2/realias6/CI_FrameWork/system/Common.php(1087): CodeIgniter\View\View->render('404', Array, true)
#6 /home2/realias6/CI_FrameWork/app/Helpers/lang_helper.php(8): view('404')
#7 /home2/realias6/CI_FrameWork/app/Controllers/Error_404.php(12): lang_check()
#8 /home2/realias6/CI_FrameWork/system/CodeIgniter.php(914): App\Controllers\Error_404->show404('bg-5.png')
#9 /home2/realias6/CI_FrameWork/system/CodeIgniter.php(950): CodeIgniter\CodeIgniter->runController(Object(App\Controllers\Error_404))
#10 /home2/realias6/CI_FrameWork/system/CodeIgniter.php(324): CodeIgniter\CodeIgniter->display404errors(Object(CodeIgniter\Exceptions\PageNotFoundException))
#11 /home2/realias6/elrowad-eg.com/index.php(45): CodeIgniter\CodeIgniter->run()
#12 {main}
CRITICAL - 2022-10-16 09:23:56 --> Undefined variable: lang
#0 /home2/realias6/CI_FrameWork/app/Views/layout/footer.php(27): CodeIgniter\Debug\Exceptions->errorHandler(8, 'Undefined varia...', '/home2/realias6...', 27, Array)
#1 /home2/realias6/CI_FrameWork/system/View/View.php(246): include('/home2/realias6...')
#2 /home2/realias6/CI_FrameWork/system/Common.php(1087): CodeIgniter\View\View->render('layout/footer', Array, true)
#3 /home2/realias6/CI_FrameWork/app/Views/404.php(241): view('layout/footer')
#4 /home2/realias6/CI_FrameWork/system/View/View.php(246): include('/home2/realias6...')
#5 /home2/realias6/CI_FrameWork/system/Common.php(1087): CodeIgniter\View\View->render('404', Array, true)
#6 /home2/realias6/CI_FrameWork/app/Helpers/lang_helper.php(8): view('404')
#7 /home2/realias6/CI_FrameWork/app/Controllers/Error_404.php(12): lang_check()
#8 /home2/realias6/CI_FrameWork/system/CodeIgniter.php(914): App\Controllers\Error_404->show404('left-men.png')
#9 /home2/realias6/CI_FrameWork/system/CodeIgniter.php(950): CodeIgniter\CodeIgniter->runController(Object(App\Controllers\Error_404))
#10 /home2/realias6/CI_FrameWork/system/CodeIgniter.php(324): CodeIgniter\CodeIgniter->display404errors(Object(CodeIgniter\Exceptions\PageNotFoundException))
#11 /home2/realias6/elrowad-eg.com/index.php(45): CodeIgniter\CodeIgniter->run()
#12 {main}
CRITICAL - 2022-10-16 09:23:56 --> Undefined variable: lang
#0 /home2/realias6/CI_FrameWork/app/Views/layout/footer.php(27): CodeIgniter\Debug\Exceptions->errorHandler(8, 'Undefined varia...', '/home2/realias6...', 27, Array)
#1 /home2/realias6/CI_FrameWork/system/View/View.php(246): include('/home2/realias6...')
#2 /home2/realias6/CI_FrameWork/system/Common.php(1087): CodeIgniter\View\View->render('layout/footer', Array, true)
#3 /home2/realias6/CI_FrameWork/app/Views/404.php(241): view('layout/footer')
#4 /home2/realias6/CI_FrameWork/system/View/View.php(246): include('/home2/realias6...')
#5 /home2/realias6/CI_FrameWork/system/Common.php(1087): CodeIgniter\View\View->render('404', Array, true)
#6 /home2/realias6/CI_FrameWork/app/Helpers/lang_helper.php(8): view('404')
#7 /home2/realias6/CI_FrameWork/app/Controllers/Error_404.php(12): lang_check()
#8 /home2/realias6/CI_FrameWork/system/CodeIgniter.php(914): App\Controllers\Error_404->show404('bg-4.png')
#9 /home2/realias6/CI_FrameWork/system/CodeIgniter.php(950): CodeIgniter\CodeIgniter->runController(Object(App\Controllers\Error_404))
#10 /home2/realias6/CI_FrameWork/system/CodeIgniter.php(324): CodeIgniter\CodeIgniter->display404errors(Object(CodeIgniter\Exceptions\PageNotFoundException))
#11 /home2/realias6/elrowad-eg.com/index.php(45): CodeIgniter\CodeIgniter->run()
#12 {main}
CRITICAL - 2022-10-16 09:24:15 --> Undefined variable: lang
#0 /home2/realias6/CI_FrameWork/app/Views/layout/footer.php(27): CodeIgniter\Debug\Exceptions->errorHandler(8, 'Undefined varia...', '/home2/realias6...', 27, Array)
#1 /home2/realias6/CI_FrameWork/system/View/View.php(246): include('/home2/realias6...')
#2 /home2/realias6/CI_FrameWork/system/Common.php(1087): CodeIgniter\View\View->render('layout/footer', Array, true)
#3 /home2/realias6/CI_FrameWork/app/Views/404.php(241): view('layout/footer')
#4 /home2/realias6/CI_FrameWork/system/View/View.php(246): include('/home2/realias6...')
#5 /home2/realias6/CI_FrameWork/system/Common.php(1087): CodeIgniter\View\View->render('404', Array, true)
#6 /home2/realias6/CI_FrameWork/app/Helpers/lang_helper.php(8): view('404')
#7 /home2/realias6/CI_FrameWork/app/Controllers/Error_404.php(12): lang_check()
#8 /home2/realias6/CI_FrameWork/system/CodeIgniter.php(914): App\Controllers\Error_404->show404('background', 'bg-5.png')
#9 /home2/realias6/CI_FrameWork/system/CodeIgniter.php(950): CodeIgniter\CodeIgniter->runController(Object(App\Controllers\Error_404))
#10 /home2/realias6/CI_FrameWork/system/CodeIgniter.php(324): CodeIgniter\CodeIgniter->display404errors(Object(CodeIgniter\Exceptions\PageNotFoundException))
#11 /home2/realias6/elrowad-eg.com/index.php(45): CodeIgniter\CodeIgniter->run()
#12 {main}
CRITICAL - 2022-10-16 11:11:07 --> Undefined variable: lang
#0 /home2/realias6/CI_FrameWork/app/Views/layout/footer.php(27): CodeIgniter\Debug\Exceptions->errorHandler(8, 'Undefined varia...', '/home2/realias6...', 27, Array)
#1 /home2/realias6/CI_FrameWork/system/View/View.php(246): include('/home2/realias6...')
#2 /home2/realias6/CI_FrameWork/system/Common.php(1087): CodeIgniter\View\View->render('layout/footer', Array, true)
#3 /home2/realias6/CI_FrameWork/app/Views/404.php(241): view('layout/footer')
#4 /home2/realias6/CI_FrameWork/system/View/View.php(246): include('/home2/realias6...')
#5 /home2/realias6/CI_FrameWork/system/Common.php(1087): CodeIgniter\View\View->render('404', Array, true)
#6 /home2/realias6/CI_FrameWork/app/Helpers/lang_helper.php(8): view('404')
#7 /home2/realias6/CI_FrameWork/app/Controllers/Error_404.php(12): lang_check()
#8 /home2/realias6/CI_FrameWork/system/CodeIgniter.php(914): App\Controllers\Error_404->show404('bg-5.png')
#9 /home2/realias6/CI_FrameWork/system/CodeIgniter.php(950): CodeIgniter\CodeIgniter->runController(Object(App\Controllers\Error_404))
#10 /home2/realias6/CI_FrameWork/system/CodeIgniter.php(324): CodeIgniter\CodeIgniter->display404errors(Object(CodeIgniter\Exceptions\PageNotFoundException))
#11 /home2/realias6/elrowad-eg.com/index.php(45): CodeIgniter\CodeIgniter->run()
#12 {main}
CRITICAL - 2022-10-16 11:11:07 --> Undefined variable: lang
#0 /home2/realias6/CI_FrameWork/app/Views/layout/footer.php(27): CodeIgniter\Debug\Exceptions->errorHandler(8, 'Undefined varia...', '/home2/realias6...', 27, Array)
#1 /home2/realias6/CI_FrameWork/system/View/View.php(246): include('/home2/realias6...')
#2 /home2/realias6/CI_FrameWork/system/Common.php(1087): CodeIgniter\View\View->render('layout/footer', Array, true)
#3 /home2/realias6/CI_FrameWork/app/Views/404.php(241): view('layout/footer')
#4 /home2/realias6/CI_FrameWork/system/View/View.php(246): include('/home2/realias6...')
#5 /home2/realias6/CI_FrameWork/system/Common.php(1087): CodeIgniter\View\View->render('404', Array, true)
#6 /home2/realias6/CI_FrameWork/app/Helpers/lang_helper.php(8): view('404')
#7 /home2/realias6/CI_FrameWork/app/Controllers/Error_404.php(12): lang_check()
#8 /home2/realias6/CI_FrameWork/system/CodeIgniter.php(914): App\Controllers\Error_404->show404('left-men.png')
#9 /home2/realias6/CI_FrameWork/system/CodeIgniter.php(950): CodeIgniter\CodeIgniter->runController(Object(App\Controllers\Error_404))
#10 /home2/realias6/CI_FrameWork/system/CodeIgniter.php(324): CodeIgniter\CodeIgniter->display404errors(Object(CodeIgniter\Exceptions\PageNotFoundException))
#11 /home2/realias6/elrowad-eg.com/index.php(45): CodeIgniter\CodeIgniter->run()
#12 {main}
CRITICAL - 2022-10-16 11:11:07 --> Undefined variable: lang
#0 /home2/realias6/CI_FrameWork/app/Views/layout/footer.php(27): CodeIgniter\Debug\Exceptions->errorHandler(8, 'Undefined varia...', '/home2/realias6...', 27, Array)
#1 /home2/realias6/CI_FrameWork/system/View/View.php(246): include('/home2/realias6...')
#2 /home2/realias6/CI_FrameWork/system/Common.php(1087): CodeIgniter\View\View->render('layout/footer', Array, true)
#3 /home2/realias6/CI_FrameWork/app/Views/404.php(241): view('layout/footer')
#4 /home2/realias6/CI_FrameWork/system/View/View.php(246): include('/home2/realias6...')
#5 /home2/realias6/CI_FrameWork/system/Common.php(1087): CodeIgniter\View\View->render('404', Array, true)
#6 /home2/realias6/CI_FrameWork/app/Helpers/lang_helper.php(8): view('404')
#7 /home2/realias6/CI_FrameWork/app/Controllers/Error_404.php(12): lang_check()
#8 /home2/realias6/CI_FrameWork/system/CodeIgniter.php(914): App\Controllers\Error_404->show404('bg-4.png')
#9 /home2/realias6/CI_FrameWork/system/CodeIgniter.php(950): CodeIgniter\CodeIgniter->runController(Object(App\Controllers\Error_404))
#10 /home2/realias6/CI_FrameWork/system/CodeIgniter.php(324): CodeIgniter\CodeIgniter->display404errors(Object(CodeIgniter\Exceptions\PageNotFoundException))
#11 /home2/realias6/elrowad-eg.com/index.php(45): CodeIgniter\CodeIgniter->run()
#12 {main}
CRITICAL - 2022-10-16 11:22:34 --> Undefined variable: lang
#0 /home2/realias6/CI_FrameWork/app/Views/layout/footer.php(27): CodeIgniter\Debug\Exceptions->errorHandler(8, 'Undefined varia...', '/home2/realias6...', 27, Array)
#1 /home2/realias6/CI_FrameWork/system/View/View.php(246): include('/home2/realias6...')
#2 /home2/realias6/CI_FrameWork/system/Common.php(1087): CodeIgniter\View\View->render('layout/footer', Array, true)
#3 /home2/realias6/CI_FrameWork/app/Views/404.php(241): view('layout/footer')
#4 /home2/realias6/CI_FrameWork/system/View/View.php(246): include('/home2/realias6...')
#5 /home2/realias6/CI_FrameWork/system/Common.php(1087): CodeIgniter\View\View->render('404', Array, true)
#6 /home2/realias6/CI_FrameWork/app/Helpers/lang_helper.php(8): view('404')
#7 /home2/realias6/CI_FrameWork/app/Controllers/Home.php(13): lang_check()
#8 /home2/realias6/CI_FrameWork/system/CodeIgniter.php(886): App\Controllers\Home->__construct()
#9 /home2/realias6/CI_FrameWork/system/CodeIgniter.php(395): CodeIgniter\CodeIgniter->createController()
#10 /home2/realias6/CI_FrameWork/system/CodeIgniter.php(308): CodeIgniter\CodeIgniter->handleRequest(NULL, Object(Config\Cache), false)
#11 /home2/realias6/elrowad-eg.com/index.php(45): CodeIgniter\CodeIgniter->run()
#12 {main}
CRITICAL - 2022-10-16 11:57:22 --> Undefined variable: lang
#0 /home2/realias6/CI_FrameWork/app/Views/layout/footer.php(27): CodeIgniter\Debug\Exceptions->errorHandler(8, 'Undefined varia...', '/home2/realias6...', 27, Array)
#1 /home2/realias6/CI_FrameWork/system/View/View.php(246): include('/home2/realias6...')
#2 /home2/realias6/CI_FrameWork/system/Common.php(1087): CodeIgniter\View\View->render('layout/footer', Array, true)
#3 /home2/realias6/CI_FrameWork/app/Views/404.php(241): view('layout/footer')
#4 /home2/realias6/CI_FrameWork/system/View/View.php(246): include('/home2/realias6...')
#5 /home2/realias6/CI_FrameWork/system/Common.php(1087): CodeIgniter\View\View->render('404', Array, true)
#6 /home2/realias6/CI_FrameWork/app/Helpers/lang_helper.php(8): view('404')
#7 /home2/realias6/CI_FrameWork/app/Controllers/Home.php(13): lang_check()
#8 /home2/realias6/CI_FrameWork/system/CodeIgniter.php(886): App\Controllers\Home->__construct()
#9 /home2/realias6/CI_FrameWork/system/CodeIgniter.php(395): CodeIgniter\CodeIgniter->createController()
#10 /home2/realias6/CI_FrameWork/system/CodeIgniter.php(308): CodeIgniter\CodeIgniter->handleRequest(NULL, Object(Config\Cache), false)
#11 /home2/realias6/elrowad-eg.com/index.php(45): CodeIgniter\CodeIgniter->run()
#12 {main}
CRITICAL - 2022-10-16 12:35:03 --> Undefined variable: lang
#0 /home2/realias6/CI_FrameWork/app/Views/layout/footer.php(27): CodeIgniter\Debug\Exceptions->errorHandler(8, 'Undefined varia...', '/home2/realias6...', 27, Array)
#1 /home2/realias6/CI_FrameWork/system/View/View.php(246): include('/home2/realias6...')
#2 /home2/realias6/CI_FrameWork/system/Common.php(1087): CodeIgniter\View\View->render('layout/footer', Array, true)
#3 /home2/realias6/CI_FrameWork/app/Views/404.php(241): view('layout/footer')
#4 /home2/realias6/CI_FrameWork/system/View/View.php(246): include('/home2/realias6...')
#5 /home2/realias6/CI_FrameWork/system/Common.php(1087): CodeIgniter\View\View->render('404', Array, true)
#6 /home2/realias6/CI_FrameWork/app/Helpers/lang_helper.php(8): view('404')
#7 /home2/realias6/CI_FrameWork/app/Controllers/Error_404.php(12): lang_check()
#8 /home2/realias6/CI_FrameWork/system/CodeIgniter.php(914): App\Controllers\Error_404->show404('bg-5.png')
#9 /home2/realias6/CI_FrameWork/system/CodeIgniter.php(950): CodeIgniter\CodeIgniter->runController(Object(App\Controllers\Error_404))
#10 /home2/realias6/CI_FrameWork/system/CodeIgniter.php(324): CodeIgniter\CodeIgniter->display404errors(Object(CodeIgniter\Exceptions\PageNotFoundException))
#11 /home2/realias6/elrowad-eg.com/index.php(45): CodeIgniter\CodeIgniter->run()
#12 {main}
CRITICAL - 2022-10-16 12:43:32 --> Undefined variable: lang
#0 /home2/realias6/CI_FrameWork/app/Views/layout/footer.php(27): CodeIgniter\Debug\Exceptions->errorHandler(8, 'Undefined varia...', '/home2/realias6...', 27, Array)
#1 /home2/realias6/CI_FrameWork/system/View/View.php(246): include('/home2/realias6...')
#2 /home2/realias6/CI_FrameWork/system/Common.php(1087): CodeIgniter\View\View->render('layout/footer', Array, true)
#3 /home2/realias6/CI_FrameWork/app/Views/404.php(241): view('layout/footer')
#4 /home2/realias6/CI_FrameWork/system/View/View.php(246): include('/home2/realias6...')
#5 /home2/realias6/CI_FrameWork/system/Common.php(1087): CodeIgniter\View\View->render('404', Array, true)
#6 /home2/realias6/CI_FrameWork/app/Helpers/lang_helper.php(8): view('404')
#7 /home2/realias6/CI_FrameWork/app/Controllers/Error_404.php(12): lang_check()
#8 /home2/realias6/CI_FrameWork/system/CodeIgniter.php(914): App\Controllers\Error_404->show404('bg-5.png')
#9 /home2/realias6/CI_FrameWork/system/CodeIgniter.php(950): CodeIgniter\CodeIgniter->runController(Object(App\Controllers\Error_404))
#10 /home2/realias6/CI_FrameWork/system/CodeIgniter.php(324): CodeIgniter\CodeIgniter->display404errors(Object(CodeIgniter\Exceptions\PageNotFoundException))
#11 /home2/realias6/elrowad-eg.com/index.php(45): CodeIgniter\CodeIgniter->run()
#12 {main}
CRITICAL - 2022-10-16 12:43:32 --> Undefined variable: lang
#0 /home2/realias6/CI_FrameWork/app/Views/layout/footer.php(27): CodeIgniter\Debug\Exceptions->errorHandler(8, 'Undefined varia...', '/home2/realias6...', 27, Array)
#1 /home2/realias6/CI_FrameWork/system/View/View.php(246): include('/home2/realias6...')
#2 /home2/realias6/CI_FrameWork/system/Common.php(1087): CodeIgniter\View\View->render('layout/footer', Array, true)
#3 /home2/realias6/CI_FrameWork/app/Views/404.php(241): view('layout/footer')
#4 /home2/realias6/CI_FrameWork/system/View/View.php(246): include('/home2/realias6...')
#5 /home2/realias6/CI_FrameWork/system/Common.php(1087): CodeIgniter\View\View->render('404', Array, true)
#6 /home2/realias6/CI_FrameWork/app/Helpers/lang_helper.php(8): view('404')
#7 /home2/realias6/CI_FrameWork/app/Controllers/Error_404.php(12): lang_check()
#8 /home2/realias6/CI_FrameWork/system/CodeIgniter.php(914): App\Controllers\Error_404->show404('left-men.png')
#9 /home2/realias6/CI_FrameWork/system/CodeIgniter.php(950): CodeIgniter\CodeIgniter->runController(Object(App\Controllers\Error_404))
#10 /home2/realias6/CI_FrameWork/system/CodeIgniter.php(324): CodeIgniter\CodeIgniter->display404errors(Object(CodeIgniter\Exceptions\PageNotFoundException))
#11 /home2/realias6/elrowad-eg.com/index.php(45): CodeIgniter\CodeIgniter->run()
#12 {main}
CRITICAL - 2022-10-16 12:43:32 --> Undefined variable: lang
#0 /home2/realias6/CI_FrameWork/app/Views/layout/footer.php(27): CodeIgniter\Debug\Exceptions->errorHandler(8, 'Undefined varia...', '/home2/realias6...', 27, Array)
#1 /home2/realias6/CI_FrameWork/system/View/View.php(246): include('/home2/realias6...')
#2 /home2/realias6/CI_FrameWork/system/Common.php(1087): CodeIgniter\View\View->render('layout/footer', Array, true)
#3 /home2/realias6/CI_FrameWork/app/Views/404.php(241): view('layout/footer')
#4 /home2/realias6/CI_FrameWork/system/View/View.php(246): include('/home2/realias6...')
#5 /home2/realias6/CI_FrameWork/system/Common.php(1087): CodeIgniter\View\View->render('404', Array, true)
#6 /home2/realias6/CI_FrameWork/app/Helpers/lang_helper.php(8): view('404')
#7 /home2/realias6/CI_FrameWork/app/Controllers/Error_404.php(12): lang_check()
#8 /home2/realias6/CI_FrameWork/system/CodeIgniter.php(914): App\Controllers\Error_404->show404('bg-4.png')
#9 /home2/realias6/CI_FrameWork/system/CodeIgniter.php(950): CodeIgniter\CodeIgniter->runController(Object(App\Controllers\Error_404))
#10 /home2/realias6/CI_FrameWork/system/CodeIgniter.php(324): CodeIgniter\CodeIgniter->display404errors(Object(CodeIgniter\Exceptions\PageNotFoundException))
#11 /home2/realias6/elrowad-eg.com/index.php(45): CodeIgniter\CodeIgniter->run()
#12 {main}
CRITICAL - 2022-10-16 12:43:39 --> Undefined variable: lang
#0 /home2/realias6/CI_FrameWork/app/Views/layout/footer.php(27): CodeIgniter\Debug\Exceptions->errorHandler(8, 'Undefined varia...', '/home2/realias6...', 27, Array)
#1 /home2/realias6/CI_FrameWork/system/View/View.php(246): include('/home2/realias6...')
#2 /home2/realias6/CI_FrameWork/system/Common.php(1087): CodeIgniter\View\View->render('layout/footer', Array, true)
#3 /home2/realias6/CI_FrameWork/app/Views/404.php(241): view('layout/footer')
#4 /home2/realias6/CI_FrameWork/system/View/View.php(246): include('/home2/realias6...')
#5 /home2/realias6/CI_FrameWork/system/Common.php(1087): CodeIgniter\View\View->render('404', Array, true)
#6 /home2/realias6/CI_FrameWork/app/Helpers/lang_helper.php(8): view('404')
#7 /home2/realias6/CI_FrameWork/app/Controllers/Error_404.php(12): lang_check()
#8 /home2/realias6/CI_FrameWork/system/CodeIgniter.php(914): App\Controllers\Error_404->show404('images', 'background', 'bg-site.png')
#9 /home2/realias6/CI_FrameWork/system/CodeIgniter.php(950): CodeIgniter\CodeIgniter->runController(Object(App\Controllers\Error_404))
#10 /home2/realias6/CI_FrameWork/system/CodeIgniter.php(324): CodeIgniter\CodeIgniter->display404errors(Object(CodeIgniter\Exceptions\PageNotFoundException))
#11 /home2/realias6/elrowad-eg.com/index.php(45): CodeIgniter\CodeIgniter->run()
#12 {main}
CRITICAL - 2022-10-16 12:43:40 --> Undefined variable: lang
#0 /home2/realias6/CI_FrameWork/app/Views/layout/footer.php(27): CodeIgniter\Debug\Exceptions->errorHandler(8, 'Undefined varia...', '/home2/realias6...', 27, Array)
#1 /home2/realias6/CI_FrameWork/system/View/View.php(246): include('/home2/realias6...')
#2 /home2/realias6/CI_FrameWork/system/Common.php(1087): CodeIgniter\View\View->render('layout/footer', Array, true)
#3 /home2/realias6/CI_FrameWork/app/Views/404.php(241): view('layout/footer')
#4 /home2/realias6/CI_FrameWork/system/View/View.php(246): include('/home2/realias6...')
#5 /home2/realias6/CI_FrameWork/system/Common.php(1087): CodeIgniter\View\View->render('404', Array, true)
#6 /home2/realias6/CI_FrameWork/app/Helpers/lang_helper.php(8): view('404')
#7 /home2/realias6/CI_FrameWork/app/Controllers/Error_404.php(12): lang_check()
#8 /home2/realias6/CI_FrameWork/system/CodeIgniter.php(914): App\Controllers\Error_404->show404('images', 'background', 'bg-site.png')
#9 /home2/realias6/CI_FrameWork/system/CodeIgniter.php(950): CodeIgniter\CodeIgniter->runController(Object(App\Controllers\Error_404))
#10 /home2/realias6/CI_FrameWork/system/CodeIgniter.php(324): CodeIgniter\CodeIgniter->display404errors(Object(CodeIgniter\Exceptions\PageNotFoundException))
#11 /home2/realias6/elrowad-eg.com/index.php(45): CodeIgniter\CodeIgniter->run()
#12 {main}
CRITICAL - 2022-10-16 12:43:40 --> Undefined variable: meta
#0 /home2/realias6/CI_FrameWork/app/Views/layout/header.php(27): CodeIgniter\Debug\Exceptions->errorHandler(8, 'Undefined varia...', '/home2/realias6...', 27, Array)
#1 /home2/realias6/CI_FrameWork/system/View/View.php(246): include('/home2/realias6...')
#2 /home2/realias6/CI_FrameWork/system/Common.php(1087): CodeIgniter\View\View->render('layout/header', Array, true)
#3 /home2/realias6/CI_FrameWork/app/Views/projects/show.php(2): view('layout/header')
#4 /home2/realias6/CI_FrameWork/system/View/View.php(246): include('/home2/realias6...')
#5 /home2/realias6/CI_FrameWork/system/Common.php(1087): CodeIgniter\View\View->render('projects/show', Array, true)
#6 /home2/realias6/CI_FrameWork/app/Controllers/Projects.php(123): view('projects/show', Array)
#7 /home2/realias6/CI_FrameWork/system/CodeIgniter.php(914): App\Controllers\Projects->show('bg-5.png', '')
#8 /home2/realias6/CI_FrameWork/system/CodeIgniter.php(400): CodeIgniter\CodeIgniter->runController(Object(App\Controllers\Projects))
#9 /home2/realias6/CI_FrameWork/system/CodeIgniter.php(308): CodeIgniter\CodeIgniter->handleRequest(NULL, Object(Config\Cache), false)
#10 /home2/realias6/elrowad-eg.com/index.php(45): CodeIgniter\CodeIgniter->run()
#11 {main}
CRITICAL - 2022-10-16 12:43:40 --> Undefined variable: meta
#0 /home2/realias6/CI_FrameWork/app/Views/layout/header.php(27): CodeIgniter\Debug\Exceptions->errorHandler(8, 'Undefined varia...', '/home2/realias6...', 27, Array)
#1 /home2/realias6/CI_FrameWork/system/View/View.php(246): include('/home2/realias6...')
#2 /home2/realias6/CI_FrameWork/system/Common.php(1087): CodeIgniter\View\View->render('layout/header', Array, true)
#3 /home2/realias6/CI_FrameWork/app/Views/projects/projects.php(2): view('layout/header')
#4 /home2/realias6/CI_FrameWork/system/View/View.php(246): include('/home2/realias6...')
#5 /home2/realias6/CI_FrameWork/system/Common.php(1087): CodeIgniter\View\View->render('projects/projec...', Array, true)
#6 /home2/realias6/CI_FrameWork/app/Controllers/Projects.php(79): view('projects/projec...', Array)
#7 /home2/realias6/CI_FrameWork/system/CodeIgniter.php(914): App\Controllers\Projects->all_projects('industrial')
#8 /home2/realias6/CI_FrameWork/system/CodeIgniter.php(400): CodeIgniter\CodeIgniter->runController(Object(App\Controllers\Projects))
#9 /home2/realias6/CI_FrameWork/system/CodeIgniter.php(308): CodeIgniter\CodeIgniter->handleRequest(NULL, Object(Config\Cache), false)
#10 /home2/realias6/elrowad-eg.com/index.php(45): CodeIgniter\CodeIgniter->run()
#11 {main}
CRITICAL - 2022-10-16 12:43:41 --> Undefined variable: meta
#0 /home2/realias6/CI_FrameWork/app/Views/layout/header.php(27): CodeIgniter\Debug\Exceptions->errorHandler(8, 'Undefined varia...', '/home2/realias6...', 27, Array)
#1 /home2/realias6/CI_FrameWork/system/View/View.php(246): include('/home2/realias6...')
#2 /home2/realias6/CI_FrameWork/system/Common.php(1087): CodeIgniter\View\View->render('layout/header', Array, true)
#3 /home2/realias6/CI_FrameWork/app/Views/projects/show.php(2): view('layout/header')
#4 /home2/realias6/CI_FrameWork/system/View/View.php(246): include('/home2/realias6...')
#5 /home2/realias6/CI_FrameWork/system/Common.php(1087): CodeIgniter\View\View->render('projects/show', Array, true)
#6 /home2/realias6/CI_FrameWork/app/Controllers/Projects.php(123): view('projects/show', Array)
#7 /home2/realias6/CI_FrameWork/system/CodeIgniter.php(914): App\Controllers\Projects->show('bg-5.png', '')
#8 /home2/realias6/CI_FrameWork/system/CodeIgniter.php(400): CodeIgniter\CodeIgniter->runController(Object(App\Controllers\Projects))
#9 /home2/realias6/CI_FrameWork/system/CodeIgniter.php(308): CodeIgniter\CodeIgniter->handleRequest(NULL, Object(Config\Cache), false)
#10 /home2/realias6/elrowad-eg.com/index.php(45): CodeIgniter\CodeIgniter->run()
#11 {main}
CRITICAL - 2022-10-16 12:43:42 --> Undefined variable: lang
#0 /home2/realias6/CI_FrameWork/app/Views/layout/footer.php(27): CodeIgniter\Debug\Exceptions->errorHandler(8, 'Undefined varia...', '/home2/realias6...', 27, Array)
#1 /home2/realias6/CI_FrameWork/system/View/View.php(246): include('/home2/realias6...')
#2 /home2/realias6/CI_FrameWork/system/Common.php(1087): CodeIgniter\View\View->render('layout/footer', Array, true)
#3 /home2/realias6/CI_FrameWork/app/Views/404.php(241): view('layout/footer')
#4 /home2/realias6/CI_FrameWork/system/View/View.php(246): include('/home2/realias6...')
#5 /home2/realias6/CI_FrameWork/system/Common.php(1087): CodeIgniter\View\View->render('404', Array, true)
#6 /home2/realias6/CI_FrameWork/app/Helpers/lang_helper.php(8): view('404')
#7 /home2/realias6/CI_FrameWork/app/Controllers/Error_404.php(12): lang_check()
#8 /home2/realias6/CI_FrameWork/system/CodeIgniter.php(914): App\Controllers\Error_404->show404('images', 'background', 'bg-site.png')
#9 /home2/realias6/CI_FrameWork/system/CodeIgniter.php(950): CodeIgniter\CodeIgniter->runController(Object(App\Controllers\Error_404))
#10 /home2/realias6/CI_FrameWork/system/CodeIgniter.php(324): CodeIgniter\CodeIgniter->display404errors(Object(CodeIgniter\Exceptions\PageNotFoundException))
#11 /home2/realias6/elrowad-eg.com/index.php(45): CodeIgniter\CodeIgniter->run()
#12 {main}
CRITICAL - 2022-10-16 12:43:43 --> Undefined variable: meta
#0 /home2/realias6/CI_FrameWork/app/Views/layout/header.php(27): CodeIgniter\Debug\Exceptions->errorHandler(8, 'Undefined varia...', '/home2/realias6...', 27, Array)
#1 /home2/realias6/CI_FrameWork/system/View/View.php(246): include('/home2/realias6...')
#2 /home2/realias6/CI_FrameWork/system/Common.php(1087): CodeIgniter\View\View->render('layout/header', Array, true)
#3 /home2/realias6/CI_FrameWork/app/Views/projects/show.php(2): view('layout/header')
#4 /home2/realias6/CI_FrameWork/system/View/View.php(246): include('/home2/realias6...')
#5 /home2/realias6/CI_FrameWork/system/Common.php(1087): CodeIgniter\View\View->render('projects/show', Array, true)
#6 /home2/realias6/CI_FrameWork/app/Controllers/Projects.php(123): view('projects/show', Array)
#7 /home2/realias6/CI_FrameWork/system/CodeIgniter.php(914): App\Controllers\Projects->show('bg-5.png', '')
#8 /home2/realias6/CI_FrameWork/system/CodeIgniter.php(400): CodeIgniter\CodeIgniter->runController(Object(App\Controllers\Projects))
#9 /home2/realias6/CI_FrameWork/system/CodeIgniter.php(308): CodeIgniter\CodeIgniter->handleRequest(NULL, Object(Config\Cache), false)
#10 /home2/realias6/elrowad-eg.com/index.php(45): CodeIgniter\CodeIgniter->run()
#11 {main}
CRITICAL - 2022-10-16 12:43:43 --> Undefined variable: lang
#0 /home2/realias6/CI_FrameWork/app/Views/layout/footer.php(27): CodeIgniter\Debug\Exceptions->errorHandler(8, 'Undefined varia...', '/home2/realias6...', 27, Array)
#1 /home2/realias6/CI_FrameWork/system/View/View.php(246): include('/home2/realias6...')
#2 /home2/realias6/CI_FrameWork/system/Common.php(1087): CodeIgniter\View\View->render('layout/footer', Array, true)
#3 /home2/realias6/CI_FrameWork/app/Views/404.php(241): view('layout/footer')
#4 /home2/realias6/CI_FrameWork/system/View/View.php(246): include('/home2/realias6...')
#5 /home2/realias6/CI_FrameWork/system/Common.php(1087): CodeIgniter\View\View->render('404', Array, true)
#6 /home2/realias6/CI_FrameWork/app/Helpers/lang_helper.php(8): view('404')
#7 /home2/realias6/CI_FrameWork/app/Controllers/Error_404.php(12): lang_check()
#8 /home2/realias6/CI_FrameWork/system/CodeIgniter.php(914): App\Controllers\Error_404->show404('images', 'background', 'bg-site.png')
#9 /home2/realias6/CI_FrameWork/system/CodeIgniter.php(950): CodeIgniter\CodeIgniter->runController(Object(App\Controllers\Error_404))
#10 /home2/realias6/CI_FrameWork/system/CodeIgniter.php(324): CodeIgniter\CodeIgniter->display404errors(Object(CodeIgniter\Exceptions\PageNotFoundException))
#11 /home2/realias6/elrowad-eg.com/index.php(45): CodeIgniter\CodeIgniter->run()
#12 {main}
CRITICAL - 2022-10-16 12:43:44 --> Undefined variable: meta
#0 /home2/realias6/CI_FrameWork/app/Views/layout/header.php(27): CodeIgniter\Debug\Exceptions->errorHandler(8, 'Undefined varia...', '/home2/realias6...', 27, Array)
#1 /home2/realias6/CI_FrameWork/system/View/View.php(246): include('/home2/realias6...')
#2 /home2/realias6/CI_FrameWork/system/Common.php(1087): CodeIgniter\View\View->render('layout/header', Array, true)
#3 /home2/realias6/CI_FrameWork/app/Views/projects/show.php(2): view('layout/header')
#4 /home2/realias6/CI_FrameWork/system/View/View.php(246): include('/home2/realias6...')
#5 /home2/realias6/CI_FrameWork/system/Common.php(1087): CodeIgniter\View\View->render('projects/show', Array, true)
#6 /home2/realias6/CI_FrameWork/app/Controllers/Projects.php(123): view('projects/show', Array)
#7 /home2/realias6/CI_FrameWork/system/CodeIgniter.php(914): App\Controllers\Projects->show('bg-5.png', '')
#8 /home2/realias6/CI_FrameWork/system/CodeIgniter.php(400): CodeIgniter\CodeIgniter->runController(Object(App\Controllers\Projects))
#9 /home2/realias6/CI_FrameWork/system/CodeIgniter.php(308): CodeIgniter\CodeIgniter->handleRequest(NULL, Object(Config\Cache), false)
#10 /home2/realias6/elrowad-eg.com/index.php(45): CodeIgniter\CodeIgniter->run()
#11 {main}
CRITICAL - 2022-10-16 12:43:44 --> Undefined variable: lang
#0 /home2/realias6/CI_FrameWork/app/Views/layout/footer.php(27): CodeIgniter\Debug\Exceptions->errorHandler(8, 'Undefined varia...', '/home2/realias6...', 27, Array)
#1 /home2/realias6/CI_FrameWork/system/View/View.php(246): include('/home2/realias6...')
#2 /home2/realias6/CI_FrameWork/system/Common.php(1087): CodeIgniter\View\View->render('layout/footer', Array, true)
#3 /home2/realias6/CI_FrameWork/app/Views/404.php(241): view('layout/footer')
#4 /home2/realias6/CI_FrameWork/system/View/View.php(246): include('/home2/realias6...')
#5 /home2/realias6/CI_FrameWork/system/Common.php(1087): CodeIgniter\View\View->render('404', Array, true)
#6 /home2/realias6/CI_FrameWork/app/Helpers/lang_helper.php(8): view('404')
#7 /home2/realias6/CI_FrameWork/app/Controllers/Error_404.php(12): lang_check()
#8 /home2/realias6/CI_FrameWork/system/CodeIgniter.php(914): App\Controllers\Error_404->show404('images', 'background', 'bg-site.png')
#9 /home2/realias6/CI_FrameWork/system/CodeIgniter.php(950): CodeIgniter\CodeIgniter->runController(Object(App\Controllers\Error_404))
#10 /home2/realias6/CI_FrameWork/system/CodeIgniter.php(324): CodeIgniter\CodeIgniter->display404errors(Object(CodeIgniter\Exceptions\PageNotFoundException))
#11 /home2/realias6/elrowad-eg.com/index.php(45): CodeIgniter\CodeIgniter->run()
#12 {main}
CRITICAL - 2022-10-16 12:43:45 --> Undefined variable: meta
#0 /home2/realias6/CI_FrameWork/app/Views/layout/header.php(27): CodeIgniter\Debug\Exceptions->errorHandler(8, 'Undefined varia...', '/home2/realias6...', 27, Array)
#1 /home2/realias6/CI_FrameWork/system/View/View.php(246): include('/home2/realias6...')
#2 /home2/realias6/CI_FrameWork/system/Common.php(1087): CodeIgniter\View\View->render('layout/header', Array, true)
#3 /home2/realias6/CI_FrameWork/app/Views/projects/show.php(2): view('layout/header')
#4 /home2/realias6/CI_FrameWork/system/View/View.php(246): include('/home2/realias6...')
#5 /home2/realias6/CI_FrameWork/system/Common.php(1087): CodeIgniter\View\View->render('projects/show', Array, true)
#6 /home2/realias6/CI_FrameWork/app/Controllers/Projects.php(123): view('projects/show', Array)
#7 /home2/realias6/CI_FrameWork/system/CodeIgniter.php(914): App\Controllers\Projects->show('bg-5.png', '')
#8 /home2/realias6/CI_FrameWork/system/CodeIgniter.php(400): CodeIgniter\CodeIgniter->runController(Object(App\Controllers\Projects))
#9 /home2/realias6/CI_FrameWork/system/CodeIgniter.php(308): CodeIgniter\CodeIgniter->handleRequest(NULL, Object(Config\Cache), false)
#10 /home2/realias6/elrowad-eg.com/index.php(45): CodeIgniter\CodeIgniter->run()
#11 {main}
CRITICAL - 2022-10-16 12:44:28 --> Undefined variable: meta
#0 /home2/realias6/CI_FrameWork/app/Views/layout/header.php(27): CodeIgniter\Debug\Exceptions->errorHandler(8, 'Undefined varia...', '/home2/realias6...', 27, Array)
#1 /home2/realias6/CI_FrameWork/system/View/View.php(246): include('/home2/realias6...')
#2 /home2/realias6/CI_FrameWork/system/Common.php(1087): CodeIgniter\View\View->render('layout/header', Array, true)
#3 /home2/realias6/CI_FrameWork/app/Views/projects/show.php(2): view('layout/header')
#4 /home2/realias6/CI_FrameWork/system/View/View.php(246): include('/home2/realias6...')
#5 /home2/realias6/CI_FrameWork/system/Common.php(1087): CodeIgniter\View\View->render('projects/show', Array, true)
#6 /home2/realias6/CI_FrameWork/app/Controllers/Projects.php(123): view('projects/show', Array)
#7 /home2/realias6/CI_FrameWork/system/CodeIgniter.php(914): App\Controllers\Projects->show('bg-5.png', '')
#8 /home2/realias6/CI_FrameWork/system/CodeIgniter.php(400): CodeIgniter\CodeIgniter->runController(Object(App\Controllers\Projects))
#9 /home2/realias6/CI_FrameWork/system/CodeIgniter.php(308): CodeIgniter\CodeIgniter->handleRequest(NULL, Object(Config\Cache), false)
#10 /home2/realias6/elrowad-eg.com/index.php(45): CodeIgniter\CodeIgniter->run()
#11 {main}
CRITICAL - 2022-10-16 12:44:28 --> Undefined variable: meta
#0 /home2/realias6/CI_FrameWork/app/Views/layout/header.php(27): CodeIgniter\Debug\Exceptions->errorHandler(8, 'Undefined varia...', '/home2/realias6...', 27, Array)
#1 /home2/realias6/CI_FrameWork/system/View/View.php(246): include('/home2/realias6...')
#2 /home2/realias6/CI_FrameWork/system/Common.php(1087): CodeIgniter\View\View->render('layout/header', Array, true)
#3 /home2/realias6/CI_FrameWork/app/Views/projects/show.php(2): view('layout/header')
#4 /home2/realias6/CI_FrameWork/system/View/View.php(246): include('/home2/realias6...')
#5 /home2/realias6/CI_FrameWork/system/Common.php(1087): CodeIgniter\View\View->render('projects/show', Array, true)
#6 /home2/realias6/CI_FrameWork/app/Controllers/Projects.php(123): view('projects/show', Array)
#7 /home2/realias6/CI_FrameWork/system/CodeIgniter.php(914): App\Controllers\Projects->show('bg-site.png', '')
#8 /home2/realias6/CI_FrameWork/system/CodeIgniter.php(400): CodeIgniter\CodeIgniter->runController(Object(App\Controllers\Projects))
#9 /home2/realias6/CI_FrameWork/system/CodeIgniter.php(308): CodeIgniter\CodeIgniter->handleRequest(NULL, Object(Config\Cache), false)
#10 /home2/realias6/elrowad-eg.com/index.php(45): CodeIgniter\CodeIgniter->run()
#11 {main}
CRITICAL - 2022-10-16 12:44:43 --> Undefined variable: lang
#0 /home2/realias6/CI_FrameWork/app/Views/layout/footer.php(27): CodeIgniter\Debug\Exceptions->errorHandler(8, 'Undefined varia...', '/home2/realias6...', 27, Array)
#1 /home2/realias6/CI_FrameWork/system/View/View.php(246): include('/home2/realias6...')
#2 /home2/realias6/CI_FrameWork/system/Common.php(1087): CodeIgniter\View\View->render('layout/footer', Array, true)
#3 /home2/realias6/CI_FrameWork/app/Views/404.php(241): view('layout/footer')
#4 /home2/realias6/CI_FrameWork/system/View/View.php(246): include('/home2/realias6...')
#5 /home2/realias6/CI_FrameWork/system/Common.php(1087): CodeIgniter\View\View->render('404', Array, true)
#6 /home2/realias6/CI_FrameWork/app/Helpers/lang_helper.php(8): view('404')
#7 /home2/realias6/CI_FrameWork/app/Controllers/Error_404.php(12): lang_check()
#8 /home2/realias6/CI_FrameWork/system/CodeIgniter.php(914): App\Controllers\Error_404->show404('background', 'bg-5.png')
#9 /home2/realias6/CI_FrameWork/system/CodeIgniter.php(950): CodeIgniter\CodeIgniter->runController(Object(App\Controllers\Error_404))
#10 /home2/realias6/CI_FrameWork/system/CodeIgniter.php(324): CodeIgniter\CodeIgniter->display404errors(Object(CodeIgniter\Exceptions\PageNotFoundException))
#11 /home2/realias6/elrowad-eg.com/index.php(45): CodeIgniter\CodeIgniter->run()
#12 {main}
CRITICAL - 2022-10-16 12:44:47 --> Undefined variable: item
#0 /home2/realias6/CI_FrameWork/app/Views/careers/show.php(58): CodeIgniter\Debug\Exceptions->errorHandler(8, 'Undefined varia...', '/home2/realias6...', 58, Array)
#1 /home2/realias6/CI_FrameWork/system/View/View.php(246): include('/home2/realias6...')
#2 /home2/realias6/CI_FrameWork/system/Common.php(1087): CodeIgniter\View\View->render('careers/show', Array, true)
#3 /home2/realias6/CI_FrameWork/app/Controllers/Careers.php(83): view('careers/show', Array)
#4 /home2/realias6/CI_FrameWork/system/CodeIgniter.php(914): App\Controllers\Careers->show('images', 'background', 'bg-5.png', '')
#5 /home2/realias6/CI_FrameWork/system/CodeIgniter.php(400): CodeIgniter\CodeIgniter->runController(Object(App\Controllers\Careers))
#6 /home2/realias6/CI_FrameWork/system/CodeIgniter.php(308): CodeIgniter\CodeIgniter->handleRequest(NULL, Object(Config\Cache), false)
#7 /home2/realias6/elrowad-eg.com/index.php(45): CodeIgniter\CodeIgniter->run()
#8 {main}
CRITICAL - 2022-10-16 12:44:47 --> Undefined variable: lang
#0 /home2/realias6/CI_FrameWork/app/Views/layout/footer.php(27): CodeIgniter\Debug\Exceptions->errorHandler(8, 'Undefined varia...', '/home2/realias6...', 27, Array)
#1 /home2/realias6/CI_FrameWork/system/View/View.php(246): include('/home2/realias6...')
#2 /home2/realias6/CI_FrameWork/system/Common.php(1087): CodeIgniter\View\View->render('layout/footer', Array, true)
#3 /home2/realias6/CI_FrameWork/app/Views/404.php(241): view('layout/footer')
#4 /home2/realias6/CI_FrameWork/system/View/View.php(246): include('/home2/realias6...')
#5 /home2/realias6/CI_FrameWork/system/Common.php(1087): CodeIgniter\View\View->render('404', Array, true)
#6 /home2/realias6/CI_FrameWork/app/Helpers/lang_helper.php(8): view('404')
#7 /home2/realias6/CI_FrameWork/app/Controllers/Error_404.php(12): lang_check()
#8 /home2/realias6/CI_FrameWork/system/CodeIgniter.php(914): App\Controllers\Error_404->show404('images', 'background', 'bg-site.png')
#9 /home2/realias6/CI_FrameWork/system/CodeIgniter.php(950): CodeIgniter\CodeIgniter->runController(Object(App\Controllers\Error_404))
#10 /home2/realias6/CI_FrameWork/system/CodeIgniter.php(324): CodeIgniter\CodeIgniter->display404errors(Object(CodeIgniter\Exceptions\PageNotFoundException))
#11 /home2/realias6/elrowad-eg.com/index.php(45): CodeIgniter\CodeIgniter->run()
#12 {main}
CRITICAL - 2022-10-16 12:44:47 --> Undefined variable: lang
#0 /home2/realias6/CI_FrameWork/app/Views/layout/footer.php(27): CodeIgniter\Debug\Exceptions->errorHandler(8, 'Undefined varia...', '/home2/realias6...', 27, Array)
#1 /home2/realias6/CI_FrameWork/system/View/View.php(246): include('/home2/realias6...')
#2 /home2/realias6/CI_FrameWork/system/Common.php(1087): CodeIgniter\View\View->render('layout/footer', Array, true)
#3 /home2/realias6/CI_FrameWork/app/Views/404.php(241): view('layout/footer')
#4 /home2/realias6/CI_FrameWork/system/View/View.php(246): include('/home2/realias6...')
#5 /home2/realias6/CI_FrameWork/system/Common.php(1087): CodeIgniter\View\View->render('404', Array, true)
#6 /home2/realias6/CI_FrameWork/app/Helpers/lang_helper.php(8): view('404')
#7 /home2/realias6/CI_FrameWork/app/Controllers/Error_404.php(12): lang_check()
#8 /home2/realias6/CI_FrameWork/system/CodeIgniter.php(914): App\Controllers\Error_404->show404('images', 'background', 'bg-5.png')
#9 /home2/realias6/CI_FrameWork/system/CodeIgniter.php(950): CodeIgniter\CodeIgniter->runController(Object(App\Controllers\Error_404))
#10 /home2/realias6/CI_FrameWork/system/CodeIgniter.php(324): CodeIgniter\CodeIgniter->display404errors(Object(CodeIgniter\Exceptions\PageNotFoundException))
#11 /home2/realias6/elrowad-eg.com/index.php(45): CodeIgniter\CodeIgniter->run()
#12 {main}
CRITICAL - 2022-10-16 12:55:41 --> Undefined variable: lang
#0 /home2/realias6/CI_FrameWork/app/Views/layout/footer.php(27): CodeIgniter\Debug\Exceptions->errorHandler(8, 'Undefined varia...', '/home2/realias6...', 27, Array)
#1 /home2/realias6/CI_FrameWork/system/View/View.php(246): include('/home2/realias6...')
#2 /home2/realias6/CI_FrameWork/system/Common.php(1087): CodeIgniter\View\View->render('layout/footer', Array, true)
#3 /home2/realias6/CI_FrameWork/app/Views/404.php(241): view('layout/footer')
#4 /home2/realias6/CI_FrameWork/system/View/View.php(246): include('/home2/realias6...')
#5 /home2/realias6/CI_FrameWork/system/Common.php(1087): CodeIgniter\View\View->render('404', Array, true)
#6 /home2/realias6/CI_FrameWork/app/Helpers/lang_helper.php(8): view('404')
#7 /home2/realias6/CI_FrameWork/app/Controllers/Error_404.php(12): lang_check()
#8 /home2/realias6/CI_FrameWork/system/CodeIgniter.php(914): App\Controllers\Error_404->show404('bg-5.png')
#9 /home2/realias6/CI_FrameWork/system/CodeIgniter.php(950): CodeIgniter\CodeIgniter->runController(Object(App\Controllers\Error_404))
#10 /home2/realias6/CI_FrameWork/system/CodeIgniter.php(324): CodeIgniter\CodeIgniter->display404errors(Object(CodeIgniter\Exceptions\PageNotFoundException))
#11 /home2/realias6/elrowad-eg.com/index.php(45): CodeIgniter\CodeIgniter->run()
#12 {main}
CRITICAL - 2022-10-16 12:55:42 --> Undefined variable: lang
#0 /home2/realias6/CI_FrameWork/app/Views/layout/footer.php(27): CodeIgniter\Debug\Exceptions->errorHandler(8, 'Undefined varia...', '/home2/realias6...', 27, Array)
#1 /home2/realias6/CI_FrameWork/system/View/View.php(246): include('/home2/realias6...')
#2 /home2/realias6/CI_FrameWork/system/Common.php(1087): CodeIgniter\View\View->render('layout/footer', Array, true)
#3 /home2/realias6/CI_FrameWork/app/Views/404.php(241): view('layout/footer')
#4 /home2/realias6/CI_FrameWork/system/View/View.php(246): include('/home2/realias6...')
#5 /home2/realias6/CI_FrameWork/system/Common.php(1087): CodeIgniter\View\View->render('404', Array, true)
#6 /home2/realias6/CI_FrameWork/app/Helpers/lang_helper.php(8): view('404')
#7 /home2/realias6/CI_FrameWork/app/Controllers/Error_404.php(12): lang_check()
#8 /home2/realias6/CI_FrameWork/system/CodeIgniter.php(914): App\Controllers\Error_404->show404('left-men.png')
#9 /home2/realias6/CI_FrameWork/system/CodeIgniter.php(950): CodeIgniter\CodeIgniter->runController(Object(App\Controllers\Error_404))
#10 /home2/realias6/CI_FrameWork/system/CodeIgniter.php(324): CodeIgniter\CodeIgniter->display404errors(Object(CodeIgniter\Exceptions\PageNotFoundException))
#11 /home2/realias6/elrowad-eg.com/index.php(45): CodeIgniter\CodeIgniter->run()
#12 {main}
CRITICAL - 2022-10-16 12:55:42 --> Undefined variable: lang
#0 /home2/realias6/CI_FrameWork/app/Views/layout/footer.php(27): CodeIgniter\Debug\Exceptions->errorHandler(8, 'Undefined varia...', '/home2/realias6...', 27, Array)
#1 /home2/realias6/CI_FrameWork/system/View/View.php(246): include('/home2/realias6...')
#2 /home2/realias6/CI_FrameWork/system/Common.php(1087): CodeIgniter\View\View->render('layout/footer', Array, true)
#3 /home2/realias6/CI_FrameWork/app/Views/404.php(241): view('layout/footer')
#4 /home2/realias6/CI_FrameWork/system/View/View.php(246): include('/home2/realias6...')
#5 /home2/realias6/CI_FrameWork/system/Common.php(1087): CodeIgniter\View\View->render('404', Array, true)
#6 /home2/realias6/CI_FrameWork/app/Helpers/lang_helper.php(8): view('404')
#7 /home2/realias6/CI_FrameWork/app/Controllers/Error_404.php(12): lang_check()
#8 /home2/realias6/CI_FrameWork/system/CodeIgniter.php(914): App\Controllers\Error_404->show404('bg-4.png')
#9 /home2/realias6/CI_FrameWork/system/CodeIgniter.php(950): CodeIgniter\CodeIgniter->runController(Object(App\Controllers\Error_404))
#10 /home2/realias6/CI_FrameWork/system/CodeIgniter.php(324): CodeIgniter\CodeIgniter->display404errors(Object(CodeIgniter\Exceptions\PageNotFoundException))
#11 /home2/realias6/elrowad-eg.com/index.php(45): CodeIgniter\CodeIgniter->run()
#12 {main}
CRITICAL - 2022-10-16 15:04:29 --> Undefined variable: lang
#0 /home2/realias6/CI_FrameWork/app/Views/layout/footer.php(27): CodeIgniter\Debug\Exceptions->errorHandler(8, 'Undefined varia...', '/home2/realias6...', 27, Array)
#1 /home2/realias6/CI_FrameWork/system/View/View.php(246): include('/home2/realias6...')
#2 /home2/realias6/CI_FrameWork/system/Common.php(1087): CodeIgniter\View\View->render('layout/footer', Array, true)
#3 /home2/realias6/CI_FrameWork/app/Views/404.php(241): view('layout/footer')
#4 /home2/realias6/CI_FrameWork/system/View/View.php(246): include('/home2/realias6...')
#5 /home2/realias6/CI_FrameWork/system/Common.php(1087): CodeIgniter\View\View->render('404', Array, true)
#6 /home2/realias6/CI_FrameWork/app/Helpers/lang_helper.php(8): view('404')
#7 /home2/realias6/CI_FrameWork/app/Controllers/Error_404.php(12): lang_check()
#8 /home2/realias6/CI_FrameWork/system/CodeIgniter.php(914): App\Controllers\Error_404->show404('bg-5.png')
#9 /home2/realias6/CI_FrameWork/system/CodeIgniter.php(950): CodeIgniter\CodeIgniter->runController(Object(App\Controllers\Error_404))
#10 /home2/realias6/CI_FrameWork/system/CodeIgniter.php(324): CodeIgniter\CodeIgniter->display404errors(Object(CodeIgniter\Exceptions\PageNotFoundException))
#11 /home2/realias6/elrowad-eg.com/index.php(45): CodeIgniter\CodeIgniter->run()
#12 {main}
CRITICAL - 2022-10-16 15:12:20 --> Undefined variable: lang
#0 /home2/realias6/CI_FrameWork/app/Views/layout/footer.php(27): CodeIgniter\Debug\Exceptions->errorHandler(8, 'Undefined varia...', '/home2/realias6...', 27, Array)
#1 /home2/realias6/CI_FrameWork/system/View/View.php(246): include('/home2/realias6...')
#2 /home2/realias6/CI_FrameWork/system/Common.php(1087): CodeIgniter\View\View->render('layout/footer', Array, true)
#3 /home2/realias6/CI_FrameWork/app/Views/404.php(241): view('layout/footer')
#4 /home2/realias6/CI_FrameWork/system/View/View.php(246): include('/home2/realias6...')
#5 /home2/realias6/CI_FrameWork/system/Common.php(1087): CodeIgniter\View\View->render('404', Array, true)
#6 /home2/realias6/CI_FrameWork/app/Helpers/lang_helper.php(8): view('404')
#7 /home2/realias6/CI_FrameWork/app/Controllers/Error_404.php(12): lang_check()
#8 /home2/realias6/CI_FrameWork/system/CodeIgniter.php(914): App\Controllers\Error_404->show404('bg-5.png')
#9 /home2/realias6/CI_FrameWork/system/CodeIgniter.php(950): CodeIgniter\CodeIgniter->runController(Object(App\Controllers\Error_404))
#10 /home2/realias6/CI_FrameWork/system/CodeIgniter.php(324): CodeIgniter\CodeIgniter->display404errors(Object(CodeIgniter\Exceptions\PageNotFoundException))
#11 /home2/realias6/elrowad-eg.com/index.php(45): CodeIgniter\CodeIgniter->run()
#12 {main}
CRITICAL - 2022-10-16 15:12:59 --> Undefined variable: lang
#0 /home2/realias6/CI_FrameWork/app/Views/layout/footer.php(27): CodeIgniter\Debug\Exceptions->errorHandler(8, 'Undefined varia...', '/home2/realias6...', 27, Array)
#1 /home2/realias6/CI_FrameWork/system/View/View.php(246): include('/home2/realias6...')
#2 /home2/realias6/CI_FrameWork/system/Common.php(1087): CodeIgniter\View\View->render('layout/footer', Array, true)
#3 /home2/realias6/CI_FrameWork/app/Views/404.php(241): view('layout/footer')
#4 /home2/realias6/CI_FrameWork/system/View/View.php(246): include('/home2/realias6...')
#5 /home2/realias6/CI_FrameWork/system/Common.php(1087): CodeIgniter\View\View->render('404', Array, true)
#6 /home2/realias6/CI_FrameWork/app/Helpers/lang_helper.php(8): view('404')
#7 /home2/realias6/CI_FrameWork/app/Controllers/Error_404.php(12): lang_check()
#8 /home2/realias6/CI_FrameWork/system/CodeIgniter.php(914): App\Controllers\Error_404->show404('background', 'bg-5.png')
#9 /home2/realias6/CI_FrameWork/system/CodeIgniter.php(950): CodeIgniter\CodeIgniter->runController(Object(App\Controllers\Error_404))
#10 /home2/realias6/CI_FrameWork/system/CodeIgniter.php(324): CodeIgniter\CodeIgniter->display404errors(Object(CodeIgniter\Exceptions\PageNotFoundException))
#11 /home2/realias6/elrowad-eg.com/index.php(45): CodeIgniter\CodeIgniter->run()
#12 {main}
CRITICAL - 2022-10-16 15:30:02 --> Undefined variable: lang
#0 /home2/realias6/CI_FrameWork/app/Views/layout/footer.php(27): CodeIgniter\Debug\Exceptions->errorHandler(8, 'Undefined varia...', '/home2/realias6...', 27, Array)
#1 /home2/realias6/CI_FrameWork/system/View/View.php(246): include('/home2/realias6...')
#2 /home2/realias6/CI_FrameWork/system/Common.php(1087): CodeIgniter\View\View->render('layout/footer', Array, true)
#3 /home2/realias6/CI_FrameWork/app/Views/404.php(241): view('layout/footer')
#4 /home2/realias6/CI_FrameWork/system/View/View.php(246): include('/home2/realias6...')
#5 /home2/realias6/CI_FrameWork/system/Common.php(1087): CodeIgniter\View\View->render('404', Array, true)
#6 /home2/realias6/CI_FrameWork/app/Helpers/lang_helper.php(8): view('404')
#7 /home2/realias6/CI_FrameWork/app/Controllers/Error_404.php(12): lang_check()
#8 /home2/realias6/CI_FrameWork/system/CodeIgniter.php(914): App\Controllers\Error_404->show404('background', 'bg-5.png')
#9 /home2/realias6/CI_FrameWork/system/CodeIgniter.php(950): CodeIgniter\CodeIgniter->runController(Object(App\Controllers\Error_404))
#10 /home2/realias6/CI_FrameWork/system/CodeIgniter.php(324): CodeIgniter\CodeIgniter->display404errors(Object(CodeIgniter\Exceptions\PageNotFoundException))
#11 /home2/realias6/elrowad-eg.com/index.php(45): CodeIgniter\CodeIgniter->run()
#12 {main}
CRITICAL - 2022-10-16 16:05:55 --> Undefined variable: lang
#0 /home2/realias6/CI_FrameWork/app/Views/layout/footer.php(27): CodeIgniter\Debug\Exceptions->errorHandler(8, 'Undefined varia...', '/home2/realias6...', 27, Array)
#1 /home2/realias6/CI_FrameWork/system/View/View.php(246): include('/home2/realias6...')
#2 /home2/realias6/CI_FrameWork/system/Common.php(1087): CodeIgniter\View\View->render('layout/footer', Array, true)
#3 /home2/realias6/CI_FrameWork/app/Views/404.php(241): view('layout/footer')
#4 /home2/realias6/CI_FrameWork/system/View/View.php(246): include('/home2/realias6...')
#5 /home2/realias6/CI_FrameWork/system/Common.php(1087): CodeIgniter\View\View->render('404', Array, true)
#6 /home2/realias6/CI_FrameWork/app/Helpers/lang_helper.php(8): view('404')
#7 /home2/realias6/CI_FrameWork/app/Controllers/Error_404.php(12): lang_check()
#8 /home2/realias6/CI_FrameWork/system/CodeIgniter.php(914): App\Controllers\Error_404->show404('bg-5.png')
#9 /home2/realias6/CI_FrameWork/system/CodeIgniter.php(950): CodeIgniter\CodeIgniter->runController(Object(App\Controllers\Error_404))
#10 /home2/realias6/CI_FrameWork/system/CodeIgniter.php(324): CodeIgniter\CodeIgniter->display404errors(Object(CodeIgniter\Exceptions\PageNotFoundException))
#11 /home2/realias6/elrowad-eg.com/index.php(45): CodeIgniter\CodeIgniter->run()
#12 {main}
CRITICAL - 2022-10-16 16:05:55 --> Undefined variable: lang
#0 /home2/realias6/CI_FrameWork/app/Views/layout/footer.php(27): CodeIgniter\Debug\Exceptions->errorHandler(8, 'Undefined varia...', '/home2/realias6...', 27, Array)
#1 /home2/realias6/CI_FrameWork/system/View/View.php(246): include('/home2/realias6...')
#2 /home2/realias6/CI_FrameWork/system/Common.php(1087): CodeIgniter\View\View->render('layout/footer', Array, true)
#3 /home2/realias6/CI_FrameWork/app/Views/404.php(241): view('layout/footer')
#4 /home2/realias6/CI_FrameWork/system/View/View.php(246): include('/home2/realias6...')
#5 /home2/realias6/CI_FrameWork/system/Common.php(1087): CodeIgniter\View\View->render('404', Array, true)
#6 /home2/realias6/CI_FrameWork/app/Helpers/lang_helper.php(8): view('404')
#7 /home2/realias6/CI_FrameWork/app/Controllers/Error_404.php(12): lang_check()
#8 /home2/realias6/CI_FrameWork/system/CodeIgniter.php(914): App\Controllers\Error_404->show404('left-men.png')
#9 /home2/realias6/CI_FrameWork/system/CodeIgniter.php(950): CodeIgniter\CodeIgniter->runController(Object(App\Controllers\Error_404))
#10 /home2/realias6/CI_FrameWork/system/CodeIgniter.php(324): CodeIgniter\CodeIgniter->display404errors(Object(CodeIgniter\Exceptions\PageNotFoundException))
#11 /home2/realias6/elrowad-eg.com/index.php(45): CodeIgniter\CodeIgniter->run()
#12 {main}
CRITICAL - 2022-10-16 16:05:55 --> Undefined variable: lang
#0 /home2/realias6/CI_FrameWork/app/Views/layout/footer.php(27): CodeIgniter\Debug\Exceptions->errorHandler(8, 'Undefined varia...', '/home2/realias6...', 27, Array)
#1 /home2/realias6/CI_FrameWork/system/View/View.php(246): include('/home2/realias6...')
#2 /home2/realias6/CI_FrameWork/system/Common.php(1087): CodeIgniter\View\View->render('layout/footer', Array, true)
#3 /home2/realias6/CI_FrameWork/app/Views/404.php(241): view('layout/footer')
#4 /home2/realias6/CI_FrameWork/system/View/View.php(246): include('/home2/realias6...')
#5 /home2/realias6/CI_FrameWork/system/Common.php(1087): CodeIgniter\View\View->render('404', Array, true)
#6 /home2/realias6/CI_FrameWork/app/Helpers/lang_helper.php(8): view('404')
#7 /home2/realias6/CI_FrameWork/app/Controllers/Error_404.php(12): lang_check()
#8 /home2/realias6/CI_FrameWork/system/CodeIgniter.php(914): App\Controllers\Error_404->show404('bg-4.png')
#9 /home2/realias6/CI_FrameWork/system/CodeIgniter.php(950): CodeIgniter\CodeIgniter->runController(Object(App\Controllers\Error_404))
#10 /home2/realias6/CI_FrameWork/system/CodeIgniter.php(324): CodeIgniter\CodeIgniter->display404errors(Object(CodeIgniter\Exceptions\PageNotFoundException))
#11 /home2/realias6/elrowad-eg.com/index.php(45): CodeIgniter\CodeIgniter->run()
#12 {main}
CRITICAL - 2022-10-16 16:26:26 --> Undefined variable: lang
#0 /home2/realias6/CI_FrameWork/app/Views/layout/footer.php(27): CodeIgniter\Debug\Exceptions->errorHandler(8, 'Undefined varia...', '/home2/realias6...', 27, Array)
#1 /home2/realias6/CI_FrameWork/system/View/View.php(246): include('/home2/realias6...')
#2 /home2/realias6/CI_FrameWork/system/Common.php(1087): CodeIgniter\View\View->render('layout/footer', Array, true)
#3 /home2/realias6/CI_FrameWork/app/Views/404.php(241): view('layout/footer')
#4 /home2/realias6/CI_FrameWork/system/View/View.php(246): include('/home2/realias6...')
#5 /home2/realias6/CI_FrameWork/system/Common.php(1087): CodeIgniter\View\View->render('404', Array, true)
#6 /home2/realias6/CI_FrameWork/app/Helpers/lang_helper.php(8): view('404')
#7 /home2/realias6/CI_FrameWork/app/Controllers/Home.php(13): lang_check()
#8 /home2/realias6/CI_FrameWork/system/CodeIgniter.php(886): App\Controllers\Home->__construct()
#9 /home2/realias6/CI_FrameWork/system/CodeIgniter.php(395): CodeIgniter\CodeIgniter->createController()
#10 /home2/realias6/CI_FrameWork/system/CodeIgniter.php(308): CodeIgniter\CodeIgniter->handleRequest(NULL, Object(Config\Cache), false)
#11 /home2/realias6/elrowad-eg.com/index.php(45): CodeIgniter\CodeIgniter->run()
#12 {main}
CRITICAL - 2022-10-16 18:18:50 --> Undefined variable: lang
#0 /home2/realias6/CI_FrameWork/app/Views/layout/footer.php(27): CodeIgniter\Debug\Exceptions->errorHandler(8, 'Undefined varia...', '/home2/realias6...', 27, Array)
#1 /home2/realias6/CI_FrameWork/system/View/View.php(246): include('/home2/realias6...')
#2 /home2/realias6/CI_FrameWork/system/Common.php(1087): CodeIgniter\View\View->render('layout/footer', Array, true)
#3 /home2/realias6/CI_FrameWork/app/Views/404.php(241): view('layout/footer')
#4 /home2/realias6/CI_FrameWork/system/View/View.php(246): include('/home2/realias6...')
#5 /home2/realias6/CI_FrameWork/system/Common.php(1087): CodeIgniter\View\View->render('404', Array, true)
#6 /home2/realias6/CI_FrameWork/app/Helpers/lang_helper.php(8): view('404')
#7 /home2/realias6/CI_FrameWork/app/Controllers/Error_404.php(12): lang_check()
#8 /home2/realias6/CI_FrameWork/system/CodeIgniter.php(914): App\Controllers\Error_404->show404('background', 'bg-5.png')
#9 /home2/realias6/CI_FrameWork/system/CodeIgniter.php(950): CodeIgniter\CodeIgniter->runController(Object(App\Controllers\Error_404))
#10 /home2/realias6/CI_FrameWork/system/CodeIgniter.php(324): CodeIgniter\CodeIgniter->display404errors(Object(CodeIgniter\Exceptions\PageNotFoundException))
#11 /home2/realias6/elrowad-eg.com/index.php(45): CodeIgniter\CodeIgniter->run()
#12 {main}
CRITICAL - 2022-10-16 20:17:47 --> Undefined variable: lang
#0 /home2/realias6/CI_FrameWork/app/Views/layout/footer.php(27): CodeIgniter\Debug\Exceptions->errorHandler(8, 'Undefined varia...', '/home2/realias6...', 27, Array)
#1 /home2/realias6/CI_FrameWork/system/View/View.php(246): include('/home2/realias6...')
#2 /home2/realias6/CI_FrameWork/system/Common.php(1087): CodeIgniter\View\View->render('layout/footer', Array, true)
#3 /home2/realias6/CI_FrameWork/app/Views/404.php(241): view('layout/footer')
#4 /home2/realias6/CI_FrameWork/system/View/View.php(246): include('/home2/realias6...')
#5 /home2/realias6/CI_FrameWork/system/Common.php(1087): CodeIgniter\View\View->render('404', Array, true)
#6 /home2/realias6/CI_FrameWork/app/Helpers/lang_helper.php(8): view('404')
#7 /home2/realias6/CI_FrameWork/app/Controllers/Home.php(13): lang_check()
#8 /home2/realias6/CI_FrameWork/system/CodeIgniter.php(886): App\Controllers\Home->__construct()
#9 /home2/realias6/CI_FrameWork/system/CodeIgniter.php(395): CodeIgniter\CodeIgniter->createController()
#10 /home2/realias6/CI_FrameWork/system/CodeIgniter.php(308): CodeIgniter\CodeIgniter->handleRequest(NULL, Object(Config\Cache), false)
#11 /home2/realias6/elrowad-eg.com/index.php(45): CodeIgniter\CodeIgniter->run()
#12 {main}
CRITICAL - 2022-10-16 21:06:39 --> Undefined variable: lang
#0 /home2/realias6/CI_FrameWork/app/Views/layout/footer.php(27): CodeIgniter\Debug\Exceptions->errorHandler(8, 'Undefined varia...', '/home2/realias6...', 27, Array)
#1 /home2/realias6/CI_FrameWork/system/View/View.php(246): include('/home2/realias6...')
#2 /home2/realias6/CI_FrameWork/system/Common.php(1087): CodeIgniter\View\View->render('layout/footer', Array, true)
#3 /home2/realias6/CI_FrameWork/app/Views/404.php(241): view('layout/footer')
#4 /home2/realias6/CI_FrameWork/system/View/View.php(246): include('/home2/realias6...')
#5 /home2/realias6/CI_FrameWork/system/Common.php(1087): CodeIgniter\View\View->render('404', Array, true)
#6 /home2/realias6/CI_FrameWork/app/Helpers/lang_helper.php(8): view('404')
#7 /home2/realias6/CI_FrameWork/app/Controllers/Error_404.php(12): lang_check()
#8 /home2/realias6/CI_FrameWork/system/CodeIgniter.php(914): App\Controllers\Error_404->show404('bg-5.png')
#9 /home2/realias6/CI_FrameWork/system/CodeIgniter.php(950): CodeIgniter\CodeIgniter->runController(Object(App\Controllers\Error_404))
#10 /home2/realias6/CI_FrameWork/system/CodeIgniter.php(324): CodeIgniter\CodeIgniter->display404errors(Object(CodeIgniter\Exceptions\PageNotFoundException))
#11 /home2/realias6/elrowad-eg.com/index.php(45): CodeIgniter\CodeIgniter->run()
#12 {main}
CRITICAL - 2022-10-16 21:07:51 --> Undefined variable: lang
#0 /home2/realias6/CI_FrameWork/app/Views/layout/footer.php(27): CodeIgniter\Debug\Exceptions->errorHandler(8, 'Undefined varia...', '/home2/realias6...', 27, Array)
#1 /home2/realias6/CI_FrameWork/system/View/View.php(246): include('/home2/realias6...')
#2 /home2/realias6/CI_FrameWork/system/Common.php(1087): CodeIgniter\View\View->render('layout/footer', Array, true)
#3 /home2/realias6/CI_FrameWork/app/Views/404.php(241): view('layout/footer')
#4 /home2/realias6/CI_FrameWork/system/View/View.php(246): include('/home2/realias6...')
#5 /home2/realias6/CI_FrameWork/system/Common.php(1087): CodeIgniter\View\View->render('404', Array, true)
#6 /home2/realias6/CI_FrameWork/app/Helpers/lang_helper.php(8): view('404')
#7 /home2/realias6/CI_FrameWork/app/Controllers/Error_404.php(12): lang_check()
#8 /home2/realias6/CI_FrameWork/system/CodeIgniter.php(914): App\Controllers\Error_404->show404('bg-5.png')
#9 /home2/realias6/CI_FrameWork/system/CodeIgniter.php(950): CodeIgniter\CodeIgniter->runController(Object(App\Controllers\Error_404))
#10 /home2/realias6/CI_FrameWork/system/CodeIgniter.php(324): CodeIgniter\CodeIgniter->display404errors(Object(CodeIgniter\Exceptions\PageNotFoundException))
#11 /home2/realias6/elrowad-eg.com/index.php(45): CodeIgniter\CodeIgniter->run()
#12 {main}
CRITICAL - 2022-10-16 21:16:24 --> Undefined variable: lang
#0 /home2/realias6/CI_FrameWork/app/Views/layout/footer.php(27): CodeIgniter\Debug\Exceptions->errorHandler(8, 'Undefined varia...', '/home2/realias6...', 27, Array)
#1 /home2/realias6/CI_FrameWork/system/View/View.php(246): include('/home2/realias6...')
#2 /home2/realias6/CI_FrameWork/system/Common.php(1087): CodeIgniter\View\View->render('layout/footer', Array, true)
#3 /home2/realias6/CI_FrameWork/app/Views/404.php(241): view('layout/footer')
#4 /home2/realias6/CI_FrameWork/system/View/View.php(246): include('/home2/realias6...')
#5 /home2/realias6/CI_FrameWork/system/Common.php(1087): CodeIgniter\View\View->render('404', Array, true)
#6 /home2/realias6/CI_FrameWork/app/Helpers/lang_helper.php(8): view('404')
#7 /home2/realias6/CI_FrameWork/app/Controllers/Error_404.php(12): lang_check()
#8 /home2/realias6/CI_FrameWork/system/CodeIgniter.php(914): App\Controllers\Error_404->show404('bg-5.png')
#9 /home2/realias6/CI_FrameWork/system/CodeIgniter.php(950): CodeIgniter\CodeIgniter->runController(Object(App\Controllers\Error_404))
#10 /home2/realias6/CI_FrameWork/system/CodeIgniter.php(324): CodeIgniter\CodeIgniter->display404errors(Object(CodeIgniter\Exceptions\PageNotFoundException))
#11 /home2/realias6/elrowad-eg.com/index.php(45): CodeIgniter\CodeIgniter->run()
#12 {main}
CRITICAL - 2022-10-16 22:38:08 --> Undefined variable: lang
#0 /home2/realias6/CI_FrameWork/app/Views/layout/footer.php(27): CodeIgniter\Debug\Exceptions->errorHandler(8, 'Undefined varia...', '/home2/realias6...', 27, Array)
#1 /home2/realias6/CI_FrameWork/system/View/View.php(246): include('/home2/realias6...')
#2 /home2/realias6/CI_FrameWork/system/Common.php(1087): CodeIgniter\View\View->render('layout/footer', Array, true)
#3 /home2/realias6/CI_FrameWork/app/Views/404.php(241): view('layout/footer')
#4 /home2/realias6/CI_FrameWork/system/View/View.php(246): include('/home2/realias6...')
#5 /home2/realias6/CI_FrameWork/system/Common.php(1087): CodeIgniter\View\View->render('404', Array, true)
#6 /home2/realias6/CI_FrameWork/app/Helpers/lang_helper.php(8): view('404')
#7 /home2/realias6/CI_FrameWork/app/Controllers/Error_404.php(12): lang_check()
#8 /home2/realias6/CI_FrameWork/system/CodeIgniter.php(914): App\Controllers\Error_404->show404('bg-5.png')
#9 /home2/realias6/CI_FrameWork/system/CodeIgniter.php(950): CodeIgniter\CodeIgniter->runController(Object(App\Controllers\Error_404))
#10 /home2/realias6/CI_FrameWork/system/CodeIgniter.php(324): CodeIgniter\CodeIgniter->display404errors(Object(CodeIgniter\Exceptions\PageNotFoundException))
#11 /home2/realias6/elrowad-eg.com/index.php(45): CodeIgniter\CodeIgniter->run()
#12 {main}
CRITICAL - 2022-10-16 22:38:11 --> Undefined variable: lang
#0 /home2/realias6/CI_FrameWork/app/Views/layout/footer.php(27): CodeIgniter\Debug\Exceptions->errorHandler(8, 'Undefined varia...', '/home2/realias6...', 27, Array)
#1 /home2/realias6/CI_FrameWork/system/View/View.php(246): include('/home2/realias6...')
#2 /home2/realias6/CI_FrameWork/system/Common.php(1087): CodeIgniter\View\View->render('layout/footer', Array, true)
#3 /home2/realias6/CI_FrameWork/app/Views/404.php(241): view('layout/footer')
#4 /home2/realias6/CI_FrameWork/system/View/View.php(246): include('/home2/realias6...')
#5 /home2/realias6/CI_FrameWork/system/Common.php(1087): CodeIgniter\View\View->render('404', Array, true)
#6 /home2/realias6/CI_FrameWork/app/Helpers/lang_helper.php(8): view('404')
#7 /home2/realias6/CI_FrameWork/app/Controllers/Error_404.php(12): lang_check()
#8 /home2/realias6/CI_FrameWork/system/CodeIgniter.php(914): App\Controllers\Error_404->show404('line.png')
#9 /home2/realias6/CI_FrameWork/system/CodeIgniter.php(950): CodeIgniter\CodeIgniter->runController(Object(App\Controllers\Error_404))
#10 /home2/realias6/CI_FrameWork/system/CodeIgniter.php(324): CodeIgniter\CodeIgniter->display404errors(Object(CodeIgniter\Exceptions\PageNotFoundException))
#11 /home2/realias6/elrowad-eg.com/index.php(45): CodeIgniter\CodeIgniter->run()
#12 {main}
CRITICAL - 2022-10-16 22:38:22 --> Undefined variable: lang
#0 /home2/realias6/CI_FrameWork/app/Views/layout/footer.php(27): CodeIgniter\Debug\Exceptions->errorHandler(8, 'Undefined varia...', '/home2/realias6...', 27, Array)
#1 /home2/realias6/CI_FrameWork/system/View/View.php(246): include('/home2/realias6...')
#2 /home2/realias6/CI_FrameWork/system/Common.php(1087): CodeIgniter\View\View->render('layout/footer', Array, true)
#3 /home2/realias6/CI_FrameWork/app/Views/404.php(241): view('layout/footer')
#4 /home2/realias6/CI_FrameWork/system/View/View.php(246): include('/home2/realias6...')
#5 /home2/realias6/CI_FrameWork/system/Common.php(1087): CodeIgniter\View\View->render('404', Array, true)
#6 /home2/realias6/CI_FrameWork/app/Helpers/lang_helper.php(8): view('404')
#7 /home2/realias6/CI_FrameWork/app/Controllers/Error_404.php(12): lang_check()
#8 /home2/realias6/CI_FrameWork/system/CodeIgniter.php(914): App\Controllers\Error_404->show404('bg-5.png')
#9 /home2/realias6/CI_FrameWork/system/CodeIgniter.php(950): CodeIgniter\CodeIgniter->runController(Object(App\Controllers\Error_404))
#10 /home2/realias6/CI_FrameWork/system/CodeIgniter.php(324): CodeIgniter\CodeIgniter->display404errors(Object(CodeIgniter\Exceptions\PageNotFoundException))
#11 /home2/realias6/elrowad-eg.com/index.php(45): CodeIgniter\CodeIgniter->run()
#12 {main}
CRITICAL - 2022-10-16 22:41:19 --> Undefined variable: lang
#0 /home2/realias6/CI_FrameWork/app/Views/layout/footer.php(27): CodeIgniter\Debug\Exceptions->errorHandler(8, 'Undefined varia...', '/home2/realias6...', 27, Array)
#1 /home2/realias6/CI_FrameWork/system/View/View.php(246): include('/home2/realias6...')
#2 /home2/realias6/CI_FrameWork/system/Common.php(1087): CodeIgniter\View\View->render('layout/footer', Array, true)
#3 /home2/realias6/CI_FrameWork/app/Views/404.php(241): view('layout/footer')
#4 /home2/realias6/CI_FrameWork/system/View/View.php(246): include('/home2/realias6...')
#5 /home2/realias6/CI_FrameWork/system/Common.php(1087): CodeIgniter\View\View->render('404', Array, true)
#6 /home2/realias6/CI_FrameWork/app/Helpers/lang_helper.php(8): view('404')
#7 /home2/realias6/CI_FrameWork/app/Controllers/Error_404.php(12): lang_check()
#8 /home2/realias6/CI_FrameWork/system/CodeIgniter.php(914): App\Controllers\Error_404->show404('bg-5.png')
#9 /home2/realias6/CI_FrameWork/system/CodeIgniter.php(950): CodeIgniter\CodeIgniter->runController(Object(App\Controllers\Error_404))
#10 /home2/realias6/CI_FrameWork/system/CodeIgniter.php(324): CodeIgniter\CodeIgniter->display404errors(Object(CodeIgniter\Exceptions\PageNotFoundException))
#11 /home2/realias6/elrowad-eg.com/index.php(45): CodeIgniter\CodeIgniter->run()
#12 {main}
CRITICAL - 2022-10-16 23:14:33 --> Undefined variable: lang
#0 /home2/realias6/CI_FrameWork/app/Views/layout/footer.php(27): CodeIgniter\Debug\Exceptions->errorHandler(8, 'Undefined varia...', '/home2/realias6...', 27, Array)
#1 /home2/realias6/CI_FrameWork/system/View/View.php(246): include('/home2/realias6...')
#2 /home2/realias6/CI_FrameWork/system/Common.php(1087): CodeIgniter\View\View->render('layout/footer', Array, true)
#3 /home2/realias6/CI_FrameWork/app/Views/404.php(241): view('layout/footer')
#4 /home2/realias6/CI_FrameWork/system/View/View.php(246): include('/home2/realias6...')
#5 /home2/realias6/CI_FrameWork/system/Common.php(1087): CodeIgniter\View\View->render('404', Array, true)
#6 /home2/realias6/CI_FrameWork/app/Helpers/lang_helper.php(8): view('404')
#7 /home2/realias6/CI_FrameWork/app/Controllers/Home.php(13): lang_check()
#8 /home2/realias6/CI_FrameWork/system/CodeIgniter.php(886): App\Controllers\Home->__construct()
#9 /home2/realias6/CI_FrameWork/system/CodeIgniter.php(395): CodeIgniter\CodeIgniter->createController()
#10 /home2/realias6/CI_FrameWork/system/CodeIgniter.php(308): CodeIgniter\CodeIgniter->handleRequest(NULL, Object(Config\Cache), false)
#11 /home2/realias6/elrowad-eg.com/index.php(45): CodeIgniter\CodeIgniter->run()
#12 {main}
