CRITICAL - 2020-06-30 12:22:40 --> Uncaught ErrorException: include_once(/home/elrowade/public_html/system/ThirdParty/PSR/Log/LoggerInterface.php): failed to open stream: No such file or directory in /home/elrowade/public_html/system/Autoloader/Autoloader.php:161
Stack trace:
#0 /home/elrowade/public_html/system/Autoloader/Autoloader.php(161): CodeIgniter\Debug\Exceptions->errorHandler(2, 'include_once(/h...', '/home/elrowade/...', 161, Array)
#1 /home/elrowade/public_html/system/Autoloader/Autoloader.php(161): include_once()
#2 [internal function]: CodeIgniter\Autoloader\Autoloader->CodeIgniter\Autoloader\{closure}('Psr\\Log\\LoggerI...')
#3 /home/elrowade/public_html/system/Log/Logger.php(59): spl_autoload_call('Psr\\Log\\LoggerI...')
#4 /home/elrowade/public_html/system/Autoloader/Autoloader.php(365): require_once('/home/elrowade/...')
#5 /home/elrowade/public_html/system/Autoloader/Autoloader.php(296): CodeIgniter\Autoloader\Autoloader->requireFile('/home/elrowade/...')
#6 /home/elrowade/public_html/system/Autoloader/Autoloader.php(258): C
#0 [internal function]: CodeIgniter\Debug\Exceptions->shutdownHandler()
#1 {main}
CRITICAL - 2020-06-30 12:56:00 --> Call to undefined function CodeIgniter\Database\MySQLi\mysqli_init()
#0 /home/elrowade/CI_FrameWork/system/Database/BaseConnection.php(377): CodeIgniter\Database\MySQLi\Connection->connect(false)
#1 /home/elrowade/CI_FrameWork/system/Database/BaseConnection.php(643): CodeIgniter\Database\BaseConnection->initialize()
#2 /home/elrowade/CI_FrameWork/app/Models/ProjectsModel.php(40): CodeIgniter\Database\BaseConnection->query('select * from p...')
#3 /home/elrowade/CI_FrameWork/app/Views/layout/menu.php(23): App\Models\ProjectsModel->get_sections()
#4 /home/elrowade/CI_FrameWork/system/View/View.php(246): include('/home/elrowade/...')
#5 /home/elrowade/CI_FrameWork/system/Common.php(1087): CodeIgniter\View\View->render('layout/menu', Array, true)
#6 /home/elrowade/CI_FrameWork/app/Views/layout/header.php(183): view('layout/menu')
#7 /home/elrowade/CI_FrameWork/system/View/View.php(246): include('/home/elrowade/...')
#8 /home/elrowade/CI_FrameWork/system/Common.php(1087): CodeIgniter\View\View->render('layout/header', Array, true)
#9 /home/elrowade/CI_FrameWork/app/Views/home.php(2): view('layout/header')
#10 /home/elrowade/CI_FrameWork/system/View/View.php(246): include('/home/elrowade/...')
#11 /home/elrowade/CI_FrameWork/system/Common.php(1087): CodeIgniter\View\View->render('home', Array, true)
#12 /home/elrowade/CI_FrameWork/app/Controllers/Home.php(24): view('home', Array)
#13 /home/elrowade/CI_FrameWork/system/CodeIgniter.php(914): App\Controllers\Home->index('$1')
#14 /home/elrowade/CI_FrameWork/system/CodeIgniter.php(400): CodeIgniter\CodeIgniter->runController(Object(App\Controllers\Home))
#15 /home/elrowade/CI_FrameWork/system/CodeIgniter.php(308): CodeIgniter\CodeIgniter->handleRequest(NULL, Object(Config\Cache), false)
#16 /home/elrowade/public_html/index.php(45): CodeIgniter\CodeIgniter->run()
#17 {main}
CRITICAL - 2020-06-30 12:56:11 --> Call to undefined function CodeIgniter\Database\MySQLi\mysqli_init()
#0 /home/elrowade/CI_FrameWork/system/Database/BaseConnection.php(377): CodeIgniter\Database\MySQLi\Connection->connect(false)
#1 /home/elrowade/CI_FrameWork/system/Database/BaseConnection.php(643): CodeIgniter\Database\BaseConnection->initialize()
#2 /home/elrowade/CI_FrameWork/app/Models/ProjectsModel.php(40): CodeIgniter\Database\BaseConnection->query('select * from p...')
#3 /home/elrowade/CI_FrameWork/app/Views/layout/menu.php(23): App\Models\ProjectsModel->get_sections()
#4 /home/elrowade/CI_FrameWork/system/View/View.php(246): include('/home/elrowade/...')
#5 /home/elrowade/CI_FrameWork/system/Common.php(1087): CodeIgniter\View\View->render('layout/menu', Array, true)
#6 /home/elrowade/CI_FrameWork/app/Views/layout/header.php(183): view('layout/menu')
#7 /home/elrowade/CI_FrameWork/system/View/View.php(246): include('/home/elrowade/...')
#8 /home/elrowade/CI_FrameWork/system/Common.php(1087): CodeIgniter\View\View->render('layout/header', Array, true)
#9 /home/elrowade/CI_FrameWork/app/Views/home.php(2): view('layout/header')
#10 /home/elrowade/CI_FrameWork/system/View/View.php(246): include('/home/elrowade/...')
#11 /home/elrowade/CI_FrameWork/system/Common.php(1087): CodeIgniter\View\View->render('home', Array, true)
#12 /home/elrowade/CI_FrameWork/app/Controllers/Home.php(24): view('home', Array)
#13 /home/elrowade/CI_FrameWork/system/CodeIgniter.php(914): App\Controllers\Home->index('$1')
#14 /home/elrowade/CI_FrameWork/system/CodeIgniter.php(400): CodeIgniter\CodeIgniter->runController(Object(App\Controllers\Home))
#15 /home/elrowade/CI_FrameWork/system/CodeIgniter.php(308): CodeIgniter\CodeIgniter->handleRequest(NULL, Object(Config\Cache), false)
#16 /home/elrowade/public_html/index.php(45): CodeIgniter\CodeIgniter->run()
#17 {main}
CRITICAL - 2020-06-30 12:56:35 --> Call to undefined function CodeIgniter\Database\MySQLi\mysqli_init()
#0 /home/elrowade/CI_FrameWork/system/Database/BaseConnection.php(377): CodeIgniter\Database\MySQLi\Connection->connect(false)
#1 /home/elrowade/CI_FrameWork/system/Database/BaseConnection.php(643): CodeIgniter\Database\BaseConnection->initialize()
#2 /home/elrowade/CI_FrameWork/app/Models/admin/AuthModel.php(76): CodeIgniter\Database\BaseConnection->query('select * from a...')
#3 /home/elrowade/CI_FrameWork/app/Models/admin/AuthModel.php(21): App\Models\admin\AuthModel->AUTH()
#4 /home/elrowade/CI_FrameWork/app/Controllers/admin/Login.php(17): App\Models\admin\AuthModel->__construct()
#5 /home/elrowade/CI_FrameWork/system/CodeIgniter.php(886): App\Controllers\admin\Login->__construct()
#6 /home/elrowade/CI_FrameWork/system/CodeIgniter.php(395): CodeIgniter\CodeIgniter->createController()
#7 /home/elrowade/CI_FrameWork/system/CodeIgniter.php(308): CodeIgniter\CodeIgniter->handleRequest(NULL, Object(Config\Cache), false)
#8 /home/elrowade/public_html/index.php(45): CodeIgniter\CodeIgniter->run()
#9 {main}
