CRITICAL - 2022-09-23 00:48:32 --> Undefined variable: lang
#0 /home2/realias6/CI_FrameWork/app/Views/layout/footer.php(27): CodeIgniter\Debug\Exceptions->errorHandler(8, 'Undefined varia...', '/home2/realias6...', 27, Array)
#1 /home2/realias6/CI_FrameWork/system/View/View.php(246): include('/home2/realias6...')
#2 /home2/realias6/CI_FrameWork/system/Common.php(1087): CodeIgniter\View\View->render('layout/footer', Array, true)
#3 /home2/realias6/CI_FrameWork/app/Views/404.php(241): view('layout/footer')
#4 /home2/realias6/CI_FrameWork/system/View/View.php(246): include('/home2/realias6...')
#5 /home2/realias6/CI_FrameWork/system/Common.php(1087): CodeIgniter\View\View->render('404', Array, true)
#6 /home2/realias6/CI_FrameWork/app/Helpers/lang_helper.php(8): view('404')
#7 /home2/realias6/CI_FrameWork/app/Controllers/Error_404.php(12): lang_check()
#8 /home2/realias6/CI_FrameWork/system/CodeIgniter.php(914): App\Controllers\Error_404->show404('bg-5.png')
#9 /home2/realias6/CI_FrameWork/system/CodeIgniter.php(950): CodeIgniter\CodeIgniter->runController(Object(App\Controllers\Error_404))
#10 /home2/realias6/CI_FrameWork/system/CodeIgniter.php(324): CodeIgniter\CodeIgniter->display404errors(Object(CodeIgniter\Exceptions\PageNotFoundException))
#11 /home2/realias6/elrowad-eg.com/index.php(45): CodeIgniter\CodeIgniter->run()
#12 {main}
CRITICAL - 2022-09-23 00:52:53 --> Undefined variable: lang
#0 /home2/realias6/CI_FrameWork/app/Views/layout/footer.php(27): CodeIgniter\Debug\Exceptions->errorHandler(8, 'Undefined varia...', '/home2/realias6...', 27, Array)
#1 /home2/realias6/CI_FrameWork/system/View/View.php(246): include('/home2/realias6...')
#2 /home2/realias6/CI_FrameWork/system/Common.php(1087): CodeIgniter\View\View->render('layout/footer', Array, true)
#3 /home2/realias6/CI_FrameWork/app/Views/404.php(241): view('layout/footer')
#4 /home2/realias6/CI_FrameWork/system/View/View.php(246): include('/home2/realias6...')
#5 /home2/realias6/CI_FrameWork/system/Common.php(1087): CodeIgniter\View\View->render('404', Array, true)
#6 /home2/realias6/CI_FrameWork/app/Helpers/lang_helper.php(8): view('404')
#7 /home2/realias6/CI_FrameWork/app/Controllers/Home.php(13): lang_check()
#8 /home2/realias6/CI_FrameWork/system/CodeIgniter.php(886): App\Controllers\Home->__construct()
#9 /home2/realias6/CI_FrameWork/system/CodeIgniter.php(395): CodeIgniter\CodeIgniter->createController()
#10 /home2/realias6/CI_FrameWork/system/CodeIgniter.php(308): CodeIgniter\CodeIgniter->handleRequest(NULL, Object(Config\Cache), false)
#11 /home2/realias6/elrowad-eg.com/index.php(45): CodeIgniter\CodeIgniter->run()
#12 {main}
CRITICAL - 2022-09-23 01:26:26 --> Undefined variable: lang
#0 /home2/realias6/CI_FrameWork/app/Views/layout/footer.php(27): CodeIgniter\Debug\Exceptions->errorHandler(8, 'Undefined varia...', '/home2/realias6...', 27, Array)
#1 /home2/realias6/CI_FrameWork/system/View/View.php(246): include('/home2/realias6...')
#2 /home2/realias6/CI_FrameWork/system/Common.php(1087): CodeIgniter\View\View->render('layout/footer', Array, true)
#3 /home2/realias6/CI_FrameWork/app/Views/404.php(241): view('layout/footer')
#4 /home2/realias6/CI_FrameWork/system/View/View.php(246): include('/home2/realias6...')
#5 /home2/realias6/CI_FrameWork/system/Common.php(1087): CodeIgniter\View\View->render('404', Array, true)
#6 /home2/realias6/CI_FrameWork/app/Helpers/lang_helper.php(8): view('404')
#7 /home2/realias6/CI_FrameWork/app/Controllers/Home.php(13): lang_check()
#8 /home2/realias6/CI_FrameWork/system/CodeIgniter.php(886): App\Controllers\Home->__construct()
#9 /home2/realias6/CI_FrameWork/system/CodeIgniter.php(395): CodeIgniter\CodeIgniter->createController()
#10 /home2/realias6/CI_FrameWork/system/CodeIgniter.php(308): CodeIgniter\CodeIgniter->handleRequest(NULL, Object(Config\Cache), false)
#11 /home2/realias6/elrowad-eg.com/index.php(45): CodeIgniter\CodeIgniter->run()
#12 {main}
CRITICAL - 2022-09-23 01:42:31 --> Undefined variable: lang
#0 /home2/realias6/CI_FrameWork/app/Views/layout/footer.php(27): CodeIgniter\Debug\Exceptions->errorHandler(8, 'Undefined varia...', '/home2/realias6...', 27, Array)
#1 /home2/realias6/CI_FrameWork/system/View/View.php(246): include('/home2/realias6...')
#2 /home2/realias6/CI_FrameWork/system/Common.php(1087): CodeIgniter\View\View->render('layout/footer', Array, true)
#3 /home2/realias6/CI_FrameWork/app/Views/404.php(241): view('layout/footer')
#4 /home2/realias6/CI_FrameWork/system/View/View.php(246): include('/home2/realias6...')
#5 /home2/realias6/CI_FrameWork/system/Common.php(1087): CodeIgniter\View\View->render('404', Array, true)
#6 /home2/realias6/CI_FrameWork/app/Helpers/lang_helper.php(8): view('404')
#7 /home2/realias6/CI_FrameWork/app/Controllers/Home.php(13): lang_check()
#8 /home2/realias6/CI_FrameWork/system/CodeIgniter.php(886): App\Controllers\Home->__construct()
#9 /home2/realias6/CI_FrameWork/system/CodeIgniter.php(395): CodeIgniter\CodeIgniter->createController()
#10 /home2/realias6/CI_FrameWork/system/CodeIgniter.php(308): CodeIgniter\CodeIgniter->handleRequest(NULL, Object(Config\Cache), false)
#11 /home2/realias6/elrowad-eg.com/index.php(45): CodeIgniter\CodeIgniter->run()
#12 {main}
CRITICAL - 2022-09-23 01:51:17 --> Undefined variable: lang
#0 /home2/realias6/CI_FrameWork/app/Views/layout/footer.php(27): CodeIgniter\Debug\Exceptions->errorHandler(8, 'Undefined varia...', '/home2/realias6...', 27, Array)
#1 /home2/realias6/CI_FrameWork/system/View/View.php(246): include('/home2/realias6...')
#2 /home2/realias6/CI_FrameWork/system/Common.php(1087): CodeIgniter\View\View->render('layout/footer', Array, true)
#3 /home2/realias6/CI_FrameWork/app/Views/404.php(241): view('layout/footer')
#4 /home2/realias6/CI_FrameWork/system/View/View.php(246): include('/home2/realias6...')
#5 /home2/realias6/CI_FrameWork/system/Common.php(1087): CodeIgniter\View\View->render('404', Array, true)
#6 /home2/realias6/CI_FrameWork/app/Helpers/lang_helper.php(8): view('404')
#7 /home2/realias6/CI_FrameWork/app/Controllers/Home.php(13): lang_check()
#8 /home2/realias6/CI_FrameWork/system/CodeIgniter.php(886): App\Controllers\Home->__construct()
#9 /home2/realias6/CI_FrameWork/system/CodeIgniter.php(395): CodeIgniter\CodeIgniter->createController()
#10 /home2/realias6/CI_FrameWork/system/CodeIgniter.php(308): CodeIgniter\CodeIgniter->handleRequest(NULL, Object(Config\Cache), false)
#11 /home2/realias6/elrowad-eg.com/index.php(45): CodeIgniter\CodeIgniter->run()
#12 {main}
CRITICAL - 2022-09-23 01:54:37 --> Undefined variable: lang
#0 /home2/realias6/CI_FrameWork/app/Views/layout/footer.php(27): CodeIgniter\Debug\Exceptions->errorHandler(8, 'Undefined varia...', '/home2/realias6...', 27, Array)
#1 /home2/realias6/CI_FrameWork/system/View/View.php(246): include('/home2/realias6...')
#2 /home2/realias6/CI_FrameWork/system/Common.php(1087): CodeIgniter\View\View->render('layout/footer', Array, true)
#3 /home2/realias6/CI_FrameWork/app/Views/404.php(241): view('layout/footer')
#4 /home2/realias6/CI_FrameWork/system/View/View.php(246): include('/home2/realias6...')
#5 /home2/realias6/CI_FrameWork/system/Common.php(1087): CodeIgniter\View\View->render('404', Array, true)
#6 /home2/realias6/CI_FrameWork/app/Helpers/lang_helper.php(8): view('404')
#7 /home2/realias6/CI_FrameWork/app/Controllers/Error_404.php(12): lang_check()
#8 /home2/realias6/CI_FrameWork/system/CodeIgniter.php(914): App\Controllers\Error_404->show404('bg-5.png')
#9 /home2/realias6/CI_FrameWork/system/CodeIgniter.php(950): CodeIgniter\CodeIgniter->runController(Object(App\Controllers\Error_404))
#10 /home2/realias6/CI_FrameWork/system/CodeIgniter.php(324): CodeIgniter\CodeIgniter->display404errors(Object(CodeIgniter\Exceptions\PageNotFoundException))
#11 /home2/realias6/elrowad-eg.com/index.php(45): CodeIgniter\CodeIgniter->run()
#12 {main}
CRITICAL - 2022-09-23 01:55:17 --> Undefined variable: lang
#0 /home2/realias6/CI_FrameWork/app/Views/layout/footer.php(27): CodeIgniter\Debug\Exceptions->errorHandler(8, 'Undefined varia...', '/home2/realias6...', 27, Array)
#1 /home2/realias6/CI_FrameWork/system/View/View.php(246): include('/home2/realias6...')
#2 /home2/realias6/CI_FrameWork/system/Common.php(1087): CodeIgniter\View\View->render('layout/footer', Array, true)
#3 /home2/realias6/CI_FrameWork/app/Views/404.php(241): view('layout/footer')
#4 /home2/realias6/CI_FrameWork/system/View/View.php(246): include('/home2/realias6...')
#5 /home2/realias6/CI_FrameWork/system/Common.php(1087): CodeIgniter\View\View->render('404', Array, true)
#6 /home2/realias6/CI_FrameWork/app/Helpers/lang_helper.php(8): view('404')
#7 /home2/realias6/CI_FrameWork/app/Controllers/Error_404.php(12): lang_check()
#8 /home2/realias6/CI_FrameWork/system/CodeIgniter.php(914): App\Controllers\Error_404->show404('background', 'bg-5.png')
#9 /home2/realias6/CI_FrameWork/system/CodeIgniter.php(950): CodeIgniter\CodeIgniter->runController(Object(App\Controllers\Error_404))
#10 /home2/realias6/CI_FrameWork/system/CodeIgniter.php(324): CodeIgniter\CodeIgniter->display404errors(Object(CodeIgniter\Exceptions\PageNotFoundException))
#11 /home2/realias6/elrowad-eg.com/index.php(45): CodeIgniter\CodeIgniter->run()
#12 {main}
CRITICAL - 2022-09-23 01:55:45 --> Undefined variable: lang
#0 /home2/realias6/CI_FrameWork/app/Views/layout/footer.php(27): CodeIgniter\Debug\Exceptions->errorHandler(8, 'Undefined varia...', '/home2/realias6...', 27, Array)
#1 /home2/realias6/CI_FrameWork/system/View/View.php(246): include('/home2/realias6...')
#2 /home2/realias6/CI_FrameWork/system/Common.php(1087): CodeIgniter\View\View->render('layout/footer', Array, true)
#3 /home2/realias6/CI_FrameWork/app/Views/404.php(241): view('layout/footer')
#4 /home2/realias6/CI_FrameWork/system/View/View.php(246): include('/home2/realias6...')
#5 /home2/realias6/CI_FrameWork/system/Common.php(1087): CodeIgniter\View\View->render('404', Array, true)
#6 /home2/realias6/CI_FrameWork/app/Helpers/lang_helper.php(8): view('404')
#7 /home2/realias6/CI_FrameWork/app/Controllers/Error_404.php(12): lang_check()
#8 /home2/realias6/CI_FrameWork/system/CodeIgniter.php(914): App\Controllers\Error_404->show404('background', 'bg-5.png')
#9 /home2/realias6/CI_FrameWork/system/CodeIgniter.php(950): CodeIgniter\CodeIgniter->runController(Object(App\Controllers\Error_404))
#10 /home2/realias6/CI_FrameWork/system/CodeIgniter.php(324): CodeIgniter\CodeIgniter->display404errors(Object(CodeIgniter\Exceptions\PageNotFoundException))
#11 /home2/realias6/elrowad-eg.com/index.php(45): CodeIgniter\CodeIgniter->run()
#12 {main}
CRITICAL - 2022-09-23 02:49:57 --> Undefined variable: lang
#0 /home2/realias6/CI_FrameWork/app/Views/layout/footer.php(27): CodeIgniter\Debug\Exceptions->errorHandler(8, 'Undefined varia...', '/home2/realias6...', 27, Array)
#1 /home2/realias6/CI_FrameWork/system/View/View.php(246): include('/home2/realias6...')
#2 /home2/realias6/CI_FrameWork/system/Common.php(1087): CodeIgniter\View\View->render('layout/footer', Array, true)
#3 /home2/realias6/CI_FrameWork/app/Views/404.php(241): view('layout/footer')
#4 /home2/realias6/CI_FrameWork/system/View/View.php(246): include('/home2/realias6...')
#5 /home2/realias6/CI_FrameWork/system/Common.php(1087): CodeIgniter\View\View->render('404', Array, true)
#6 /home2/realias6/CI_FrameWork/app/Helpers/lang_helper.php(8): view('404')
#7 /home2/realias6/CI_FrameWork/app/Controllers/Error_404.php(12): lang_check()
#8 /home2/realias6/CI_FrameWork/system/CodeIgniter.php(914): App\Controllers\Error_404->show404()
#9 /home2/realias6/CI_FrameWork/system/CodeIgniter.php(950): CodeIgniter\CodeIgniter->runController(Object(App\Controllers\Error_404))
#10 /home2/realias6/CI_FrameWork/system/CodeIgniter.php(324): CodeIgniter\CodeIgniter->display404errors(Object(CodeIgniter\Exceptions\PageNotFoundException))
#11 /home2/realias6/elrowad-eg.com/index.php(45): CodeIgniter\CodeIgniter->run()
#12 {main}
CRITICAL - 2022-09-23 02:53:28 --> Undefined variable: lang
#0 /home2/realias6/CI_FrameWork/app/Views/layout/footer.php(27): CodeIgniter\Debug\Exceptions->errorHandler(8, 'Undefined varia...', '/home2/realias6...', 27, Array)
#1 /home2/realias6/CI_FrameWork/system/View/View.php(246): include('/home2/realias6...')
#2 /home2/realias6/CI_FrameWork/system/Common.php(1087): CodeIgniter\View\View->render('layout/footer', Array, true)
#3 /home2/realias6/CI_FrameWork/app/Views/404.php(241): view('layout/footer')
#4 /home2/realias6/CI_FrameWork/system/View/View.php(246): include('/home2/realias6...')
#5 /home2/realias6/CI_FrameWork/system/Common.php(1087): CodeIgniter\View\View->render('404', Array, true)
#6 /home2/realias6/CI_FrameWork/app/Helpers/lang_helper.php(8): view('404')
#7 /home2/realias6/CI_FrameWork/app/Controllers/Home.php(13): lang_check()
#8 /home2/realias6/CI_FrameWork/system/CodeIgniter.php(886): App\Controllers\Home->__construct()
#9 /home2/realias6/CI_FrameWork/system/CodeIgniter.php(395): CodeIgniter\CodeIgniter->createController()
#10 /home2/realias6/CI_FrameWork/system/CodeIgniter.php(308): CodeIgniter\CodeIgniter->handleRequest(NULL, Object(Config\Cache), false)
#11 /home2/realias6/elrowad-eg.com/index.php(45): CodeIgniter\CodeIgniter->run()
#12 {main}
CRITICAL - 2022-09-23 03:04:41 --> Undefined variable: lang
#0 /home2/realias6/CI_FrameWork/app/Views/layout/footer.php(27): CodeIgniter\Debug\Exceptions->errorHandler(8, 'Undefined varia...', '/home2/realias6...', 27, Array)
#1 /home2/realias6/CI_FrameWork/system/View/View.php(246): include('/home2/realias6...')
#2 /home2/realias6/CI_FrameWork/system/Common.php(1087): CodeIgniter\View\View->render('layout/footer', Array, true)
#3 /home2/realias6/CI_FrameWork/app/Views/404.php(241): view('layout/footer')
#4 /home2/realias6/CI_FrameWork/system/View/View.php(246): include('/home2/realias6...')
#5 /home2/realias6/CI_FrameWork/system/Common.php(1087): CodeIgniter\View\View->render('404', Array, true)
#6 /home2/realias6/CI_FrameWork/app/Helpers/lang_helper.php(8): view('404')
#7 /home2/realias6/CI_FrameWork/app/Controllers/Home.php(13): lang_check()
#8 /home2/realias6/CI_FrameWork/system/CodeIgniter.php(886): App\Controllers\Home->__construct()
#9 /home2/realias6/CI_FrameWork/system/CodeIgniter.php(395): CodeIgniter\CodeIgniter->createController()
#10 /home2/realias6/CI_FrameWork/system/CodeIgniter.php(308): CodeIgniter\CodeIgniter->handleRequest(NULL, Object(Config\Cache), false)
#11 /home2/realias6/elrowad-eg.com/index.php(45): CodeIgniter\CodeIgniter->run()
#12 {main}
CRITICAL - 2022-09-23 03:16:18 --> Undefined variable: meta
#0 /home2/realias6/CI_FrameWork/app/Views/layout/header.php(27): CodeIgniter\Debug\Exceptions->errorHandler(8, 'Undefined varia...', '/home2/realias6...', 27, Array)
#1 /home2/realias6/CI_FrameWork/system/View/View.php(246): include('/home2/realias6...')
#2 /home2/realias6/CI_FrameWork/system/Common.php(1087): CodeIgniter\View\View->render('layout/header', Array, true)
#3 /home2/realias6/CI_FrameWork/app/Views/projects/projects.php(2): view('layout/header')
#4 /home2/realias6/CI_FrameWork/system/View/View.php(246): include('/home2/realias6...')
#5 /home2/realias6/CI_FrameWork/system/Common.php(1087): CodeIgniter\View\View->render('projects/projec...', Array, true)
#6 /home2/realias6/CI_FrameWork/app/Controllers/Projects.php(79): view('projects/projec...', Array)
#7 /home2/realias6/CI_FrameWork/system/CodeIgniter.php(914): App\Controllers\Projects->all_projects('industrial')
#8 /home2/realias6/CI_FrameWork/system/CodeIgniter.php(400): CodeIgniter\CodeIgniter->runController(Object(App\Controllers\Projects))
#9 /home2/realias6/CI_FrameWork/system/CodeIgniter.php(308): CodeIgniter\CodeIgniter->handleRequest(NULL, Object(Config\Cache), false)
#10 /home2/realias6/elrowad-eg.com/index.php(45): CodeIgniter\CodeIgniter->run()
#11 {main}
CRITICAL - 2022-09-23 03:30:16 --> Undefined variable: lang
#0 /home2/realias6/CI_FrameWork/app/Views/layout/footer.php(27): CodeIgniter\Debug\Exceptions->errorHandler(8, 'Undefined varia...', '/home2/realias6...', 27, Array)
#1 /home2/realias6/CI_FrameWork/system/View/View.php(246): include('/home2/realias6...')
#2 /home2/realias6/CI_FrameWork/system/Common.php(1087): CodeIgniter\View\View->render('layout/footer', Array, true)
#3 /home2/realias6/CI_FrameWork/app/Views/404.php(241): view('layout/footer')
#4 /home2/realias6/CI_FrameWork/system/View/View.php(246): include('/home2/realias6...')
#5 /home2/realias6/CI_FrameWork/system/Common.php(1087): CodeIgniter\View\View->render('404', Array, true)
#6 /home2/realias6/CI_FrameWork/app/Helpers/lang_helper.php(8): view('404')
#7 /home2/realias6/CI_FrameWork/app/Controllers/Home.php(13): lang_check()
#8 /home2/realias6/CI_FrameWork/system/CodeIgniter.php(886): App\Controllers\Home->__construct()
#9 /home2/realias6/CI_FrameWork/system/CodeIgniter.php(395): CodeIgniter\CodeIgniter->createController()
#10 /home2/realias6/CI_FrameWork/system/CodeIgniter.php(308): CodeIgniter\CodeIgniter->handleRequest(NULL, Object(Config\Cache), false)
#11 /home2/realias6/elrowad-eg.com/index.php(45): CodeIgniter\CodeIgniter->run()
#12 {main}
CRITICAL - 2022-09-23 04:06:35 --> Undefined variable: lang
#0 /home2/realias6/CI_FrameWork/app/Views/layout/footer.php(27): CodeIgniter\Debug\Exceptions->errorHandler(8, 'Undefined varia...', '/home2/realias6...', 27, Array)
#1 /home2/realias6/CI_FrameWork/system/View/View.php(246): include('/home2/realias6...')
#2 /home2/realias6/CI_FrameWork/system/Common.php(1087): CodeIgniter\View\View->render('layout/footer', Array, true)
#3 /home2/realias6/CI_FrameWork/app/Views/404.php(241): view('layout/footer')
#4 /home2/realias6/CI_FrameWork/system/View/View.php(246): include('/home2/realias6...')
#5 /home2/realias6/CI_FrameWork/system/Common.php(1087): CodeIgniter\View\View->render('404', Array, true)
#6 /home2/realias6/CI_FrameWork/app/Helpers/lang_helper.php(8): view('404')
#7 /home2/realias6/CI_FrameWork/app/Controllers/Error_404.php(12): lang_check()
#8 /home2/realias6/CI_FrameWork/system/CodeIgniter.php(914): App\Controllers\Error_404->show404()
#9 /home2/realias6/CI_FrameWork/system/CodeIgniter.php(950): CodeIgniter\CodeIgniter->runController(Object(App\Controllers\Error_404))
#10 /home2/realias6/CI_FrameWork/system/CodeIgniter.php(324): CodeIgniter\CodeIgniter->display404errors(Object(CodeIgniter\Exceptions\PageNotFoundException))
#11 /home2/realias6/elrowad-eg.com/index.php(45): CodeIgniter\CodeIgniter->run()
#12 {main}
CRITICAL - 2022-09-23 04:51:41 --> Undefined variable: lang
#0 /home2/realias6/CI_FrameWork/app/Views/layout/footer.php(27): CodeIgniter\Debug\Exceptions->errorHandler(8, 'Undefined varia...', '/home2/realias6...', 27, Array)
#1 /home2/realias6/CI_FrameWork/system/View/View.php(246): include('/home2/realias6...')
#2 /home2/realias6/CI_FrameWork/system/Common.php(1087): CodeIgniter\View\View->render('layout/footer', Array, true)
#3 /home2/realias6/CI_FrameWork/app/Views/404.php(241): view('layout/footer')
#4 /home2/realias6/CI_FrameWork/system/View/View.php(246): include('/home2/realias6...')
#5 /home2/realias6/CI_FrameWork/system/Common.php(1087): CodeIgniter\View\View->render('404', Array, true)
#6 /home2/realias6/CI_FrameWork/app/Helpers/lang_helper.php(8): view('404')
#7 /home2/realias6/CI_FrameWork/app/Controllers/Home.php(13): lang_check()
#8 /home2/realias6/CI_FrameWork/system/CodeIgniter.php(886): App\Controllers\Home->__construct()
#9 /home2/realias6/CI_FrameWork/system/CodeIgniter.php(395): CodeIgniter\CodeIgniter->createController()
#10 /home2/realias6/CI_FrameWork/system/CodeIgniter.php(308): CodeIgniter\CodeIgniter->handleRequest(NULL, Object(Config\Cache), false)
#11 /home2/realias6/elrowad-eg.com/index.php(45): CodeIgniter\CodeIgniter->run()
#12 {main}
CRITICAL - 2022-09-23 04:52:37 --> Undefined variable: lang
#0 /home2/realias6/CI_FrameWork/app/Views/layout/footer.php(27): CodeIgniter\Debug\Exceptions->errorHandler(8, 'Undefined varia...', '/home2/realias6...', 27, Array)
#1 /home2/realias6/CI_FrameWork/system/View/View.php(246): include('/home2/realias6...')
#2 /home2/realias6/CI_FrameWork/system/Common.php(1087): CodeIgniter\View\View->render('layout/footer', Array, true)
#3 /home2/realias6/CI_FrameWork/app/Views/404.php(241): view('layout/footer')
#4 /home2/realias6/CI_FrameWork/system/View/View.php(246): include('/home2/realias6...')
#5 /home2/realias6/CI_FrameWork/system/Common.php(1087): CodeIgniter\View\View->render('404', Array, true)
#6 /home2/realias6/CI_FrameWork/app/Helpers/lang_helper.php(8): view('404')
#7 /home2/realias6/CI_FrameWork/app/Controllers/Home.php(13): lang_check()
#8 /home2/realias6/CI_FrameWork/system/CodeIgniter.php(886): App\Controllers\Home->__construct()
#9 /home2/realias6/CI_FrameWork/system/CodeIgniter.php(395): CodeIgniter\CodeIgniter->createController()
#10 /home2/realias6/CI_FrameWork/system/CodeIgniter.php(308): CodeIgniter\CodeIgniter->handleRequest(NULL, Object(Config\Cache), false)
#11 /home2/realias6/elrowad-eg.com/index.php(45): CodeIgniter\CodeIgniter->run()
#12 {main}
CRITICAL - 2022-09-23 05:04:43 --> Undefined variable: lang
#0 /home2/realias6/CI_FrameWork/app/Views/layout/footer.php(27): CodeIgniter\Debug\Exceptions->errorHandler(8, 'Undefined varia...', '/home2/realias6...', 27, Array)
#1 /home2/realias6/CI_FrameWork/system/View/View.php(246): include('/home2/realias6...')
#2 /home2/realias6/CI_FrameWork/system/Common.php(1087): CodeIgniter\View\View->render('layout/footer', Array, true)
#3 /home2/realias6/CI_FrameWork/app/Views/404.php(241): view('layout/footer')
#4 /home2/realias6/CI_FrameWork/system/View/View.php(246): include('/home2/realias6...')
#5 /home2/realias6/CI_FrameWork/system/Common.php(1087): CodeIgniter\View\View->render('404', Array, true)
#6 /home2/realias6/CI_FrameWork/app/Helpers/lang_helper.php(8): view('404')
#7 /home2/realias6/CI_FrameWork/app/Controllers/Error_404.php(12): lang_check()
#8 /home2/realias6/CI_FrameWork/system/CodeIgniter.php(914): App\Controllers\Error_404->show404('bg-5.png')
#9 /home2/realias6/CI_FrameWork/system/CodeIgniter.php(950): CodeIgniter\CodeIgniter->runController(Object(App\Controllers\Error_404))
#10 /home2/realias6/CI_FrameWork/system/CodeIgniter.php(324): CodeIgniter\CodeIgniter->display404errors(Object(CodeIgniter\Exceptions\PageNotFoundException))
#11 /home2/realias6/elrowad-eg.com/index.php(45): CodeIgniter\CodeIgniter->run()
#12 {main}
CRITICAL - 2022-09-23 05:54:52 --> Undefined variable: item
#0 /home2/realias6/CI_FrameWork/app/Views/careers/show.php(58): CodeIgniter\Debug\Exceptions->errorHandler(8, 'Undefined varia...', '/home2/realias6...', 58, Array)
#1 /home2/realias6/CI_FrameWork/system/View/View.php(246): include('/home2/realias6...')
#2 /home2/realias6/CI_FrameWork/system/Common.php(1087): CodeIgniter\View\View->render('careers/show', Array, true)
#3 /home2/realias6/CI_FrameWork/app/Controllers/Careers.php(83): view('careers/show', Array)
#4 /home2/realias6/CI_FrameWork/system/CodeIgniter.php(914): App\Controllers\Careers->show('hacked-by-shaha...', '')
#5 /home2/realias6/CI_FrameWork/system/CodeIgniter.php(400): CodeIgniter\CodeIgniter->runController(Object(App\Controllers\Careers))
#6 /home2/realias6/CI_FrameWork/system/CodeIgniter.php(308): CodeIgniter\CodeIgniter->handleRequest(NULL, Object(Config\Cache), false)
#7 /home2/realias6/elrowad-eg.com/index.php(45): CodeIgniter\CodeIgniter->run()
#8 {main}
CRITICAL - 2022-09-23 06:01:16 --> Undefined variable: lang
#0 /home2/realias6/CI_FrameWork/app/Views/layout/footer.php(27): CodeIgniter\Debug\Exceptions->errorHandler(8, 'Undefined varia...', '/home2/realias6...', 27, Array)
#1 /home2/realias6/CI_FrameWork/system/View/View.php(246): include('/home2/realias6...')
#2 /home2/realias6/CI_FrameWork/system/Common.php(1087): CodeIgniter\View\View->render('layout/footer', Array, true)
#3 /home2/realias6/CI_FrameWork/app/Views/404.php(241): view('layout/footer')
#4 /home2/realias6/CI_FrameWork/system/View/View.php(246): include('/home2/realias6...')
#5 /home2/realias6/CI_FrameWork/system/Common.php(1087): CodeIgniter\View\View->render('404', Array, true)
#6 /home2/realias6/CI_FrameWork/app/Helpers/lang_helper.php(8): view('404')
#7 /home2/realias6/CI_FrameWork/app/Controllers/Home.php(13): lang_check()
#8 /home2/realias6/CI_FrameWork/system/CodeIgniter.php(886): App\Controllers\Home->__construct()
#9 /home2/realias6/CI_FrameWork/system/CodeIgniter.php(395): CodeIgniter\CodeIgniter->createController()
#10 /home2/realias6/CI_FrameWork/system/CodeIgniter.php(308): CodeIgniter\CodeIgniter->handleRequest(NULL, Object(Config\Cache), false)
#11 /home2/realias6/elrowad-eg.com/index.php(45): CodeIgniter\CodeIgniter->run()
#12 {main}
CRITICAL - 2022-09-23 06:37:06 --> Undefined variable: lang
#0 /home2/realias6/CI_FrameWork/app/Views/layout/footer.php(27): CodeIgniter\Debug\Exceptions->errorHandler(8, 'Undefined varia...', '/home2/realias6...', 27, Array)
#1 /home2/realias6/CI_FrameWork/system/View/View.php(246): include('/home2/realias6...')
#2 /home2/realias6/CI_FrameWork/system/Common.php(1087): CodeIgniter\View\View->render('layout/footer', Array, true)
#3 /home2/realias6/CI_FrameWork/app/Views/404.php(241): view('layout/footer')
#4 /home2/realias6/CI_FrameWork/system/View/View.php(246): include('/home2/realias6...')
#5 /home2/realias6/CI_FrameWork/system/Common.php(1087): CodeIgniter\View\View->render('404', Array, true)
#6 /home2/realias6/CI_FrameWork/app/Helpers/lang_helper.php(8): view('404')
#7 /home2/realias6/CI_FrameWork/app/Controllers/Error_404.php(12): lang_check()
#8 /home2/realias6/CI_FrameWork/system/CodeIgniter.php(914): App\Controllers\Error_404->show404('bg-5.png')
#9 /home2/realias6/CI_FrameWork/system/CodeIgniter.php(950): CodeIgniter\CodeIgniter->runController(Object(App\Controllers\Error_404))
#10 /home2/realias6/CI_FrameWork/system/CodeIgniter.php(324): CodeIgniter\CodeIgniter->display404errors(Object(CodeIgniter\Exceptions\PageNotFoundException))
#11 /home2/realias6/elrowad-eg.com/index.php(45): CodeIgniter\CodeIgniter->run()
#12 {main}
CRITICAL - 2022-09-23 06:39:40 --> Undefined variable: lang
#0 /home2/realias6/CI_FrameWork/app/Views/layout/footer.php(27): CodeIgniter\Debug\Exceptions->errorHandler(8, 'Undefined varia...', '/home2/realias6...', 27, Array)
#1 /home2/realias6/CI_FrameWork/system/View/View.php(246): include('/home2/realias6...')
#2 /home2/realias6/CI_FrameWork/system/Common.php(1087): CodeIgniter\View\View->render('layout/footer', Array, true)
#3 /home2/realias6/CI_FrameWork/app/Views/404.php(241): view('layout/footer')
#4 /home2/realias6/CI_FrameWork/system/View/View.php(246): include('/home2/realias6...')
#5 /home2/realias6/CI_FrameWork/system/Common.php(1087): CodeIgniter\View\View->render('404', Array, true)
#6 /home2/realias6/CI_FrameWork/app/Helpers/lang_helper.php(8): view('404')
#7 /home2/realias6/CI_FrameWork/app/Controllers/Error_404.php(12): lang_check()
#8 /home2/realias6/CI_FrameWork/system/CodeIgniter.php(914): App\Controllers\Error_404->show404('bg-5.png')
#9 /home2/realias6/CI_FrameWork/system/CodeIgniter.php(950): CodeIgniter\CodeIgniter->runController(Object(App\Controllers\Error_404))
#10 /home2/realias6/CI_FrameWork/system/CodeIgniter.php(324): CodeIgniter\CodeIgniter->display404errors(Object(CodeIgniter\Exceptions\PageNotFoundException))
#11 /home2/realias6/elrowad-eg.com/index.php(45): CodeIgniter\CodeIgniter->run()
#12 {main}
CRITICAL - 2022-09-23 07:10:34 --> Undefined variable: lang
#0 /home2/realias6/CI_FrameWork/app/Views/layout/footer.php(27): CodeIgniter\Debug\Exceptions->errorHandler(8, 'Undefined varia...', '/home2/realias6...', 27, Array)
#1 /home2/realias6/CI_FrameWork/system/View/View.php(246): include('/home2/realias6...')
#2 /home2/realias6/CI_FrameWork/system/Common.php(1087): CodeIgniter\View\View->render('layout/footer', Array, true)
#3 /home2/realias6/CI_FrameWork/app/Views/404.php(241): view('layout/footer')
#4 /home2/realias6/CI_FrameWork/system/View/View.php(246): include('/home2/realias6...')
#5 /home2/realias6/CI_FrameWork/system/Common.php(1087): CodeIgniter\View\View->render('404', Array, true)
#6 /home2/realias6/CI_FrameWork/app/Helpers/lang_helper.php(8): view('404')
#7 /home2/realias6/CI_FrameWork/app/Controllers/Home.php(13): lang_check()
#8 /home2/realias6/CI_FrameWork/system/CodeIgniter.php(886): App\Controllers\Home->__construct()
#9 /home2/realias6/CI_FrameWork/system/CodeIgniter.php(395): CodeIgniter\CodeIgniter->createController()
#10 /home2/realias6/CI_FrameWork/system/CodeIgniter.php(308): CodeIgniter\CodeIgniter->handleRequest(NULL, Object(Config\Cache), false)
#11 /home2/realias6/elrowad-eg.com/index.php(45): CodeIgniter\CodeIgniter->run()
#12 {main}
CRITICAL - 2022-09-23 07:17:28 --> Undefined variable: lang
#0 /home2/realias6/CI_FrameWork/app/Views/layout/footer.php(27): CodeIgniter\Debug\Exceptions->errorHandler(8, 'Undefined varia...', '/home2/realias6...', 27, Array)
#1 /home2/realias6/CI_FrameWork/system/View/View.php(246): include('/home2/realias6...')
#2 /home2/realias6/CI_FrameWork/system/Common.php(1087): CodeIgniter\View\View->render('layout/footer', Array, true)
#3 /home2/realias6/CI_FrameWork/app/Views/404.php(241): view('layout/footer')
#4 /home2/realias6/CI_FrameWork/system/View/View.php(246): include('/home2/realias6...')
#5 /home2/realias6/CI_FrameWork/system/Common.php(1087): CodeIgniter\View\View->render('404', Array, true)
#6 /home2/realias6/CI_FrameWork/app/Helpers/lang_helper.php(8): view('404')
#7 /home2/realias6/CI_FrameWork/app/Controllers/Home.php(13): lang_check()
#8 /home2/realias6/CI_FrameWork/system/CodeIgniter.php(886): App\Controllers\Home->__construct()
#9 /home2/realias6/CI_FrameWork/system/CodeIgniter.php(395): CodeIgniter\CodeIgniter->createController()
#10 /home2/realias6/CI_FrameWork/system/CodeIgniter.php(308): CodeIgniter\CodeIgniter->handleRequest(NULL, Object(Config\Cache), false)
#11 /home2/realias6/elrowad-eg.com/index.php(45): CodeIgniter\CodeIgniter->run()
#12 {main}
CRITICAL - 2022-09-23 09:00:43 --> Undefined variable: lang
#0 /home2/realias6/CI_FrameWork/app/Views/layout/footer.php(27): CodeIgniter\Debug\Exceptions->errorHandler(8, 'Undefined varia...', '/home2/realias6...', 27, Array)
#1 /home2/realias6/CI_FrameWork/system/View/View.php(246): include('/home2/realias6...')
#2 /home2/realias6/CI_FrameWork/system/Common.php(1087): CodeIgniter\View\View->render('layout/footer', Array, true)
#3 /home2/realias6/CI_FrameWork/app/Views/404.php(241): view('layout/footer')
#4 /home2/realias6/CI_FrameWork/system/View/View.php(246): include('/home2/realias6...')
#5 /home2/realias6/CI_FrameWork/system/Common.php(1087): CodeIgniter\View\View->render('404', Array, true)
#6 /home2/realias6/CI_FrameWork/app/Helpers/lang_helper.php(8): view('404')
#7 /home2/realias6/CI_FrameWork/app/Controllers/Home.php(13): lang_check()
#8 /home2/realias6/CI_FrameWork/system/CodeIgniter.php(886): App\Controllers\Home->__construct()
#9 /home2/realias6/CI_FrameWork/system/CodeIgniter.php(395): CodeIgniter\CodeIgniter->createController()
#10 /home2/realias6/CI_FrameWork/system/CodeIgniter.php(308): CodeIgniter\CodeIgniter->handleRequest(NULL, Object(Config\Cache), false)
#11 /home2/realias6/elrowad-eg.com/index.php(45): CodeIgniter\CodeIgniter->run()
#12 {main}
CRITICAL - 2022-09-23 10:12:44 --> Undefined variable: lang
#0 /home2/realias6/CI_FrameWork/app/Views/layout/footer.php(27): CodeIgniter\Debug\Exceptions->errorHandler(8, 'Undefined varia...', '/home2/realias6...', 27, Array)
#1 /home2/realias6/CI_FrameWork/system/View/View.php(246): include('/home2/realias6...')
#2 /home2/realias6/CI_FrameWork/system/Common.php(1087): CodeIgniter\View\View->render('layout/footer', Array, true)
#3 /home2/realias6/CI_FrameWork/app/Views/404.php(241): view('layout/footer')
#4 /home2/realias6/CI_FrameWork/system/View/View.php(246): include('/home2/realias6...')
#5 /home2/realias6/CI_FrameWork/system/Common.php(1087): CodeIgniter\View\View->render('404', Array, true)
#6 /home2/realias6/CI_FrameWork/app/Helpers/lang_helper.php(8): view('404')
#7 /home2/realias6/CI_FrameWork/app/Controllers/Home.php(13): lang_check()
#8 /home2/realias6/CI_FrameWork/system/CodeIgniter.php(886): App\Controllers\Home->__construct()
#9 /home2/realias6/CI_FrameWork/system/CodeIgniter.php(395): CodeIgniter\CodeIgniter->createController()
#10 /home2/realias6/CI_FrameWork/system/CodeIgniter.php(308): CodeIgniter\CodeIgniter->handleRequest(NULL, Object(Config\Cache), false)
#11 /home2/realias6/elrowad-eg.com/index.php(45): CodeIgniter\CodeIgniter->run()
#12 {main}
CRITICAL - 2022-09-23 11:18:56 --> Undefined variable: lang
#0 /home2/realias6/CI_FrameWork/app/Views/layout/footer.php(27): CodeIgniter\Debug\Exceptions->errorHandler(8, 'Undefined varia...', '/home2/realias6...', 27, Array)
#1 /home2/realias6/CI_FrameWork/system/View/View.php(246): include('/home2/realias6...')
#2 /home2/realias6/CI_FrameWork/system/Common.php(1087): CodeIgniter\View\View->render('layout/footer', Array, true)
#3 /home2/realias6/CI_FrameWork/app/Views/404.php(241): view('layout/footer')
#4 /home2/realias6/CI_FrameWork/system/View/View.php(246): include('/home2/realias6...')
#5 /home2/realias6/CI_FrameWork/system/Common.php(1087): CodeIgniter\View\View->render('404', Array, true)
#6 /home2/realias6/CI_FrameWork/app/Helpers/lang_helper.php(8): view('404')
#7 /home2/realias6/CI_FrameWork/app/Controllers/Home.php(13): lang_check()
#8 /home2/realias6/CI_FrameWork/system/CodeIgniter.php(886): App\Controllers\Home->__construct()
#9 /home2/realias6/CI_FrameWork/system/CodeIgniter.php(395): CodeIgniter\CodeIgniter->createController()
#10 /home2/realias6/CI_FrameWork/system/CodeIgniter.php(308): CodeIgniter\CodeIgniter->handleRequest(NULL, Object(Config\Cache), false)
#11 /home2/realias6/elrowad-eg.com/index.php(45): CodeIgniter\CodeIgniter->run()
#12 {main}
CRITICAL - 2022-09-23 11:33:01 --> Undefined variable: lang
#0 /home2/realias6/CI_FrameWork/app/Views/layout/footer.php(27): CodeIgniter\Debug\Exceptions->errorHandler(8, 'Undefined varia...', '/home2/realias6...', 27, Array)
#1 /home2/realias6/CI_FrameWork/system/View/View.php(246): include('/home2/realias6...')
#2 /home2/realias6/CI_FrameWork/system/Common.php(1087): CodeIgniter\View\View->render('layout/footer', Array, true)
#3 /home2/realias6/CI_FrameWork/app/Views/404.php(241): view('layout/footer')
#4 /home2/realias6/CI_FrameWork/system/View/View.php(246): include('/home2/realias6...')
#5 /home2/realias6/CI_FrameWork/system/Common.php(1087): CodeIgniter\View\View->render('404', Array, true)
#6 /home2/realias6/CI_FrameWork/app/Helpers/lang_helper.php(8): view('404')
#7 /home2/realias6/CI_FrameWork/app/Controllers/Home.php(13): lang_check()
#8 /home2/realias6/CI_FrameWork/system/CodeIgniter.php(886): App\Controllers\Home->__construct()
#9 /home2/realias6/CI_FrameWork/system/CodeIgniter.php(395): CodeIgniter\CodeIgniter->createController()
#10 /home2/realias6/CI_FrameWork/system/CodeIgniter.php(308): CodeIgniter\CodeIgniter->handleRequest(NULL, Object(Config\Cache), false)
#11 /home2/realias6/elrowad-eg.com/index.php(45): CodeIgniter\CodeIgniter->run()
#12 {main}
CRITICAL - 2022-09-23 12:58:40 --> Undefined variable: lang
#0 /home2/realias6/CI_FrameWork/app/Views/layout/footer.php(27): CodeIgniter\Debug\Exceptions->errorHandler(8, 'Undefined varia...', '/home2/realias6...', 27, Array)
#1 /home2/realias6/CI_FrameWork/system/View/View.php(246): include('/home2/realias6...')
#2 /home2/realias6/CI_FrameWork/system/Common.php(1087): CodeIgniter\View\View->render('layout/footer', Array, true)
#3 /home2/realias6/CI_FrameWork/app/Views/404.php(241): view('layout/footer')
#4 /home2/realias6/CI_FrameWork/system/View/View.php(246): include('/home2/realias6...')
#5 /home2/realias6/CI_FrameWork/system/Common.php(1087): CodeIgniter\View\View->render('404', Array, true)
#6 /home2/realias6/CI_FrameWork/app/Helpers/lang_helper.php(8): view('404')
#7 /home2/realias6/CI_FrameWork/app/Controllers/Home.php(13): lang_check()
#8 /home2/realias6/CI_FrameWork/system/CodeIgniter.php(886): App\Controllers\Home->__construct()
#9 /home2/realias6/CI_FrameWork/system/CodeIgniter.php(395): CodeIgniter\CodeIgniter->createController()
#10 /home2/realias6/CI_FrameWork/system/CodeIgniter.php(308): CodeIgniter\CodeIgniter->handleRequest(NULL, Object(Config\Cache), false)
#11 /home2/realias6/elrowad-eg.com/index.php(45): CodeIgniter\CodeIgniter->run()
#12 {main}
CRITICAL - 2022-09-23 13:18:28 --> Undefined variable: lang
#0 /home2/realias6/CI_FrameWork/app/Views/layout/footer.php(27): CodeIgniter\Debug\Exceptions->errorHandler(8, 'Undefined varia...', '/home2/realias6...', 27, Array)
#1 /home2/realias6/CI_FrameWork/system/View/View.php(246): include('/home2/realias6...')
#2 /home2/realias6/CI_FrameWork/system/Common.php(1087): CodeIgniter\View\View->render('layout/footer', Array, true)
#3 /home2/realias6/CI_FrameWork/app/Views/404.php(241): view('layout/footer')
#4 /home2/realias6/CI_FrameWork/system/View/View.php(246): include('/home2/realias6...')
#5 /home2/realias6/CI_FrameWork/system/Common.php(1087): CodeIgniter\View\View->render('404', Array, true)
#6 /home2/realias6/CI_FrameWork/app/Helpers/lang_helper.php(8): view('404')
#7 /home2/realias6/CI_FrameWork/app/Controllers/Error_404.php(12): lang_check()
#8 /home2/realias6/CI_FrameWork/system/CodeIgniter.php(914): App\Controllers\Error_404->show404()
#9 /home2/realias6/CI_FrameWork/system/CodeIgniter.php(950): CodeIgniter\CodeIgniter->runController(Object(App\Controllers\Error_404))
#10 /home2/realias6/CI_FrameWork/system/CodeIgniter.php(324): CodeIgniter\CodeIgniter->display404errors(Object(CodeIgniter\Exceptions\PageNotFoundException))
#11 /home2/realias6/elrowad-eg.com/index.php(45): CodeIgniter\CodeIgniter->run()
#12 {main}
CRITICAL - 2022-09-23 13:24:57 --> Undefined variable: lang
#0 /home2/realias6/CI_FrameWork/app/Views/layout/footer.php(27): CodeIgniter\Debug\Exceptions->errorHandler(8, 'Undefined varia...', '/home2/realias6...', 27, Array)
#1 /home2/realias6/CI_FrameWork/system/View/View.php(246): include('/home2/realias6...')
#2 /home2/realias6/CI_FrameWork/system/Common.php(1087): CodeIgniter\View\View->render('layout/footer', Array, true)
#3 /home2/realias6/CI_FrameWork/app/Views/404.php(241): view('layout/footer')
#4 /home2/realias6/CI_FrameWork/system/View/View.php(246): include('/home2/realias6...')
#5 /home2/realias6/CI_FrameWork/system/Common.php(1087): CodeIgniter\View\View->render('404', Array, true)
#6 /home2/realias6/CI_FrameWork/app/Helpers/lang_helper.php(8): view('404')
#7 /home2/realias6/CI_FrameWork/app/Controllers/Error_404.php(12): lang_check()
#8 /home2/realias6/CI_FrameWork/system/CodeIgniter.php(914): App\Controllers\Error_404->show404('bg-5.png')
#9 /home2/realias6/CI_FrameWork/system/CodeIgniter.php(950): CodeIgniter\CodeIgniter->runController(Object(App\Controllers\Error_404))
#10 /home2/realias6/CI_FrameWork/system/CodeIgniter.php(324): CodeIgniter\CodeIgniter->display404errors(Object(CodeIgniter\Exceptions\PageNotFoundException))
#11 /home2/realias6/elrowad-eg.com/index.php(45): CodeIgniter\CodeIgniter->run()
#12 {main}
CRITICAL - 2022-09-23 13:26:32 --> Undefined variable: lang
#0 /home2/realias6/CI_FrameWork/app/Views/layout/footer.php(27): CodeIgniter\Debug\Exceptions->errorHandler(8, 'Undefined varia...', '/home2/realias6...', 27, Array)
#1 /home2/realias6/CI_FrameWork/system/View/View.php(246): include('/home2/realias6...')
#2 /home2/realias6/CI_FrameWork/system/Common.php(1087): CodeIgniter\View\View->render('layout/footer', Array, true)
#3 /home2/realias6/CI_FrameWork/app/Views/404.php(241): view('layout/footer')
#4 /home2/realias6/CI_FrameWork/system/View/View.php(246): include('/home2/realias6...')
#5 /home2/realias6/CI_FrameWork/system/Common.php(1087): CodeIgniter\View\View->render('404', Array, true)
#6 /home2/realias6/CI_FrameWork/app/Helpers/lang_helper.php(8): view('404')
#7 /home2/realias6/CI_FrameWork/app/Controllers/Error_404.php(12): lang_check()
#8 /home2/realias6/CI_FrameWork/system/CodeIgniter.php(914): App\Controllers\Error_404->show404('background', 'bg-5.png')
#9 /home2/realias6/CI_FrameWork/system/CodeIgniter.php(950): CodeIgniter\CodeIgniter->runController(Object(App\Controllers\Error_404))
#10 /home2/realias6/CI_FrameWork/system/CodeIgniter.php(324): CodeIgniter\CodeIgniter->display404errors(Object(CodeIgniter\Exceptions\PageNotFoundException))
#11 /home2/realias6/elrowad-eg.com/index.php(45): CodeIgniter\CodeIgniter->run()
#12 {main}
CRITICAL - 2022-09-23 14:05:55 --> Undefined variable: lang
#0 /home2/realias6/CI_FrameWork/app/Views/layout/footer.php(27): CodeIgniter\Debug\Exceptions->errorHandler(8, 'Undefined varia...', '/home2/realias6...', 27, Array)
#1 /home2/realias6/CI_FrameWork/system/View/View.php(246): include('/home2/realias6...')
#2 /home2/realias6/CI_FrameWork/system/Common.php(1087): CodeIgniter\View\View->render('layout/footer', Array, true)
#3 /home2/realias6/CI_FrameWork/app/Views/404.php(241): view('layout/footer')
#4 /home2/realias6/CI_FrameWork/system/View/View.php(246): include('/home2/realias6...')
#5 /home2/realias6/CI_FrameWork/system/Common.php(1087): CodeIgniter\View\View->render('404', Array, true)
#6 /home2/realias6/CI_FrameWork/app/Helpers/lang_helper.php(8): view('404')
#7 /home2/realias6/CI_FrameWork/app/Controllers/Home.php(13): lang_check()
#8 /home2/realias6/CI_FrameWork/system/CodeIgniter.php(886): App\Controllers\Home->__construct()
#9 /home2/realias6/CI_FrameWork/system/CodeIgniter.php(395): CodeIgniter\CodeIgniter->createController()
#10 /home2/realias6/CI_FrameWork/system/CodeIgniter.php(308): CodeIgniter\CodeIgniter->handleRequest(NULL, Object(Config\Cache), false)
#11 /home2/realias6/elrowad-eg.com/index.php(45): CodeIgniter\CodeIgniter->run()
#12 {main}
CRITICAL - 2022-09-23 14:17:07 --> Undefined variable: lang
#0 /home2/realias6/CI_FrameWork/app/Views/layout/footer.php(27): CodeIgniter\Debug\Exceptions->errorHandler(8, 'Undefined varia...', '/home2/realias6...', 27, Array)
#1 /home2/realias6/CI_FrameWork/system/View/View.php(246): include('/home2/realias6...')
#2 /home2/realias6/CI_FrameWork/system/Common.php(1087): CodeIgniter\View\View->render('layout/footer', Array, true)
#3 /home2/realias6/CI_FrameWork/app/Views/404.php(241): view('layout/footer')
#4 /home2/realias6/CI_FrameWork/system/View/View.php(246): include('/home2/realias6...')
#5 /home2/realias6/CI_FrameWork/system/Common.php(1087): CodeIgniter\View\View->render('404', Array, true)
#6 /home2/realias6/CI_FrameWork/app/Helpers/lang_helper.php(8): view('404')
#7 /home2/realias6/CI_FrameWork/app/Controllers/Home.php(13): lang_check()
#8 /home2/realias6/CI_FrameWork/system/CodeIgniter.php(886): App\Controllers\Home->__construct()
#9 /home2/realias6/CI_FrameWork/system/CodeIgniter.php(395): CodeIgniter\CodeIgniter->createController()
#10 /home2/realias6/CI_FrameWork/system/CodeIgniter.php(308): CodeIgniter\CodeIgniter->handleRequest(NULL, Object(Config\Cache), false)
#11 /home2/realias6/elrowad-eg.com/index.php(45): CodeIgniter\CodeIgniter->run()
#12 {main}
CRITICAL - 2022-09-23 14:34:47 --> Undefined variable: lang
#0 /home2/realias6/CI_FrameWork/app/Views/layout/footer.php(27): CodeIgniter\Debug\Exceptions->errorHandler(8, 'Undefined varia...', '/home2/realias6...', 27, Array)
#1 /home2/realias6/CI_FrameWork/system/View/View.php(246): include('/home2/realias6...')
#2 /home2/realias6/CI_FrameWork/system/Common.php(1087): CodeIgniter\View\View->render('layout/footer', Array, true)
#3 /home2/realias6/CI_FrameWork/app/Views/404.php(241): view('layout/footer')
#4 /home2/realias6/CI_FrameWork/system/View/View.php(246): include('/home2/realias6...')
#5 /home2/realias6/CI_FrameWork/system/Common.php(1087): CodeIgniter\View\View->render('404', Array, true)
#6 /home2/realias6/CI_FrameWork/app/Helpers/lang_helper.php(8): view('404')
#7 /home2/realias6/CI_FrameWork/app/Controllers/Error_404.php(12): lang_check()
#8 /home2/realias6/CI_FrameWork/system/CodeIgniter.php(914): App\Controllers\Error_404->show404('index.html')
#9 /home2/realias6/CI_FrameWork/system/CodeIgniter.php(950): CodeIgniter\CodeIgniter->runController(Object(App\Controllers\Error_404))
#10 /home2/realias6/CI_FrameWork/system/CodeIgniter.php(324): CodeIgniter\CodeIgniter->display404errors(Object(CodeIgniter\Exceptions\PageNotFoundException))
#11 /home2/realias6/elrowad-eg.com/index.php(45): CodeIgniter\CodeIgniter->run()
#12 {main}
CRITICAL - 2022-09-23 15:22:44 --> Undefined variable: lang
#0 /home2/realias6/CI_FrameWork/app/Views/layout/footer.php(27): CodeIgniter\Debug\Exceptions->errorHandler(8, 'Undefined varia...', '/home2/realias6...', 27, Array)
#1 /home2/realias6/CI_FrameWork/system/View/View.php(246): include('/home2/realias6...')
#2 /home2/realias6/CI_FrameWork/system/Common.php(1087): CodeIgniter\View\View->render('layout/footer', Array, true)
#3 /home2/realias6/CI_FrameWork/app/Views/404.php(241): view('layout/footer')
#4 /home2/realias6/CI_FrameWork/system/View/View.php(246): include('/home2/realias6...')
#5 /home2/realias6/CI_FrameWork/system/Common.php(1087): CodeIgniter\View\View->render('404', Array, true)
#6 /home2/realias6/CI_FrameWork/app/Helpers/lang_helper.php(8): view('404')
#7 /home2/realias6/CI_FrameWork/app/Controllers/Error_404.php(12): lang_check()
#8 /home2/realias6/CI_FrameWork/system/CodeIgniter.php(914): App\Controllers\Error_404->show404('bg-5.png')
#9 /home2/realias6/CI_FrameWork/system/CodeIgniter.php(950): CodeIgniter\CodeIgniter->runController(Object(App\Controllers\Error_404))
#10 /home2/realias6/CI_FrameWork/system/CodeIgniter.php(324): CodeIgniter\CodeIgniter->display404errors(Object(CodeIgniter\Exceptions\PageNotFoundException))
#11 /home2/realias6/elrowad-eg.com/index.php(45): CodeIgniter\CodeIgniter->run()
#12 {main}
CRITICAL - 2022-09-23 16:09:54 --> Undefined variable: lang
#0 /home2/realias6/CI_FrameWork/app/Views/layout/footer.php(27): CodeIgniter\Debug\Exceptions->errorHandler(8, 'Undefined varia...', '/home2/realias6...', 27, Array)
#1 /home2/realias6/CI_FrameWork/system/View/View.php(246): include('/home2/realias6...')
#2 /home2/realias6/CI_FrameWork/system/Common.php(1087): CodeIgniter\View\View->render('layout/footer', Array, true)
#3 /home2/realias6/CI_FrameWork/app/Views/404.php(241): view('layout/footer')
#4 /home2/realias6/CI_FrameWork/system/View/View.php(246): include('/home2/realias6...')
#5 /home2/realias6/CI_FrameWork/system/Common.php(1087): CodeIgniter\View\View->render('404', Array, true)
#6 /home2/realias6/CI_FrameWork/app/Helpers/lang_helper.php(8): view('404')
#7 /home2/realias6/CI_FrameWork/app/Controllers/Error_404.php(12): lang_check()
#8 /home2/realias6/CI_FrameWork/system/CodeIgniter.php(914): App\Controllers\Error_404->show404()
#9 /home2/realias6/CI_FrameWork/system/CodeIgniter.php(950): CodeIgniter\CodeIgniter->runController(Object(App\Controllers\Error_404))
#10 /home2/realias6/CI_FrameWork/system/CodeIgniter.php(324): CodeIgniter\CodeIgniter->display404errors(Object(CodeIgniter\Exceptions\PageNotFoundException))
#11 /home2/realias6/elrowad-eg.com/index.php(45): CodeIgniter\CodeIgniter->run()
#12 {main}
CRITICAL - 2022-09-23 18:09:17 --> Undefined variable: lang
#0 /home2/realias6/CI_FrameWork/app/Views/layout/footer.php(27): CodeIgniter\Debug\Exceptions->errorHandler(8, 'Undefined varia...', '/home2/realias6...', 27, Array)
#1 /home2/realias6/CI_FrameWork/system/View/View.php(246): include('/home2/realias6...')
#2 /home2/realias6/CI_FrameWork/system/Common.php(1087): CodeIgniter\View\View->render('layout/footer', Array, true)
#3 /home2/realias6/CI_FrameWork/app/Views/404.php(241): view('layout/footer')
#4 /home2/realias6/CI_FrameWork/system/View/View.php(246): include('/home2/realias6...')
#5 /home2/realias6/CI_FrameWork/system/Common.php(1087): CodeIgniter\View\View->render('404', Array, true)
#6 /home2/realias6/CI_FrameWork/app/Helpers/lang_helper.php(8): view('404')
#7 /home2/realias6/CI_FrameWork/app/Controllers/Error_404.php(12): lang_check()
#8 /home2/realias6/CI_FrameWork/system/CodeIgniter.php(914): App\Controllers\Error_404->show404()
#9 /home2/realias6/CI_FrameWork/system/CodeIgniter.php(950): CodeIgniter\CodeIgniter->runController(Object(App\Controllers\Error_404))
#10 /home2/realias6/CI_FrameWork/system/CodeIgniter.php(324): CodeIgniter\CodeIgniter->display404errors(Object(CodeIgniter\Exceptions\PageNotFoundException))
#11 /home2/realias6/elrowad-eg.com/index.php(45): CodeIgniter\CodeIgniter->run()
#12 {main}
CRITICAL - 2022-09-23 18:39:59 --> Undefined variable: lang
#0 /home2/realias6/CI_FrameWork/app/Views/layout/footer.php(27): CodeIgniter\Debug\Exceptions->errorHandler(8, 'Undefined varia...', '/home2/realias6...', 27, Array)
#1 /home2/realias6/CI_FrameWork/system/View/View.php(246): include('/home2/realias6...')
#2 /home2/realias6/CI_FrameWork/system/Common.php(1087): CodeIgniter\View\View->render('layout/footer', Array, true)
#3 /home2/realias6/CI_FrameWork/app/Views/404.php(241): view('layout/footer')
#4 /home2/realias6/CI_FrameWork/system/View/View.php(246): include('/home2/realias6...')
#5 /home2/realias6/CI_FrameWork/system/Common.php(1087): CodeIgniter\View\View->render('404', Array, true)
#6 /home2/realias6/CI_FrameWork/app/Helpers/lang_helper.php(8): view('404')
#7 /home2/realias6/CI_FrameWork/app/Controllers/Home.php(13): lang_check()
#8 /home2/realias6/CI_FrameWork/system/CodeIgniter.php(886): App\Controllers\Home->__construct()
#9 /home2/realias6/CI_FrameWork/system/CodeIgniter.php(395): CodeIgniter\CodeIgniter->createController()
#10 /home2/realias6/CI_FrameWork/system/CodeIgniter.php(308): CodeIgniter\CodeIgniter->handleRequest(NULL, Object(Config\Cache), false)
#11 /home2/realias6/elrowad-eg.com/index.php(45): CodeIgniter\CodeIgniter->run()
#12 {main}
CRITICAL - 2022-09-23 18:45:46 --> Undefined variable: lang
#0 /home2/realias6/CI_FrameWork/app/Views/layout/footer.php(27): CodeIgniter\Debug\Exceptions->errorHandler(8, 'Undefined varia...', '/home2/realias6...', 27, Array)
#1 /home2/realias6/CI_FrameWork/system/View/View.php(246): include('/home2/realias6...')
#2 /home2/realias6/CI_FrameWork/system/Common.php(1087): CodeIgniter\View\View->render('layout/footer', Array, true)
#3 /home2/realias6/CI_FrameWork/app/Views/404.php(241): view('layout/footer')
#4 /home2/realias6/CI_FrameWork/system/View/View.php(246): include('/home2/realias6...')
#5 /home2/realias6/CI_FrameWork/system/Common.php(1087): CodeIgniter\View\View->render('404', Array, true)
#6 /home2/realias6/CI_FrameWork/app/Helpers/lang_helper.php(8): view('404')
#7 /home2/realias6/CI_FrameWork/app/Controllers/Error_404.php(12): lang_check()
#8 /home2/realias6/CI_FrameWork/system/CodeIgniter.php(914): App\Controllers\Error_404->show404()
#9 /home2/realias6/CI_FrameWork/system/CodeIgniter.php(950): CodeIgniter\CodeIgniter->runController(Object(App\Controllers\Error_404))
#10 /home2/realias6/CI_FrameWork/system/CodeIgniter.php(324): CodeIgniter\CodeIgniter->display404errors(Object(CodeIgniter\Exceptions\PageNotFoundException))
#11 /home2/realias6/elrowad-eg.com/index.php(45): CodeIgniter\CodeIgniter->run()
#12 {main}
CRITICAL - 2022-09-23 18:46:04 --> Undefined variable: lang
#0 /home2/realias6/CI_FrameWork/app/Views/layout/footer.php(27): CodeIgniter\Debug\Exceptions->errorHandler(8, 'Undefined varia...', '/home2/realias6...', 27, Array)
#1 /home2/realias6/CI_FrameWork/system/View/View.php(246): include('/home2/realias6...')
#2 /home2/realias6/CI_FrameWork/system/Common.php(1087): CodeIgniter\View\View->render('layout/footer', Array, true)
#3 /home2/realias6/CI_FrameWork/app/Views/404.php(241): view('layout/footer')
#4 /home2/realias6/CI_FrameWork/system/View/View.php(246): include('/home2/realias6...')
#5 /home2/realias6/CI_FrameWork/system/Common.php(1087): CodeIgniter\View\View->render('404', Array, true)
#6 /home2/realias6/CI_FrameWork/app/Helpers/lang_helper.php(8): view('404')
#7 /home2/realias6/CI_FrameWork/app/Controllers/Home.php(13): lang_check()
#8 /home2/realias6/CI_FrameWork/system/CodeIgniter.php(886): App\Controllers\Home->__construct()
#9 /home2/realias6/CI_FrameWork/system/CodeIgniter.php(395): CodeIgniter\CodeIgniter->createController()
#10 /home2/realias6/CI_FrameWork/system/CodeIgniter.php(308): CodeIgniter\CodeIgniter->handleRequest(NULL, Object(Config\Cache), false)
#11 /home2/realias6/elrowad-eg.com/index.php(45): CodeIgniter\CodeIgniter->run()
#12 {main}
CRITICAL - 2022-09-23 19:00:51 --> Undefined variable: lang
#0 /home2/realias6/CI_FrameWork/app/Views/layout/footer.php(27): CodeIgniter\Debug\Exceptions->errorHandler(8, 'Undefined varia...', '/home2/realias6...', 27, Array)
#1 /home2/realias6/CI_FrameWork/system/View/View.php(246): include('/home2/realias6...')
#2 /home2/realias6/CI_FrameWork/system/Common.php(1087): CodeIgniter\View\View->render('layout/footer', Array, true)
#3 /home2/realias6/CI_FrameWork/app/Views/404.php(241): view('layout/footer')
#4 /home2/realias6/CI_FrameWork/system/View/View.php(246): include('/home2/realias6...')
#5 /home2/realias6/CI_FrameWork/system/Common.php(1087): CodeIgniter\View\View->render('404', Array, true)
#6 /home2/realias6/CI_FrameWork/app/Helpers/lang_helper.php(8): view('404')
#7 /home2/realias6/CI_FrameWork/app/Controllers/Home.php(13): lang_check()
#8 /home2/realias6/CI_FrameWork/system/CodeIgniter.php(886): App\Controllers\Home->__construct()
#9 /home2/realias6/CI_FrameWork/system/CodeIgniter.php(395): CodeIgniter\CodeIgniter->createController()
#10 /home2/realias6/CI_FrameWork/system/CodeIgniter.php(308): CodeIgniter\CodeIgniter->handleRequest(NULL, Object(Config\Cache), false)
#11 /home2/realias6/elrowad-eg.com/index.php(45): CodeIgniter\CodeIgniter->run()
#12 {main}
CRITICAL - 2022-09-23 19:50:17 --> Undefined variable: lang
#0 /home2/realias6/CI_FrameWork/app/Views/layout/footer.php(27): CodeIgniter\Debug\Exceptions->errorHandler(8, 'Undefined varia...', '/home2/realias6...', 27, Array)
#1 /home2/realias6/CI_FrameWork/system/View/View.php(246): include('/home2/realias6...')
#2 /home2/realias6/CI_FrameWork/system/Common.php(1087): CodeIgniter\View\View->render('layout/footer', Array, true)
#3 /home2/realias6/CI_FrameWork/app/Views/404.php(241): view('layout/footer')
#4 /home2/realias6/CI_FrameWork/system/View/View.php(246): include('/home2/realias6...')
#5 /home2/realias6/CI_FrameWork/system/Common.php(1087): CodeIgniter\View\View->render('404', Array, true)
#6 /home2/realias6/CI_FrameWork/app/Helpers/lang_helper.php(8): view('404')
#7 /home2/realias6/CI_FrameWork/app/Controllers/Home.php(13): lang_check()
#8 /home2/realias6/CI_FrameWork/system/CodeIgniter.php(886): App\Controllers\Home->__construct()
#9 /home2/realias6/CI_FrameWork/system/CodeIgniter.php(395): CodeIgniter\CodeIgniter->createController()
#10 /home2/realias6/CI_FrameWork/system/CodeIgniter.php(308): CodeIgniter\CodeIgniter->handleRequest(NULL, Object(Config\Cache), false)
#11 /home2/realias6/elrowad-eg.com/index.php(45): CodeIgniter\CodeIgniter->run()
#12 {main}
CRITICAL - 2022-09-23 19:50:47 --> Undefined variable: lang
#0 /home2/realias6/CI_FrameWork/app/Views/layout/footer.php(27): CodeIgniter\Debug\Exceptions->errorHandler(8, 'Undefined varia...', '/home2/realias6...', 27, Array)
#1 /home2/realias6/CI_FrameWork/system/View/View.php(246): include('/home2/realias6...')
#2 /home2/realias6/CI_FrameWork/system/Common.php(1087): CodeIgniter\View\View->render('layout/footer', Array, true)
#3 /home2/realias6/CI_FrameWork/app/Views/404.php(241): view('layout/footer')
#4 /home2/realias6/CI_FrameWork/system/View/View.php(246): include('/home2/realias6...')
#5 /home2/realias6/CI_FrameWork/system/Common.php(1087): CodeIgniter\View\View->render('404', Array, true)
#6 /home2/realias6/CI_FrameWork/app/Helpers/lang_helper.php(8): view('404')
#7 /home2/realias6/CI_FrameWork/app/Controllers/Error_404.php(12): lang_check()
#8 /home2/realias6/CI_FrameWork/system/CodeIgniter.php(914): App\Controllers\Error_404->show404('bg-5.png')
#9 /home2/realias6/CI_FrameWork/system/CodeIgniter.php(950): CodeIgniter\CodeIgniter->runController(Object(App\Controllers\Error_404))
#10 /home2/realias6/CI_FrameWork/system/CodeIgniter.php(324): CodeIgniter\CodeIgniter->display404errors(Object(CodeIgniter\Exceptions\PageNotFoundException))
#11 /home2/realias6/elrowad-eg.com/index.php(45): CodeIgniter\CodeIgniter->run()
#12 {main}
CRITICAL - 2022-09-23 19:51:22 --> Undefined variable: lang
#0 /home2/realias6/CI_FrameWork/app/Views/layout/footer.php(27): CodeIgniter\Debug\Exceptions->errorHandler(8, 'Undefined varia...', '/home2/realias6...', 27, Array)
#1 /home2/realias6/CI_FrameWork/system/View/View.php(246): include('/home2/realias6...')
#2 /home2/realias6/CI_FrameWork/system/Common.php(1087): CodeIgniter\View\View->render('layout/footer', Array, true)
#3 /home2/realias6/CI_FrameWork/app/Views/404.php(241): view('layout/footer')
#4 /home2/realias6/CI_FrameWork/system/View/View.php(246): include('/home2/realias6...')
#5 /home2/realias6/CI_FrameWork/system/Common.php(1087): CodeIgniter\View\View->render('404', Array, true)
#6 /home2/realias6/CI_FrameWork/app/Helpers/lang_helper.php(8): view('404')
#7 /home2/realias6/CI_FrameWork/app/Controllers/Error_404.php(12): lang_check()
#8 /home2/realias6/CI_FrameWork/system/CodeIgniter.php(914): App\Controllers\Error_404->show404('bg-5.png')
#9 /home2/realias6/CI_FrameWork/system/CodeIgniter.php(950): CodeIgniter\CodeIgniter->runController(Object(App\Controllers\Error_404))
#10 /home2/realias6/CI_FrameWork/system/CodeIgniter.php(324): CodeIgniter\CodeIgniter->display404errors(Object(CodeIgniter\Exceptions\PageNotFoundException))
#11 /home2/realias6/elrowad-eg.com/index.php(45): CodeIgniter\CodeIgniter->run()
#12 {main}
CRITICAL - 2022-09-23 19:53:03 --> Undefined variable: lang
#0 /home2/realias6/CI_FrameWork/app/Views/layout/footer.php(27): CodeIgniter\Debug\Exceptions->errorHandler(8, 'Undefined varia...', '/home2/realias6...', 27, Array)
#1 /home2/realias6/CI_FrameWork/system/View/View.php(246): include('/home2/realias6...')
#2 /home2/realias6/CI_FrameWork/system/Common.php(1087): CodeIgniter\View\View->render('layout/footer', Array, true)
#3 /home2/realias6/CI_FrameWork/app/Views/404.php(241): view('layout/footer')
#4 /home2/realias6/CI_FrameWork/system/View/View.php(246): include('/home2/realias6...')
#5 /home2/realias6/CI_FrameWork/system/Common.php(1087): CodeIgniter\View\View->render('404', Array, true)
#6 /home2/realias6/CI_FrameWork/app/Helpers/lang_helper.php(8): view('404')
#7 /home2/realias6/CI_FrameWork/app/Controllers/Error_404.php(12): lang_check()
#8 /home2/realias6/CI_FrameWork/system/CodeIgniter.php(914): App\Controllers\Error_404->show404('background', 'bg-5.png')
#9 /home2/realias6/CI_FrameWork/system/CodeIgniter.php(950): CodeIgniter\CodeIgniter->runController(Object(App\Controllers\Error_404))
#10 /home2/realias6/CI_FrameWork/system/CodeIgniter.php(324): CodeIgniter\CodeIgniter->display404errors(Object(CodeIgniter\Exceptions\PageNotFoundException))
#11 /home2/realias6/elrowad-eg.com/index.php(45): CodeIgniter\CodeIgniter->run()
#12 {main}
CRITICAL - 2022-09-23 19:54:25 --> Undefined variable: lang
#0 /home2/realias6/CI_FrameWork/app/Views/layout/footer.php(27): CodeIgniter\Debug\Exceptions->errorHandler(8, 'Undefined varia...', '/home2/realias6...', 27, Array)
#1 /home2/realias6/CI_FrameWork/system/View/View.php(246): include('/home2/realias6...')
#2 /home2/realias6/CI_FrameWork/system/Common.php(1087): CodeIgniter\View\View->render('layout/footer', Array, true)
#3 /home2/realias6/CI_FrameWork/app/Views/404.php(241): view('layout/footer')
#4 /home2/realias6/CI_FrameWork/system/View/View.php(246): include('/home2/realias6...')
#5 /home2/realias6/CI_FrameWork/system/Common.php(1087): CodeIgniter\View\View->render('404', Array, true)
#6 /home2/realias6/CI_FrameWork/app/Helpers/lang_helper.php(8): view('404')
#7 /home2/realias6/CI_FrameWork/app/Controllers/Error_404.php(12): lang_check()
#8 /home2/realias6/CI_FrameWork/system/CodeIgniter.php(914): App\Controllers\Error_404->show404('bg-5.png')
#9 /home2/realias6/CI_FrameWork/system/CodeIgniter.php(950): CodeIgniter\CodeIgniter->runController(Object(App\Controllers\Error_404))
#10 /home2/realias6/CI_FrameWork/system/CodeIgniter.php(324): CodeIgniter\CodeIgniter->display404errors(Object(CodeIgniter\Exceptions\PageNotFoundException))
#11 /home2/realias6/elrowad-eg.com/index.php(45): CodeIgniter\CodeIgniter->run()
#12 {main}
CRITICAL - 2022-09-23 19:55:48 --> Undefined variable: lang
#0 /home2/realias6/CI_FrameWork/app/Views/layout/footer.php(27): CodeIgniter\Debug\Exceptions->errorHandler(8, 'Undefined varia...', '/home2/realias6...', 27, Array)
#1 /home2/realias6/CI_FrameWork/system/View/View.php(246): include('/home2/realias6...')
#2 /home2/realias6/CI_FrameWork/system/Common.php(1087): CodeIgniter\View\View->render('layout/footer', Array, true)
#3 /home2/realias6/CI_FrameWork/app/Views/404.php(241): view('layout/footer')
#4 /home2/realias6/CI_FrameWork/system/View/View.php(246): include('/home2/realias6...')
#5 /home2/realias6/CI_FrameWork/system/Common.php(1087): CodeIgniter\View\View->render('404', Array, true)
#6 /home2/realias6/CI_FrameWork/app/Helpers/lang_helper.php(8): view('404')
#7 /home2/realias6/CI_FrameWork/app/Controllers/Home.php(13): lang_check()
#8 /home2/realias6/CI_FrameWork/system/CodeIgniter.php(886): App\Controllers\Home->__construct()
#9 /home2/realias6/CI_FrameWork/system/CodeIgniter.php(395): CodeIgniter\CodeIgniter->createController()
#10 /home2/realias6/CI_FrameWork/system/CodeIgniter.php(308): CodeIgniter\CodeIgniter->handleRequest(NULL, Object(Config\Cache), false)
#11 /home2/realias6/elrowad-eg.com/index.php(45): CodeIgniter\CodeIgniter->run()
#12 {main}
CRITICAL - 2022-09-23 19:55:48 --> Undefined variable: lang
#0 /home2/realias6/CI_FrameWork/app/Views/layout/footer.php(27): CodeIgniter\Debug\Exceptions->errorHandler(8, 'Undefined varia...', '/home2/realias6...', 27, Array)
#1 /home2/realias6/CI_FrameWork/system/View/View.php(246): include('/home2/realias6...')
#2 /home2/realias6/CI_FrameWork/system/Common.php(1087): CodeIgniter\View\View->render('layout/footer', Array, true)
#3 /home2/realias6/CI_FrameWork/app/Views/404.php(241): view('layout/footer')
#4 /home2/realias6/CI_FrameWork/system/View/View.php(246): include('/home2/realias6...')
#5 /home2/realias6/CI_FrameWork/system/Common.php(1087): CodeIgniter\View\View->render('404', Array, true)
#6 /home2/realias6/CI_FrameWork/app/Helpers/lang_helper.php(8): view('404')
#7 /home2/realias6/CI_FrameWork/app/Controllers/Home.php(13): lang_check()
#8 /home2/realias6/CI_FrameWork/system/CodeIgniter.php(886): App\Controllers\Home->__construct()
#9 /home2/realias6/CI_FrameWork/system/CodeIgniter.php(395): CodeIgniter\CodeIgniter->createController()
#10 /home2/realias6/CI_FrameWork/system/CodeIgniter.php(308): CodeIgniter\CodeIgniter->handleRequest(NULL, Object(Config\Cache), false)
#11 /home2/realias6/elrowad-eg.com/index.php(45): CodeIgniter\CodeIgniter->run()
#12 {main}
CRITICAL - 2022-09-23 20:00:19 --> Undefined variable: lang
#0 /home2/realias6/CI_FrameWork/app/Views/layout/footer.php(27): CodeIgniter\Debug\Exceptions->errorHandler(8, 'Undefined varia...', '/home2/realias6...', 27, Array)
#1 /home2/realias6/CI_FrameWork/system/View/View.php(246): include('/home2/realias6...')
#2 /home2/realias6/CI_FrameWork/system/Common.php(1087): CodeIgniter\View\View->render('layout/footer', Array, true)
#3 /home2/realias6/CI_FrameWork/app/Views/404.php(241): view('layout/footer')
#4 /home2/realias6/CI_FrameWork/system/View/View.php(246): include('/home2/realias6...')
#5 /home2/realias6/CI_FrameWork/system/Common.php(1087): CodeIgniter\View\View->render('404', Array, true)
#6 /home2/realias6/CI_FrameWork/app/Helpers/lang_helper.php(8): view('404')
#7 /home2/realias6/CI_FrameWork/app/Controllers/Home.php(13): lang_check()
#8 /home2/realias6/CI_FrameWork/system/CodeIgniter.php(886): App\Controllers\Home->__construct()
#9 /home2/realias6/CI_FrameWork/system/CodeIgniter.php(395): CodeIgniter\CodeIgniter->createController()
#10 /home2/realias6/CI_FrameWork/system/CodeIgniter.php(308): CodeIgniter\CodeIgniter->handleRequest(NULL, Object(Config\Cache), false)
#11 /home2/realias6/elrowad-eg.com/index.php(45): CodeIgniter\CodeIgniter->run()
#12 {main}
CRITICAL - 2022-09-23 20:05:36 --> Undefined variable: lang
#0 /home2/realias6/CI_FrameWork/app/Views/layout/footer.php(27): CodeIgniter\Debug\Exceptions->errorHandler(8, 'Undefined varia...', '/home2/realias6...', 27, Array)
#1 /home2/realias6/CI_FrameWork/system/View/View.php(246): include('/home2/realias6...')
#2 /home2/realias6/CI_FrameWork/system/Common.php(1087): CodeIgniter\View\View->render('layout/footer', Array, true)
#3 /home2/realias6/CI_FrameWork/app/Views/404.php(241): view('layout/footer')
#4 /home2/realias6/CI_FrameWork/system/View/View.php(246): include('/home2/realias6...')
#5 /home2/realias6/CI_FrameWork/system/Common.php(1087): CodeIgniter\View\View->render('404', Array, true)
#6 /home2/realias6/CI_FrameWork/app/Helpers/lang_helper.php(8): view('404')
#7 /home2/realias6/CI_FrameWork/app/Controllers/Error_404.php(12): lang_check()
#8 /home2/realias6/CI_FrameWork/system/CodeIgniter.php(914): App\Controllers\Error_404->show404('bg-5.png')
#9 /home2/realias6/CI_FrameWork/system/CodeIgniter.php(950): CodeIgniter\CodeIgniter->runController(Object(App\Controllers\Error_404))
#10 /home2/realias6/CI_FrameWork/system/CodeIgniter.php(324): CodeIgniter\CodeIgniter->display404errors(Object(CodeIgniter\Exceptions\PageNotFoundException))
#11 /home2/realias6/elrowad-eg.com/index.php(45): CodeIgniter\CodeIgniter->run()
#12 {main}
CRITICAL - 2022-09-23 20:22:48 --> Undefined variable: lang
#0 /home2/realias6/CI_FrameWork/app/Views/layout/footer.php(27): CodeIgniter\Debug\Exceptions->errorHandler(8, 'Undefined varia...', '/home2/realias6...', 27, Array)
#1 /home2/realias6/CI_FrameWork/system/View/View.php(246): include('/home2/realias6...')
#2 /home2/realias6/CI_FrameWork/system/Common.php(1087): CodeIgniter\View\View->render('layout/footer', Array, true)
#3 /home2/realias6/CI_FrameWork/app/Views/404.php(241): view('layout/footer')
#4 /home2/realias6/CI_FrameWork/system/View/View.php(246): include('/home2/realias6...')
#5 /home2/realias6/CI_FrameWork/system/Common.php(1087): CodeIgniter\View\View->render('404', Array, true)
#6 /home2/realias6/CI_FrameWork/app/Helpers/lang_helper.php(8): view('404')
#7 /home2/realias6/CI_FrameWork/app/Controllers/Error_404.php(12): lang_check()
#8 /home2/realias6/CI_FrameWork/system/CodeIgniter.php(914): App\Controllers\Error_404->show404()
#9 /home2/realias6/CI_FrameWork/system/CodeIgniter.php(950): CodeIgniter\CodeIgniter->runController(Object(App\Controllers\Error_404))
#10 /home2/realias6/CI_FrameWork/system/CodeIgniter.php(324): CodeIgniter\CodeIgniter->display404errors(Object(CodeIgniter\Exceptions\PageNotFoundException))
#11 /home2/realias6/elrowad-eg.com/index.php(45): CodeIgniter\CodeIgniter->run()
#12 {main}
CRITICAL - 2022-09-23 21:47:09 --> Undefined variable: lang
#0 /home2/realias6/CI_FrameWork/app/Views/layout/footer.php(27): CodeIgniter\Debug\Exceptions->errorHandler(8, 'Undefined varia...', '/home2/realias6...', 27, Array)
#1 /home2/realias6/CI_FrameWork/system/View/View.php(246): include('/home2/realias6...')
#2 /home2/realias6/CI_FrameWork/system/Common.php(1087): CodeIgniter\View\View->render('layout/footer', Array, true)
#3 /home2/realias6/CI_FrameWork/app/Views/404.php(241): view('layout/footer')
#4 /home2/realias6/CI_FrameWork/system/View/View.php(246): include('/home2/realias6...')
#5 /home2/realias6/CI_FrameWork/system/Common.php(1087): CodeIgniter\View\View->render('404', Array, true)
#6 /home2/realias6/CI_FrameWork/app/Helpers/lang_helper.php(8): view('404')
#7 /home2/realias6/CI_FrameWork/app/Controllers/Error_404.php(12): lang_check()
#8 /home2/realias6/CI_FrameWork/system/CodeIgniter.php(914): App\Controllers\Error_404->show404()
#9 /home2/realias6/CI_FrameWork/system/CodeIgniter.php(950): CodeIgniter\CodeIgniter->runController(Object(App\Controllers\Error_404))
#10 /home2/realias6/CI_FrameWork/system/CodeIgniter.php(324): CodeIgniter\CodeIgniter->display404errors(Object(CodeIgniter\Exceptions\PageNotFoundException))
#11 /home2/realias6/elrowad-eg.com/index.php(45): CodeIgniter\CodeIgniter->run()
#12 {main}
CRITICAL - 2022-09-23 21:54:04 --> Undefined variable: lang
#0 /home2/realias6/CI_FrameWork/app/Views/layout/footer.php(27): CodeIgniter\Debug\Exceptions->errorHandler(8, 'Undefined varia...', '/home2/realias6...', 27, Array)
#1 /home2/realias6/CI_FrameWork/system/View/View.php(246): include('/home2/realias6...')
#2 /home2/realias6/CI_FrameWork/system/Common.php(1087): CodeIgniter\View\View->render('layout/footer', Array, true)
#3 /home2/realias6/CI_FrameWork/app/Views/404.php(241): view('layout/footer')
#4 /home2/realias6/CI_FrameWork/system/View/View.php(246): include('/home2/realias6...')
#5 /home2/realias6/CI_FrameWork/system/Common.php(1087): CodeIgniter\View\View->render('404', Array, true)
#6 /home2/realias6/CI_FrameWork/app/Helpers/lang_helper.php(8): view('404')
#7 /home2/realias6/CI_FrameWork/app/Controllers/Error_404.php(12): lang_check()
#8 /home2/realias6/CI_FrameWork/system/CodeIgniter.php(914): App\Controllers\Error_404->show404('bg-5.png')
#9 /home2/realias6/CI_FrameWork/system/CodeIgniter.php(950): CodeIgniter\CodeIgniter->runController(Object(App\Controllers\Error_404))
#10 /home2/realias6/CI_FrameWork/system/CodeIgniter.php(324): CodeIgniter\CodeIgniter->display404errors(Object(CodeIgniter\Exceptions\PageNotFoundException))
#11 /home2/realias6/elrowad-eg.com/index.php(45): CodeIgniter\CodeIgniter->run()
#12 {main}
CRITICAL - 2022-09-23 22:11:42 --> Undefined variable: lang
#0 /home2/realias6/CI_FrameWork/app/Views/layout/footer.php(27): CodeIgniter\Debug\Exceptions->errorHandler(8, 'Undefined varia...', '/home2/realias6...', 27, Array)
#1 /home2/realias6/CI_FrameWork/system/View/View.php(246): include('/home2/realias6...')
#2 /home2/realias6/CI_FrameWork/system/Common.php(1087): CodeIgniter\View\View->render('layout/footer', Array, true)
#3 /home2/realias6/CI_FrameWork/app/Views/404.php(241): view('layout/footer')
#4 /home2/realias6/CI_FrameWork/system/View/View.php(246): include('/home2/realias6...')
#5 /home2/realias6/CI_FrameWork/system/Common.php(1087): CodeIgniter\View\View->render('404', Array, true)
#6 /home2/realias6/CI_FrameWork/app/Helpers/lang_helper.php(8): view('404')
#7 /home2/realias6/CI_FrameWork/app/Controllers/Home.php(13): lang_check()
#8 /home2/realias6/CI_FrameWork/system/CodeIgniter.php(886): App\Controllers\Home->__construct()
#9 /home2/realias6/CI_FrameWork/system/CodeIgniter.php(395): CodeIgniter\CodeIgniter->createController()
#10 /home2/realias6/CI_FrameWork/system/CodeIgniter.php(308): CodeIgniter\CodeIgniter->handleRequest(NULL, Object(Config\Cache), false)
#11 /home2/realias6/elrowad-eg.com/index.php(45): CodeIgniter\CodeIgniter->run()
#12 {main}
CRITICAL - 2022-09-23 22:19:51 --> Undefined variable: lang
#0 /home2/realias6/CI_FrameWork/app/Views/layout/footer.php(27): CodeIgniter\Debug\Exceptions->errorHandler(8, 'Undefined varia...', '/home2/realias6...', 27, Array)
#1 /home2/realias6/CI_FrameWork/system/View/View.php(246): include('/home2/realias6...')
#2 /home2/realias6/CI_FrameWork/system/Common.php(1087): CodeIgniter\View\View->render('layout/footer', Array, true)
#3 /home2/realias6/CI_FrameWork/app/Views/404.php(241): view('layout/footer')
#4 /home2/realias6/CI_FrameWork/system/View/View.php(246): include('/home2/realias6...')
#5 /home2/realias6/CI_FrameWork/system/Common.php(1087): CodeIgniter\View\View->render('404', Array, true)
#6 /home2/realias6/CI_FrameWork/app/Helpers/lang_helper.php(8): view('404')
#7 /home2/realias6/CI_FrameWork/app/Controllers/Home.php(13): lang_check()
#8 /home2/realias6/CI_FrameWork/system/CodeIgniter.php(886): App\Controllers\Home->__construct()
#9 /home2/realias6/CI_FrameWork/system/CodeIgniter.php(395): CodeIgniter\CodeIgniter->createController()
#10 /home2/realias6/CI_FrameWork/system/CodeIgniter.php(308): CodeIgniter\CodeIgniter->handleRequest(NULL, Object(Config\Cache), false)
#11 /home2/realias6/elrowad-eg.com/index.php(45): CodeIgniter\CodeIgniter->run()
#12 {main}
CRITICAL - 2022-09-23 23:30:03 --> Undefined variable: lang
#0 /home2/realias6/CI_FrameWork/app/Views/layout/footer.php(27): CodeIgniter\Debug\Exceptions->errorHandler(8, 'Undefined varia...', '/home2/realias6...', 27, Array)
#1 /home2/realias6/CI_FrameWork/system/View/View.php(246): include('/home2/realias6...')
#2 /home2/realias6/CI_FrameWork/system/Common.php(1087): CodeIgniter\View\View->render('layout/footer', Array, true)
#3 /home2/realias6/CI_FrameWork/app/Views/404.php(241): view('layout/footer')
#4 /home2/realias6/CI_FrameWork/system/View/View.php(246): include('/home2/realias6...')
#5 /home2/realias6/CI_FrameWork/system/Common.php(1087): CodeIgniter\View\View->render('404', Array, true)
#6 /home2/realias6/CI_FrameWork/app/Helpers/lang_helper.php(8): view('404')
#7 /home2/realias6/CI_FrameWork/app/Controllers/Home.php(13): lang_check()
#8 /home2/realias6/CI_FrameWork/system/CodeIgniter.php(886): App\Controllers\Home->__construct()
#9 /home2/realias6/CI_FrameWork/system/CodeIgniter.php(395): CodeIgniter\CodeIgniter->createController()
#10 /home2/realias6/CI_FrameWork/system/CodeIgniter.php(308): CodeIgniter\CodeIgniter->handleRequest(NULL, Object(Config\Cache), false)
#11 /home2/realias6/elrowad-eg.com/index.php(45): CodeIgniter\CodeIgniter->run()
#12 {main}
CRITICAL - 2022-09-23 23:44:49 --> Undefined variable: lang
#0 /home2/realias6/CI_FrameWork/app/Views/layout/footer.php(27): CodeIgniter\Debug\Exceptions->errorHandler(8, 'Undefined varia...', '/home2/realias6...', 27, Array)
#1 /home2/realias6/CI_FrameWork/system/View/View.php(246): include('/home2/realias6...')
#2 /home2/realias6/CI_FrameWork/system/Common.php(1087): CodeIgniter\View\View->render('layout/footer', Array, true)
#3 /home2/realias6/CI_FrameWork/app/Views/404.php(241): view('layout/footer')
#4 /home2/realias6/CI_FrameWork/system/View/View.php(246): include('/home2/realias6...')
#5 /home2/realias6/CI_FrameWork/system/Common.php(1087): CodeIgniter\View\View->render('404', Array, true)
#6 /home2/realias6/CI_FrameWork/app/Helpers/lang_helper.php(8): view('404')
#7 /home2/realias6/CI_FrameWork/app/Controllers/Home.php(13): lang_check()
#8 /home2/realias6/CI_FrameWork/system/CodeIgniter.php(886): App\Controllers\Home->__construct()
#9 /home2/realias6/CI_FrameWork/system/CodeIgniter.php(395): CodeIgniter\CodeIgniter->createController()
#10 /home2/realias6/CI_FrameWork/system/CodeIgniter.php(308): CodeIgniter\CodeIgniter->handleRequest(NULL, Object(Config\Cache), false)
#11 /home2/realias6/elrowad-eg.com/index.php(45): CodeIgniter\CodeIgniter->run()
#12 {main}
