CRITICAL - 2023-04-01 00:00:18 --> Undefined variable: lang
#0 /home/rowadnet/public_html/CI_FrameWork/app/Views/layout/footer.php(27): CodeIgniter\Debug\Exceptions->errorHandler(8, 'Undefined varia...', '/home/rowadnet/...', 27, Array)
#1 /home/rowadnet/public_html/CI_FrameWork/system/View/View.php(246): include('/home/rowadnet/...')
#2 /home/rowadnet/public_html/CI_FrameWork/system/Common.php(1087): CodeIgniter\View\View->render('layout/footer', Array, true)
#3 /home/rowadnet/public_html/CI_FrameWork/app/Views/404.php(241): view('layout/footer')
#4 /home/rowadnet/public_html/CI_FrameWork/system/View/View.php(246): include('/home/rowadnet/...')
#5 /home/rowadnet/public_html/CI_FrameWork/system/Common.php(1087): CodeIgniter\View\View->render('404', Array, true)
#6 /home/rowadnet/public_html/CI_FrameWork/app/Helpers/lang_helper.php(8): view('404')
#7 /home/rowadnet/public_html/CI_FrameWork/app/Controllers/Home.php(13): lang_check()
#8 /home/rowadnet/public_html/CI_FrameWork/system/CodeIgniter.php(886): App\Controllers\Home->__construct()
#9 /home/rowadnet/public_html/CI_FrameWork/system/CodeIgniter.php(395): CodeIgniter\CodeIgniter->createController()
#10 /home/rowadnet/public_html/CI_FrameWork/system/CodeIgniter.php(308): CodeIgniter\CodeIgniter->handleRequest(NULL, Object(Config\Cache), false)
#11 /home/rowadnet/public_html/index.php(45): CodeIgniter\CodeIgniter->run()
#12 {main}
CRITICAL - 2023-04-01 00:14:39 --> Undefined variable: lang
#0 /home/rowadnet/public_html/CI_FrameWork/app/Views/layout/footer.php(27): CodeIgniter\Debug\Exceptions->errorHandler(8, 'Undefined varia...', '/home/rowadnet/...', 27, Array)
#1 /home/rowadnet/public_html/CI_FrameWork/system/View/View.php(246): include('/home/rowadnet/...')
#2 /home/rowadnet/public_html/CI_FrameWork/system/Common.php(1087): CodeIgniter\View\View->render('layout/footer', Array, true)
#3 /home/rowadnet/public_html/CI_FrameWork/app/Views/404.php(241): view('layout/footer')
#4 /home/rowadnet/public_html/CI_FrameWork/system/View/View.php(246): include('/home/rowadnet/...')
#5 /home/rowadnet/public_html/CI_FrameWork/system/Common.php(1087): CodeIgniter\View\View->render('404', Array, true)
#6 /home/rowadnet/public_html/CI_FrameWork/app/Helpers/lang_helper.php(8): view('404')
#7 /home/rowadnet/public_html/CI_FrameWork/app/Controllers/Home.php(13): lang_check()
#8 /home/rowadnet/public_html/CI_FrameWork/system/CodeIgniter.php(886): App\Controllers\Home->__construct()
#9 /home/rowadnet/public_html/CI_FrameWork/system/CodeIgniter.php(395): CodeIgniter\CodeIgniter->createController()
#10 /home/rowadnet/public_html/CI_FrameWork/system/CodeIgniter.php(308): CodeIgniter\CodeIgniter->handleRequest(NULL, Object(Config\Cache), false)
#11 /home/rowadnet/public_html/index.php(45): CodeIgniter\CodeIgniter->run()
#12 {main}
CRITICAL - 2023-04-01 01:25:17 --> Undefined variable: lang
#0 /home/rowadnet/public_html/CI_FrameWork/app/Views/layout/footer.php(27): CodeIgniter\Debug\Exceptions->errorHandler(8, 'Undefined varia...', '/home/rowadnet/...', 27, Array)
#1 /home/rowadnet/public_html/CI_FrameWork/system/View/View.php(246): include('/home/rowadnet/...')
#2 /home/rowadnet/public_html/CI_FrameWork/system/Common.php(1087): CodeIgniter\View\View->render('layout/footer', Array, true)
#3 /home/rowadnet/public_html/CI_FrameWork/app/Views/404.php(241): view('layout/footer')
#4 /home/rowadnet/public_html/CI_FrameWork/system/View/View.php(246): include('/home/rowadnet/...')
#5 /home/rowadnet/public_html/CI_FrameWork/system/Common.php(1087): CodeIgniter\View\View->render('404', Array, true)
#6 /home/rowadnet/public_html/CI_FrameWork/app/Helpers/lang_helper.php(8): view('404')
#7 /home/rowadnet/public_html/CI_FrameWork/app/Controllers/Error_404.php(12): lang_check()
#8 /home/rowadnet/public_html/CI_FrameWork/system/CodeIgniter.php(914): App\Controllers\Error_404->show404('wlwmanifest.xml')
#9 /home/rowadnet/public_html/CI_FrameWork/system/CodeIgniter.php(950): CodeIgniter\CodeIgniter->runController(Object(App\Controllers\Error_404))
#10 /home/rowadnet/public_html/CI_FrameWork/system/CodeIgniter.php(324): CodeIgniter\CodeIgniter->display404errors(Object(CodeIgniter\Exceptions\PageNotFoundException))
#11 /home/rowadnet/public_html/index.php(45): CodeIgniter\CodeIgniter->run()
#12 {main}
CRITICAL - 2023-04-01 01:25:18 --> Undefined variable: lang
#0 /home/rowadnet/public_html/CI_FrameWork/app/Views/layout/footer.php(27): CodeIgniter\Debug\Exceptions->errorHandler(8, 'Undefined varia...', '/home/rowadnet/...', 27, Array)
#1 /home/rowadnet/public_html/CI_FrameWork/system/View/View.php(246): include('/home/rowadnet/...')
#2 /home/rowadnet/public_html/CI_FrameWork/system/Common.php(1087): CodeIgniter\View\View->render('layout/footer', Array, true)
#3 /home/rowadnet/public_html/CI_FrameWork/app/Views/404.php(241): view('layout/footer')
#4 /home/rowadnet/public_html/CI_FrameWork/system/View/View.php(246): include('/home/rowadnet/...')
#5 /home/rowadnet/public_html/CI_FrameWork/system/Common.php(1087): CodeIgniter\View\View->render('404', Array, true)
#6 /home/rowadnet/public_html/CI_FrameWork/app/Helpers/lang_helper.php(8): view('404')
#7 /home/rowadnet/public_html/CI_FrameWork/app/Controllers/Error_404.php(12): lang_check()
#8 /home/rowadnet/public_html/CI_FrameWork/system/CodeIgniter.php(914): App\Controllers\Error_404->show404()
#9 /home/rowadnet/public_html/CI_FrameWork/system/CodeIgniter.php(950): CodeIgniter\CodeIgniter->runController(Object(App\Controllers\Error_404))
#10 /home/rowadnet/public_html/CI_FrameWork/system/CodeIgniter.php(324): CodeIgniter\CodeIgniter->display404errors(Object(CodeIgniter\Exceptions\PageNotFoundException))
#11 /home/rowadnet/public_html/index.php(45): CodeIgniter\CodeIgniter->run()
#12 {main}
CRITICAL - 2023-04-01 01:25:19 --> Undefined variable: lang
#0 /home/rowadnet/public_html/CI_FrameWork/app/Views/layout/footer.php(27): CodeIgniter\Debug\Exceptions->errorHandler(8, 'Undefined varia...', '/home/rowadnet/...', 27, Array)
#1 /home/rowadnet/public_html/CI_FrameWork/system/View/View.php(246): include('/home/rowadnet/...')
#2 /home/rowadnet/public_html/CI_FrameWork/system/Common.php(1087): CodeIgniter\View\View->render('layout/footer', Array, true)
#3 /home/rowadnet/public_html/CI_FrameWork/app/Views/404.php(241): view('layout/footer')
#4 /home/rowadnet/public_html/CI_FrameWork/system/View/View.php(246): include('/home/rowadnet/...')
#5 /home/rowadnet/public_html/CI_FrameWork/system/Common.php(1087): CodeIgniter\View\View->render('404', Array, true)
#6 /home/rowadnet/public_html/CI_FrameWork/app/Helpers/lang_helper.php(8): view('404')
#7 /home/rowadnet/public_html/CI_FrameWork/app/Controllers/Error_404.php(12): lang_check()
#8 /home/rowadnet/public_html/CI_FrameWork/system/CodeIgniter.php(914): App\Controllers\Error_404->show404('wp-includes', 'wlwmanifest.xml')
#9 /home/rowadnet/public_html/CI_FrameWork/system/CodeIgniter.php(950): CodeIgniter\CodeIgniter->runController(Object(App\Controllers\Error_404))
#10 /home/rowadnet/public_html/CI_FrameWork/system/CodeIgniter.php(324): CodeIgniter\CodeIgniter->display404errors(Object(CodeIgniter\Exceptions\PageNotFoundException))
#11 /home/rowadnet/public_html/index.php(45): CodeIgniter\CodeIgniter->run()
#12 {main}
CRITICAL - 2023-04-01 01:25:20 --> Undefined variable: lang
#0 /home/rowadnet/public_html/CI_FrameWork/app/Views/layout/footer.php(27): CodeIgniter\Debug\Exceptions->errorHandler(8, 'Undefined varia...', '/home/rowadnet/...', 27, Array)
#1 /home/rowadnet/public_html/CI_FrameWork/system/View/View.php(246): include('/home/rowadnet/...')
#2 /home/rowadnet/public_html/CI_FrameWork/system/Common.php(1087): CodeIgniter\View\View->render('layout/footer', Array, true)
#3 /home/rowadnet/public_html/CI_FrameWork/app/Views/404.php(241): view('layout/footer')
#4 /home/rowadnet/public_html/CI_FrameWork/system/View/View.php(246): include('/home/rowadnet/...')
#5 /home/rowadnet/public_html/CI_FrameWork/system/Common.php(1087): CodeIgniter\View\View->render('404', Array, true)
#6 /home/rowadnet/public_html/CI_FrameWork/app/Helpers/lang_helper.php(8): view('404')
#7 /home/rowadnet/public_html/CI_FrameWork/app/Controllers/Error_404.php(12): lang_check()
#8 /home/rowadnet/public_html/CI_FrameWork/system/CodeIgniter.php(914): App\Controllers\Error_404->show404('wp-includes', 'wlwmanifest.xml')
#9 /home/rowadnet/public_html/CI_FrameWork/system/CodeIgniter.php(950): CodeIgniter\CodeIgniter->runController(Object(App\Controllers\Error_404))
#10 /home/rowadnet/public_html/CI_FrameWork/system/CodeIgniter.php(324): CodeIgniter\CodeIgniter->display404errors(Object(CodeIgniter\Exceptions\PageNotFoundException))
#11 /home/rowadnet/public_html/index.php(45): CodeIgniter\CodeIgniter->run()
#12 {main}
CRITICAL - 2023-04-01 01:25:22 --> Undefined variable: lang
#0 /home/rowadnet/public_html/CI_FrameWork/app/Views/layout/footer.php(27): CodeIgniter\Debug\Exceptions->errorHandler(8, 'Undefined varia...', '/home/rowadnet/...', 27, Array)
#1 /home/rowadnet/public_html/CI_FrameWork/system/View/View.php(246): include('/home/rowadnet/...')
#2 /home/rowadnet/public_html/CI_FrameWork/system/Common.php(1087): CodeIgniter\View\View->render('layout/footer', Array, true)
#3 /home/rowadnet/public_html/CI_FrameWork/app/Views/404.php(241): view('layout/footer')
#4 /home/rowadnet/public_html/CI_FrameWork/system/View/View.php(246): include('/home/rowadnet/...')
#5 /home/rowadnet/public_html/CI_FrameWork/system/Common.php(1087): CodeIgniter\View\View->render('404', Array, true)
#6 /home/rowadnet/public_html/CI_FrameWork/app/Helpers/lang_helper.php(8): view('404')
#7 /home/rowadnet/public_html/CI_FrameWork/app/Controllers/Error_404.php(12): lang_check()
#8 /home/rowadnet/public_html/CI_FrameWork/system/CodeIgniter.php(914): App\Controllers\Error_404->show404('wp-includes', 'wlwmanifest.xml')
#9 /home/rowadnet/public_html/CI_FrameWork/system/CodeIgniter.php(950): CodeIgniter\CodeIgniter->runController(Object(App\Controllers\Error_404))
#10 /home/rowadnet/public_html/CI_FrameWork/system/CodeIgniter.php(324): CodeIgniter\CodeIgniter->display404errors(Object(CodeIgniter\Exceptions\PageNotFoundException))
#11 /home/rowadnet/public_html/index.php(45): CodeIgniter\CodeIgniter->run()
#12 {main}
CRITICAL - 2023-04-01 01:25:23 --> Undefined variable: lang
#0 /home/rowadnet/public_html/CI_FrameWork/app/Views/layout/footer.php(27): CodeIgniter\Debug\Exceptions->errorHandler(8, 'Undefined varia...', '/home/rowadnet/...', 27, Array)
#1 /home/rowadnet/public_html/CI_FrameWork/system/View/View.php(246): include('/home/rowadnet/...')
#2 /home/rowadnet/public_html/CI_FrameWork/system/Common.php(1087): CodeIgniter\View\View->render('layout/footer', Array, true)
#3 /home/rowadnet/public_html/CI_FrameWork/app/Views/404.php(241): view('layout/footer')
#4 /home/rowadnet/public_html/CI_FrameWork/system/View/View.php(246): include('/home/rowadnet/...')
#5 /home/rowadnet/public_html/CI_FrameWork/system/Common.php(1087): CodeIgniter\View\View->render('404', Array, true)
#6 /home/rowadnet/public_html/CI_FrameWork/app/Helpers/lang_helper.php(8): view('404')
#7 /home/rowadnet/public_html/CI_FrameWork/app/Controllers/Error_404.php(12): lang_check()
#8 /home/rowadnet/public_html/CI_FrameWork/system/CodeIgniter.php(914): App\Controllers\Error_404->show404('wp-includes', 'wlwmanifest.xml')
#9 /home/rowadnet/public_html/CI_FrameWork/system/CodeIgniter.php(950): CodeIgniter\CodeIgniter->runController(Object(App\Controllers\Error_404))
#10 /home/rowadnet/public_html/CI_FrameWork/system/CodeIgniter.php(324): CodeIgniter\CodeIgniter->display404errors(Object(CodeIgniter\Exceptions\PageNotFoundException))
#11 /home/rowadnet/public_html/index.php(45): CodeIgniter\CodeIgniter->run()
#12 {main}
CRITICAL - 2023-04-01 01:25:24 --> Undefined variable: lang
#0 /home/rowadnet/public_html/CI_FrameWork/app/Views/layout/footer.php(27): CodeIgniter\Debug\Exceptions->errorHandler(8, 'Undefined varia...', '/home/rowadnet/...', 27, Array)
#1 /home/rowadnet/public_html/CI_FrameWork/system/View/View.php(246): include('/home/rowadnet/...')
#2 /home/rowadnet/public_html/CI_FrameWork/system/Common.php(1087): CodeIgniter\View\View->render('layout/footer', Array, true)
#3 /home/rowadnet/public_html/CI_FrameWork/app/Views/404.php(241): view('layout/footer')
#4 /home/rowadnet/public_html/CI_FrameWork/system/View/View.php(246): include('/home/rowadnet/...')
#5 /home/rowadnet/public_html/CI_FrameWork/system/Common.php(1087): CodeIgniter\View\View->render('404', Array, true)
#6 /home/rowadnet/public_html/CI_FrameWork/app/Helpers/lang_helper.php(8): view('404')
#7 /home/rowadnet/public_html/CI_FrameWork/app/Controllers/Error_404.php(12): lang_check()
#8 /home/rowadnet/public_html/CI_FrameWork/system/CodeIgniter.php(914): App\Controllers\Error_404->show404('wp-includes', 'wlwmanifest.xml')
#9 /home/rowadnet/public_html/CI_FrameWork/system/CodeIgniter.php(950): CodeIgniter\CodeIgniter->runController(Object(App\Controllers\Error_404))
#10 /home/rowadnet/public_html/CI_FrameWork/system/CodeIgniter.php(324): CodeIgniter\CodeIgniter->display404errors(Object(CodeIgniter\Exceptions\PageNotFoundException))
#11 /home/rowadnet/public_html/index.php(45): CodeIgniter\CodeIgniter->run()
#12 {main}
CRITICAL - 2023-04-01 01:25:25 --> Undefined variable: lang
#0 /home/rowadnet/public_html/CI_FrameWork/app/Views/layout/footer.php(27): CodeIgniter\Debug\Exceptions->errorHandler(8, 'Undefined varia...', '/home/rowadnet/...', 27, Array)
#1 /home/rowadnet/public_html/CI_FrameWork/system/View/View.php(246): include('/home/rowadnet/...')
#2 /home/rowadnet/public_html/CI_FrameWork/system/Common.php(1087): CodeIgniter\View\View->render('layout/footer', Array, true)
#3 /home/rowadnet/public_html/CI_FrameWork/app/Views/404.php(241): view('layout/footer')
#4 /home/rowadnet/public_html/CI_FrameWork/system/View/View.php(246): include('/home/rowadnet/...')
#5 /home/rowadnet/public_html/CI_FrameWork/system/Common.php(1087): CodeIgniter\View\View->render('404', Array, true)
#6 /home/rowadnet/public_html/CI_FrameWork/app/Helpers/lang_helper.php(8): view('404')
#7 /home/rowadnet/public_html/CI_FrameWork/app/Controllers/Error_404.php(12): lang_check()
#8 /home/rowadnet/public_html/CI_FrameWork/system/CodeIgniter.php(914): App\Controllers\Error_404->show404('wp-includes', 'wlwmanifest.xml')
#9 /home/rowadnet/public_html/CI_FrameWork/system/CodeIgniter.php(950): CodeIgniter\CodeIgniter->runController(Object(App\Controllers\Error_404))
#10 /home/rowadnet/public_html/CI_FrameWork/system/CodeIgniter.php(324): CodeIgniter\CodeIgniter->display404errors(Object(CodeIgniter\Exceptions\PageNotFoundException))
#11 /home/rowadnet/public_html/index.php(45): CodeIgniter\CodeIgniter->run()
#12 {main}
CRITICAL - 2023-04-01 01:25:26 --> Undefined variable: lang
#0 /home/rowadnet/public_html/CI_FrameWork/app/Views/layout/footer.php(27): CodeIgniter\Debug\Exceptions->errorHandler(8, 'Undefined varia...', '/home/rowadnet/...', 27, Array)
#1 /home/rowadnet/public_html/CI_FrameWork/system/View/View.php(246): include('/home/rowadnet/...')
#2 /home/rowadnet/public_html/CI_FrameWork/system/Common.php(1087): CodeIgniter\View\View->render('layout/footer', Array, true)
#3 /home/rowadnet/public_html/CI_FrameWork/app/Views/404.php(241): view('layout/footer')
#4 /home/rowadnet/public_html/CI_FrameWork/system/View/View.php(246): include('/home/rowadnet/...')
#5 /home/rowadnet/public_html/CI_FrameWork/system/Common.php(1087): CodeIgniter\View\View->render('404', Array, true)
#6 /home/rowadnet/public_html/CI_FrameWork/app/Helpers/lang_helper.php(8): view('404')
#7 /home/rowadnet/public_html/CI_FrameWork/app/Controllers/Error_404.php(12): lang_check()
#8 /home/rowadnet/public_html/CI_FrameWork/system/CodeIgniter.php(914): App\Controllers\Error_404->show404('wp-includes', 'wlwmanifest.xml')
#9 /home/rowadnet/public_html/CI_FrameWork/system/CodeIgniter.php(950): CodeIgniter\CodeIgniter->runController(Object(App\Controllers\Error_404))
#10 /home/rowadnet/public_html/CI_FrameWork/system/CodeIgniter.php(324): CodeIgniter\CodeIgniter->display404errors(Object(CodeIgniter\Exceptions\PageNotFoundException))
#11 /home/rowadnet/public_html/index.php(45): CodeIgniter\CodeIgniter->run()
#12 {main}
CRITICAL - 2023-04-01 01:25:28 --> Undefined variable: lang
#0 /home/rowadnet/public_html/CI_FrameWork/app/Views/layout/footer.php(27): CodeIgniter\Debug\Exceptions->errorHandler(8, 'Undefined varia...', '/home/rowadnet/...', 27, Array)
#1 /home/rowadnet/public_html/CI_FrameWork/system/View/View.php(246): include('/home/rowadnet/...')
#2 /home/rowadnet/public_html/CI_FrameWork/system/Common.php(1087): CodeIgniter\View\View->render('layout/footer', Array, true)
#3 /home/rowadnet/public_html/CI_FrameWork/app/Views/404.php(241): view('layout/footer')
#4 /home/rowadnet/public_html/CI_FrameWork/system/View/View.php(246): include('/home/rowadnet/...')
#5 /home/rowadnet/public_html/CI_FrameWork/system/Common.php(1087): CodeIgniter\View\View->render('404', Array, true)
#6 /home/rowadnet/public_html/CI_FrameWork/app/Helpers/lang_helper.php(8): view('404')
#7 /home/rowadnet/public_html/CI_FrameWork/app/Controllers/Error_404.php(12): lang_check()
#8 /home/rowadnet/public_html/CI_FrameWork/system/CodeIgniter.php(914): App\Controllers\Error_404->show404('wp-includes', 'wlwmanifest.xml')
#9 /home/rowadnet/public_html/CI_FrameWork/system/CodeIgniter.php(950): CodeIgniter\CodeIgniter->runController(Object(App\Controllers\Error_404))
#10 /home/rowadnet/public_html/CI_FrameWork/system/CodeIgniter.php(324): CodeIgniter\CodeIgniter->display404errors(Object(CodeIgniter\Exceptions\PageNotFoundException))
#11 /home/rowadnet/public_html/index.php(45): CodeIgniter\CodeIgniter->run()
#12 {main}
CRITICAL - 2023-04-01 01:25:29 --> Undefined variable: lang
#0 /home/rowadnet/public_html/CI_FrameWork/app/Views/layout/footer.php(27): CodeIgniter\Debug\Exceptions->errorHandler(8, 'Undefined varia...', '/home/rowadnet/...', 27, Array)
#1 /home/rowadnet/public_html/CI_FrameWork/system/View/View.php(246): include('/home/rowadnet/...')
#2 /home/rowadnet/public_html/CI_FrameWork/system/Common.php(1087): CodeIgniter\View\View->render('layout/footer', Array, true)
#3 /home/rowadnet/public_html/CI_FrameWork/app/Views/404.php(241): view('layout/footer')
#4 /home/rowadnet/public_html/CI_FrameWork/system/View/View.php(246): include('/home/rowadnet/...')
#5 /home/rowadnet/public_html/CI_FrameWork/system/Common.php(1087): CodeIgniter\View\View->render('404', Array, true)
#6 /home/rowadnet/public_html/CI_FrameWork/app/Helpers/lang_helper.php(8): view('404')
#7 /home/rowadnet/public_html/CI_FrameWork/app/Controllers/Error_404.php(12): lang_check()
#8 /home/rowadnet/public_html/CI_FrameWork/system/CodeIgniter.php(914): App\Controllers\Error_404->show404('wp-includes', 'wlwmanifest.xml')
#9 /home/rowadnet/public_html/CI_FrameWork/system/CodeIgniter.php(950): CodeIgniter\CodeIgniter->runController(Object(App\Controllers\Error_404))
#10 /home/rowadnet/public_html/CI_FrameWork/system/CodeIgniter.php(324): CodeIgniter\CodeIgniter->display404errors(Object(CodeIgniter\Exceptions\PageNotFoundException))
#11 /home/rowadnet/public_html/index.php(45): CodeIgniter\CodeIgniter->run()
#12 {main}
CRITICAL - 2023-04-01 01:25:30 --> Undefined variable: lang
#0 /home/rowadnet/public_html/CI_FrameWork/app/Views/layout/footer.php(27): CodeIgniter\Debug\Exceptions->errorHandler(8, 'Undefined varia...', '/home/rowadnet/...', 27, Array)
#1 /home/rowadnet/public_html/CI_FrameWork/system/View/View.php(246): include('/home/rowadnet/...')
#2 /home/rowadnet/public_html/CI_FrameWork/system/Common.php(1087): CodeIgniter\View\View->render('layout/footer', Array, true)
#3 /home/rowadnet/public_html/CI_FrameWork/app/Views/404.php(241): view('layout/footer')
#4 /home/rowadnet/public_html/CI_FrameWork/system/View/View.php(246): include('/home/rowadnet/...')
#5 /home/rowadnet/public_html/CI_FrameWork/system/Common.php(1087): CodeIgniter\View\View->render('404', Array, true)
#6 /home/rowadnet/public_html/CI_FrameWork/app/Helpers/lang_helper.php(8): view('404')
#7 /home/rowadnet/public_html/CI_FrameWork/app/Controllers/Error_404.php(12): lang_check()
#8 /home/rowadnet/public_html/CI_FrameWork/system/CodeIgniter.php(914): App\Controllers\Error_404->show404('wp-includes', 'wlwmanifest.xml')
#9 /home/rowadnet/public_html/CI_FrameWork/system/CodeIgniter.php(950): CodeIgniter\CodeIgniter->runController(Object(App\Controllers\Error_404))
#10 /home/rowadnet/public_html/CI_FrameWork/system/CodeIgniter.php(324): CodeIgniter\CodeIgniter->display404errors(Object(CodeIgniter\Exceptions\PageNotFoundException))
#11 /home/rowadnet/public_html/index.php(45): CodeIgniter\CodeIgniter->run()
#12 {main}
CRITICAL - 2023-04-01 01:25:31 --> Undefined variable: lang
#0 /home/rowadnet/public_html/CI_FrameWork/app/Views/layout/footer.php(27): CodeIgniter\Debug\Exceptions->errorHandler(8, 'Undefined varia...', '/home/rowadnet/...', 27, Array)
#1 /home/rowadnet/public_html/CI_FrameWork/system/View/View.php(246): include('/home/rowadnet/...')
#2 /home/rowadnet/public_html/CI_FrameWork/system/Common.php(1087): CodeIgniter\View\View->render('layout/footer', Array, true)
#3 /home/rowadnet/public_html/CI_FrameWork/app/Views/404.php(241): view('layout/footer')
#4 /home/rowadnet/public_html/CI_FrameWork/system/View/View.php(246): include('/home/rowadnet/...')
#5 /home/rowadnet/public_html/CI_FrameWork/system/Common.php(1087): CodeIgniter\View\View->render('404', Array, true)
#6 /home/rowadnet/public_html/CI_FrameWork/app/Helpers/lang_helper.php(8): view('404')
#7 /home/rowadnet/public_html/CI_FrameWork/app/Controllers/Error_404.php(12): lang_check()
#8 /home/rowadnet/public_html/CI_FrameWork/system/CodeIgniter.php(914): App\Controllers\Error_404->show404('wp-includes', 'wlwmanifest.xml')
#9 /home/rowadnet/public_html/CI_FrameWork/system/CodeIgniter.php(950): CodeIgniter\CodeIgniter->runController(Object(App\Controllers\Error_404))
#10 /home/rowadnet/public_html/CI_FrameWork/system/CodeIgniter.php(324): CodeIgniter\CodeIgniter->display404errors(Object(CodeIgniter\Exceptions\PageNotFoundException))
#11 /home/rowadnet/public_html/index.php(45): CodeIgniter\CodeIgniter->run()
#12 {main}
CRITICAL - 2023-04-01 01:25:32 --> Undefined variable: lang
#0 /home/rowadnet/public_html/CI_FrameWork/app/Views/layout/footer.php(27): CodeIgniter\Debug\Exceptions->errorHandler(8, 'Undefined varia...', '/home/rowadnet/...', 27, Array)
#1 /home/rowadnet/public_html/CI_FrameWork/system/View/View.php(246): include('/home/rowadnet/...')
#2 /home/rowadnet/public_html/CI_FrameWork/system/Common.php(1087): CodeIgniter\View\View->render('layout/footer', Array, true)
#3 /home/rowadnet/public_html/CI_FrameWork/app/Views/404.php(241): view('layout/footer')
#4 /home/rowadnet/public_html/CI_FrameWork/system/View/View.php(246): include('/home/rowadnet/...')
#5 /home/rowadnet/public_html/CI_FrameWork/system/Common.php(1087): CodeIgniter\View\View->render('404', Array, true)
#6 /home/rowadnet/public_html/CI_FrameWork/app/Helpers/lang_helper.php(8): view('404')
#7 /home/rowadnet/public_html/CI_FrameWork/app/Controllers/Error_404.php(12): lang_check()
#8 /home/rowadnet/public_html/CI_FrameWork/system/CodeIgniter.php(914): App\Controllers\Error_404->show404('wp-includes', 'wlwmanifest.xml')
#9 /home/rowadnet/public_html/CI_FrameWork/system/CodeIgniter.php(950): CodeIgniter\CodeIgniter->runController(Object(App\Controllers\Error_404))
#10 /home/rowadnet/public_html/CI_FrameWork/system/CodeIgniter.php(324): CodeIgniter\CodeIgniter->display404errors(Object(CodeIgniter\Exceptions\PageNotFoundException))
#11 /home/rowadnet/public_html/index.php(45): CodeIgniter\CodeIgniter->run()
#12 {main}
CRITICAL - 2023-04-01 01:25:33 --> Undefined variable: lang
#0 /home/rowadnet/public_html/CI_FrameWork/app/Views/layout/footer.php(27): CodeIgniter\Debug\Exceptions->errorHandler(8, 'Undefined varia...', '/home/rowadnet/...', 27, Array)
#1 /home/rowadnet/public_html/CI_FrameWork/system/View/View.php(246): include('/home/rowadnet/...')
#2 /home/rowadnet/public_html/CI_FrameWork/system/Common.php(1087): CodeIgniter\View\View->render('layout/footer', Array, true)
#3 /home/rowadnet/public_html/CI_FrameWork/app/Views/404.php(241): view('layout/footer')
#4 /home/rowadnet/public_html/CI_FrameWork/system/View/View.php(246): include('/home/rowadnet/...')
#5 /home/rowadnet/public_html/CI_FrameWork/system/Common.php(1087): CodeIgniter\View\View->render('404', Array, true)
#6 /home/rowadnet/public_html/CI_FrameWork/app/Helpers/lang_helper.php(8): view('404')
#7 /home/rowadnet/public_html/CI_FrameWork/app/Controllers/Error_404.php(12): lang_check()
#8 /home/rowadnet/public_html/CI_FrameWork/system/CodeIgniter.php(914): App\Controllers\Error_404->show404('wp-includes', 'wlwmanifest.xml')
#9 /home/rowadnet/public_html/CI_FrameWork/system/CodeIgniter.php(950): CodeIgniter\CodeIgniter->runController(Object(App\Controllers\Error_404))
#10 /home/rowadnet/public_html/CI_FrameWork/system/CodeIgniter.php(324): CodeIgniter\CodeIgniter->display404errors(Object(CodeIgniter\Exceptions\PageNotFoundException))
#11 /home/rowadnet/public_html/index.php(45): CodeIgniter\CodeIgniter->run()
#12 {main}
CRITICAL - 2023-04-01 01:25:35 --> Undefined variable: lang
#0 /home/rowadnet/public_html/CI_FrameWork/app/Views/layout/footer.php(27): CodeIgniter\Debug\Exceptions->errorHandler(8, 'Undefined varia...', '/home/rowadnet/...', 27, Array)
#1 /home/rowadnet/public_html/CI_FrameWork/system/View/View.php(246): include('/home/rowadnet/...')
#2 /home/rowadnet/public_html/CI_FrameWork/system/Common.php(1087): CodeIgniter\View\View->render('layout/footer', Array, true)
#3 /home/rowadnet/public_html/CI_FrameWork/app/Views/404.php(241): view('layout/footer')
#4 /home/rowadnet/public_html/CI_FrameWork/system/View/View.php(246): include('/home/rowadnet/...')
#5 /home/rowadnet/public_html/CI_FrameWork/system/Common.php(1087): CodeIgniter\View\View->render('404', Array, true)
#6 /home/rowadnet/public_html/CI_FrameWork/app/Helpers/lang_helper.php(8): view('404')
#7 /home/rowadnet/public_html/CI_FrameWork/app/Controllers/Error_404.php(12): lang_check()
#8 /home/rowadnet/public_html/CI_FrameWork/system/CodeIgniter.php(914): App\Controllers\Error_404->show404('wp-includes', 'wlwmanifest.xml')
#9 /home/rowadnet/public_html/CI_FrameWork/system/CodeIgniter.php(950): CodeIgniter\CodeIgniter->runController(Object(App\Controllers\Error_404))
#10 /home/rowadnet/public_html/CI_FrameWork/system/CodeIgniter.php(324): CodeIgniter\CodeIgniter->display404errors(Object(CodeIgniter\Exceptions\PageNotFoundException))
#11 /home/rowadnet/public_html/index.php(45): CodeIgniter\CodeIgniter->run()
#12 {main}
CRITICAL - 2023-04-01 01:25:36 --> Undefined variable: lang
#0 /home/rowadnet/public_html/CI_FrameWork/app/Views/layout/footer.php(27): CodeIgniter\Debug\Exceptions->errorHandler(8, 'Undefined varia...', '/home/rowadnet/...', 27, Array)
#1 /home/rowadnet/public_html/CI_FrameWork/system/View/View.php(246): include('/home/rowadnet/...')
#2 /home/rowadnet/public_html/CI_FrameWork/system/Common.php(1087): CodeIgniter\View\View->render('layout/footer', Array, true)
#3 /home/rowadnet/public_html/CI_FrameWork/app/Views/404.php(241): view('layout/footer')
#4 /home/rowadnet/public_html/CI_FrameWork/system/View/View.php(246): include('/home/rowadnet/...')
#5 /home/rowadnet/public_html/CI_FrameWork/system/Common.php(1087): CodeIgniter\View\View->render('404', Array, true)
#6 /home/rowadnet/public_html/CI_FrameWork/app/Helpers/lang_helper.php(8): view('404')
#7 /home/rowadnet/public_html/CI_FrameWork/app/Controllers/Error_404.php(12): lang_check()
#8 /home/rowadnet/public_html/CI_FrameWork/system/CodeIgniter.php(914): App\Controllers\Error_404->show404('wp-includes', 'wlwmanifest.xml')
#9 /home/rowadnet/public_html/CI_FrameWork/system/CodeIgniter.php(950): CodeIgniter\CodeIgniter->runController(Object(App\Controllers\Error_404))
#10 /home/rowadnet/public_html/CI_FrameWork/system/CodeIgniter.php(324): CodeIgniter\CodeIgniter->display404errors(Object(CodeIgniter\Exceptions\PageNotFoundException))
#11 /home/rowadnet/public_html/index.php(45): CodeIgniter\CodeIgniter->run()
#12 {main}
CRITICAL - 2023-04-01 01:25:37 --> Undefined variable: lang
#0 /home/rowadnet/public_html/CI_FrameWork/app/Views/layout/footer.php(27): CodeIgniter\Debug\Exceptions->errorHandler(8, 'Undefined varia...', '/home/rowadnet/...', 27, Array)
#1 /home/rowadnet/public_html/CI_FrameWork/system/View/View.php(246): include('/home/rowadnet/...')
#2 /home/rowadnet/public_html/CI_FrameWork/system/Common.php(1087): CodeIgniter\View\View->render('layout/footer', Array, true)
#3 /home/rowadnet/public_html/CI_FrameWork/app/Views/404.php(241): view('layout/footer')
#4 /home/rowadnet/public_html/CI_FrameWork/system/View/View.php(246): include('/home/rowadnet/...')
#5 /home/rowadnet/public_html/CI_FrameWork/system/Common.php(1087): CodeIgniter\View\View->render('404', Array, true)
#6 /home/rowadnet/public_html/CI_FrameWork/app/Helpers/lang_helper.php(8): view('404')
#7 /home/rowadnet/public_html/CI_FrameWork/app/Controllers/Error_404.php(12): lang_check()
#8 /home/rowadnet/public_html/CI_FrameWork/system/CodeIgniter.php(914): App\Controllers\Error_404->show404('wp-includes', 'wlwmanifest.xml')
#9 /home/rowadnet/public_html/CI_FrameWork/system/CodeIgniter.php(950): CodeIgniter\CodeIgniter->runController(Object(App\Controllers\Error_404))
#10 /home/rowadnet/public_html/CI_FrameWork/system/CodeIgniter.php(324): CodeIgniter\CodeIgniter->display404errors(Object(CodeIgniter\Exceptions\PageNotFoundException))
#11 /home/rowadnet/public_html/index.php(45): CodeIgniter\CodeIgniter->run()
#12 {main}
CRITICAL - 2023-04-01 03:10:50 --> Undefined variable: lang
#0 /home/rowadnet/public_html/CI_FrameWork/app/Views/layout/footer.php(27): CodeIgniter\Debug\Exceptions->errorHandler(8, 'Undefined varia...', '/home/rowadnet/...', 27, Array)
#1 /home/rowadnet/public_html/CI_FrameWork/system/View/View.php(246): include('/home/rowadnet/...')
#2 /home/rowadnet/public_html/CI_FrameWork/system/Common.php(1087): CodeIgniter\View\View->render('layout/footer', Array, true)
#3 /home/rowadnet/public_html/CI_FrameWork/app/Views/404.php(241): view('layout/footer')
#4 /home/rowadnet/public_html/CI_FrameWork/system/View/View.php(246): include('/home/rowadnet/...')
#5 /home/rowadnet/public_html/CI_FrameWork/system/Common.php(1087): CodeIgniter\View\View->render('404', Array, true)
#6 /home/rowadnet/public_html/CI_FrameWork/app/Helpers/lang_helper.php(8): view('404')
#7 /home/rowadnet/public_html/CI_FrameWork/app/Controllers/Error_404.php(12): lang_check()
#8 /home/rowadnet/public_html/CI_FrameWork/system/CodeIgniter.php(914): App\Controllers\Error_404->show404('background', 'bg-5.png')
#9 /home/rowadnet/public_html/CI_FrameWork/system/CodeIgniter.php(950): CodeIgniter\CodeIgniter->runController(Object(App\Controllers\Error_404))
#10 /home/rowadnet/public_html/CI_FrameWork/system/CodeIgniter.php(324): CodeIgniter\CodeIgniter->display404errors(Object(CodeIgniter\Exceptions\PageNotFoundException))
#11 /home/rowadnet/public_html/index.php(45): CodeIgniter\CodeIgniter->run()
#12 {main}
CRITICAL - 2023-04-01 03:10:50 --> Undefined variable: lang
#0 /home/rowadnet/public_html/CI_FrameWork/app/Views/layout/footer.php(27): CodeIgniter\Debug\Exceptions->errorHandler(8, 'Undefined varia...', '/home/rowadnet/...', 27, Array)
#1 /home/rowadnet/public_html/CI_FrameWork/system/View/View.php(246): include('/home/rowadnet/...')
#2 /home/rowadnet/public_html/CI_FrameWork/system/Common.php(1087): CodeIgniter\View\View->render('layout/footer', Array, true)
#3 /home/rowadnet/public_html/CI_FrameWork/app/Views/404.php(241): view('layout/footer')
#4 /home/rowadnet/public_html/CI_FrameWork/system/View/View.php(246): include('/home/rowadnet/...')
#5 /home/rowadnet/public_html/CI_FrameWork/system/Common.php(1087): CodeIgniter\View\View->render('404', Array, true)
#6 /home/rowadnet/public_html/CI_FrameWork/app/Helpers/lang_helper.php(8): view('404')
#7 /home/rowadnet/public_html/CI_FrameWork/app/Controllers/Error_404.php(12): lang_check()
#8 /home/rowadnet/public_html/CI_FrameWork/system/CodeIgniter.php(914): App\Controllers\Error_404->show404()
#9 /home/rowadnet/public_html/CI_FrameWork/system/CodeIgniter.php(950): CodeIgniter\CodeIgniter->runController(Object(App\Controllers\Error_404))
#10 /home/rowadnet/public_html/CI_FrameWork/system/CodeIgniter.php(324): CodeIgniter\CodeIgniter->display404errors(Object(CodeIgniter\Exceptions\PageNotFoundException))
#11 /home/rowadnet/public_html/index.php(45): CodeIgniter\CodeIgniter->run()
#12 {main}
CRITICAL - 2023-04-01 03:11:18 --> Undefined variable: lang
#0 /home/rowadnet/public_html/CI_FrameWork/app/Views/layout/footer.php(27): CodeIgniter\Debug\Exceptions->errorHandler(8, 'Undefined varia...', '/home/rowadnet/...', 27, Array)
#1 /home/rowadnet/public_html/CI_FrameWork/system/View/View.php(246): include('/home/rowadnet/...')
#2 /home/rowadnet/public_html/CI_FrameWork/system/Common.php(1087): CodeIgniter\View\View->render('layout/footer', Array, true)
#3 /home/rowadnet/public_html/CI_FrameWork/app/Views/404.php(241): view('layout/footer')
#4 /home/rowadnet/public_html/CI_FrameWork/system/View/View.php(246): include('/home/rowadnet/...')
#5 /home/rowadnet/public_html/CI_FrameWork/system/Common.php(1087): CodeIgniter\View\View->render('404', Array, true)
#6 /home/rowadnet/public_html/CI_FrameWork/app/Helpers/lang_helper.php(8): view('404')
#7 /home/rowadnet/public_html/CI_FrameWork/app/Controllers/Error_404.php(12): lang_check()
#8 /home/rowadnet/public_html/CI_FrameWork/system/CodeIgniter.php(914): App\Controllers\Error_404->show404()
#9 /home/rowadnet/public_html/CI_FrameWork/system/CodeIgniter.php(950): CodeIgniter\CodeIgniter->runController(Object(App\Controllers\Error_404))
#10 /home/rowadnet/public_html/CI_FrameWork/system/CodeIgniter.php(324): CodeIgniter\CodeIgniter->display404errors(Object(CodeIgniter\Exceptions\PageNotFoundException))
#11 /home/rowadnet/public_html/index.php(45): CodeIgniter\CodeIgniter->run()
#12 {main}
CRITICAL - 2023-04-01 03:12:03 --> Undefined variable: lang
#0 /home/rowadnet/public_html/CI_FrameWork/app/Views/layout/footer.php(27): CodeIgniter\Debug\Exceptions->errorHandler(8, 'Undefined varia...', '/home/rowadnet/...', 27, Array)
#1 /home/rowadnet/public_html/CI_FrameWork/system/View/View.php(246): include('/home/rowadnet/...')
#2 /home/rowadnet/public_html/CI_FrameWork/system/Common.php(1087): CodeIgniter\View\View->render('layout/footer', Array, true)
#3 /home/rowadnet/public_html/CI_FrameWork/app/Views/404.php(241): view('layout/footer')
#4 /home/rowadnet/public_html/CI_FrameWork/system/View/View.php(246): include('/home/rowadnet/...')
#5 /home/rowadnet/public_html/CI_FrameWork/system/Common.php(1087): CodeIgniter\View\View->render('404', Array, true)
#6 /home/rowadnet/public_html/CI_FrameWork/app/Helpers/lang_helper.php(8): view('404')
#7 /home/rowadnet/public_html/CI_FrameWork/app/Controllers/Error_404.php(12): lang_check()
#8 /home/rowadnet/public_html/CI_FrameWork/system/CodeIgniter.php(914): App\Controllers\Error_404->show404()
#9 /home/rowadnet/public_html/CI_FrameWork/system/CodeIgniter.php(950): CodeIgniter\CodeIgniter->runController(Object(App\Controllers\Error_404))
#10 /home/rowadnet/public_html/CI_FrameWork/system/CodeIgniter.php(324): CodeIgniter\CodeIgniter->display404errors(Object(CodeIgniter\Exceptions\PageNotFoundException))
#11 /home/rowadnet/public_html/index.php(45): CodeIgniter\CodeIgniter->run()
#12 {main}
CRITICAL - 2023-04-01 03:12:03 --> Undefined variable: lang
#0 /home/rowadnet/public_html/CI_FrameWork/app/Views/layout/footer.php(27): CodeIgniter\Debug\Exceptions->errorHandler(8, 'Undefined varia...', '/home/rowadnet/...', 27, Array)
#1 /home/rowadnet/public_html/CI_FrameWork/system/View/View.php(246): include('/home/rowadnet/...')
#2 /home/rowadnet/public_html/CI_FrameWork/system/Common.php(1087): CodeIgniter\View\View->render('layout/footer', Array, true)
#3 /home/rowadnet/public_html/CI_FrameWork/app/Views/404.php(241): view('layout/footer')
#4 /home/rowadnet/public_html/CI_FrameWork/system/View/View.php(246): include('/home/rowadnet/...')
#5 /home/rowadnet/public_html/CI_FrameWork/system/Common.php(1087): CodeIgniter\View\View->render('404', Array, true)
#6 /home/rowadnet/public_html/CI_FrameWork/app/Helpers/lang_helper.php(8): view('404')
#7 /home/rowadnet/public_html/CI_FrameWork/app/Controllers/Error_404.php(12): lang_check()
#8 /home/rowadnet/public_html/CI_FrameWork/system/CodeIgniter.php(914): App\Controllers\Error_404->show404('background', 'bg-5.png')
#9 /home/rowadnet/public_html/CI_FrameWork/system/CodeIgniter.php(950): CodeIgniter\CodeIgniter->runController(Object(App\Controllers\Error_404))
#10 /home/rowadnet/public_html/CI_FrameWork/system/CodeIgniter.php(324): CodeIgniter\CodeIgniter->display404errors(Object(CodeIgniter\Exceptions\PageNotFoundException))
#11 /home/rowadnet/public_html/index.php(45): CodeIgniter\CodeIgniter->run()
#12 {main}
CRITICAL - 2023-04-01 06:33:03 --> Undefined variable: section
#0 /home/rowadnet/public_html/CI_FrameWork/app/Views/projects/show.php(37): CodeIgniter\Debug\Exceptions->errorHandler(8, 'Undefined varia...', '/home/rowadnet/...', 37, Array)
#1 /home/rowadnet/public_html/CI_FrameWork/system/View/View.php(246): include('/home/rowadnet/...')
#2 /home/rowadnet/public_html/CI_FrameWork/system/Common.php(1087): CodeIgniter\View\View->render('projects/show', Array, true)
#3 /home/rowadnet/public_html/CI_FrameWork/app/Controllers/Projects.php(123): view('projects/show', Array)
#4 /home/rowadnet/public_html/CI_FrameWork/system/CodeIgniter.php(914): App\Controllers\Projects->show('bg-5.png', '')
#5 /home/rowadnet/public_html/CI_FrameWork/system/CodeIgniter.php(400): CodeIgniter\CodeIgniter->runController(Object(App\Controllers\Projects))
#6 /home/rowadnet/public_html/CI_FrameWork/system/CodeIgniter.php(308): CodeIgniter\CodeIgniter->handleRequest(NULL, Object(Config\Cache), false)
#7 /home/rowadnet/public_html/index.php(45): CodeIgniter\CodeIgniter->run()
#8 {main}
CRITICAL - 2023-04-01 06:33:03 --> Undefined variable: lang
#0 /home/rowadnet/public_html/CI_FrameWork/app/Views/layout/footer.php(27): CodeIgniter\Debug\Exceptions->errorHandler(8, 'Undefined varia...', '/home/rowadnet/...', 27, Array)
#1 /home/rowadnet/public_html/CI_FrameWork/system/View/View.php(246): include('/home/rowadnet/...')
#2 /home/rowadnet/public_html/CI_FrameWork/system/Common.php(1087): CodeIgniter\View\View->render('layout/footer', Array, true)
#3 /home/rowadnet/public_html/CI_FrameWork/app/Views/404.php(241): view('layout/footer')
#4 /home/rowadnet/public_html/CI_FrameWork/system/View/View.php(246): include('/home/rowadnet/...')
#5 /home/rowadnet/public_html/CI_FrameWork/system/Common.php(1087): CodeIgniter\View\View->render('404', Array, true)
#6 /home/rowadnet/public_html/CI_FrameWork/app/Helpers/lang_helper.php(8): view('404')
#7 /home/rowadnet/public_html/CI_FrameWork/app/Controllers/Error_404.php(12): lang_check()
#8 /home/rowadnet/public_html/CI_FrameWork/system/CodeIgniter.php(914): App\Controllers\Error_404->show404('images', 'background', 'bg-site.webp')
#9 /home/rowadnet/public_html/CI_FrameWork/system/CodeIgniter.php(950): CodeIgniter\CodeIgniter->runController(Object(App\Controllers\Error_404))
#10 /home/rowadnet/public_html/CI_FrameWork/system/CodeIgniter.php(324): CodeIgniter\CodeIgniter->display404errors(Object(CodeIgniter\Exceptions\PageNotFoundException))
#11 /home/rowadnet/public_html/index.php(45): CodeIgniter\CodeIgniter->run()
#12 {main}
CRITICAL - 2023-04-01 06:51:22 --> Undefined variable: lang
#0 /home/rowadnet/public_html/CI_FrameWork/app/Views/layout/footer.php(27): CodeIgniter\Debug\Exceptions->errorHandler(8, 'Undefined varia...', '/home/rowadnet/...', 27, Array)
#1 /home/rowadnet/public_html/CI_FrameWork/system/View/View.php(246): include('/home/rowadnet/...')
#2 /home/rowadnet/public_html/CI_FrameWork/system/Common.php(1087): CodeIgniter\View\View->render('layout/footer', Array, true)
#3 /home/rowadnet/public_html/CI_FrameWork/app/Views/404.php(241): view('layout/footer')
#4 /home/rowadnet/public_html/CI_FrameWork/system/View/View.php(246): include('/home/rowadnet/...')
#5 /home/rowadnet/public_html/CI_FrameWork/system/Common.php(1087): CodeIgniter\View\View->render('404', Array, true)
#6 /home/rowadnet/public_html/CI_FrameWork/app/Helpers/lang_helper.php(8): view('404')
#7 /home/rowadnet/public_html/CI_FrameWork/app/Controllers/Error_404.php(12): lang_check()
#8 /home/rowadnet/public_html/CI_FrameWork/system/CodeIgniter.php(914): App\Controllers\Error_404->show404()
#9 /home/rowadnet/public_html/CI_FrameWork/system/CodeIgniter.php(950): CodeIgniter\CodeIgniter->runController(Object(App\Controllers\Error_404))
#10 /home/rowadnet/public_html/CI_FrameWork/system/CodeIgniter.php(324): CodeIgniter\CodeIgniter->display404errors(Object(CodeIgniter\Exceptions\PageNotFoundException))
#11 /home/rowadnet/public_html/index.php(45): CodeIgniter\CodeIgniter->run()
#12 {main}
CRITICAL - 2023-04-01 07:57:26 --> Undefined variable: lang
#0 /home/rowadnet/public_html/CI_FrameWork/app/Views/layout/footer.php(27): CodeIgniter\Debug\Exceptions->errorHandler(8, 'Undefined varia...', '/home/rowadnet/...', 27, Array)
#1 /home/rowadnet/public_html/CI_FrameWork/system/View/View.php(246): include('/home/rowadnet/...')
#2 /home/rowadnet/public_html/CI_FrameWork/system/Common.php(1087): CodeIgniter\View\View->render('layout/footer', Array, true)
#3 /home/rowadnet/public_html/CI_FrameWork/app/Views/404.php(241): view('layout/footer')
#4 /home/rowadnet/public_html/CI_FrameWork/system/View/View.php(246): include('/home/rowadnet/...')
#5 /home/rowadnet/public_html/CI_FrameWork/system/Common.php(1087): CodeIgniter\View\View->render('404', Array, true)
#6 /home/rowadnet/public_html/CI_FrameWork/app/Helpers/lang_helper.php(8): view('404')
#7 /home/rowadnet/public_html/CI_FrameWork/app/Controllers/Error_404.php(12): lang_check()
#8 /home/rowadnet/public_html/CI_FrameWork/system/CodeIgniter.php(914): App\Controllers\Error_404->show404()
#9 /home/rowadnet/public_html/CI_FrameWork/system/CodeIgniter.php(950): CodeIgniter\CodeIgniter->runController(Object(App\Controllers\Error_404))
#10 /home/rowadnet/public_html/CI_FrameWork/system/CodeIgniter.php(324): CodeIgniter\CodeIgniter->display404errors(Object(CodeIgniter\Exceptions\PageNotFoundException))
#11 /home/rowadnet/public_html/index.php(45): CodeIgniter\CodeIgniter->run()
#12 {main}
CRITICAL - 2023-04-01 11:59:33 --> Undefined variable: section
#0 /home/rowadnet/public_html/CI_FrameWork/app/Views/projects/show.php(37): CodeIgniter\Debug\Exceptions->errorHandler(8, 'Undefined varia...', '/home/rowadnet/...', 37, Array)
#1 /home/rowadnet/public_html/CI_FrameWork/system/View/View.php(246): include('/home/rowadnet/...')
#2 /home/rowadnet/public_html/CI_FrameWork/system/Common.php(1087): CodeIgniter\View\View->render('projects/show', Array, true)
#3 /home/rowadnet/public_html/CI_FrameWork/app/Controllers/Projects.php(123): view('projects/show', Array)
#4 /home/rowadnet/public_html/CI_FrameWork/system/CodeIgniter.php(914): App\Controllers\Projects->show('bg-5.png', '')
#5 /home/rowadnet/public_html/CI_FrameWork/system/CodeIgniter.php(400): CodeIgniter\CodeIgniter->runController(Object(App\Controllers\Projects))
#6 /home/rowadnet/public_html/CI_FrameWork/system/CodeIgniter.php(308): CodeIgniter\CodeIgniter->handleRequest(NULL, Object(Config\Cache), false)
#7 /home/rowadnet/public_html/index.php(45): CodeIgniter\CodeIgniter->run()
#8 {main}
CRITICAL - 2023-04-01 17:23:39 --> Undefined variable: lang
#0 /home/rowadnet/public_html/CI_FrameWork/app/Views/layout/footer.php(27): CodeIgniter\Debug\Exceptions->errorHandler(8, 'Undefined varia...', '/home/rowadnet/...', 27, Array)
#1 /home/rowadnet/public_html/CI_FrameWork/system/View/View.php(246): include('/home/rowadnet/...')
#2 /home/rowadnet/public_html/CI_FrameWork/system/Common.php(1087): CodeIgniter\View\View->render('layout/footer', Array, true)
#3 /home/rowadnet/public_html/CI_FrameWork/app/Views/404.php(241): view('layout/footer')
#4 /home/rowadnet/public_html/CI_FrameWork/system/View/View.php(246): include('/home/rowadnet/...')
#5 /home/rowadnet/public_html/CI_FrameWork/system/Common.php(1087): CodeIgniter\View\View->render('404', Array, true)
#6 /home/rowadnet/public_html/CI_FrameWork/app/Helpers/lang_helper.php(8): view('404')
#7 /home/rowadnet/public_html/CI_FrameWork/app/Controllers/Home.php(13): lang_check()
#8 /home/rowadnet/public_html/CI_FrameWork/system/CodeIgniter.php(886): App\Controllers\Home->__construct()
#9 /home/rowadnet/public_html/CI_FrameWork/system/CodeIgniter.php(395): CodeIgniter\CodeIgniter->createController()
#10 /home/rowadnet/public_html/CI_FrameWork/system/CodeIgniter.php(308): CodeIgniter\CodeIgniter->handleRequest(NULL, Object(Config\Cache), false)
#11 /home/rowadnet/public_html/index.php(45): CodeIgniter\CodeIgniter->run()
#12 {main}
CRITICAL - 2023-04-01 17:43:06 --> Undefined variable: lang
#0 /home/rowadnet/public_html/CI_FrameWork/app/Views/layout/footer.php(27): CodeIgniter\Debug\Exceptions->errorHandler(8, 'Undefined varia...', '/home/rowadnet/...', 27, Array)
#1 /home/rowadnet/public_html/CI_FrameWork/system/View/View.php(246): include('/home/rowadnet/...')
#2 /home/rowadnet/public_html/CI_FrameWork/system/Common.php(1087): CodeIgniter\View\View->render('layout/footer', Array, true)
#3 /home/rowadnet/public_html/CI_FrameWork/app/Views/404.php(241): view('layout/footer')
#4 /home/rowadnet/public_html/CI_FrameWork/system/View/View.php(246): include('/home/rowadnet/...')
#5 /home/rowadnet/public_html/CI_FrameWork/system/Common.php(1087): CodeIgniter\View\View->render('404', Array, true)
#6 /home/rowadnet/public_html/CI_FrameWork/app/Helpers/lang_helper.php(8): view('404')
#7 /home/rowadnet/public_html/CI_FrameWork/app/Controllers/Home.php(13): lang_check()
#8 /home/rowadnet/public_html/CI_FrameWork/system/CodeIgniter.php(886): App\Controllers\Home->__construct()
#9 /home/rowadnet/public_html/CI_FrameWork/system/CodeIgniter.php(395): CodeIgniter\CodeIgniter->createController()
#10 /home/rowadnet/public_html/CI_FrameWork/system/CodeIgniter.php(308): CodeIgniter\CodeIgniter->handleRequest(NULL, Object(Config\Cache), false)
#11 /home/rowadnet/public_html/index.php(45): CodeIgniter\CodeIgniter->run()
#12 {main}
CRITICAL - 2023-04-01 18:15:29 --> Undefined variable: lang
#0 /home/rowadnet/public_html/CI_FrameWork/app/Views/layout/footer.php(27): CodeIgniter\Debug\Exceptions->errorHandler(8, 'Undefined varia...', '/home/rowadnet/...', 27, Array)
#1 /home/rowadnet/public_html/CI_FrameWork/system/View/View.php(246): include('/home/rowadnet/...')
#2 /home/rowadnet/public_html/CI_FrameWork/system/Common.php(1087): CodeIgniter\View\View->render('layout/footer', Array, true)
#3 /home/rowadnet/public_html/CI_FrameWork/app/Views/404.php(241): view('layout/footer')
#4 /home/rowadnet/public_html/CI_FrameWork/system/View/View.php(246): include('/home/rowadnet/...')
#5 /home/rowadnet/public_html/CI_FrameWork/system/Common.php(1087): CodeIgniter\View\View->render('404', Array, true)
#6 /home/rowadnet/public_html/CI_FrameWork/app/Helpers/lang_helper.php(8): view('404')
#7 /home/rowadnet/public_html/CI_FrameWork/app/Controllers/Home.php(13): lang_check()
#8 /home/rowadnet/public_html/CI_FrameWork/system/CodeIgniter.php(886): App\Controllers\Home->__construct()
#9 /home/rowadnet/public_html/CI_FrameWork/system/CodeIgniter.php(395): CodeIgniter\CodeIgniter->createController()
#10 /home/rowadnet/public_html/CI_FrameWork/system/CodeIgniter.php(308): CodeIgniter\CodeIgniter->handleRequest(NULL, Object(Config\Cache), false)
#11 /home/rowadnet/public_html/index.php(45): CodeIgniter\CodeIgniter->run()
#12 {main}
CRITICAL - 2023-04-01 18:29:00 --> Undefined variable: lang
#0 /home/rowadnet/public_html/CI_FrameWork/app/Views/layout/footer.php(27): CodeIgniter\Debug\Exceptions->errorHandler(8, 'Undefined varia...', '/home/rowadnet/...', 27, Array)
#1 /home/rowadnet/public_html/CI_FrameWork/system/View/View.php(246): include('/home/rowadnet/...')
#2 /home/rowadnet/public_html/CI_FrameWork/system/Common.php(1087): CodeIgniter\View\View->render('layout/footer', Array, true)
#3 /home/rowadnet/public_html/CI_FrameWork/app/Views/404.php(241): view('layout/footer')
#4 /home/rowadnet/public_html/CI_FrameWork/system/View/View.php(246): include('/home/rowadnet/...')
#5 /home/rowadnet/public_html/CI_FrameWork/system/Common.php(1087): CodeIgniter\View\View->render('404', Array, true)
#6 /home/rowadnet/public_html/CI_FrameWork/app/Helpers/lang_helper.php(8): view('404')
#7 /home/rowadnet/public_html/CI_FrameWork/app/Controllers/Home.php(13): lang_check()
#8 /home/rowadnet/public_html/CI_FrameWork/system/CodeIgniter.php(886): App\Controllers\Home->__construct()
#9 /home/rowadnet/public_html/CI_FrameWork/system/CodeIgniter.php(395): CodeIgniter\CodeIgniter->createController()
#10 /home/rowadnet/public_html/CI_FrameWork/system/CodeIgniter.php(308): CodeIgniter\CodeIgniter->handleRequest(NULL, Object(Config\Cache), false)
#11 /home/rowadnet/public_html/index.php(45): CodeIgniter\CodeIgniter->run()
#12 {main}
CRITICAL - 2023-04-01 18:34:23 --> Undefined variable: lang
#0 /home/rowadnet/public_html/CI_FrameWork/app/Views/layout/footer.php(27): CodeIgniter\Debug\Exceptions->errorHandler(8, 'Undefined varia...', '/home/rowadnet/...', 27, Array)
#1 /home/rowadnet/public_html/CI_FrameWork/system/View/View.php(246): include('/home/rowadnet/...')
#2 /home/rowadnet/public_html/CI_FrameWork/system/Common.php(1087): CodeIgniter\View\View->render('layout/footer', Array, true)
#3 /home/rowadnet/public_html/CI_FrameWork/app/Views/404.php(241): view('layout/footer')
#4 /home/rowadnet/public_html/CI_FrameWork/system/View/View.php(246): include('/home/rowadnet/...')
#5 /home/rowadnet/public_html/CI_FrameWork/system/Common.php(1087): CodeIgniter\View\View->render('404', Array, true)
#6 /home/rowadnet/public_html/CI_FrameWork/app/Helpers/lang_helper.php(8): view('404')
#7 /home/rowadnet/public_html/CI_FrameWork/app/Controllers/Home.php(13): lang_check()
#8 /home/rowadnet/public_html/CI_FrameWork/system/CodeIgniter.php(886): App\Controllers\Home->__construct()
#9 /home/rowadnet/public_html/CI_FrameWork/system/CodeIgniter.php(395): CodeIgniter\CodeIgniter->createController()
#10 /home/rowadnet/public_html/CI_FrameWork/system/CodeIgniter.php(308): CodeIgniter\CodeIgniter->handleRequest(NULL, Object(Config\Cache), false)
#11 /home/rowadnet/public_html/index.php(45): CodeIgniter\CodeIgniter->run()
#12 {main}
CRITICAL - 2023-04-01 18:36:56 --> Undefined variable: lang
#0 /home/rowadnet/public_html/CI_FrameWork/app/Views/layout/footer.php(27): CodeIgniter\Debug\Exceptions->errorHandler(8, 'Undefined varia...', '/home/rowadnet/...', 27, Array)
#1 /home/rowadnet/public_html/CI_FrameWork/system/View/View.php(246): include('/home/rowadnet/...')
#2 /home/rowadnet/public_html/CI_FrameWork/system/Common.php(1087): CodeIgniter\View\View->render('layout/footer', Array, true)
#3 /home/rowadnet/public_html/CI_FrameWork/app/Views/404.php(241): view('layout/footer')
#4 /home/rowadnet/public_html/CI_FrameWork/system/View/View.php(246): include('/home/rowadnet/...')
#5 /home/rowadnet/public_html/CI_FrameWork/system/Common.php(1087): CodeIgniter\View\View->render('404', Array, true)
#6 /home/rowadnet/public_html/CI_FrameWork/app/Helpers/lang_helper.php(8): view('404')
#7 /home/rowadnet/public_html/CI_FrameWork/app/Controllers/Home.php(13): lang_check()
#8 /home/rowadnet/public_html/CI_FrameWork/system/CodeIgniter.php(886): App\Controllers\Home->__construct()
#9 /home/rowadnet/public_html/CI_FrameWork/system/CodeIgniter.php(395): CodeIgniter\CodeIgniter->createController()
#10 /home/rowadnet/public_html/CI_FrameWork/system/CodeIgniter.php(308): CodeIgniter\CodeIgniter->handleRequest(NULL, Object(Config\Cache), false)
#11 /home/rowadnet/public_html/index.php(45): CodeIgniter\CodeIgniter->run()
#12 {main}
CRITICAL - 2023-04-01 18:39:34 --> Undefined variable: lang
#0 /home/rowadnet/public_html/CI_FrameWork/app/Views/layout/footer.php(27): CodeIgniter\Debug\Exceptions->errorHandler(8, 'Undefined varia...', '/home/rowadnet/...', 27, Array)
#1 /home/rowadnet/public_html/CI_FrameWork/system/View/View.php(246): include('/home/rowadnet/...')
#2 /home/rowadnet/public_html/CI_FrameWork/system/Common.php(1087): CodeIgniter\View\View->render('layout/footer', Array, true)
#3 /home/rowadnet/public_html/CI_FrameWork/app/Views/404.php(241): view('layout/footer')
#4 /home/rowadnet/public_html/CI_FrameWork/system/View/View.php(246): include('/home/rowadnet/...')
#5 /home/rowadnet/public_html/CI_FrameWork/system/Common.php(1087): CodeIgniter\View\View->render('404', Array, true)
#6 /home/rowadnet/public_html/CI_FrameWork/app/Helpers/lang_helper.php(8): view('404')
#7 /home/rowadnet/public_html/CI_FrameWork/app/Controllers/Home.php(13): lang_check()
#8 /home/rowadnet/public_html/CI_FrameWork/system/CodeIgniter.php(886): App\Controllers\Home->__construct()
#9 /home/rowadnet/public_html/CI_FrameWork/system/CodeIgniter.php(395): CodeIgniter\CodeIgniter->createController()
#10 /home/rowadnet/public_html/CI_FrameWork/system/CodeIgniter.php(308): CodeIgniter\CodeIgniter->handleRequest(NULL, Object(Config\Cache), false)
#11 /home/rowadnet/public_html/index.php(45): CodeIgniter\CodeIgniter->run()
#12 {main}
CRITICAL - 2023-04-01 18:53:32 --> Undefined variable: lang
#0 /home/rowadnet/public_html/CI_FrameWork/app/Views/layout/footer.php(27): CodeIgniter\Debug\Exceptions->errorHandler(8, 'Undefined varia...', '/home/rowadnet/...', 27, Array)
#1 /home/rowadnet/public_html/CI_FrameWork/system/View/View.php(246): include('/home/rowadnet/...')
#2 /home/rowadnet/public_html/CI_FrameWork/system/Common.php(1087): CodeIgniter\View\View->render('layout/footer', Array, true)
#3 /home/rowadnet/public_html/CI_FrameWork/app/Views/404.php(241): view('layout/footer')
#4 /home/rowadnet/public_html/CI_FrameWork/system/View/View.php(246): include('/home/rowadnet/...')
#5 /home/rowadnet/public_html/CI_FrameWork/system/Common.php(1087): CodeIgniter\View\View->render('404', Array, true)
#6 /home/rowadnet/public_html/CI_FrameWork/app/Helpers/lang_helper.php(8): view('404')
#7 /home/rowadnet/public_html/CI_FrameWork/app/Controllers/Home.php(13): lang_check()
#8 /home/rowadnet/public_html/CI_FrameWork/system/CodeIgniter.php(886): App\Controllers\Home->__construct()
#9 /home/rowadnet/public_html/CI_FrameWork/system/CodeIgniter.php(395): CodeIgniter\CodeIgniter->createController()
#10 /home/rowadnet/public_html/CI_FrameWork/system/CodeIgniter.php(308): CodeIgniter\CodeIgniter->handleRequest(NULL, Object(Config\Cache), false)
#11 /home/rowadnet/public_html/index.php(45): CodeIgniter\CodeIgniter->run()
#12 {main}
CRITICAL - 2023-04-01 21:24:40 --> Undefined variable: section
#0 /home/rowadnet/public_html/CI_FrameWork/app/Views/projects/show.php(37): CodeIgniter\Debug\Exceptions->errorHandler(8, 'Undefined varia...', '/home/rowadnet/...', 37, Array)
#1 /home/rowadnet/public_html/CI_FrameWork/system/View/View.php(246): include('/home/rowadnet/...')
#2 /home/rowadnet/public_html/CI_FrameWork/system/Common.php(1087): CodeIgniter\View\View->render('projects/show', Array, true)
#3 /home/rowadnet/public_html/CI_FrameWork/app/Controllers/Projects.php(123): view('projects/show', Array)
#4 /home/rowadnet/public_html/CI_FrameWork/system/CodeIgniter.php(914): App\Controllers\Projects->show('bg-5.png', '')
#5 /home/rowadnet/public_html/CI_FrameWork/system/CodeIgniter.php(400): CodeIgniter\CodeIgniter->runController(Object(App\Controllers\Projects))
#6 /home/rowadnet/public_html/CI_FrameWork/system/CodeIgniter.php(308): CodeIgniter\CodeIgniter->handleRequest(NULL, Object(Config\Cache), false)
#7 /home/rowadnet/public_html/index.php(45): CodeIgniter\CodeIgniter->run()
#8 {main}
CRITICAL - 2023-04-01 21:24:41 --> Undefined variable: lang
#0 /home/rowadnet/public_html/CI_FrameWork/app/Views/layout/footer.php(27): CodeIgniter\Debug\Exceptions->errorHandler(8, 'Undefined varia...', '/home/rowadnet/...', 27, Array)
#1 /home/rowadnet/public_html/CI_FrameWork/system/View/View.php(246): include('/home/rowadnet/...')
#2 /home/rowadnet/public_html/CI_FrameWork/system/Common.php(1087): CodeIgniter\View\View->render('layout/footer', Array, true)
#3 /home/rowadnet/public_html/CI_FrameWork/app/Views/404.php(241): view('layout/footer')
#4 /home/rowadnet/public_html/CI_FrameWork/system/View/View.php(246): include('/home/rowadnet/...')
#5 /home/rowadnet/public_html/CI_FrameWork/system/Common.php(1087): CodeIgniter\View\View->render('404', Array, true)
#6 /home/rowadnet/public_html/CI_FrameWork/app/Helpers/lang_helper.php(8): view('404')
#7 /home/rowadnet/public_html/CI_FrameWork/app/Controllers/Error_404.php(12): lang_check()
#8 /home/rowadnet/public_html/CI_FrameWork/system/CodeIgniter.php(914): App\Controllers\Error_404->show404('images', 'background', 'bg-site.webp')
#9 /home/rowadnet/public_html/CI_FrameWork/system/CodeIgniter.php(950): CodeIgniter\CodeIgniter->runController(Object(App\Controllers\Error_404))
#10 /home/rowadnet/public_html/CI_FrameWork/system/CodeIgniter.php(324): CodeIgniter\CodeIgniter->display404errors(Object(CodeIgniter\Exceptions\PageNotFoundException))
#11 /home/rowadnet/public_html/index.php(45): CodeIgniter\CodeIgniter->run()
#12 {main}
CRITICAL - 2023-04-01 21:24:41 --> Undefined variable: lang
#0 /home/rowadnet/public_html/CI_FrameWork/app/Views/layout/footer.php(27): CodeIgniter\Debug\Exceptions->errorHandler(8, 'Undefined varia...', '/home/rowadnet/...', 27, Array)
#1 /home/rowadnet/public_html/CI_FrameWork/system/View/View.php(246): include('/home/rowadnet/...')
#2 /home/rowadnet/public_html/CI_FrameWork/system/Common.php(1087): CodeIgniter\View\View->render('layout/footer', Array, true)
#3 /home/rowadnet/public_html/CI_FrameWork/app/Views/404.php(241): view('layout/footer')
#4 /home/rowadnet/public_html/CI_FrameWork/system/View/View.php(246): include('/home/rowadnet/...')
#5 /home/rowadnet/public_html/CI_FrameWork/system/Common.php(1087): CodeIgniter\View\View->render('404', Array, true)
#6 /home/rowadnet/public_html/CI_FrameWork/app/Helpers/lang_helper.php(8): view('404')
#7 /home/rowadnet/public_html/CI_FrameWork/app/Controllers/Error_404.php(12): lang_check()
#8 /home/rowadnet/public_html/CI_FrameWork/system/CodeIgniter.php(914): App\Controllers\Error_404->show404('images', 'background', 'bg-site.webp')
#9 /home/rowadnet/public_html/CI_FrameWork/system/CodeIgniter.php(950): CodeIgniter\CodeIgniter->runController(Object(App\Controllers\Error_404))
#10 /home/rowadnet/public_html/CI_FrameWork/system/CodeIgniter.php(324): CodeIgniter\CodeIgniter->display404errors(Object(CodeIgniter\Exceptions\PageNotFoundException))
#11 /home/rowadnet/public_html/index.php(45): CodeIgniter\CodeIgniter->run()
#12 {main}
CRITICAL - 2023-04-01 21:24:42 --> Undefined variable: section
#0 /home/rowadnet/public_html/CI_FrameWork/app/Views/projects/show.php(37): CodeIgniter\Debug\Exceptions->errorHandler(8, 'Undefined varia...', '/home/rowadnet/...', 37, Array)
#1 /home/rowadnet/public_html/CI_FrameWork/system/View/View.php(246): include('/home/rowadnet/...')
#2 /home/rowadnet/public_html/CI_FrameWork/system/Common.php(1087): CodeIgniter\View\View->render('projects/show', Array, true)
#3 /home/rowadnet/public_html/CI_FrameWork/app/Controllers/Projects.php(123): view('projects/show', Array)
#4 /home/rowadnet/public_html/CI_FrameWork/system/CodeIgniter.php(914): App\Controllers\Projects->show('bg-5.png', '')
#5 /home/rowadnet/public_html/CI_FrameWork/system/CodeIgniter.php(400): CodeIgniter\CodeIgniter->runController(Object(App\Controllers\Projects))
#6 /home/rowadnet/public_html/CI_FrameWork/system/CodeIgniter.php(308): CodeIgniter\CodeIgniter->handleRequest(NULL, Object(Config\Cache), false)
#7 /home/rowadnet/public_html/index.php(45): CodeIgniter\CodeIgniter->run()
#8 {main}
CRITICAL - 2023-04-01 21:53:12 --> Undefined variable: lang
#0 /home/rowadnet/public_html/CI_FrameWork/app/Views/layout/footer.php(27): CodeIgniter\Debug\Exceptions->errorHandler(8, 'Undefined varia...', '/home/rowadnet/...', 27, Array)
#1 /home/rowadnet/public_html/CI_FrameWork/system/View/View.php(246): include('/home/rowadnet/...')
#2 /home/rowadnet/public_html/CI_FrameWork/system/Common.php(1087): CodeIgniter\View\View->render('layout/footer', Array, true)
#3 /home/rowadnet/public_html/CI_FrameWork/app/Views/404.php(241): view('layout/footer')
#4 /home/rowadnet/public_html/CI_FrameWork/system/View/View.php(246): include('/home/rowadnet/...')
#5 /home/rowadnet/public_html/CI_FrameWork/system/Common.php(1087): CodeIgniter\View\View->render('404', Array, true)
#6 /home/rowadnet/public_html/CI_FrameWork/app/Helpers/lang_helper.php(8): view('404')
#7 /home/rowadnet/public_html/CI_FrameWork/app/Controllers/Home.php(13): lang_check()
#8 /home/rowadnet/public_html/CI_FrameWork/system/CodeIgniter.php(886): App\Controllers\Home->__construct()
#9 /home/rowadnet/public_html/CI_FrameWork/system/CodeIgniter.php(395): CodeIgniter\CodeIgniter->createController()
#10 /home/rowadnet/public_html/CI_FrameWork/system/CodeIgniter.php(308): CodeIgniter\CodeIgniter->handleRequest(NULL, Object(Config\Cache), false)
#11 /home/rowadnet/public_html/index.php(45): CodeIgniter\CodeIgniter->run()
#12 {main}
CRITICAL - 2023-04-01 21:59:12 --> Undefined variable: lang
#0 /home/rowadnet/public_html/CI_FrameWork/app/Views/layout/footer.php(27): CodeIgniter\Debug\Exceptions->errorHandler(8, 'Undefined varia...', '/home/rowadnet/...', 27, Array)
#1 /home/rowadnet/public_html/CI_FrameWork/system/View/View.php(246): include('/home/rowadnet/...')
#2 /home/rowadnet/public_html/CI_FrameWork/system/Common.php(1087): CodeIgniter\View\View->render('layout/footer', Array, true)
#3 /home/rowadnet/public_html/CI_FrameWork/app/Views/404.php(241): view('layout/footer')
#4 /home/rowadnet/public_html/CI_FrameWork/system/View/View.php(246): include('/home/rowadnet/...')
#5 /home/rowadnet/public_html/CI_FrameWork/system/Common.php(1087): CodeIgniter\View\View->render('404', Array, true)
#6 /home/rowadnet/public_html/CI_FrameWork/app/Helpers/lang_helper.php(8): view('404')
#7 /home/rowadnet/public_html/CI_FrameWork/app/Controllers/Home.php(13): lang_check()
#8 /home/rowadnet/public_html/CI_FrameWork/system/CodeIgniter.php(886): App\Controllers\Home->__construct()
#9 /home/rowadnet/public_html/CI_FrameWork/system/CodeIgniter.php(395): CodeIgniter\CodeIgniter->createController()
#10 /home/rowadnet/public_html/CI_FrameWork/system/CodeIgniter.php(308): CodeIgniter\CodeIgniter->handleRequest(NULL, Object(Config\Cache), false)
#11 /home/rowadnet/public_html/index.php(45): CodeIgniter\CodeIgniter->run()
#12 {main}
CRITICAL - 2023-04-01 23:52:15 --> Undefined variable: lang
#0 /home/rowadnet/public_html/CI_FrameWork/app/Views/layout/footer.php(27): CodeIgniter\Debug\Exceptions->errorHandler(8, 'Undefined varia...', '/home/rowadnet/...', 27, Array)
#1 /home/rowadnet/public_html/CI_FrameWork/system/View/View.php(246): include('/home/rowadnet/...')
#2 /home/rowadnet/public_html/CI_FrameWork/system/Common.php(1087): CodeIgniter\View\View->render('layout/footer', Array, true)
#3 /home/rowadnet/public_html/CI_FrameWork/app/Views/404.php(241): view('layout/footer')
#4 /home/rowadnet/public_html/CI_FrameWork/system/View/View.php(246): include('/home/rowadnet/...')
#5 /home/rowadnet/public_html/CI_FrameWork/system/Common.php(1087): CodeIgniter\View\View->render('404', Array, true)
#6 /home/rowadnet/public_html/CI_FrameWork/app/Helpers/lang_helper.php(8): view('404')
#7 /home/rowadnet/public_html/CI_FrameWork/app/Controllers/Error_404.php(12): lang_check()
#8 /home/rowadnet/public_html/CI_FrameWork/system/CodeIgniter.php(914): App\Controllers\Error_404->show404()
#9 /home/rowadnet/public_html/CI_FrameWork/system/CodeIgniter.php(950): CodeIgniter\CodeIgniter->runController(Object(App\Controllers\Error_404))
#10 /home/rowadnet/public_html/CI_FrameWork/system/CodeIgniter.php(324): CodeIgniter\CodeIgniter->display404errors(Object(CodeIgniter\Exceptions\PageNotFoundException))
#11 /home/rowadnet/public_html/index.php(45): CodeIgniter\CodeIgniter->run()
#12 {main}
