CRITICAL - 2020-06-29 07:00:33 --> Undefined property: App\Controllers\Contact::$load
#0 C:\wamp\www\el-rowad\app\Controllers\Contact.php(30): CodeIgniter\Debug\Exceptions->errorHandler(8, 'Undefined prope...', 'C:\\wamp\\www\\el-...', 30, Array)
#1 C:\wamp\www\el-rowad\system\CodeIgniter.php(914): App\Controllers\Contact->index()
#2 C:\wamp\www\el-rowad\system\CodeIgniter.php(400): CodeIgniter\CodeIgniter->runController(Object(App\Controllers\Contact))
#3 C:\wamp\www\el-rowad\system\CodeIgniter.php(308): CodeIgniter\CodeIgniter->handleRequest(NULL, Object(Config\Cache), false)
#4 C:\wamp\www\el-rowad\public\index.php(45): CodeIgniter\CodeIgniter->run()
#5 C:\wamp\www\el-rowad\system\Commands\Server\rewrite.php(34): require_once('C:\\wamp\\www\\el-...')
#6 {main}
CRITICAL - 2020-06-29 07:01:07 --> Undefined variable: lang
#0 C:\wamp\www\el-rowad\app\Views\layout\header.php(33): CodeIgniter\Debug\Exceptions->errorHandler(8, 'Undefined varia...', 'C:\\wamp\\www\\el-...', 33, Array)
#1 C:\wamp\www\el-rowad\system\View\View.php(246): include('C:\\wamp\\www\\el-...')
#2 C:\wamp\www\el-rowad\system\Common.php(1087): CodeIgniter\View\View->render('layout/header', Array, true)
#3 C:\wamp\www\el-rowad\app\Views\contact.php(2): view('layout/header')
#4 C:\wamp\www\el-rowad\system\View\View.php(246): include('C:\\wamp\\www\\el-...')
#5 C:\wamp\www\el-rowad\system\Common.php(1087): CodeIgniter\View\View->render('contact', Array, true)
#6 C:\wamp\www\el-rowad\app\Controllers\Contact.php(30): view('contact', Array)
#7 C:\wamp\www\el-rowad\system\CodeIgniter.php(914): App\Controllers\Contact->index()
#8 C:\wamp\www\el-rowad\system\CodeIgniter.php(400): CodeIgniter\CodeIgniter->runController(Object(App\Controllers\Contact))
#9 C:\wamp\www\el-rowad\system\CodeIgniter.php(308): CodeIgniter\CodeIgniter->handleRequest(NULL, Object(Config\Cache), false)
#10 C:\wamp\www\el-rowad\public\index.php(45): CodeIgniter\CodeIgniter->run()
#11 C:\wamp\www\el-rowad\system\Commands\Server\rewrite.php(34): require_once('C:\\wamp\\www\\el-...')
#12 {main}
CRITICAL - 2020-06-29 18:47:22 --> No connection could be made because the target machine actively refused it.

#0 C:\wamp\www\el-rowad\system\Database\BaseConnection.php(377): CodeIgniter\Database\MySQLi\Connection->connect(false)
#1 C:\wamp\www\el-rowad\system\Database\BaseConnection.php(643): CodeIgniter\Database\BaseConnection->initialize()
#2 C:\wamp\www\el-rowad\app\Models\admin\AuthModel.php(76): CodeIgniter\Database\BaseConnection->query('select * from a...')
#3 C:\wamp\www\el-rowad\app\Models\admin\AuthModel.php(21): App\Models\admin\AuthModel->AUTH()
#4 C:\wamp\www\el-rowad\app\Controllers\admin\Services.php(21): App\Models\admin\AuthModel->__construct()
#5 C:\wamp\www\el-rowad\system\CodeIgniter.php(886): App\Controllers\admin\Services->__construct()
#6 C:\wamp\www\el-rowad\system\CodeIgniter.php(395): CodeIgniter\CodeIgniter->createController()
#7 C:\wamp\www\el-rowad\system\CodeIgniter.php(308): CodeIgniter\CodeIgniter->handleRequest(NULL, Object(Config\Cache), false)
#8 C:\wamp\www\el-rowad\public\index.php(45): CodeIgniter\CodeIgniter->run()
#9 C:\wamp\www\el-rowad\system\Commands\Server\rewrite.php(34): require_once('C:\\wamp\\www\\el-...')
#10 {main}
CRITICAL - 2020-06-29 18:47:27 --> No connection could be made because the target machine actively refused it.

#0 C:\wamp\www\el-rowad\system\Database\BaseConnection.php(377): CodeIgniter\Database\MySQLi\Connection->connect(false)
#1 C:\wamp\www\el-rowad\system\Database\BaseConnection.php(643): CodeIgniter\Database\BaseConnection->initialize()
#2 C:\wamp\www\el-rowad\app\Models\admin\AuthModel.php(76): CodeIgniter\Database\BaseConnection->query('select * from a...')
#3 C:\wamp\www\el-rowad\app\Models\admin\AuthModel.php(21): App\Models\admin\AuthModel->AUTH()
#4 C:\wamp\www\el-rowad\app\Controllers\admin\Services.php(21): App\Models\admin\AuthModel->__construct()
#5 C:\wamp\www\el-rowad\system\CodeIgniter.php(886): App\Controllers\admin\Services->__construct()
#6 C:\wamp\www\el-rowad\system\CodeIgniter.php(395): CodeIgniter\CodeIgniter->createController()
#7 C:\wamp\www\el-rowad\system\CodeIgniter.php(308): CodeIgniter\CodeIgniter->handleRequest(NULL, Object(Config\Cache), false)
#8 C:\wamp\www\el-rowad\public\index.php(45): CodeIgniter\CodeIgniter->run()
#9 C:\wamp\www\el-rowad\system\Commands\Server\rewrite.php(34): require_once('C:\\wamp\\www\\el-...')
#10 {main}
CRITICAL - 2020-06-29 18:47:37 --> No connection could be made because the target machine actively refused it.

#0 C:\wamp\www\el-rowad\system\Database\BaseConnection.php(377): CodeIgniter\Database\MySQLi\Connection->connect(false)
#1 C:\wamp\www\el-rowad\system\Database\BaseConnection.php(643): CodeIgniter\Database\BaseConnection->initialize()
#2 C:\wamp\www\el-rowad\app\Models\admin\AuthModel.php(76): CodeIgniter\Database\BaseConnection->query('select * from a...')
#3 C:\wamp\www\el-rowad\app\Models\admin\AuthModel.php(21): App\Models\admin\AuthModel->AUTH()
#4 C:\wamp\www\el-rowad\app\Controllers\admin\Services.php(21): App\Models\admin\AuthModel->__construct()
#5 C:\wamp\www\el-rowad\system\CodeIgniter.php(886): App\Controllers\admin\Services->__construct()
#6 C:\wamp\www\el-rowad\system\CodeIgniter.php(395): CodeIgniter\CodeIgniter->createController()
#7 C:\wamp\www\el-rowad\system\CodeIgniter.php(308): CodeIgniter\CodeIgniter->handleRequest(NULL, Object(Config\Cache), false)
#8 C:\wamp\www\el-rowad\public\index.php(45): CodeIgniter\CodeIgniter->run()
#9 C:\wamp\www\el-rowad\system\Commands\Server\rewrite.php(34): require_once('C:\\wamp\\www\\el-...')
#10 {main}
CRITICAL - 2020-06-29 19:09:08 --> Undefined property: App\Controllers\Careers::$career
#0 C:\wamp\www\el-rowad\app\Controllers\Careers.php(35): CodeIgniter\Debug\Exceptions->errorHandler(8, 'Undefined prope...', 'C:\\wamp\\www\\el-...', 35, Array)
#1 C:\wamp\www\el-rowad\system\CodeIgniter.php(914): App\Controllers\Careers->index()
#2 C:\wamp\www\el-rowad\system\CodeIgniter.php(400): CodeIgniter\CodeIgniter->runController(Object(App\Controllers\Careers))
#3 C:\wamp\www\el-rowad\system\CodeIgniter.php(308): CodeIgniter\CodeIgniter->handleRequest(NULL, Object(Config\Cache), false)
#4 C:\wamp\www\el-rowad\public\index.php(45): CodeIgniter\CodeIgniter->run()
#5 C:\wamp\www\el-rowad\system\Commands\Server\rewrite.php(34): require_once('C:\\wamp\\www\\el-...')
#6 {main}
CRITICAL - 2020-06-29 19:10:32 --> Invalid file: career/careers.php
#0 C:\wamp\www\el-rowad\system\View\View.php(228): CodeIgniter\Exceptions\FrameworkException::forInvalidFile('career/careers....')
#1 C:\wamp\www\el-rowad\system\Common.php(1087): CodeIgniter\View\View->render('career/careers', Array, true)
#2 C:\wamp\www\el-rowad\app\Controllers\Careers.php(40): view('career/careers', Array)
#3 C:\wamp\www\el-rowad\system\CodeIgniter.php(914): App\Controllers\Careers->index()
#4 C:\wamp\www\el-rowad\system\CodeIgniter.php(400): CodeIgniter\CodeIgniter->runController(Object(App\Controllers\Careers))
#5 C:\wamp\www\el-rowad\system\CodeIgniter.php(308): CodeIgniter\CodeIgniter->handleRequest(NULL, Object(Config\Cache), false)
#6 C:\wamp\www\el-rowad\public\index.php(45): CodeIgniter\CodeIgniter->run()
#7 C:\wamp\www\el-rowad\system\Commands\Server\rewrite.php(34): require_once('C:\\wamp\\www\\el-...')
#8 {main}
CRITICAL - 2020-06-29 19:10:49 --> Invalid file: career/careers.php
#0 C:\wamp\www\el-rowad\system\View\View.php(228): CodeIgniter\Exceptions\FrameworkException::forInvalidFile('career/careers....')
#1 C:\wamp\www\el-rowad\system\Common.php(1087): CodeIgniter\View\View->render('career/careers', Array, true)
#2 C:\wamp\www\el-rowad\app\Controllers\Careers.php(40): view('career/careers', Array)
#3 C:\wamp\www\el-rowad\system\CodeIgniter.php(914): App\Controllers\Careers->index()
#4 C:\wamp\www\el-rowad\system\CodeIgniter.php(400): CodeIgniter\CodeIgniter->runController(Object(App\Controllers\Careers))
#5 C:\wamp\www\el-rowad\system\CodeIgniter.php(308): CodeIgniter\CodeIgniter->handleRequest(NULL, Object(Config\Cache), false)
#6 C:\wamp\www\el-rowad\public\index.php(45): CodeIgniter\CodeIgniter->run()
#7 C:\wamp\www\el-rowad\system\Commands\Server\rewrite.php(34): require_once('C:\\wamp\\www\\el-...')
#8 {main}
CRITICAL - 2020-06-29 19:10:50 --> Invalid file: career/careers.php
#0 C:\wamp\www\el-rowad\system\View\View.php(228): CodeIgniter\Exceptions\FrameworkException::forInvalidFile('career/careers....')
#1 C:\wamp\www\el-rowad\system\Common.php(1087): CodeIgniter\View\View->render('career/careers', Array, true)
#2 C:\wamp\www\el-rowad\app\Controllers\Careers.php(40): view('career/careers', Array)
#3 C:\wamp\www\el-rowad\system\CodeIgniter.php(914): App\Controllers\Careers->index()
#4 C:\wamp\www\el-rowad\system\CodeIgniter.php(400): CodeIgniter\CodeIgniter->runController(Object(App\Controllers\Careers))
#5 C:\wamp\www\el-rowad\system\CodeIgniter.php(308): CodeIgniter\CodeIgniter->handleRequest(NULL, Object(Config\Cache), false)
#6 C:\wamp\www\el-rowad\public\index.php(45): CodeIgniter\CodeIgniter->run()
#7 C:\wamp\www\el-rowad\system\Commands\Server\rewrite.php(34): require_once('C:\\wamp\\www\\el-...')
#8 {main}
CRITICAL - 2020-06-29 19:10:50 --> Invalid file: career/careers.php
#0 C:\wamp\www\el-rowad\system\View\View.php(228): CodeIgniter\Exceptions\FrameworkException::forInvalidFile('career/careers....')
#1 C:\wamp\www\el-rowad\system\Common.php(1087): CodeIgniter\View\View->render('career/careers', Array, true)
#2 C:\wamp\www\el-rowad\app\Controllers\Careers.php(40): view('career/careers', Array)
#3 C:\wamp\www\el-rowad\system\CodeIgniter.php(914): App\Controllers\Careers->index()
#4 C:\wamp\www\el-rowad\system\CodeIgniter.php(400): CodeIgniter\CodeIgniter->runController(Object(App\Controllers\Careers))
#5 C:\wamp\www\el-rowad\system\CodeIgniter.php(308): CodeIgniter\CodeIgniter->handleRequest(NULL, Object(Config\Cache), false)
#6 C:\wamp\www\el-rowad\public\index.php(45): CodeIgniter\CodeIgniter->run()
#7 C:\wamp\www\el-rowad\system\Commands\Server\rewrite.php(34): require_once('C:\\wamp\\www\\el-...')
#8 {main}
CRITICAL - 2020-06-29 19:10:50 --> Invalid file: career/careers.php
#0 C:\wamp\www\el-rowad\system\View\View.php(228): CodeIgniter\Exceptions\FrameworkException::forInvalidFile('career/careers....')
#1 C:\wamp\www\el-rowad\system\Common.php(1087): CodeIgniter\View\View->render('career/careers', Array, true)
#2 C:\wamp\www\el-rowad\app\Controllers\Careers.php(40): view('career/careers', Array)
#3 C:\wamp\www\el-rowad\system\CodeIgniter.php(914): App\Controllers\Careers->index()
#4 C:\wamp\www\el-rowad\system\CodeIgniter.php(400): CodeIgniter\CodeIgniter->runController(Object(App\Controllers\Careers))
#5 C:\wamp\www\el-rowad\system\CodeIgniter.php(308): CodeIgniter\CodeIgniter->handleRequest(NULL, Object(Config\Cache), false)
#6 C:\wamp\www\el-rowad\public\index.php(45): CodeIgniter\CodeIgniter->run()
#7 C:\wamp\www\el-rowad\system\Commands\Server\rewrite.php(34): require_once('C:\\wamp\\www\\el-...')
#8 {main}
CRITICAL - 2020-06-29 19:10:50 --> Invalid file: career/careers.php
#0 C:\wamp\www\el-rowad\system\View\View.php(228): CodeIgniter\Exceptions\FrameworkException::forInvalidFile('career/careers....')
#1 C:\wamp\www\el-rowad\system\Common.php(1087): CodeIgniter\View\View->render('career/careers', Array, true)
#2 C:\wamp\www\el-rowad\app\Controllers\Careers.php(40): view('career/careers', Array)
#3 C:\wamp\www\el-rowad\system\CodeIgniter.php(914): App\Controllers\Careers->index()
#4 C:\wamp\www\el-rowad\system\CodeIgniter.php(400): CodeIgniter\CodeIgniter->runController(Object(App\Controllers\Careers))
#5 C:\wamp\www\el-rowad\system\CodeIgniter.php(308): CodeIgniter\CodeIgniter->handleRequest(NULL, Object(Config\Cache), false)
#6 C:\wamp\www\el-rowad\public\index.php(45): CodeIgniter\CodeIgniter->run()
#7 C:\wamp\www\el-rowad\system\Commands\Server\rewrite.php(34): require_once('C:\\wamp\\www\\el-...')
#8 {main}
CRITICAL - 2020-06-29 19:10:50 --> Invalid file: career/careers.php
#0 C:\wamp\www\el-rowad\system\View\View.php(228): CodeIgniter\Exceptions\FrameworkException::forInvalidFile('career/careers....')
#1 C:\wamp\www\el-rowad\system\Common.php(1087): CodeIgniter\View\View->render('career/careers', Array, true)
#2 C:\wamp\www\el-rowad\app\Controllers\Careers.php(40): view('career/careers', Array)
#3 C:\wamp\www\el-rowad\system\CodeIgniter.php(914): App\Controllers\Careers->index()
#4 C:\wamp\www\el-rowad\system\CodeIgniter.php(400): CodeIgniter\CodeIgniter->runController(Object(App\Controllers\Careers))
#5 C:\wamp\www\el-rowad\system\CodeIgniter.php(308): CodeIgniter\CodeIgniter->handleRequest(NULL, Object(Config\Cache), false)
#6 C:\wamp\www\el-rowad\public\index.php(45): CodeIgniter\CodeIgniter->run()
#7 C:\wamp\www\el-rowad\system\Commands\Server\rewrite.php(34): require_once('C:\\wamp\\www\\el-...')
#8 {main}
CRITICAL - 2020-06-29 19:10:50 --> Invalid file: career/careers.php
#0 C:\wamp\www\el-rowad\system\View\View.php(228): CodeIgniter\Exceptions\FrameworkException::forInvalidFile('career/careers....')
#1 C:\wamp\www\el-rowad\system\Common.php(1087): CodeIgniter\View\View->render('career/careers', Array, true)
#2 C:\wamp\www\el-rowad\app\Controllers\Careers.php(40): view('career/careers', Array)
#3 C:\wamp\www\el-rowad\system\CodeIgniter.php(914): App\Controllers\Careers->index()
#4 C:\wamp\www\el-rowad\system\CodeIgniter.php(400): CodeIgniter\CodeIgniter->runController(Object(App\Controllers\Careers))
#5 C:\wamp\www\el-rowad\system\CodeIgniter.php(308): CodeIgniter\CodeIgniter->handleRequest(NULL, Object(Config\Cache), false)
#6 C:\wamp\www\el-rowad\public\index.php(45): CodeIgniter\CodeIgniter->run()
#7 C:\wamp\www\el-rowad\system\Commands\Server\rewrite.php(34): require_once('C:\\wamp\\www\\el-...')
#8 {main}
CRITICAL - 2020-06-29 19:11:26 --> Invalid file: career/careers.php
#0 C:\wamp\www\el-rowad\system\View\View.php(228): CodeIgniter\Exceptions\FrameworkException::forInvalidFile('career/careers....')
#1 C:\wamp\www\el-rowad\system\Common.php(1087): CodeIgniter\View\View->render('career/careers', Array, true)
#2 C:\wamp\www\el-rowad\app\Controllers\Careers.php(41): view('career/careers', Array)
#3 C:\wamp\www\el-rowad\system\CodeIgniter.php(914): App\Controllers\Careers->index()
#4 C:\wamp\www\el-rowad\system\CodeIgniter.php(400): CodeIgniter\CodeIgniter->runController(Object(App\Controllers\Careers))
#5 C:\wamp\www\el-rowad\system\CodeIgniter.php(308): CodeIgniter\CodeIgniter->handleRequest(NULL, Object(Config\Cache), false)
#6 C:\wamp\www\el-rowad\public\index.php(45): CodeIgniter\CodeIgniter->run()
#7 C:\wamp\www\el-rowad\system\Commands\Server\rewrite.php(34): require_once('C:\\wamp\\www\\el-...')
#8 {main}
CRITICAL - 2020-06-29 19:11:28 --> Invalid file: careers/careers.php
#0 C:\wamp\www\el-rowad\system\View\View.php(228): CodeIgniter\Exceptions\FrameworkException::forInvalidFile('careers/careers...')
#1 C:\wamp\www\el-rowad\system\Common.php(1087): CodeIgniter\View\View->render('careers/careers', Array, true)
#2 C:\wamp\www\el-rowad\app\Controllers\Careers.php(41): view('careers/careers', Array)
#3 C:\wamp\www\el-rowad\system\CodeIgniter.php(914): App\Controllers\Careers->index()
#4 C:\wamp\www\el-rowad\system\CodeIgniter.php(400): CodeIgniter\CodeIgniter->runController(Object(App\Controllers\Careers))
#5 C:\wamp\www\el-rowad\system\CodeIgniter.php(308): CodeIgniter\CodeIgniter->handleRequest(NULL, Object(Config\Cache), false)
#6 C:\wamp\www\el-rowad\public\index.php(45): CodeIgniter\CodeIgniter->run()
#7 C:\wamp\www\el-rowad\system\Commands\Server\rewrite.php(34): require_once('C:\\wamp\\www\\el-...')
#8 {main}
CRITICAL - 2020-06-29 19:12:01 --> Invalid file: careers/careers.php
#0 C:\wamp\www\el-rowad\system\View\View.php(228): CodeIgniter\Exceptions\FrameworkException::forInvalidFile('careers/careers...')
#1 C:\wamp\www\el-rowad\system\Common.php(1087): CodeIgniter\View\View->render('careers/careers', Array, true)
#2 C:\wamp\www\el-rowad\app\Controllers\Careers.php(41): view('careers/careers', Array)
#3 C:\wamp\www\el-rowad\system\CodeIgniter.php(914): App\Controllers\Careers->index()
#4 C:\wamp\www\el-rowad\system\CodeIgniter.php(400): CodeIgniter\CodeIgniter->runController(Object(App\Controllers\Careers))
#5 C:\wamp\www\el-rowad\system\CodeIgniter.php(308): CodeIgniter\CodeIgniter->handleRequest(NULL, Object(Config\Cache), false)
#6 C:\wamp\www\el-rowad\public\index.php(45): CodeIgniter\CodeIgniter->run()
#7 C:\wamp\www\el-rowad\system\Commands\Server\rewrite.php(34): require_once('C:\\wamp\\www\\el-...')
#8 {main}
CRITICAL - 2020-06-29 19:12:03 --> Invalid file: careers/careers.php
#0 C:\wamp\www\el-rowad\system\View\View.php(228): CodeIgniter\Exceptions\FrameworkException::forInvalidFile('careers/careers...')
#1 C:\wamp\www\el-rowad\system\Common.php(1087): CodeIgniter\View\View->render('careers/careers', Array, true)
#2 C:\wamp\www\el-rowad\app\Controllers\Careers.php(41): view('careers/careers', Array)
#3 C:\wamp\www\el-rowad\system\CodeIgniter.php(914): App\Controllers\Careers->index()
#4 C:\wamp\www\el-rowad\system\CodeIgniter.php(400): CodeIgniter\CodeIgniter->runController(Object(App\Controllers\Careers))
#5 C:\wamp\www\el-rowad\system\CodeIgniter.php(308): CodeIgniter\CodeIgniter->handleRequest(NULL, Object(Config\Cache), false)
#6 C:\wamp\www\el-rowad\public\index.php(45): CodeIgniter\CodeIgniter->run()
#7 C:\wamp\www\el-rowad\system\Commands\Server\rewrite.php(34): require_once('C:\\wamp\\www\\el-...')
#8 {main}
CRITICAL - 2020-06-29 19:12:03 --> Invalid file: careers/careers.php
#0 C:\wamp\www\el-rowad\system\View\View.php(228): CodeIgniter\Exceptions\FrameworkException::forInvalidFile('careers/careers...')
#1 C:\wamp\www\el-rowad\system\Common.php(1087): CodeIgniter\View\View->render('careers/careers', Array, true)
#2 C:\wamp\www\el-rowad\app\Controllers\Careers.php(41): view('careers/careers', Array)
#3 C:\wamp\www\el-rowad\system\CodeIgniter.php(914): App\Controllers\Careers->index()
#4 C:\wamp\www\el-rowad\system\CodeIgniter.php(400): CodeIgniter\CodeIgniter->runController(Object(App\Controllers\Careers))
#5 C:\wamp\www\el-rowad\system\CodeIgniter.php(308): CodeIgniter\CodeIgniter->handleRequest(NULL, Object(Config\Cache), false)
#6 C:\wamp\www\el-rowad\public\index.php(45): CodeIgniter\CodeIgniter->run()
#7 C:\wamp\www\el-rowad\system\Commands\Server\rewrite.php(34): require_once('C:\\wamp\\www\\el-...')
#8 {main}
CRITICAL - 2020-06-29 19:12:04 --> Invalid file: careers/careers.php
#0 C:\wamp\www\el-rowad\system\View\View.php(228): CodeIgniter\Exceptions\FrameworkException::forInvalidFile('careers/careers...')
#1 C:\wamp\www\el-rowad\system\Common.php(1087): CodeIgniter\View\View->render('careers/careers', Array, true)
#2 C:\wamp\www\el-rowad\app\Controllers\Careers.php(41): view('careers/careers', Array)
#3 C:\wamp\www\el-rowad\system\CodeIgniter.php(914): App\Controllers\Careers->index()
#4 C:\wamp\www\el-rowad\system\CodeIgniter.php(400): CodeIgniter\CodeIgniter->runController(Object(App\Controllers\Careers))
#5 C:\wamp\www\el-rowad\system\CodeIgniter.php(308): CodeIgniter\CodeIgniter->handleRequest(NULL, Object(Config\Cache), false)
#6 C:\wamp\www\el-rowad\public\index.php(45): CodeIgniter\CodeIgniter->run()
#7 C:\wamp\www\el-rowad\system\Commands\Server\rewrite.php(34): require_once('C:\\wamp\\www\\el-...')
#8 {main}
CRITICAL - 2020-06-29 19:12:04 --> Invalid file: careers/careers.php
#0 C:\wamp\www\el-rowad\system\View\View.php(228): CodeIgniter\Exceptions\FrameworkException::forInvalidFile('careers/careers...')
#1 C:\wamp\www\el-rowad\system\Common.php(1087): CodeIgniter\View\View->render('careers/careers', Array, true)
#2 C:\wamp\www\el-rowad\app\Controllers\Careers.php(41): view('careers/careers', Array)
#3 C:\wamp\www\el-rowad\system\CodeIgniter.php(914): App\Controllers\Careers->index()
#4 C:\wamp\www\el-rowad\system\CodeIgniter.php(400): CodeIgniter\CodeIgniter->runController(Object(App\Controllers\Careers))
#5 C:\wamp\www\el-rowad\system\CodeIgniter.php(308): CodeIgniter\CodeIgniter->handleRequest(NULL, Object(Config\Cache), false)
#6 C:\wamp\www\el-rowad\public\index.php(45): CodeIgniter\CodeIgniter->run()
#7 C:\wamp\www\el-rowad\system\Commands\Server\rewrite.php(34): require_once('C:\\wamp\\www\\el-...')
#8 {main}
CRITICAL - 2020-06-29 19:12:04 --> Invalid file: careers/careers.php
#0 C:\wamp\www\el-rowad\system\View\View.php(228): CodeIgniter\Exceptions\FrameworkException::forInvalidFile('careers/careers...')
#1 C:\wamp\www\el-rowad\system\Common.php(1087): CodeIgniter\View\View->render('careers/careers', Array, true)
#2 C:\wamp\www\el-rowad\app\Controllers\Careers.php(41): view('careers/careers', Array)
#3 C:\wamp\www\el-rowad\system\CodeIgniter.php(914): App\Controllers\Careers->index()
#4 C:\wamp\www\el-rowad\system\CodeIgniter.php(400): CodeIgniter\CodeIgniter->runController(Object(App\Controllers\Careers))
#5 C:\wamp\www\el-rowad\system\CodeIgniter.php(308): CodeIgniter\CodeIgniter->handleRequest(NULL, Object(Config\Cache), false)
#6 C:\wamp\www\el-rowad\public\index.php(45): CodeIgniter\CodeIgniter->run()
#7 C:\wamp\www\el-rowad\system\Commands\Server\rewrite.php(34): require_once('C:\\wamp\\www\\el-...')
#8 {main}
CRITICAL - 2020-06-29 20:26:22 --> count(): Parameter must be an array or an object that implements Countable
#0 C:\wamp\www\el-rowad\app\Views\layout\menu.php(23): CodeIgniter\Debug\Exceptions->errorHandler(2, 'count(): Parame...', 'C:\\wamp\\www\\el-...', 23, Array)
#1 C:\wamp\www\el-rowad\system\View\View.php(246): include('C:\\wamp\\www\\el-...')
#2 C:\wamp\www\el-rowad\system\Common.php(1087): CodeIgniter\View\View->render('layout/menu', Array, true)
#3 C:\wamp\www\el-rowad\app\Views\layout\header.php(183): view('layout/menu')
#4 C:\wamp\www\el-rowad\system\View\View.php(246): include('C:\\wamp\\www\\el-...')
#5 C:\wamp\www\el-rowad\system\Common.php(1087): CodeIgniter\View\View->render('layout/header', Array, true)
#6 C:\wamp\www\el-rowad\app\Views\home.php(2): view('layout/header')
#7 C:\wamp\www\el-rowad\system\View\View.php(246): include('C:\\wamp\\www\\el-...')
#8 C:\wamp\www\el-rowad\system\Common.php(1087): CodeIgniter\View\View->render('home', Array, true)
#9 C:\wamp\www\el-rowad\app\Controllers\Home.php(24): view('home', Array)
#10 C:\wamp\www\el-rowad\system\CodeIgniter.php(914): App\Controllers\Home->index('$1')
#11 C:\wamp\www\el-rowad\system\CodeIgniter.php(400): CodeIgniter\CodeIgniter->runController(Object(App\Controllers\Home))
#12 C:\wamp\www\el-rowad\system\CodeIgniter.php(308): CodeIgniter\CodeIgniter->handleRequest(NULL, Object(Config\Cache), false)
#13 C:\wamp\www\el-rowad\public\index.php(45): CodeIgniter\CodeIgniter->run()
#14 C:\wamp\www\el-rowad\system\Commands\Server\rewrite.php(34): require_once('C:\\wamp\\www\\el-...')
#15 {main}
CRITICAL - 2020-06-29 20:30:30 --> Object of class App\Models\ProjectsModel could not be converted to string
#0 C:\wamp\www\el-rowad\app\Views\layout\menu.php(23): CodeIgniter\Debug\Exceptions->errorHandler(4096, 'Object of class...', 'C:\\wamp\\www\\el-...', 23, Array)
#1 C:\wamp\www\el-rowad\system\View\View.php(246): include('C:\\wamp\\www\\el-...')
#2 C:\wamp\www\el-rowad\system\Common.php(1087): CodeIgniter\View\View->render('layout/menu', Array, true)
#3 C:\wamp\www\el-rowad\app\Views\layout\header.php(183): view('layout/menu')
#4 C:\wamp\www\el-rowad\system\View\View.php(246): include('C:\\wamp\\www\\el-...')
#5 C:\wamp\www\el-rowad\system\Common.php(1087): CodeIgniter\View\View->render('layout/header', Array, true)
#6 C:\wamp\www\el-rowad\app\Views\home.php(2): view('layout/header')
#7 C:\wamp\www\el-rowad\system\View\View.php(246): include('C:\\wamp\\www\\el-...')
#8 C:\wamp\www\el-rowad\system\Common.php(1087): CodeIgniter\View\View->render('home', Array, true)
#9 C:\wamp\www\el-rowad\app\Controllers\Home.php(24): view('home', Array)
#10 C:\wamp\www\el-rowad\system\CodeIgniter.php(914): App\Controllers\Home->index('$1')
#11 C:\wamp\www\el-rowad\system\CodeIgniter.php(400): CodeIgniter\CodeIgniter->runController(Object(App\Controllers\Home))
#12 C:\wamp\www\el-rowad\system\CodeIgniter.php(308): CodeIgniter\CodeIgniter->handleRequest(NULL, Object(Config\Cache), false)
#13 C:\wamp\www\el-rowad\public\index.php(45): CodeIgniter\CodeIgniter->run()
#14 C:\wamp\www\el-rowad\system\Commands\Server\rewrite.php(34): require_once('C:\\wamp\\www\\el-...')
#15 {main}
CRITICAL - 2020-06-29 20:31:50 --> Class 'ProjectsModel' not found
#0 C:\wamp\www\el-rowad\system\View\View.php(246): include()
#1 C:\wamp\www\el-rowad\system\Common.php(1087): CodeIgniter\View\View->render('layout/menu', Array, true)
#2 C:\wamp\www\el-rowad\app\Views\layout\header.php(183): view('layout/menu')
#3 C:\wamp\www\el-rowad\system\View\View.php(246): include('C:\\wamp\\www\\el-...')
#4 C:\wamp\www\el-rowad\system\Common.php(1087): CodeIgniter\View\View->render('layout/header', Array, true)
#5 C:\wamp\www\el-rowad\app\Views\home.php(2): view('layout/header')
#6 C:\wamp\www\el-rowad\system\View\View.php(246): include('C:\\wamp\\www\\el-...')
#7 C:\wamp\www\el-rowad\system\Common.php(1087): CodeIgniter\View\View->render('home', Array, true)
#8 C:\wamp\www\el-rowad\app\Controllers\Home.php(24): view('home', Array)
#9 C:\wamp\www\el-rowad\system\CodeIgniter.php(914): App\Controllers\Home->index('$1')
#10 C:\wamp\www\el-rowad\system\CodeIgniter.php(400): CodeIgniter\CodeIgniter->runController(Object(App\Controllers\Home))
#11 C:\wamp\www\el-rowad\system\CodeIgniter.php(308): CodeIgniter\CodeIgniter->handleRequest(NULL, Object(Config\Cache), false)
#12 C:\wamp\www\el-rowad\public\index.php(45): CodeIgniter\CodeIgniter->run()
#13 C:\wamp\www\el-rowad\system\Commands\Server\rewrite.php(34): require_once('C:\\wamp\\www\\el-...')
#14 {main}
CRITICAL - 2020-06-29 20:34:25 --> Cannot use object of type CodeIgniter\Database\MySQLi\Connection as array
#0 C:\wamp\www\el-rowad\system\View\View.php(246): include()
#1 C:\wamp\www\el-rowad\system\Common.php(1087): CodeIgniter\View\View->render('layout/menu', Array, true)
#2 C:\wamp\www\el-rowad\app\Views\layout\header.php(183): view('layout/menu')
#3 C:\wamp\www\el-rowad\system\View\View.php(246): include('C:\\wamp\\www\\el-...')
#4 C:\wamp\www\el-rowad\system\Common.php(1087): CodeIgniter\View\View->render('layout/header', Array, true)
#5 C:\wamp\www\el-rowad\app\Views\home.php(2): view('layout/header')
#6 C:\wamp\www\el-rowad\system\View\View.php(246): include('C:\\wamp\\www\\el-...')
#7 C:\wamp\www\el-rowad\system\Common.php(1087): CodeIgniter\View\View->render('home', Array, true)
#8 C:\wamp\www\el-rowad\app\Controllers\Home.php(24): view('home', Array)
#9 C:\wamp\www\el-rowad\system\CodeIgniter.php(914): App\Controllers\Home->index('$1')
#10 C:\wamp\www\el-rowad\system\CodeIgniter.php(400): CodeIgniter\CodeIgniter->runController(Object(App\Controllers\Home))
#11 C:\wamp\www\el-rowad\system\CodeIgniter.php(308): CodeIgniter\CodeIgniter->handleRequest(NULL, Object(Config\Cache), false)
#12 C:\wamp\www\el-rowad\public\index.php(45): CodeIgniter\CodeIgniter->run()
#13 C:\wamp\www\el-rowad\system\Commands\Server\rewrite.php(34): require_once('C:\\wamp\\www\\el-...')
#14 {main}
CRITICAL - 2020-06-29 20:34:55 --> Cannot use object of type CodeIgniter\Database\MySQLi\Connection as array
#0 C:\wamp\www\el-rowad\system\View\View.php(246): include()
#1 C:\wamp\www\el-rowad\system\Common.php(1087): CodeIgniter\View\View->render('layout/menu', Array, true)
#2 C:\wamp\www\el-rowad\app\Views\layout\header.php(183): view('layout/menu')
#3 C:\wamp\www\el-rowad\system\View\View.php(246): include('C:\\wamp\\www\\el-...')
#4 C:\wamp\www\el-rowad\system\Common.php(1087): CodeIgniter\View\View->render('layout/header', Array, true)
#5 C:\wamp\www\el-rowad\app\Views\home.php(2): view('layout/header')
#6 C:\wamp\www\el-rowad\system\View\View.php(246): include('C:\\wamp\\www\\el-...')
#7 C:\wamp\www\el-rowad\system\Common.php(1087): CodeIgniter\View\View->render('home', Array, true)
#8 C:\wamp\www\el-rowad\app\Controllers\Home.php(24): view('home', Array)
#9 C:\wamp\www\el-rowad\system\CodeIgniter.php(914): App\Controllers\Home->index('$1')
#10 C:\wamp\www\el-rowad\system\CodeIgniter.php(400): CodeIgniter\CodeIgniter->runController(Object(App\Controllers\Home))
#11 C:\wamp\www\el-rowad\system\CodeIgniter.php(308): CodeIgniter\CodeIgniter->handleRequest(NULL, Object(Config\Cache), false)
#12 C:\wamp\www\el-rowad\public\index.php(45): CodeIgniter\CodeIgniter->run()
#13 C:\wamp\www\el-rowad\system\Commands\Server\rewrite.php(34): require_once('C:\\wamp\\www\\el-...')
#14 {main}
CRITICAL - 2020-06-29 20:37:32 --> Array to string conversion
#0 C:\wamp\www\el-rowad\app\Models\ProjectsModel.php(42): CodeIgniter\Debug\Exceptions->errorHandler(8, 'Array to string...', 'C:\\wamp\\www\\el-...', 42, Array)
#1 C:\wamp\www\el-rowad\app\Views\layout\menu.php(22): App\Models\ProjectsModel->get_sections()
#2 C:\wamp\www\el-rowad\system\View\View.php(246): include('C:\\wamp\\www\\el-...')
#3 C:\wamp\www\el-rowad\system\Common.php(1087): CodeIgniter\View\View->render('layout/menu', Array, true)
#4 C:\wamp\www\el-rowad\app\Views\layout\header.php(183): view('layout/menu')
#5 C:\wamp\www\el-rowad\system\View\View.php(246): include('C:\\wamp\\www\\el-...')
#6 C:\wamp\www\el-rowad\system\Common.php(1087): CodeIgniter\View\View->render('layout/header', Array, true)
#7 C:\wamp\www\el-rowad\app\Views\home.php(2): view('layout/header')
#8 C:\wamp\www\el-rowad\system\View\View.php(246): include('C:\\wamp\\www\\el-...')
#9 C:\wamp\www\el-rowad\system\Common.php(1087): CodeIgniter\View\View->render('home', Array, true)
#10 C:\wamp\www\el-rowad\app\Controllers\Home.php(24): view('home', Array)
#11 C:\wamp\www\el-rowad\system\CodeIgniter.php(914): App\Controllers\Home->index('$1')
#12 C:\wamp\www\el-rowad\system\CodeIgniter.php(400): CodeIgniter\CodeIgniter->runController(Object(App\Controllers\Home))
#13 C:\wamp\www\el-rowad\system\CodeIgniter.php(308): CodeIgniter\CodeIgniter->handleRequest(NULL, Object(Config\Cache), false)
#14 C:\wamp\www\el-rowad\public\index.php(45): CodeIgniter\CodeIgniter->run()
#15 C:\wamp\www\el-rowad\system\Commands\Server\rewrite.php(34): require_once('C:\\wamp\\www\\el-...')
#16 {main}
CRITICAL - 2020-06-29 20:41:26 --> Cannot use object of type CodeIgniter\Database\MySQLi\Connection as array
#0 C:\wamp\www\el-rowad\system\View\View.php(246): include()
#1 C:\wamp\www\el-rowad\system\Common.php(1087): CodeIgniter\View\View->render('layout/menu', Array, true)
#2 C:\wamp\www\el-rowad\app\Views\layout\header.php(183): view('layout/menu')
#3 C:\wamp\www\el-rowad\system\View\View.php(246): include('C:\\wamp\\www\\el-...')
#4 C:\wamp\www\el-rowad\system\Common.php(1087): CodeIgniter\View\View->render('layout/header', Array, true)
#5 C:\wamp\www\el-rowad\app\Views\home.php(2): view('layout/header')
#6 C:\wamp\www\el-rowad\system\View\View.php(246): include('C:\\wamp\\www\\el-...')
#7 C:\wamp\www\el-rowad\system\Common.php(1087): CodeIgniter\View\View->render('home', Array, true)
#8 C:\wamp\www\el-rowad\app\Controllers\Home.php(24): view('home', Array)
#9 C:\wamp\www\el-rowad\system\CodeIgniter.php(914): App\Controllers\Home->index('$1')
#10 C:\wamp\www\el-rowad\system\CodeIgniter.php(400): CodeIgniter\CodeIgniter->runController(Object(App\Controllers\Home))
#11 C:\wamp\www\el-rowad\system\CodeIgniter.php(308): CodeIgniter\CodeIgniter->handleRequest(NULL, Object(Config\Cache), false)
#12 C:\wamp\www\el-rowad\public\index.php(45): CodeIgniter\CodeIgniter->run()
#13 C:\wamp\www\el-rowad\system\Commands\Server\rewrite.php(34): require_once('C:\\wamp\\www\\el-...')
#14 {main}
CRITICAL - 2020-06-29 20:41:34 --> Access level to App\Models\ProjectsModel::$db must be protected (as in class CodeIgniter\Model) or weaker
#0 [internal function]: CodeIgniter\Debug\Exceptions->shutdownHandler()
#1 {main}
CRITICAL - 2020-06-29 20:44:03 --> Undefined variable: sections
#0 C:\wamp\www\el-rowad\app\Views\layout\menu.php(22): CodeIgniter\Debug\Exceptions->errorHandler(8, 'Undefined varia...', 'C:\\wamp\\www\\el-...', 22, Array)
#1 C:\wamp\www\el-rowad\system\View\View.php(246): include('C:\\wamp\\www\\el-...')
#2 C:\wamp\www\el-rowad\system\Common.php(1087): CodeIgniter\View\View->render('layout/menu', Array, true)
#3 C:\wamp\www\el-rowad\app\Views\layout\header.php(183): view('layout/menu')
#4 C:\wamp\www\el-rowad\system\View\View.php(246): include('C:\\wamp\\www\\el-...')
#5 C:\wamp\www\el-rowad\system\Common.php(1087): CodeIgniter\View\View->render('layout/header', Array, true)
#6 C:\wamp\www\el-rowad\app\Views\home.php(2): view('layout/header')
#7 C:\wamp\www\el-rowad\system\View\View.php(246): include('C:\\wamp\\www\\el-...')
#8 C:\wamp\www\el-rowad\system\Common.php(1087): CodeIgniter\View\View->render('home', Array, true)
#9 C:\wamp\www\el-rowad\app\Controllers\Home.php(24): view('home', Array)
#10 C:\wamp\www\el-rowad\system\CodeIgniter.php(914): App\Controllers\Home->index('$1')
#11 C:\wamp\www\el-rowad\system\CodeIgniter.php(400): CodeIgniter\CodeIgniter->runController(Object(App\Controllers\Home))
#12 C:\wamp\www\el-rowad\system\CodeIgniter.php(308): CodeIgniter\CodeIgniter->handleRequest(NULL, Object(Config\Cache), false)
#13 C:\wamp\www\el-rowad\public\index.php(45): CodeIgniter\CodeIgniter->run()
#14 C:\wamp\www\el-rowad\system\Commands\Server\rewrite.php(34): require_once('C:\\wamp\\www\\el-...')
#15 {main}
CRITICAL - 2020-06-29 20:44:31 --> Undefined variable: sections
#0 C:\wamp\www\el-rowad\app\Views\layout\menu.php(22): CodeIgniter\Debug\Exceptions->errorHandler(8, 'Undefined varia...', 'C:\\wamp\\www\\el-...', 22, Array)
#1 C:\wamp\www\el-rowad\system\View\View.php(246): include('C:\\wamp\\www\\el-...')
#2 C:\wamp\www\el-rowad\system\Common.php(1087): CodeIgniter\View\View->render('layout/menu', Array, true)
#3 C:\wamp\www\el-rowad\app\Views\layout\header.php(183): view('layout/menu')
#4 C:\wamp\www\el-rowad\system\View\View.php(246): include('C:\\wamp\\www\\el-...')
#5 C:\wamp\www\el-rowad\system\Common.php(1087): CodeIgniter\View\View->render('layout/header', Array, true)
#6 C:\wamp\www\el-rowad\app\Views\home.php(2): view('layout/header')
#7 C:\wamp\www\el-rowad\system\View\View.php(246): include('C:\\wamp\\www\\el-...')
#8 C:\wamp\www\el-rowad\system\Common.php(1087): CodeIgniter\View\View->render('home', Array, true)
#9 C:\wamp\www\el-rowad\app\Controllers\Home.php(24): view('home', Array)
#10 C:\wamp\www\el-rowad\system\CodeIgniter.php(914): App\Controllers\Home->index('$1')
#11 C:\wamp\www\el-rowad\system\CodeIgniter.php(400): CodeIgniter\CodeIgniter->runController(Object(App\Controllers\Home))
#12 C:\wamp\www\el-rowad\system\CodeIgniter.php(308): CodeIgniter\CodeIgniter->handleRequest(NULL, Object(Config\Cache), false)
#13 C:\wamp\www\el-rowad\public\index.php(45): CodeIgniter\CodeIgniter->run()
#14 C:\wamp\www\el-rowad\system\Commands\Server\rewrite.php(34): require_once('C:\\wamp\\www\\el-...')
#15 {main}
CRITICAL - 2020-06-29 20:44:32 --> Undefined variable: sections
#0 C:\wamp\www\el-rowad\app\Views\layout\menu.php(22): CodeIgniter\Debug\Exceptions->errorHandler(8, 'Undefined varia...', 'C:\\wamp\\www\\el-...', 22, Array)
#1 C:\wamp\www\el-rowad\system\View\View.php(246): include('C:\\wamp\\www\\el-...')
#2 C:\wamp\www\el-rowad\system\Common.php(1087): CodeIgniter\View\View->render('layout/menu', Array, true)
#3 C:\wamp\www\el-rowad\app\Views\layout\header.php(183): view('layout/menu')
#4 C:\wamp\www\el-rowad\system\View\View.php(246): include('C:\\wamp\\www\\el-...')
#5 C:\wamp\www\el-rowad\system\Common.php(1087): CodeIgniter\View\View->render('layout/header', Array, true)
#6 C:\wamp\www\el-rowad\app\Views\home.php(2): view('layout/header')
#7 C:\wamp\www\el-rowad\system\View\View.php(246): include('C:\\wamp\\www\\el-...')
#8 C:\wamp\www\el-rowad\system\Common.php(1087): CodeIgniter\View\View->render('home', Array, true)
#9 C:\wamp\www\el-rowad\app\Controllers\Home.php(24): view('home', Array)
#10 C:\wamp\www\el-rowad\system\CodeIgniter.php(914): App\Controllers\Home->index('$1')
#11 C:\wamp\www\el-rowad\system\CodeIgniter.php(400): CodeIgniter\CodeIgniter->runController(Object(App\Controllers\Home))
#12 C:\wamp\www\el-rowad\system\CodeIgniter.php(308): CodeIgniter\CodeIgniter->handleRequest(NULL, Object(Config\Cache), false)
#13 C:\wamp\www\el-rowad\public\index.php(45): CodeIgniter\CodeIgniter->run()
#14 C:\wamp\www\el-rowad\system\Commands\Server\rewrite.php(34): require_once('C:\\wamp\\www\\el-...')
#15 {main}
CRITICAL - 2020-06-29 20:44:33 --> Undefined variable: sections
#0 C:\wamp\www\el-rowad\app\Views\layout\menu.php(22): CodeIgniter\Debug\Exceptions->errorHandler(8, 'Undefined varia...', 'C:\\wamp\\www\\el-...', 22, Array)
#1 C:\wamp\www\el-rowad\system\View\View.php(246): include('C:\\wamp\\www\\el-...')
#2 C:\wamp\www\el-rowad\system\Common.php(1087): CodeIgniter\View\View->render('layout/menu', Array, true)
#3 C:\wamp\www\el-rowad\app\Views\layout\header.php(183): view('layout/menu')
#4 C:\wamp\www\el-rowad\system\View\View.php(246): include('C:\\wamp\\www\\el-...')
#5 C:\wamp\www\el-rowad\system\Common.php(1087): CodeIgniter\View\View->render('layout/header', Array, true)
#6 C:\wamp\www\el-rowad\app\Views\home.php(2): view('layout/header')
#7 C:\wamp\www\el-rowad\system\View\View.php(246): include('C:\\wamp\\www\\el-...')
#8 C:\wamp\www\el-rowad\system\Common.php(1087): CodeIgniter\View\View->render('home', Array, true)
#9 C:\wamp\www\el-rowad\app\Controllers\Home.php(24): view('home', Array)
#10 C:\wamp\www\el-rowad\system\CodeIgniter.php(914): App\Controllers\Home->index('$1')
#11 C:\wamp\www\el-rowad\system\CodeIgniter.php(400): CodeIgniter\CodeIgniter->runController(Object(App\Controllers\Home))
#12 C:\wamp\www\el-rowad\system\CodeIgniter.php(308): CodeIgniter\CodeIgniter->handleRequest(NULL, Object(Config\Cache), false)
#13 C:\wamp\www\el-rowad\public\index.php(45): CodeIgniter\CodeIgniter->run()
#14 C:\wamp\www\el-rowad\system\Commands\Server\rewrite.php(34): require_once('C:\\wamp\\www\\el-...')
#15 {main}
CRITICAL - 2020-06-29 20:44:33 --> Undefined variable: sections
#0 C:\wamp\www\el-rowad\app\Views\layout\menu.php(22): CodeIgniter\Debug\Exceptions->errorHandler(8, 'Undefined varia...', 'C:\\wamp\\www\\el-...', 22, Array)
#1 C:\wamp\www\el-rowad\system\View\View.php(246): include('C:\\wamp\\www\\el-...')
#2 C:\wamp\www\el-rowad\system\Common.php(1087): CodeIgniter\View\View->render('layout/menu', Array, true)
#3 C:\wamp\www\el-rowad\app\Views\layout\header.php(183): view('layout/menu')
#4 C:\wamp\www\el-rowad\system\View\View.php(246): include('C:\\wamp\\www\\el-...')
#5 C:\wamp\www\el-rowad\system\Common.php(1087): CodeIgniter\View\View->render('layout/header', Array, true)
#6 C:\wamp\www\el-rowad\app\Views\home.php(2): view('layout/header')
#7 C:\wamp\www\el-rowad\system\View\View.php(246): include('C:\\wamp\\www\\el-...')
#8 C:\wamp\www\el-rowad\system\Common.php(1087): CodeIgniter\View\View->render('home', Array, true)
#9 C:\wamp\www\el-rowad\app\Controllers\Home.php(24): view('home', Array)
#10 C:\wamp\www\el-rowad\system\CodeIgniter.php(914): App\Controllers\Home->index('$1')
#11 C:\wamp\www\el-rowad\system\CodeIgniter.php(400): CodeIgniter\CodeIgniter->runController(Object(App\Controllers\Home))
#12 C:\wamp\www\el-rowad\system\CodeIgniter.php(308): CodeIgniter\CodeIgniter->handleRequest(NULL, Object(Config\Cache), false)
#13 C:\wamp\www\el-rowad\public\index.php(45): CodeIgniter\CodeIgniter->run()
#14 C:\wamp\www\el-rowad\system\Commands\Server\rewrite.php(34): require_once('C:\\wamp\\www\\el-...')
#15 {main}
CRITICAL - 2020-06-29 20:44:33 --> Undefined variable: sections
#0 C:\wamp\www\el-rowad\app\Views\layout\menu.php(22): CodeIgniter\Debug\Exceptions->errorHandler(8, 'Undefined varia...', 'C:\\wamp\\www\\el-...', 22, Array)
#1 C:\wamp\www\el-rowad\system\View\View.php(246): include('C:\\wamp\\www\\el-...')
#2 C:\wamp\www\el-rowad\system\Common.php(1087): CodeIgniter\View\View->render('layout/menu', Array, true)
#3 C:\wamp\www\el-rowad\app\Views\layout\header.php(183): view('layout/menu')
#4 C:\wamp\www\el-rowad\system\View\View.php(246): include('C:\\wamp\\www\\el-...')
#5 C:\wamp\www\el-rowad\system\Common.php(1087): CodeIgniter\View\View->render('layout/header', Array, true)
#6 C:\wamp\www\el-rowad\app\Views\home.php(2): view('layout/header')
#7 C:\wamp\www\el-rowad\system\View\View.php(246): include('C:\\wamp\\www\\el-...')
#8 C:\wamp\www\el-rowad\system\Common.php(1087): CodeIgniter\View\View->render('home', Array, true)
#9 C:\wamp\www\el-rowad\app\Controllers\Home.php(24): view('home', Array)
#10 C:\wamp\www\el-rowad\system\CodeIgniter.php(914): App\Controllers\Home->index('$1')
#11 C:\wamp\www\el-rowad\system\CodeIgniter.php(400): CodeIgniter\CodeIgniter->runController(Object(App\Controllers\Home))
#12 C:\wamp\www\el-rowad\system\CodeIgniter.php(308): CodeIgniter\CodeIgniter->handleRequest(NULL, Object(Config\Cache), false)
#13 C:\wamp\www\el-rowad\public\index.php(45): CodeIgniter\CodeIgniter->run()
#14 C:\wamp\www\el-rowad\system\Commands\Server\rewrite.php(34): require_once('C:\\wamp\\www\\el-...')
#15 {main}
CRITICAL - 2020-06-29 20:44:33 --> Undefined variable: sections
#0 C:\wamp\www\el-rowad\app\Views\layout\menu.php(22): CodeIgniter\Debug\Exceptions->errorHandler(8, 'Undefined varia...', 'C:\\wamp\\www\\el-...', 22, Array)
#1 C:\wamp\www\el-rowad\system\View\View.php(246): include('C:\\wamp\\www\\el-...')
#2 C:\wamp\www\el-rowad\system\Common.php(1087): CodeIgniter\View\View->render('layout/menu', Array, true)
#3 C:\wamp\www\el-rowad\app\Views\layout\header.php(183): view('layout/menu')
#4 C:\wamp\www\el-rowad\system\View\View.php(246): include('C:\\wamp\\www\\el-...')
#5 C:\wamp\www\el-rowad\system\Common.php(1087): CodeIgniter\View\View->render('layout/header', Array, true)
#6 C:\wamp\www\el-rowad\app\Views\home.php(2): view('layout/header')
#7 C:\wamp\www\el-rowad\system\View\View.php(246): include('C:\\wamp\\www\\el-...')
#8 C:\wamp\www\el-rowad\system\Common.php(1087): CodeIgniter\View\View->render('home', Array, true)
#9 C:\wamp\www\el-rowad\app\Controllers\Home.php(24): view('home', Array)
#10 C:\wamp\www\el-rowad\system\CodeIgniter.php(914): App\Controllers\Home->index('$1')
#11 C:\wamp\www\el-rowad\system\CodeIgniter.php(400): CodeIgniter\CodeIgniter->runController(Object(App\Controllers\Home))
#12 C:\wamp\www\el-rowad\system\CodeIgniter.php(308): CodeIgniter\CodeIgniter->handleRequest(NULL, Object(Config\Cache), false)
#13 C:\wamp\www\el-rowad\public\index.php(45): CodeIgniter\CodeIgniter->run()
#14 C:\wamp\www\el-rowad\system\Commands\Server\rewrite.php(34): require_once('C:\\wamp\\www\\el-...')
#15 {main}
CRITICAL - 2020-06-29 20:44:33 --> Undefined variable: sections
#0 C:\wamp\www\el-rowad\app\Views\layout\menu.php(22): CodeIgniter\Debug\Exceptions->errorHandler(8, 'Undefined varia...', 'C:\\wamp\\www\\el-...', 22, Array)
#1 C:\wamp\www\el-rowad\system\View\View.php(246): include('C:\\wamp\\www\\el-...')
#2 C:\wamp\www\el-rowad\system\Common.php(1087): CodeIgniter\View\View->render('layout/menu', Array, true)
#3 C:\wamp\www\el-rowad\app\Views\layout\header.php(183): view('layout/menu')
#4 C:\wamp\www\el-rowad\system\View\View.php(246): include('C:\\wamp\\www\\el-...')
#5 C:\wamp\www\el-rowad\system\Common.php(1087): CodeIgniter\View\View->render('layout/header', Array, true)
#6 C:\wamp\www\el-rowad\app\Views\home.php(2): view('layout/header')
#7 C:\wamp\www\el-rowad\system\View\View.php(246): include('C:\\wamp\\www\\el-...')
#8 C:\wamp\www\el-rowad\system\Common.php(1087): CodeIgniter\View\View->render('home', Array, true)
#9 C:\wamp\www\el-rowad\app\Controllers\Home.php(24): view('home', Array)
#10 C:\wamp\www\el-rowad\system\CodeIgniter.php(914): App\Controllers\Home->index('$1')
#11 C:\wamp\www\el-rowad\system\CodeIgniter.php(400): CodeIgniter\CodeIgniter->runController(Object(App\Controllers\Home))
#12 C:\wamp\www\el-rowad\system\CodeIgniter.php(308): CodeIgniter\CodeIgniter->handleRequest(NULL, Object(Config\Cache), false)
#13 C:\wamp\www\el-rowad\public\index.php(45): CodeIgniter\CodeIgniter->run()
#14 C:\wamp\www\el-rowad\system\Commands\Server\rewrite.php(34): require_once('C:\\wamp\\www\\el-...')
#15 {main}
CRITICAL - 2020-06-29 20:44:33 --> Undefined variable: sections
#0 C:\wamp\www\el-rowad\app\Views\layout\menu.php(22): CodeIgniter\Debug\Exceptions->errorHandler(8, 'Undefined varia...', 'C:\\wamp\\www\\el-...', 22, Array)
#1 C:\wamp\www\el-rowad\system\View\View.php(246): include('C:\\wamp\\www\\el-...')
#2 C:\wamp\www\el-rowad\system\Common.php(1087): CodeIgniter\View\View->render('layout/menu', Array, true)
#3 C:\wamp\www\el-rowad\app\Views\layout\header.php(183): view('layout/menu')
#4 C:\wamp\www\el-rowad\system\View\View.php(246): include('C:\\wamp\\www\\el-...')
#5 C:\wamp\www\el-rowad\system\Common.php(1087): CodeIgniter\View\View->render('layout/header', Array, true)
#6 C:\wamp\www\el-rowad\app\Views\home.php(2): view('layout/header')
#7 C:\wamp\www\el-rowad\system\View\View.php(246): include('C:\\wamp\\www\\el-...')
#8 C:\wamp\www\el-rowad\system\Common.php(1087): CodeIgniter\View\View->render('home', Array, true)
#9 C:\wamp\www\el-rowad\app\Controllers\Home.php(24): view('home', Array)
#10 C:\wamp\www\el-rowad\system\CodeIgniter.php(914): App\Controllers\Home->index('$1')
#11 C:\wamp\www\el-rowad\system\CodeIgniter.php(400): CodeIgniter\CodeIgniter->runController(Object(App\Controllers\Home))
#12 C:\wamp\www\el-rowad\system\CodeIgniter.php(308): CodeIgniter\CodeIgniter->handleRequest(NULL, Object(Config\Cache), false)
#13 C:\wamp\www\el-rowad\public\index.php(45): CodeIgniter\CodeIgniter->run()
#14 C:\wamp\www\el-rowad\system\Commands\Server\rewrite.php(34): require_once('C:\\wamp\\www\\el-...')
#15 {main}
CRITICAL - 2020-06-29 20:44:33 --> Undefined variable: sections
#0 C:\wamp\www\el-rowad\app\Views\layout\menu.php(22): CodeIgniter\Debug\Exceptions->errorHandler(8, 'Undefined varia...', 'C:\\wamp\\www\\el-...', 22, Array)
#1 C:\wamp\www\el-rowad\system\View\View.php(246): include('C:\\wamp\\www\\el-...')
#2 C:\wamp\www\el-rowad\system\Common.php(1087): CodeIgniter\View\View->render('layout/menu', Array, true)
#3 C:\wamp\www\el-rowad\app\Views\layout\header.php(183): view('layout/menu')
#4 C:\wamp\www\el-rowad\system\View\View.php(246): include('C:\\wamp\\www\\el-...')
#5 C:\wamp\www\el-rowad\system\Common.php(1087): CodeIgniter\View\View->render('layout/header', Array, true)
#6 C:\wamp\www\el-rowad\app\Views\home.php(2): view('layout/header')
#7 C:\wamp\www\el-rowad\system\View\View.php(246): include('C:\\wamp\\www\\el-...')
#8 C:\wamp\www\el-rowad\system\Common.php(1087): CodeIgniter\View\View->render('home', Array, true)
#9 C:\wamp\www\el-rowad\app\Controllers\Home.php(24): view('home', Array)
#10 C:\wamp\www\el-rowad\system\CodeIgniter.php(914): App\Controllers\Home->index('$1')
#11 C:\wamp\www\el-rowad\system\CodeIgniter.php(400): CodeIgniter\CodeIgniter->runController(Object(App\Controllers\Home))
#12 C:\wamp\www\el-rowad\system\CodeIgniter.php(308): CodeIgniter\CodeIgniter->handleRequest(NULL, Object(Config\Cache), false)
#13 C:\wamp\www\el-rowad\public\index.php(45): CodeIgniter\CodeIgniter->run()
#14 C:\wamp\www\el-rowad\system\Commands\Server\rewrite.php(34): require_once('C:\\wamp\\www\\el-...')
#15 {main}
CRITICAL - 2020-06-29 20:44:34 --> Undefined variable: sections
#0 C:\wamp\www\el-rowad\app\Views\layout\menu.php(22): CodeIgniter\Debug\Exceptions->errorHandler(8, 'Undefined varia...', 'C:\\wamp\\www\\el-...', 22, Array)
#1 C:\wamp\www\el-rowad\system\View\View.php(246): include('C:\\wamp\\www\\el-...')
#2 C:\wamp\www\el-rowad\system\Common.php(1087): CodeIgniter\View\View->render('layout/menu', Array, true)
#3 C:\wamp\www\el-rowad\app\Views\layout\header.php(183): view('layout/menu')
#4 C:\wamp\www\el-rowad\system\View\View.php(246): include('C:\\wamp\\www\\el-...')
#5 C:\wamp\www\el-rowad\system\Common.php(1087): CodeIgniter\View\View->render('layout/header', Array, true)
#6 C:\wamp\www\el-rowad\app\Views\home.php(2): view('layout/header')
#7 C:\wamp\www\el-rowad\system\View\View.php(246): include('C:\\wamp\\www\\el-...')
#8 C:\wamp\www\el-rowad\system\Common.php(1087): CodeIgniter\View\View->render('home', Array, true)
#9 C:\wamp\www\el-rowad\app\Controllers\Home.php(24): view('home', Array)
#10 C:\wamp\www\el-rowad\system\CodeIgniter.php(914): App\Controllers\Home->index('$1')
#11 C:\wamp\www\el-rowad\system\CodeIgniter.php(400): CodeIgniter\CodeIgniter->runController(Object(App\Controllers\Home))
#12 C:\wamp\www\el-rowad\system\CodeIgniter.php(308): CodeIgniter\CodeIgniter->handleRequest(NULL, Object(Config\Cache), false)
#13 C:\wamp\www\el-rowad\public\index.php(45): CodeIgniter\CodeIgniter->run()
#14 C:\wamp\www\el-rowad\system\Commands\Server\rewrite.php(34): require_once('C:\\wamp\\www\\el-...')
#15 {main}
CRITICAL - 2020-06-29 20:44:34 --> Undefined variable: sections
#0 C:\wamp\www\el-rowad\app\Views\layout\menu.php(22): CodeIgniter\Debug\Exceptions->errorHandler(8, 'Undefined varia...', 'C:\\wamp\\www\\el-...', 22, Array)
#1 C:\wamp\www\el-rowad\system\View\View.php(246): include('C:\\wamp\\www\\el-...')
#2 C:\wamp\www\el-rowad\system\Common.php(1087): CodeIgniter\View\View->render('layout/menu', Array, true)
#3 C:\wamp\www\el-rowad\app\Views\layout\header.php(183): view('layout/menu')
#4 C:\wamp\www\el-rowad\system\View\View.php(246): include('C:\\wamp\\www\\el-...')
#5 C:\wamp\www\el-rowad\system\Common.php(1087): CodeIgniter\View\View->render('layout/header', Array, true)
#6 C:\wamp\www\el-rowad\app\Views\home.php(2): view('layout/header')
#7 C:\wamp\www\el-rowad\system\View\View.php(246): include('C:\\wamp\\www\\el-...')
#8 C:\wamp\www\el-rowad\system\Common.php(1087): CodeIgniter\View\View->render('home', Array, true)
#9 C:\wamp\www\el-rowad\app\Controllers\Home.php(24): view('home', Array)
#10 C:\wamp\www\el-rowad\system\CodeIgniter.php(914): App\Controllers\Home->index('$1')
#11 C:\wamp\www\el-rowad\system\CodeIgniter.php(400): CodeIgniter\CodeIgniter->runController(Object(App\Controllers\Home))
#12 C:\wamp\www\el-rowad\system\CodeIgniter.php(308): CodeIgniter\CodeIgniter->handleRequest(NULL, Object(Config\Cache), false)
#13 C:\wamp\www\el-rowad\public\index.php(45): CodeIgniter\CodeIgniter->run()
#14 C:\wamp\www\el-rowad\system\Commands\Server\rewrite.php(34): require_once('C:\\wamp\\www\\el-...')
#15 {main}
CRITICAL - 2020-06-29 20:44:34 --> Undefined variable: sections
#0 C:\wamp\www\el-rowad\app\Views\layout\menu.php(22): CodeIgniter\Debug\Exceptions->errorHandler(8, 'Undefined varia...', 'C:\\wamp\\www\\el-...', 22, Array)
#1 C:\wamp\www\el-rowad\system\View\View.php(246): include('C:\\wamp\\www\\el-...')
#2 C:\wamp\www\el-rowad\system\Common.php(1087): CodeIgniter\View\View->render('layout/menu', Array, true)
#3 C:\wamp\www\el-rowad\app\Views\layout\header.php(183): view('layout/menu')
#4 C:\wamp\www\el-rowad\system\View\View.php(246): include('C:\\wamp\\www\\el-...')
#5 C:\wamp\www\el-rowad\system\Common.php(1087): CodeIgniter\View\View->render('layout/header', Array, true)
#6 C:\wamp\www\el-rowad\app\Views\home.php(2): view('layout/header')
#7 C:\wamp\www\el-rowad\system\View\View.php(246): include('C:\\wamp\\www\\el-...')
#8 C:\wamp\www\el-rowad\system\Common.php(1087): CodeIgniter\View\View->render('home', Array, true)
#9 C:\wamp\www\el-rowad\app\Controllers\Home.php(24): view('home', Array)
#10 C:\wamp\www\el-rowad\system\CodeIgniter.php(914): App\Controllers\Home->index('$1')
#11 C:\wamp\www\el-rowad\system\CodeIgniter.php(400): CodeIgniter\CodeIgniter->runController(Object(App\Controllers\Home))
#12 C:\wamp\www\el-rowad\system\CodeIgniter.php(308): CodeIgniter\CodeIgniter->handleRequest(NULL, Object(Config\Cache), false)
#13 C:\wamp\www\el-rowad\public\index.php(45): CodeIgniter\CodeIgniter->run()
#14 C:\wamp\www\el-rowad\system\Commands\Server\rewrite.php(34): require_once('C:\\wamp\\www\\el-...')
#15 {main}
CRITICAL - 2020-06-29 20:44:34 --> Undefined variable: sections
#0 C:\wamp\www\el-rowad\app\Views\layout\menu.php(22): CodeIgniter\Debug\Exceptions->errorHandler(8, 'Undefined varia...', 'C:\\wamp\\www\\el-...', 22, Array)
#1 C:\wamp\www\el-rowad\system\View\View.php(246): include('C:\\wamp\\www\\el-...')
#2 C:\wamp\www\el-rowad\system\Common.php(1087): CodeIgniter\View\View->render('layout/menu', Array, true)
#3 C:\wamp\www\el-rowad\app\Views\layout\header.php(183): view('layout/menu')
#4 C:\wamp\www\el-rowad\system\View\View.php(246): include('C:\\wamp\\www\\el-...')
#5 C:\wamp\www\el-rowad\system\Common.php(1087): CodeIgniter\View\View->render('layout/header', Array, true)
#6 C:\wamp\www\el-rowad\app\Views\home.php(2): view('layout/header')
#7 C:\wamp\www\el-rowad\system\View\View.php(246): include('C:\\wamp\\www\\el-...')
#8 C:\wamp\www\el-rowad\system\Common.php(1087): CodeIgniter\View\View->render('home', Array, true)
#9 C:\wamp\www\el-rowad\app\Controllers\Home.php(24): view('home', Array)
#10 C:\wamp\www\el-rowad\system\CodeIgniter.php(914): App\Controllers\Home->index('$1')
#11 C:\wamp\www\el-rowad\system\CodeIgniter.php(400): CodeIgniter\CodeIgniter->runController(Object(App\Controllers\Home))
#12 C:\wamp\www\el-rowad\system\CodeIgniter.php(308): CodeIgniter\CodeIgniter->handleRequest(NULL, Object(Config\Cache), false)
#13 C:\wamp\www\el-rowad\public\index.php(45): CodeIgniter\CodeIgniter->run()
#14 C:\wamp\www\el-rowad\system\Commands\Server\rewrite.php(34): require_once('C:\\wamp\\www\\el-...')
#15 {main}
CRITICAL - 2020-06-29 20:45:34 --> Undefined variable: sections
#0 C:\wamp\www\el-rowad\app\Views\layout\menu.php(21): CodeIgniter\Debug\Exceptions->errorHandler(8, 'Undefined varia...', 'C:\\wamp\\www\\el-...', 21, Array)
#1 C:\wamp\www\el-rowad\system\View\View.php(246): include('C:\\wamp\\www\\el-...')
#2 C:\wamp\www\el-rowad\system\Common.php(1087): CodeIgniter\View\View->render('layout/menu', Array, true)
#3 C:\wamp\www\el-rowad\app\Views\layout\header.php(183): view('layout/menu')
#4 C:\wamp\www\el-rowad\system\View\View.php(246): include('C:\\wamp\\www\\el-...')
#5 C:\wamp\www\el-rowad\system\Common.php(1087): CodeIgniter\View\View->render('layout/header', Array, true)
#6 C:\wamp\www\el-rowad\app\Views\home.php(2): view('layout/header')
#7 C:\wamp\www\el-rowad\system\View\View.php(246): include('C:\\wamp\\www\\el-...')
#8 C:\wamp\www\el-rowad\system\Common.php(1087): CodeIgniter\View\View->render('home', Array, true)
#9 C:\wamp\www\el-rowad\app\Controllers\Home.php(24): view('home', Array)
#10 C:\wamp\www\el-rowad\system\CodeIgniter.php(914): App\Controllers\Home->index('$1')
#11 C:\wamp\www\el-rowad\system\CodeIgniter.php(400): CodeIgniter\CodeIgniter->runController(Object(App\Controllers\Home))
#12 C:\wamp\www\el-rowad\system\CodeIgniter.php(308): CodeIgniter\CodeIgniter->handleRequest(NULL, Object(Config\Cache), false)
#13 C:\wamp\www\el-rowad\public\index.php(45): CodeIgniter\CodeIgniter->run()
#14 C:\wamp\www\el-rowad\system\Commands\Server\rewrite.php(34): require_once('C:\\wamp\\www\\el-...')
#15 {main}
CRITICAL - 2020-06-29 20:45:35 --> Undefined variable: sections
#0 C:\wamp\www\el-rowad\app\Views\layout\menu.php(21): CodeIgniter\Debug\Exceptions->errorHandler(8, 'Undefined varia...', 'C:\\wamp\\www\\el-...', 21, Array)
#1 C:\wamp\www\el-rowad\system\View\View.php(246): include('C:\\wamp\\www\\el-...')
#2 C:\wamp\www\el-rowad\system\Common.php(1087): CodeIgniter\View\View->render('layout/menu', Array, true)
#3 C:\wamp\www\el-rowad\app\Views\layout\header.php(183): view('layout/menu')
#4 C:\wamp\www\el-rowad\system\View\View.php(246): include('C:\\wamp\\www\\el-...')
#5 C:\wamp\www\el-rowad\system\Common.php(1087): CodeIgniter\View\View->render('layout/header', Array, true)
#6 C:\wamp\www\el-rowad\app\Views\home.php(2): view('layout/header')
#7 C:\wamp\www\el-rowad\system\View\View.php(246): include('C:\\wamp\\www\\el-...')
#8 C:\wamp\www\el-rowad\system\Common.php(1087): CodeIgniter\View\View->render('home', Array, true)
#9 C:\wamp\www\el-rowad\app\Controllers\Home.php(24): view('home', Array)
#10 C:\wamp\www\el-rowad\system\CodeIgniter.php(914): App\Controllers\Home->index('$1')
#11 C:\wamp\www\el-rowad\system\CodeIgniter.php(400): CodeIgniter\CodeIgniter->runController(Object(App\Controllers\Home))
#12 C:\wamp\www\el-rowad\system\CodeIgniter.php(308): CodeIgniter\CodeIgniter->handleRequest(NULL, Object(Config\Cache), false)
#13 C:\wamp\www\el-rowad\public\index.php(45): CodeIgniter\CodeIgniter->run()
#14 C:\wamp\www\el-rowad\system\Commands\Server\rewrite.php(34): require_once('C:\\wamp\\www\\el-...')
#15 {main}
