CRITICAL - 2020-07-18 00:59:19 --> Undefined variable: lang
#0 /home/elrowade/CI_FrameWork/app/Views/layout/footer.php(27): CodeIgniter\Debug\Exceptions->errorHandler(8, 'Undefined varia...', '/home/elrowade/...', 27, Array)
#1 /home/elrowade/CI_FrameWork/system/View/View.php(246): include('/home/elrowade/...')
#2 /home/elrowade/CI_FrameWork/system/Common.php(1087): CodeIgniter\View\View->render('layout/footer', Array, true)
#3 /home/elrowade/CI_FrameWork/app/Views/404.php(241): view('layout/footer')
#4 /home/elrowade/CI_FrameWork/system/View/View.php(246): include('/home/elrowade/...')
#5 /home/elrowade/CI_FrameWork/system/Common.php(1087): CodeIgniter\View\View->render('404', Array, true)
#6 /home/elrowade/CI_FrameWork/app/Helpers/lang_helper.php(8): view('404')
#7 /home/elrowade/CI_FrameWork/app/Controllers/Error_404.php(12): lang_check()
#8 /home/elrowade/CI_FrameWork/system/CodeIgniter.php(914): App\Controllers\Error_404->show404()
#9 /home/elrowade/CI_FrameWork/system/CodeIgniter.php(950): CodeIgniter\CodeIgniter->runController(Object(App\Controllers\Error_404))
#10 /home/elrowade/CI_FrameWork/system/CodeIgniter.php(324): CodeIgniter\CodeIgniter->display404errors(Object(CodeIgniter\Exceptions\PageNotFoundException))
#11 /home/elrowade/public_html/index.php(45): CodeIgniter\CodeIgniter->run()
#12 {main}
CRITICAL - 2020-07-18 03:54:59 --> Undefined variable: lang
#0 /home/elrowade/CI_FrameWork/app/Views/layout/footer.php(27): CodeIgniter\Debug\Exceptions->errorHandler(8, 'Undefined varia...', '/home/elrowade/...', 27, Array)
#1 /home/elrowade/CI_FrameWork/system/View/View.php(246): include('/home/elrowade/...')
#2 /home/elrowade/CI_FrameWork/system/Common.php(1087): CodeIgniter\View\View->render('layout/footer', Array, true)
#3 /home/elrowade/CI_FrameWork/app/Views/404.php(241): view('layout/footer')
#4 /home/elrowade/CI_FrameWork/system/View/View.php(246): include('/home/elrowade/...')
#5 /home/elrowade/CI_FrameWork/system/Common.php(1087): CodeIgniter\View\View->render('404', Array, true)
#6 /home/elrowade/CI_FrameWork/app/Helpers/lang_helper.php(8): view('404')
#7 /home/elrowade/CI_FrameWork/app/Controllers/Home.php(13): lang_check()
#8 /home/elrowade/CI_FrameWork/system/CodeIgniter.php(886): App\Controllers\Home->__construct()
#9 /home/elrowade/CI_FrameWork/system/CodeIgniter.php(395): CodeIgniter\CodeIgniter->createController()
#10 /home/elrowade/CI_FrameWork/system/CodeIgniter.php(308): CodeIgniter\CodeIgniter->handleRequest(NULL, Object(Config\Cache), false)
#11 /home/elrowade/public_html/index.php(45): CodeIgniter\CodeIgniter->run()
#12 {main}
CRITICAL - 2020-07-18 03:54:59 --> Undefined variable: lang
#0 /home/elrowade/CI_FrameWork/app/Views/layout/footer.php(27): CodeIgniter\Debug\Exceptions->errorHandler(8, 'Undefined varia...', '/home/elrowade/...', 27, Array)
#1 /home/elrowade/CI_FrameWork/system/View/View.php(246): include('/home/elrowade/...')
#2 /home/elrowade/CI_FrameWork/system/Common.php(1087): CodeIgniter\View\View->render('layout/footer', Array, true)
#3 /home/elrowade/CI_FrameWork/app/Views/404.php(241): view('layout/footer')
#4 /home/elrowade/CI_FrameWork/system/View/View.php(246): include('/home/elrowade/...')
#5 /home/elrowade/CI_FrameWork/system/Common.php(1087): CodeIgniter\View\View->render('404', Array, true)
#6 /home/elrowade/CI_FrameWork/app/Helpers/lang_helper.php(8): view('404')
#7 /home/elrowade/CI_FrameWork/app/Controllers/Home.php(13): lang_check()
#8 /home/elrowade/CI_FrameWork/system/CodeIgniter.php(886): App\Controllers\Home->__construct()
#9 /home/elrowade/CI_FrameWork/system/CodeIgniter.php(395): CodeIgniter\CodeIgniter->createController()
#10 /home/elrowade/CI_FrameWork/system/CodeIgniter.php(308): CodeIgniter\CodeIgniter->handleRequest(NULL, Object(Config\Cache), false)
#11 /home/elrowade/public_html/index.php(45): CodeIgniter\CodeIgniter->run()
#12 {main}
CRITICAL - 2020-07-18 05:39:50 --> Undefined variable: lang
#0 /home/elrowade/CI_FrameWork/app/Views/layout/footer.php(27): CodeIgniter\Debug\Exceptions->errorHandler(8, 'Undefined varia...', '/home/elrowade/...', 27, Array)
#1 /home/elrowade/CI_FrameWork/system/View/View.php(246): include('/home/elrowade/...')
#2 /home/elrowade/CI_FrameWork/system/Common.php(1087): CodeIgniter\View\View->render('layout/footer', Array, true)
#3 /home/elrowade/CI_FrameWork/app/Views/404.php(241): view('layout/footer')
#4 /home/elrowade/CI_FrameWork/system/View/View.php(246): include('/home/elrowade/...')
#5 /home/elrowade/CI_FrameWork/system/Common.php(1087): CodeIgniter\View\View->render('404', Array, true)
#6 /home/elrowade/CI_FrameWork/app/Helpers/lang_helper.php(8): view('404')
#7 /home/elrowade/CI_FrameWork/app/Controllers/Home.php(13): lang_check()
#8 /home/elrowade/CI_FrameWork/system/CodeIgniter.php(886): App\Controllers\Home->__construct()
#9 /home/elrowade/CI_FrameWork/system/CodeIgniter.php(395): CodeIgniter\CodeIgniter->createController()
#10 /home/elrowade/CI_FrameWork/system/CodeIgniter.php(308): CodeIgniter\CodeIgniter->handleRequest(NULL, Object(Config\Cache), false)
#11 /home/elrowade/public_html/index.php(45): CodeIgniter\CodeIgniter->run()
#12 {main}
CRITICAL - 2020-07-18 07:56:19 --> Undefined variable: lang
#0 /home/elrowade/CI_FrameWork/app/Views/layout/footer.php(27): CodeIgniter\Debug\Exceptions->errorHandler(8, 'Undefined varia...', '/home/elrowade/...', 27, Array)
#1 /home/elrowade/CI_FrameWork/system/View/View.php(246): include('/home/elrowade/...')
#2 /home/elrowade/CI_FrameWork/system/Common.php(1087): CodeIgniter\View\View->render('layout/footer', Array, true)
#3 /home/elrowade/CI_FrameWork/app/Views/404.php(241): view('layout/footer')
#4 /home/elrowade/CI_FrameWork/system/View/View.php(246): include('/home/elrowade/...')
#5 /home/elrowade/CI_FrameWork/system/Common.php(1087): CodeIgniter\View\View->render('404', Array, true)
#6 /home/elrowade/CI_FrameWork/app/Helpers/lang_helper.php(8): view('404')
#7 /home/elrowade/CI_FrameWork/app/Controllers/Error_404.php(12): lang_check()
#8 /home/elrowade/CI_FrameWork/system/CodeIgniter.php(914): App\Controllers\Error_404->show404()
#9 /home/elrowade/CI_FrameWork/system/CodeIgniter.php(950): CodeIgniter\CodeIgniter->runController(Object(App\Controllers\Error_404))
#10 /home/elrowade/CI_FrameWork/system/CodeIgniter.php(324): CodeIgniter\CodeIgniter->display404errors(Object(CodeIgniter\Exceptions\PageNotFoundException))
#11 /home/elrowade/public_html/index.php(45): CodeIgniter\CodeIgniter->run()
#12 {main}
CRITICAL - 2020-07-18 08:10:38 --> Undefined variable: lang
#0 /home/elrowade/CI_FrameWork/app/Views/layout/footer.php(27): CodeIgniter\Debug\Exceptions->errorHandler(8, 'Undefined varia...', '/home/elrowade/...', 27, Array)
#1 /home/elrowade/CI_FrameWork/system/View/View.php(246): include('/home/elrowade/...')
#2 /home/elrowade/CI_FrameWork/system/Common.php(1087): CodeIgniter\View\View->render('layout/footer', Array, true)
#3 /home/elrowade/CI_FrameWork/app/Views/404.php(241): view('layout/footer')
#4 /home/elrowade/CI_FrameWork/system/View/View.php(246): include('/home/elrowade/...')
#5 /home/elrowade/CI_FrameWork/system/Common.php(1087): CodeIgniter\View\View->render('404', Array, true)
#6 /home/elrowade/CI_FrameWork/app/Helpers/lang_helper.php(8): view('404')
#7 /home/elrowade/CI_FrameWork/app/Controllers/Error_404.php(12): lang_check()
#8 /home/elrowade/CI_FrameWork/system/CodeIgniter.php(914): App\Controllers\Error_404->show404('4-2015-02-04-09...')
#9 /home/elrowade/CI_FrameWork/system/CodeIgniter.php(950): CodeIgniter\CodeIgniter->runController(Object(App\Controllers\Error_404))
#10 /home/elrowade/CI_FrameWork/system/CodeIgniter.php(324): CodeIgniter\CodeIgniter->display404errors(Object(CodeIgniter\Exceptions\PageNotFoundException))
#11 /home/elrowade/public_html/index.php(45): CodeIgniter\CodeIgniter->run()
#12 {main}
CRITICAL - 2020-07-18 08:22:17 --> Undefined variable: lang
#0 /home/elrowade/CI_FrameWork/app/Views/layout/footer.php(27): CodeIgniter\Debug\Exceptions->errorHandler(8, 'Undefined varia...', '/home/elrowade/...', 27, Array)
#1 /home/elrowade/CI_FrameWork/system/View/View.php(246): include('/home/elrowade/...')
#2 /home/elrowade/CI_FrameWork/system/Common.php(1087): CodeIgniter\View\View->render('layout/footer', Array, true)
#3 /home/elrowade/CI_FrameWork/app/Views/404.php(241): view('layout/footer')
#4 /home/elrowade/CI_FrameWork/system/View/View.php(246): include('/home/elrowade/...')
#5 /home/elrowade/CI_FrameWork/system/Common.php(1087): CodeIgniter\View\View->render('404', Array, true)
#6 /home/elrowade/CI_FrameWork/app/Helpers/lang_helper.php(8): view('404')
#7 /home/elrowade/CI_FrameWork/app/Controllers/Error_404.php(12): lang_check()
#8 /home/elrowade/CI_FrameWork/system/CodeIgniter.php(914): App\Controllers\Error_404->show404()
#9 /home/elrowade/CI_FrameWork/system/CodeIgniter.php(950): CodeIgniter\CodeIgniter->runController(Object(App\Controllers\Error_404))
#10 /home/elrowade/CI_FrameWork/system/CodeIgniter.php(324): CodeIgniter\CodeIgniter->display404errors(Object(CodeIgniter\Exceptions\PageNotFoundException))
#11 /home/elrowade/public_html/index.php(45): CodeIgniter\CodeIgniter->run()
#12 {main}
CRITICAL - 2020-07-18 10:21:06 --> Undefined variable: lang
#0 /home/elrowade/CI_FrameWork/app/Views/layout/footer.php(27): CodeIgniter\Debug\Exceptions->errorHandler(8, 'Undefined varia...', '/home/elrowade/...', 27, Array)
#1 /home/elrowade/CI_FrameWork/system/View/View.php(246): include('/home/elrowade/...')
#2 /home/elrowade/CI_FrameWork/system/Common.php(1087): CodeIgniter\View\View->render('layout/footer', Array, true)
#3 /home/elrowade/CI_FrameWork/app/Views/404.php(241): view('layout/footer')
#4 /home/elrowade/CI_FrameWork/system/View/View.php(246): include('/home/elrowade/...')
#5 /home/elrowade/CI_FrameWork/system/Common.php(1087): CodeIgniter\View\View->render('404', Array, true)
#6 /home/elrowade/CI_FrameWork/app/Helpers/lang_helper.php(8): view('404')
#7 /home/elrowade/CI_FrameWork/app/Controllers/Error_404.php(12): lang_check()
#8 /home/elrowade/CI_FrameWork/system/CodeIgniter.php(914): App\Controllers\Error_404->show404('bg-5.png')
#9 /home/elrowade/CI_FrameWork/system/CodeIgniter.php(950): CodeIgniter\CodeIgniter->runController(Object(App\Controllers\Error_404))
#10 /home/elrowade/CI_FrameWork/system/CodeIgniter.php(324): CodeIgniter\CodeIgniter->display404errors(Object(CodeIgniter\Exceptions\PageNotFoundException))
#11 /home/elrowade/public_html/index.php(45): CodeIgniter\CodeIgniter->run()
#12 {main}
CRITICAL - 2020-07-18 10:21:06 --> Undefined variable: lang
#0 /home/elrowade/CI_FrameWork/app/Views/layout/footer.php(27): CodeIgniter\Debug\Exceptions->errorHandler(8, 'Undefined varia...', '/home/elrowade/...', 27, Array)
#1 /home/elrowade/CI_FrameWork/system/View/View.php(246): include('/home/elrowade/...')
#2 /home/elrowade/CI_FrameWork/system/Common.php(1087): CodeIgniter\View\View->render('layout/footer', Array, true)
#3 /home/elrowade/CI_FrameWork/app/Views/404.php(241): view('layout/footer')
#4 /home/elrowade/CI_FrameWork/system/View/View.php(246): include('/home/elrowade/...')
#5 /home/elrowade/CI_FrameWork/system/Common.php(1087): CodeIgniter\View\View->render('404', Array, true)
#6 /home/elrowade/CI_FrameWork/app/Helpers/lang_helper.php(8): view('404')
#7 /home/elrowade/CI_FrameWork/app/Controllers/Error_404.php(12): lang_check()
#8 /home/elrowade/CI_FrameWork/system/CodeIgniter.php(914): App\Controllers\Error_404->show404('left-men.png')
#9 /home/elrowade/CI_FrameWork/system/CodeIgniter.php(950): CodeIgniter\CodeIgniter->runController(Object(App\Controllers\Error_404))
#10 /home/elrowade/CI_FrameWork/system/CodeIgniter.php(324): CodeIgniter\CodeIgniter->display404errors(Object(CodeIgniter\Exceptions\PageNotFoundException))
#11 /home/elrowade/public_html/index.php(45): CodeIgniter\CodeIgniter->run()
#12 {main}
CRITICAL - 2020-07-18 10:21:06 --> Undefined variable: lang
#0 /home/elrowade/CI_FrameWork/app/Views/layout/footer.php(27): CodeIgniter\Debug\Exceptions->errorHandler(8, 'Undefined varia...', '/home/elrowade/...', 27, Array)
#1 /home/elrowade/CI_FrameWork/system/View/View.php(246): include('/home/elrowade/...')
#2 /home/elrowade/CI_FrameWork/system/Common.php(1087): CodeIgniter\View\View->render('layout/footer', Array, true)
#3 /home/elrowade/CI_FrameWork/app/Views/404.php(241): view('layout/footer')
#4 /home/elrowade/CI_FrameWork/system/View/View.php(246): include('/home/elrowade/...')
#5 /home/elrowade/CI_FrameWork/system/Common.php(1087): CodeIgniter\View\View->render('404', Array, true)
#6 /home/elrowade/CI_FrameWork/app/Helpers/lang_helper.php(8): view('404')
#7 /home/elrowade/CI_FrameWork/app/Controllers/Error_404.php(12): lang_check()
#8 /home/elrowade/CI_FrameWork/system/CodeIgniter.php(914): App\Controllers\Error_404->show404('bg-4.png')
#9 /home/elrowade/CI_FrameWork/system/CodeIgniter.php(950): CodeIgniter\CodeIgniter->runController(Object(App\Controllers\Error_404))
#10 /home/elrowade/CI_FrameWork/system/CodeIgniter.php(324): CodeIgniter\CodeIgniter->display404errors(Object(CodeIgniter\Exceptions\PageNotFoundException))
#11 /home/elrowade/public_html/index.php(45): CodeIgniter\CodeIgniter->run()
#12 {main}
CRITICAL - 2020-07-18 10:37:08 --> Undefined variable: lang
#0 /home/elrowade/CI_FrameWork/app/Views/layout/footer.php(27): CodeIgniter\Debug\Exceptions->errorHandler(8, 'Undefined varia...', '/home/elrowade/...', 27, Array)
#1 /home/elrowade/CI_FrameWork/system/View/View.php(246): include('/home/elrowade/...')
#2 /home/elrowade/CI_FrameWork/system/Common.php(1087): CodeIgniter\View\View->render('layout/footer', Array, true)
#3 /home/elrowade/CI_FrameWork/app/Views/404.php(241): view('layout/footer')
#4 /home/elrowade/CI_FrameWork/system/View/View.php(246): include('/home/elrowade/...')
#5 /home/elrowade/CI_FrameWork/system/Common.php(1087): CodeIgniter\View\View->render('404', Array, true)
#6 /home/elrowade/CI_FrameWork/app/Helpers/lang_helper.php(8): view('404')
#7 /home/elrowade/CI_FrameWork/app/Controllers/Error_404.php(12): lang_check()
#8 /home/elrowade/CI_FrameWork/system/CodeIgniter.php(914): App\Controllers\Error_404->show404()
#9 /home/elrowade/CI_FrameWork/system/CodeIgniter.php(950): CodeIgniter\CodeIgniter->runController(Object(App\Controllers\Error_404))
#10 /home/elrowade/CI_FrameWork/system/CodeIgniter.php(324): CodeIgniter\CodeIgniter->display404errors(Object(CodeIgniter\Exceptions\PageNotFoundException))
#11 /home/elrowade/public_html/index.php(45): CodeIgniter\CodeIgniter->run()
#12 {main}
CRITICAL - 2020-07-18 10:52:00 --> Undefined variable: lang
#0 /home/elrowade/CI_FrameWork/app/Views/layout/footer.php(27): CodeIgniter\Debug\Exceptions->errorHandler(8, 'Undefined varia...', '/home/elrowade/...', 27, Array)
#1 /home/elrowade/CI_FrameWork/system/View/View.php(246): include('/home/elrowade/...')
#2 /home/elrowade/CI_FrameWork/system/Common.php(1087): CodeIgniter\View\View->render('layout/footer', Array, true)
#3 /home/elrowade/CI_FrameWork/app/Views/404.php(241): view('layout/footer')
#4 /home/elrowade/CI_FrameWork/system/View/View.php(246): include('/home/elrowade/...')
#5 /home/elrowade/CI_FrameWork/system/Common.php(1087): CodeIgniter\View\View->render('404', Array, true)
#6 /home/elrowade/CI_FrameWork/app/Helpers/lang_helper.php(8): view('404')
#7 /home/elrowade/CI_FrameWork/app/Controllers/Home.php(13): lang_check()
#8 /home/elrowade/CI_FrameWork/system/CodeIgniter.php(886): App\Controllers\Home->__construct()
#9 /home/elrowade/CI_FrameWork/system/CodeIgniter.php(395): CodeIgniter\CodeIgniter->createController()
#10 /home/elrowade/CI_FrameWork/system/CodeIgniter.php(308): CodeIgniter\CodeIgniter->handleRequest(NULL, Object(Config\Cache), false)
#11 /home/elrowade/public_html/index.php(45): CodeIgniter\CodeIgniter->run()
#12 {main}
CRITICAL - 2020-07-18 11:27:55 --> Undefined variable: lang
#0 /home/elrowade/CI_FrameWork/app/Views/layout/footer.php(27): CodeIgniter\Debug\Exceptions->errorHandler(8, 'Undefined varia...', '/home/elrowade/...', 27, Array)
#1 /home/elrowade/CI_FrameWork/system/View/View.php(246): include('/home/elrowade/...')
#2 /home/elrowade/CI_FrameWork/system/Common.php(1087): CodeIgniter\View\View->render('layout/footer', Array, true)
#3 /home/elrowade/CI_FrameWork/app/Views/404.php(241): view('layout/footer')
#4 /home/elrowade/CI_FrameWork/system/View/View.php(246): include('/home/elrowade/...')
#5 /home/elrowade/CI_FrameWork/system/Common.php(1087): CodeIgniter\View\View->render('404', Array, true)
#6 /home/elrowade/CI_FrameWork/app/Helpers/lang_helper.php(8): view('404')
#7 /home/elrowade/CI_FrameWork/app/Controllers/Error_404.php(12): lang_check()
#8 /home/elrowade/CI_FrameWork/system/CodeIgniter.php(914): App\Controllers\Error_404->show404('bg-5.png')
#9 /home/elrowade/CI_FrameWork/system/CodeIgniter.php(950): CodeIgniter\CodeIgniter->runController(Object(App\Controllers\Error_404))
#10 /home/elrowade/CI_FrameWork/system/CodeIgniter.php(324): CodeIgniter\CodeIgniter->display404errors(Object(CodeIgniter\Exceptions\PageNotFoundException))
#11 /home/elrowade/public_html/index.php(45): CodeIgniter\CodeIgniter->run()
#12 {main}
CRITICAL - 2020-07-18 11:27:55 --> Undefined variable: lang
#0 /home/elrowade/CI_FrameWork/app/Views/layout/footer.php(27): CodeIgniter\Debug\Exceptions->errorHandler(8, 'Undefined varia...', '/home/elrowade/...', 27, Array)
#1 /home/elrowade/CI_FrameWork/system/View/View.php(246): include('/home/elrowade/...')
#2 /home/elrowade/CI_FrameWork/system/Common.php(1087): CodeIgniter\View\View->render('layout/footer', Array, true)
#3 /home/elrowade/CI_FrameWork/app/Views/404.php(241): view('layout/footer')
#4 /home/elrowade/CI_FrameWork/system/View/View.php(246): include('/home/elrowade/...')
#5 /home/elrowade/CI_FrameWork/system/Common.php(1087): CodeIgniter\View\View->render('404', Array, true)
#6 /home/elrowade/CI_FrameWork/app/Helpers/lang_helper.php(8): view('404')
#7 /home/elrowade/CI_FrameWork/app/Controllers/Error_404.php(12): lang_check()
#8 /home/elrowade/CI_FrameWork/system/CodeIgniter.php(914): App\Controllers\Error_404->show404('left-men.png')
#9 /home/elrowade/CI_FrameWork/system/CodeIgniter.php(950): CodeIgniter\CodeIgniter->runController(Object(App\Controllers\Error_404))
#10 /home/elrowade/CI_FrameWork/system/CodeIgniter.php(324): CodeIgniter\CodeIgniter->display404errors(Object(CodeIgniter\Exceptions\PageNotFoundException))
#11 /home/elrowade/public_html/index.php(45): CodeIgniter\CodeIgniter->run()
#12 {main}
CRITICAL - 2020-07-18 11:27:56 --> Undefined variable: lang
#0 /home/elrowade/CI_FrameWork/app/Views/layout/footer.php(27): CodeIgniter\Debug\Exceptions->errorHandler(8, 'Undefined varia...', '/home/elrowade/...', 27, Array)
#1 /home/elrowade/CI_FrameWork/system/View/View.php(246): include('/home/elrowade/...')
#2 /home/elrowade/CI_FrameWork/system/Common.php(1087): CodeIgniter\View\View->render('layout/footer', Array, true)
#3 /home/elrowade/CI_FrameWork/app/Views/404.php(241): view('layout/footer')
#4 /home/elrowade/CI_FrameWork/system/View/View.php(246): include('/home/elrowade/...')
#5 /home/elrowade/CI_FrameWork/system/Common.php(1087): CodeIgniter\View\View->render('404', Array, true)
#6 /home/elrowade/CI_FrameWork/app/Helpers/lang_helper.php(8): view('404')
#7 /home/elrowade/CI_FrameWork/app/Controllers/Error_404.php(12): lang_check()
#8 /home/elrowade/CI_FrameWork/system/CodeIgniter.php(914): App\Controllers\Error_404->show404('bg-4.png')
#9 /home/elrowade/CI_FrameWork/system/CodeIgniter.php(950): CodeIgniter\CodeIgniter->runController(Object(App\Controllers\Error_404))
#10 /home/elrowade/CI_FrameWork/system/CodeIgniter.php(324): CodeIgniter\CodeIgniter->display404errors(Object(CodeIgniter\Exceptions\PageNotFoundException))
#11 /home/elrowade/public_html/index.php(45): CodeIgniter\CodeIgniter->run()
#12 {main}
CRITICAL - 2020-07-18 11:30:06 --> Undefined variable: lang
#0 /home/elrowade/CI_FrameWork/app/Views/layout/footer.php(27): CodeIgniter\Debug\Exceptions->errorHandler(8, 'Undefined varia...', '/home/elrowade/...', 27, Array)
#1 /home/elrowade/CI_FrameWork/system/View/View.php(246): include('/home/elrowade/...')
#2 /home/elrowade/CI_FrameWork/system/Common.php(1087): CodeIgniter\View\View->render('layout/footer', Array, true)
#3 /home/elrowade/CI_FrameWork/app/Views/404.php(241): view('layout/footer')
#4 /home/elrowade/CI_FrameWork/system/View/View.php(246): include('/home/elrowade/...')
#5 /home/elrowade/CI_FrameWork/system/Common.php(1087): CodeIgniter\View\View->render('404', Array, true)
#6 /home/elrowade/CI_FrameWork/app/Helpers/lang_helper.php(8): view('404')
#7 /home/elrowade/CI_FrameWork/app/Controllers/Error_404.php(12): lang_check()
#8 /home/elrowade/CI_FrameWork/system/CodeIgniter.php(914): App\Controllers\Error_404->show404('background', 'bg-5.png')
#9 /home/elrowade/CI_FrameWork/system/CodeIgniter.php(950): CodeIgniter\CodeIgniter->runController(Object(App\Controllers\Error_404))
#10 /home/elrowade/CI_FrameWork/system/CodeIgniter.php(324): CodeIgniter\CodeIgniter->display404errors(Object(CodeIgniter\Exceptions\PageNotFoundException))
#11 /home/elrowade/public_html/index.php(45): CodeIgniter\CodeIgniter->run()
#12 {main}
CRITICAL - 2020-07-18 11:30:36 --> Undefined variable: lang
#0 /home/elrowade/CI_FrameWork/app/Views/layout/footer.php(27): CodeIgniter\Debug\Exceptions->errorHandler(8, 'Undefined varia...', '/home/elrowade/...', 27, Array)
#1 /home/elrowade/CI_FrameWork/system/View/View.php(246): include('/home/elrowade/...')
#2 /home/elrowade/CI_FrameWork/system/Common.php(1087): CodeIgniter\View\View->render('layout/footer', Array, true)
#3 /home/elrowade/CI_FrameWork/app/Views/404.php(241): view('layout/footer')
#4 /home/elrowade/CI_FrameWork/system/View/View.php(246): include('/home/elrowade/...')
#5 /home/elrowade/CI_FrameWork/system/Common.php(1087): CodeIgniter\View\View->render('404', Array, true)
#6 /home/elrowade/CI_FrameWork/app/Helpers/lang_helper.php(8): view('404')
#7 /home/elrowade/CI_FrameWork/app/Controllers/Error_404.php(12): lang_check()
#8 /home/elrowade/CI_FrameWork/system/CodeIgniter.php(914): App\Controllers\Error_404->show404()
#9 /home/elrowade/CI_FrameWork/system/CodeIgniter.php(950): CodeIgniter\CodeIgniter->runController(Object(App\Controllers\Error_404))
#10 /home/elrowade/CI_FrameWork/system/CodeIgniter.php(324): CodeIgniter\CodeIgniter->display404errors(Object(CodeIgniter\Exceptions\PageNotFoundException))
#11 /home/elrowade/public_html/index.php(45): CodeIgniter\CodeIgniter->run()
#12 {main}
CRITICAL - 2020-07-18 12:41:20 --> Undefined variable: lang
#0 /home/elrowade/CI_FrameWork/app/Views/layout/footer.php(27): CodeIgniter\Debug\Exceptions->errorHandler(8, 'Undefined varia...', '/home/elrowade/...', 27, Array)
#1 /home/elrowade/CI_FrameWork/system/View/View.php(246): include('/home/elrowade/...')
#2 /home/elrowade/CI_FrameWork/system/Common.php(1087): CodeIgniter\View\View->render('layout/footer', Array, true)
#3 /home/elrowade/CI_FrameWork/app/Views/404.php(241): view('layout/footer')
#4 /home/elrowade/CI_FrameWork/system/View/View.php(246): include('/home/elrowade/...')
#5 /home/elrowade/CI_FrameWork/system/Common.php(1087): CodeIgniter\View\View->render('404', Array, true)
#6 /home/elrowade/CI_FrameWork/app/Helpers/lang_helper.php(8): view('404')
#7 /home/elrowade/CI_FrameWork/app/Controllers/Error_404.php(12): lang_check()
#8 /home/elrowade/CI_FrameWork/system/CodeIgniter.php(914): App\Controllers\Error_404->show404()
#9 /home/elrowade/CI_FrameWork/system/CodeIgniter.php(950): CodeIgniter\CodeIgniter->runController(Object(App\Controllers\Error_404))
#10 /home/elrowade/CI_FrameWork/system/CodeIgniter.php(324): CodeIgniter\CodeIgniter->display404errors(Object(CodeIgniter\Exceptions\PageNotFoundException))
#11 /home/elrowade/public_html/index.php(45): CodeIgniter\CodeIgniter->run()
#12 {main}
CRITICAL - 2020-07-18 12:57:01 --> Undefined variable: lang
#0 /home/elrowade/CI_FrameWork/app/Views/layout/footer.php(27): CodeIgniter\Debug\Exceptions->errorHandler(8, 'Undefined varia...', '/home/elrowade/...', 27, Array)
#1 /home/elrowade/CI_FrameWork/system/View/View.php(246): include('/home/elrowade/...')
#2 /home/elrowade/CI_FrameWork/system/Common.php(1087): CodeIgniter\View\View->render('layout/footer', Array, true)
#3 /home/elrowade/CI_FrameWork/app/Views/404.php(241): view('layout/footer')
#4 /home/elrowade/CI_FrameWork/system/View/View.php(246): include('/home/elrowade/...')
#5 /home/elrowade/CI_FrameWork/system/Common.php(1087): CodeIgniter\View\View->render('404', Array, true)
#6 /home/elrowade/CI_FrameWork/app/Helpers/lang_helper.php(8): view('404')
#7 /home/elrowade/CI_FrameWork/app/Controllers/Error_404.php(12): lang_check()
#8 /home/elrowade/CI_FrameWork/system/CodeIgniter.php(914): App\Controllers\Error_404->show404()
#9 /home/elrowade/CI_FrameWork/system/CodeIgniter.php(950): CodeIgniter\CodeIgniter->runController(Object(App\Controllers\Error_404))
#10 /home/elrowade/CI_FrameWork/system/CodeIgniter.php(324): CodeIgniter\CodeIgniter->display404errors(Object(CodeIgniter\Exceptions\PageNotFoundException))
#11 /home/elrowade/public_html/index.php(45): CodeIgniter\CodeIgniter->run()
#12 {main}
CRITICAL - 2020-07-18 12:57:16 --> Undefined variable: lang
#0 /home/elrowade/CI_FrameWork/app/Views/layout/footer.php(27): CodeIgniter\Debug\Exceptions->errorHandler(8, 'Undefined varia...', '/home/elrowade/...', 27, Array)
#1 /home/elrowade/CI_FrameWork/system/View/View.php(246): include('/home/elrowade/...')
#2 /home/elrowade/CI_FrameWork/system/Common.php(1087): CodeIgniter\View\View->render('layout/footer', Array, true)
#3 /home/elrowade/CI_FrameWork/app/Views/404.php(241): view('layout/footer')
#4 /home/elrowade/CI_FrameWork/system/View/View.php(246): include('/home/elrowade/...')
#5 /home/elrowade/CI_FrameWork/system/Common.php(1087): CodeIgniter\View\View->render('404', Array, true)
#6 /home/elrowade/CI_FrameWork/app/Helpers/lang_helper.php(8): view('404')
#7 /home/elrowade/CI_FrameWork/app/Controllers/Error_404.php(12): lang_check()
#8 /home/elrowade/CI_FrameWork/system/CodeIgniter.php(914): App\Controllers\Error_404->show404('bg-5.png')
#9 /home/elrowade/CI_FrameWork/system/CodeIgniter.php(950): CodeIgniter\CodeIgniter->runController(Object(App\Controllers\Error_404))
#10 /home/elrowade/CI_FrameWork/system/CodeIgniter.php(324): CodeIgniter\CodeIgniter->display404errors(Object(CodeIgniter\Exceptions\PageNotFoundException))
#11 /home/elrowade/public_html/index.php(45): CodeIgniter\CodeIgniter->run()
#12 {main}
CRITICAL - 2020-07-18 12:57:53 --> Undefined variable: lang
#0 /home/elrowade/CI_FrameWork/app/Views/layout/footer.php(27): CodeIgniter\Debug\Exceptions->errorHandler(8, 'Undefined varia...', '/home/elrowade/...', 27, Array)
#1 /home/elrowade/CI_FrameWork/system/View/View.php(246): include('/home/elrowade/...')
#2 /home/elrowade/CI_FrameWork/system/Common.php(1087): CodeIgniter\View\View->render('layout/footer', Array, true)
#3 /home/elrowade/CI_FrameWork/app/Views/404.php(241): view('layout/footer')
#4 /home/elrowade/CI_FrameWork/system/View/View.php(246): include('/home/elrowade/...')
#5 /home/elrowade/CI_FrameWork/system/Common.php(1087): CodeIgniter\View\View->render('404', Array, true)
#6 /home/elrowade/CI_FrameWork/app/Helpers/lang_helper.php(8): view('404')
#7 /home/elrowade/CI_FrameWork/app/Controllers/Error_404.php(12): lang_check()
#8 /home/elrowade/CI_FrameWork/system/CodeIgniter.php(914): App\Controllers\Error_404->show404('background', 'ptn-1.png')
#9 /home/elrowade/CI_FrameWork/system/CodeIgniter.php(950): CodeIgniter\CodeIgniter->runController(Object(App\Controllers\Error_404))
#10 /home/elrowade/CI_FrameWork/system/CodeIgniter.php(324): CodeIgniter\CodeIgniter->display404errors(Object(CodeIgniter\Exceptions\PageNotFoundException))
#11 /home/elrowade/public_html/index.php(45): CodeIgniter\CodeIgniter->run()
#12 {main}
CRITICAL - 2020-07-18 12:57:57 --> Undefined variable: lang
#0 /home/elrowade/CI_FrameWork/app/Views/layout/footer.php(27): CodeIgniter\Debug\Exceptions->errorHandler(8, 'Undefined varia...', '/home/elrowade/...', 27, Array)
#1 /home/elrowade/CI_FrameWork/system/View/View.php(246): include('/home/elrowade/...')
#2 /home/elrowade/CI_FrameWork/system/Common.php(1087): CodeIgniter\View\View->render('layout/footer', Array, true)
#3 /home/elrowade/CI_FrameWork/app/Views/404.php(241): view('layout/footer')
#4 /home/elrowade/CI_FrameWork/system/View/View.php(246): include('/home/elrowade/...')
#5 /home/elrowade/CI_FrameWork/system/Common.php(1087): CodeIgniter\View\View->render('404', Array, true)
#6 /home/elrowade/CI_FrameWork/app/Helpers/lang_helper.php(8): view('404')
#7 /home/elrowade/CI_FrameWork/app/Controllers/Error_404.php(12): lang_check()
#8 /home/elrowade/CI_FrameWork/system/CodeIgniter.php(914): App\Controllers\Error_404->show404('background', 'bg-5.png')
#9 /home/elrowade/CI_FrameWork/system/CodeIgniter.php(950): CodeIgniter\CodeIgniter->runController(Object(App\Controllers\Error_404))
#10 /home/elrowade/CI_FrameWork/system/CodeIgniter.php(324): CodeIgniter\CodeIgniter->display404errors(Object(CodeIgniter\Exceptions\PageNotFoundException))
#11 /home/elrowade/public_html/index.php(45): CodeIgniter\CodeIgniter->run()
#12 {main}
CRITICAL - 2020-07-18 12:57:57 --> Undefined variable: lang
#0 /home/elrowade/CI_FrameWork/app/Views/layout/footer.php(27): CodeIgniter\Debug\Exceptions->errorHandler(8, 'Undefined varia...', '/home/elrowade/...', 27, Array)
#1 /home/elrowade/CI_FrameWork/system/View/View.php(246): include('/home/elrowade/...')
#2 /home/elrowade/CI_FrameWork/system/Common.php(1087): CodeIgniter\View\View->render('layout/footer', Array, true)
#3 /home/elrowade/CI_FrameWork/app/Views/404.php(241): view('layout/footer')
#4 /home/elrowade/CI_FrameWork/system/View/View.php(246): include('/home/elrowade/...')
#5 /home/elrowade/CI_FrameWork/system/Common.php(1087): CodeIgniter\View\View->render('404', Array, true)
#6 /home/elrowade/CI_FrameWork/app/Helpers/lang_helper.php(8): view('404')
#7 /home/elrowade/CI_FrameWork/app/Controllers/Error_404.php(12): lang_check()
#8 /home/elrowade/CI_FrameWork/system/CodeIgniter.php(914): App\Controllers\Error_404->show404('line.png')
#9 /home/elrowade/CI_FrameWork/system/CodeIgniter.php(950): CodeIgniter\CodeIgniter->runController(Object(App\Controllers\Error_404))
#10 /home/elrowade/CI_FrameWork/system/CodeIgniter.php(324): CodeIgniter\CodeIgniter->display404errors(Object(CodeIgniter\Exceptions\PageNotFoundException))
#11 /home/elrowade/public_html/index.php(45): CodeIgniter\CodeIgniter->run()
#12 {main}
CRITICAL - 2020-07-18 13:11:02 --> Undefined variable: lang
#0 /home/elrowade/CI_FrameWork/app/Views/layout/footer.php(27): CodeIgniter\Debug\Exceptions->errorHandler(8, 'Undefined varia...', '/home/elrowade/...', 27, Array)
#1 /home/elrowade/CI_FrameWork/system/View/View.php(246): include('/home/elrowade/...')
#2 /home/elrowade/CI_FrameWork/system/Common.php(1087): CodeIgniter\View\View->render('layout/footer', Array, true)
#3 /home/elrowade/CI_FrameWork/app/Views/404.php(241): view('layout/footer')
#4 /home/elrowade/CI_FrameWork/system/View/View.php(246): include('/home/elrowade/...')
#5 /home/elrowade/CI_FrameWork/system/Common.php(1087): CodeIgniter\View\View->render('404', Array, true)
#6 /home/elrowade/CI_FrameWork/app/Helpers/lang_helper.php(8): view('404')
#7 /home/elrowade/CI_FrameWork/app/Controllers/Error_404.php(12): lang_check()
#8 /home/elrowade/CI_FrameWork/system/CodeIgniter.php(914): App\Controllers\Error_404->show404()
#9 /home/elrowade/CI_FrameWork/system/CodeIgniter.php(950): CodeIgniter\CodeIgniter->runController(Object(App\Controllers\Error_404))
#10 /home/elrowade/CI_FrameWork/system/CodeIgniter.php(324): CodeIgniter\CodeIgniter->display404errors(Object(CodeIgniter\Exceptions\PageNotFoundException))
#11 /home/elrowade/public_html/index.php(45): CodeIgniter\CodeIgniter->run()
#12 {main}
CRITICAL - 2020-07-18 13:27:10 --> Undefined variable: lang
#0 /home/elrowade/CI_FrameWork/app/Views/layout/footer.php(27): CodeIgniter\Debug\Exceptions->errorHandler(8, 'Undefined varia...', '/home/elrowade/...', 27, Array)
#1 /home/elrowade/CI_FrameWork/system/View/View.php(246): include('/home/elrowade/...')
#2 /home/elrowade/CI_FrameWork/system/Common.php(1087): CodeIgniter\View\View->render('layout/footer', Array, true)
#3 /home/elrowade/CI_FrameWork/app/Views/404.php(241): view('layout/footer')
#4 /home/elrowade/CI_FrameWork/system/View/View.php(246): include('/home/elrowade/...')
#5 /home/elrowade/CI_FrameWork/system/Common.php(1087): CodeIgniter\View\View->render('404', Array, true)
#6 /home/elrowade/CI_FrameWork/app/Helpers/lang_helper.php(8): view('404')
#7 /home/elrowade/CI_FrameWork/app/Controllers/Error_404.php(12): lang_check()
#8 /home/elrowade/CI_FrameWork/system/CodeIgniter.php(914): App\Controllers\Error_404->show404('bg-5.png')
#9 /home/elrowade/CI_FrameWork/system/CodeIgniter.php(950): CodeIgniter\CodeIgniter->runController(Object(App\Controllers\Error_404))
#10 /home/elrowade/CI_FrameWork/system/CodeIgniter.php(324): CodeIgniter\CodeIgniter->display404errors(Object(CodeIgniter\Exceptions\PageNotFoundException))
#11 /home/elrowade/public_html/index.php(45): CodeIgniter\CodeIgniter->run()
#12 {main}
CRITICAL - 2020-07-18 13:27:10 --> Undefined variable: lang
#0 /home/elrowade/CI_FrameWork/app/Views/layout/footer.php(27): CodeIgniter\Debug\Exceptions->errorHandler(8, 'Undefined varia...', '/home/elrowade/...', 27, Array)
#1 /home/elrowade/CI_FrameWork/system/View/View.php(246): include('/home/elrowade/...')
#2 /home/elrowade/CI_FrameWork/system/Common.php(1087): CodeIgniter\View\View->render('layout/footer', Array, true)
#3 /home/elrowade/CI_FrameWork/app/Views/404.php(241): view('layout/footer')
#4 /home/elrowade/CI_FrameWork/system/View/View.php(246): include('/home/elrowade/...')
#5 /home/elrowade/CI_FrameWork/system/Common.php(1087): CodeIgniter\View\View->render('404', Array, true)
#6 /home/elrowade/CI_FrameWork/app/Helpers/lang_helper.php(8): view('404')
#7 /home/elrowade/CI_FrameWork/app/Controllers/Error_404.php(12): lang_check()
#8 /home/elrowade/CI_FrameWork/system/CodeIgniter.php(914): App\Controllers\Error_404->show404('left-men.png')
#9 /home/elrowade/CI_FrameWork/system/CodeIgniter.php(950): CodeIgniter\CodeIgniter->runController(Object(App\Controllers\Error_404))
#10 /home/elrowade/CI_FrameWork/system/CodeIgniter.php(324): CodeIgniter\CodeIgniter->display404errors(Object(CodeIgniter\Exceptions\PageNotFoundException))
#11 /home/elrowade/public_html/index.php(45): CodeIgniter\CodeIgniter->run()
#12 {main}
CRITICAL - 2020-07-18 13:27:10 --> Undefined variable: lang
#0 /home/elrowade/CI_FrameWork/app/Views/layout/footer.php(27): CodeIgniter\Debug\Exceptions->errorHandler(8, 'Undefined varia...', '/home/elrowade/...', 27, Array)
#1 /home/elrowade/CI_FrameWork/system/View/View.php(246): include('/home/elrowade/...')
#2 /home/elrowade/CI_FrameWork/system/Common.php(1087): CodeIgniter\View\View->render('layout/footer', Array, true)
#3 /home/elrowade/CI_FrameWork/app/Views/404.php(241): view('layout/footer')
#4 /home/elrowade/CI_FrameWork/system/View/View.php(246): include('/home/elrowade/...')
#5 /home/elrowade/CI_FrameWork/system/Common.php(1087): CodeIgniter\View\View->render('404', Array, true)
#6 /home/elrowade/CI_FrameWork/app/Helpers/lang_helper.php(8): view('404')
#7 /home/elrowade/CI_FrameWork/app/Controllers/Error_404.php(12): lang_check()
#8 /home/elrowade/CI_FrameWork/system/CodeIgniter.php(914): App\Controllers\Error_404->show404('bg-4.png')
#9 /home/elrowade/CI_FrameWork/system/CodeIgniter.php(950): CodeIgniter\CodeIgniter->runController(Object(App\Controllers\Error_404))
#10 /home/elrowade/CI_FrameWork/system/CodeIgniter.php(324): CodeIgniter\CodeIgniter->display404errors(Object(CodeIgniter\Exceptions\PageNotFoundException))
#11 /home/elrowade/public_html/index.php(45): CodeIgniter\CodeIgniter->run()
#12 {main}
CRITICAL - 2020-07-18 13:49:25 --> Undefined variable: lang
#0 /home/elrowade/CI_FrameWork/app/Views/layout/footer.php(27): CodeIgniter\Debug\Exceptions->errorHandler(8, 'Undefined varia...', '/home/elrowade/...', 27, Array)
#1 /home/elrowade/CI_FrameWork/system/View/View.php(246): include('/home/elrowade/...')
#2 /home/elrowade/CI_FrameWork/system/Common.php(1087): CodeIgniter\View\View->render('layout/footer', Array, true)
#3 /home/elrowade/CI_FrameWork/app/Views/404.php(241): view('layout/footer')
#4 /home/elrowade/CI_FrameWork/system/View/View.php(246): include('/home/elrowade/...')
#5 /home/elrowade/CI_FrameWork/system/Common.php(1087): CodeIgniter\View\View->render('404', Array, true)
#6 /home/elrowade/CI_FrameWork/app/Helpers/lang_helper.php(8): view('404')
#7 /home/elrowade/CI_FrameWork/app/Controllers/Error_404.php(12): lang_check()
#8 /home/elrowade/CI_FrameWork/system/CodeIgniter.php(914): App\Controllers\Error_404->show404('bg-5.png')
#9 /home/elrowade/CI_FrameWork/system/CodeIgniter.php(950): CodeIgniter\CodeIgniter->runController(Object(App\Controllers\Error_404))
#10 /home/elrowade/CI_FrameWork/system/CodeIgniter.php(324): CodeIgniter\CodeIgniter->display404errors(Object(CodeIgniter\Exceptions\PageNotFoundException))
#11 /home/elrowade/public_html/index.php(45): CodeIgniter\CodeIgniter->run()
#12 {main}
CRITICAL - 2020-07-18 13:49:29 --> Undefined variable: lang
#0 /home/elrowade/CI_FrameWork/app/Views/layout/footer.php(27): CodeIgniter\Debug\Exceptions->errorHandler(8, 'Undefined varia...', '/home/elrowade/...', 27, Array)
#1 /home/elrowade/CI_FrameWork/system/View/View.php(246): include('/home/elrowade/...')
#2 /home/elrowade/CI_FrameWork/system/Common.php(1087): CodeIgniter\View\View->render('layout/footer', Array, true)
#3 /home/elrowade/CI_FrameWork/app/Views/404.php(241): view('layout/footer')
#4 /home/elrowade/CI_FrameWork/system/View/View.php(246): include('/home/elrowade/...')
#5 /home/elrowade/CI_FrameWork/system/Common.php(1087): CodeIgniter\View\View->render('404', Array, true)
#6 /home/elrowade/CI_FrameWork/app/Helpers/lang_helper.php(8): view('404')
#7 /home/elrowade/CI_FrameWork/app/Controllers/Error_404.php(12): lang_check()
#8 /home/elrowade/CI_FrameWork/system/CodeIgniter.php(914): App\Controllers\Error_404->show404('bg-4.png')
#9 /home/elrowade/CI_FrameWork/system/CodeIgniter.php(950): CodeIgniter\CodeIgniter->runController(Object(App\Controllers\Error_404))
#10 /home/elrowade/CI_FrameWork/system/CodeIgniter.php(324): CodeIgniter\CodeIgniter->display404errors(Object(CodeIgniter\Exceptions\PageNotFoundException))
#11 /home/elrowade/public_html/index.php(45): CodeIgniter\CodeIgniter->run()
#12 {main}
CRITICAL - 2020-07-18 13:49:30 --> Undefined variable: lang
#0 /home/elrowade/CI_FrameWork/app/Views/layout/footer.php(27): CodeIgniter\Debug\Exceptions->errorHandler(8, 'Undefined varia...', '/home/elrowade/...', 27, Array)
#1 /home/elrowade/CI_FrameWork/system/View/View.php(246): include('/home/elrowade/...')
#2 /home/elrowade/CI_FrameWork/system/Common.php(1087): CodeIgniter\View\View->render('layout/footer', Array, true)
#3 /home/elrowade/CI_FrameWork/app/Views/404.php(241): view('layout/footer')
#4 /home/elrowade/CI_FrameWork/system/View/View.php(246): include('/home/elrowade/...')
#5 /home/elrowade/CI_FrameWork/system/Common.php(1087): CodeIgniter\View\View->render('404', Array, true)
#6 /home/elrowade/CI_FrameWork/app/Helpers/lang_helper.php(8): view('404')
#7 /home/elrowade/CI_FrameWork/app/Controllers/Error_404.php(12): lang_check()
#8 /home/elrowade/CI_FrameWork/system/CodeIgniter.php(914): App\Controllers\Error_404->show404('left-men.png')
#9 /home/elrowade/CI_FrameWork/system/CodeIgniter.php(950): CodeIgniter\CodeIgniter->runController(Object(App\Controllers\Error_404))
#10 /home/elrowade/CI_FrameWork/system/CodeIgniter.php(324): CodeIgniter\CodeIgniter->display404errors(Object(CodeIgniter\Exceptions\PageNotFoundException))
#11 /home/elrowade/public_html/index.php(45): CodeIgniter\CodeIgniter->run()
#12 {main}
CRITICAL - 2020-07-18 14:16:52 --> Undefined variable: lang
#0 /home/elrowade/CI_FrameWork/app/Views/layout/footer.php(27): CodeIgniter\Debug\Exceptions->errorHandler(8, 'Undefined varia...', '/home/elrowade/...', 27, Array)
#1 /home/elrowade/CI_FrameWork/system/View/View.php(246): include('/home/elrowade/...')
#2 /home/elrowade/CI_FrameWork/system/Common.php(1087): CodeIgniter\View\View->render('layout/footer', Array, true)
#3 /home/elrowade/CI_FrameWork/app/Views/404.php(241): view('layout/footer')
#4 /home/elrowade/CI_FrameWork/system/View/View.php(246): include('/home/elrowade/...')
#5 /home/elrowade/CI_FrameWork/system/Common.php(1087): CodeIgniter\View\View->render('404', Array, true)
#6 /home/elrowade/CI_FrameWork/app/Helpers/lang_helper.php(8): view('404')
#7 /home/elrowade/CI_FrameWork/app/Controllers/Error_404.php(12): lang_check()
#8 /home/elrowade/CI_FrameWork/system/CodeIgniter.php(914): App\Controllers\Error_404->show404()
#9 /home/elrowade/CI_FrameWork/system/CodeIgniter.php(950): CodeIgniter\CodeIgniter->runController(Object(App\Controllers\Error_404))
#10 /home/elrowade/CI_FrameWork/system/CodeIgniter.php(324): CodeIgniter\CodeIgniter->display404errors(Object(CodeIgniter\Exceptions\PageNotFoundException))
#11 /home/elrowade/public_html/index.php(45): CodeIgniter\CodeIgniter->run()
#12 {main}
CRITICAL - 2020-07-18 15:33:53 --> Undefined variable: lang
#0 /home/elrowade/CI_FrameWork/app/Views/layout/footer.php(27): CodeIgniter\Debug\Exceptions->errorHandler(8, 'Undefined varia...', '/home/elrowade/...', 27, Array)
#1 /home/elrowade/CI_FrameWork/system/View/View.php(246): include('/home/elrowade/...')
#2 /home/elrowade/CI_FrameWork/system/Common.php(1087): CodeIgniter\View\View->render('layout/footer', Array, true)
#3 /home/elrowade/CI_FrameWork/app/Views/404.php(241): view('layout/footer')
#4 /home/elrowade/CI_FrameWork/system/View/View.php(246): include('/home/elrowade/...')
#5 /home/elrowade/CI_FrameWork/system/Common.php(1087): CodeIgniter\View\View->render('404', Array, true)
#6 /home/elrowade/CI_FrameWork/app/Helpers/lang_helper.php(8): view('404')
#7 /home/elrowade/CI_FrameWork/app/Controllers/Error_404.php(12): lang_check()
#8 /home/elrowade/CI_FrameWork/system/CodeIgniter.php(914): App\Controllers\Error_404->show404()
#9 /home/elrowade/CI_FrameWork/system/CodeIgniter.php(950): CodeIgniter\CodeIgniter->runController(Object(App\Controllers\Error_404))
#10 /home/elrowade/CI_FrameWork/system/CodeIgniter.php(324): CodeIgniter\CodeIgniter->display404errors(Object(CodeIgniter\Exceptions\PageNotFoundException))
#11 /home/elrowade/public_html/index.php(45): CodeIgniter\CodeIgniter->run()
#12 {main}
CRITICAL - 2020-07-18 16:23:48 --> Undefined variable: lang
#0 /home/elrowade/CI_FrameWork/app/Views/layout/footer.php(27): CodeIgniter\Debug\Exceptions->errorHandler(8, 'Undefined varia...', '/home/elrowade/...', 27, Array)
#1 /home/elrowade/CI_FrameWork/system/View/View.php(246): include('/home/elrowade/...')
#2 /home/elrowade/CI_FrameWork/system/Common.php(1087): CodeIgniter\View\View->render('layout/footer', Array, true)
#3 /home/elrowade/CI_FrameWork/app/Views/404.php(241): view('layout/footer')
#4 /home/elrowade/CI_FrameWork/system/View/View.php(246): include('/home/elrowade/...')
#5 /home/elrowade/CI_FrameWork/system/Common.php(1087): CodeIgniter\View\View->render('404', Array, true)
#6 /home/elrowade/CI_FrameWork/app/Helpers/lang_helper.php(8): view('404')
#7 /home/elrowade/CI_FrameWork/app/Controllers/Error_404.php(12): lang_check()
#8 /home/elrowade/CI_FrameWork/system/CodeIgniter.php(914): App\Controllers\Error_404->show404('02_refrigerator...')
#9 /home/elrowade/CI_FrameWork/system/CodeIgniter.php(950): CodeIgniter\CodeIgniter->runController(Object(App\Controllers\Error_404))
#10 /home/elrowade/CI_FrameWork/system/CodeIgniter.php(324): CodeIgniter\CodeIgniter->display404errors(Object(CodeIgniter\Exceptions\PageNotFoundException))
#11 /home/elrowade/public_html/index.php(45): CodeIgniter\CodeIgniter->run()
#12 {main}
CRITICAL - 2020-07-18 16:26:40 --> Undefined variable: lang
#0 /home/elrowade/CI_FrameWork/app/Views/layout/footer.php(27): CodeIgniter\Debug\Exceptions->errorHandler(8, 'Undefined varia...', '/home/elrowade/...', 27, Array)
#1 /home/elrowade/CI_FrameWork/system/View/View.php(246): include('/home/elrowade/...')
#2 /home/elrowade/CI_FrameWork/system/Common.php(1087): CodeIgniter\View\View->render('layout/footer', Array, true)
#3 /home/elrowade/CI_FrameWork/app/Views/404.php(241): view('layout/footer')
#4 /home/elrowade/CI_FrameWork/system/View/View.php(246): include('/home/elrowade/...')
#5 /home/elrowade/CI_FrameWork/system/Common.php(1087): CodeIgniter\View\View->render('404', Array, true)
#6 /home/elrowade/CI_FrameWork/app/Helpers/lang_helper.php(8): view('404')
#7 /home/elrowade/CI_FrameWork/app/Controllers/Error_404.php(12): lang_check()
#8 /home/elrowade/CI_FrameWork/system/CodeIgniter.php(914): App\Controllers\Error_404->show404('bg-5.png')
#9 /home/elrowade/CI_FrameWork/system/CodeIgniter.php(950): CodeIgniter\CodeIgniter->runController(Object(App\Controllers\Error_404))
#10 /home/elrowade/CI_FrameWork/system/CodeIgniter.php(324): CodeIgniter\CodeIgniter->display404errors(Object(CodeIgniter\Exceptions\PageNotFoundException))
#11 /home/elrowade/public_html/index.php(45): CodeIgniter\CodeIgniter->run()
#12 {main}
CRITICAL - 2020-07-18 16:26:40 --> Undefined variable: lang
#0 /home/elrowade/CI_FrameWork/app/Views/layout/footer.php(27): CodeIgniter\Debug\Exceptions->errorHandler(8, 'Undefined varia...', '/home/elrowade/...', 27, Array)
#1 /home/elrowade/CI_FrameWork/system/View/View.php(246): include('/home/elrowade/...')
#2 /home/elrowade/CI_FrameWork/system/Common.php(1087): CodeIgniter\View\View->render('layout/footer', Array, true)
#3 /home/elrowade/CI_FrameWork/app/Views/404.php(241): view('layout/footer')
#4 /home/elrowade/CI_FrameWork/system/View/View.php(246): include('/home/elrowade/...')
#5 /home/elrowade/CI_FrameWork/system/Common.php(1087): CodeIgniter\View\View->render('404', Array, true)
#6 /home/elrowade/CI_FrameWork/app/Helpers/lang_helper.php(8): view('404')
#7 /home/elrowade/CI_FrameWork/app/Controllers/Error_404.php(12): lang_check()
#8 /home/elrowade/CI_FrameWork/system/CodeIgniter.php(914): App\Controllers\Error_404->show404('bg-4.png')
#9 /home/elrowade/CI_FrameWork/system/CodeIgniter.php(950): CodeIgniter\CodeIgniter->runController(Object(App\Controllers\Error_404))
#10 /home/elrowade/CI_FrameWork/system/CodeIgniter.php(324): CodeIgniter\CodeIgniter->display404errors(Object(CodeIgniter\Exceptions\PageNotFoundException))
#11 /home/elrowade/public_html/index.php(45): CodeIgniter\CodeIgniter->run()
#12 {main}
CRITICAL - 2020-07-18 16:26:40 --> Undefined variable: lang
#0 /home/elrowade/CI_FrameWork/app/Views/layout/footer.php(27): CodeIgniter\Debug\Exceptions->errorHandler(8, 'Undefined varia...', '/home/elrowade/...', 27, Array)
#1 /home/elrowade/CI_FrameWork/system/View/View.php(246): include('/home/elrowade/...')
#2 /home/elrowade/CI_FrameWork/system/Common.php(1087): CodeIgniter\View\View->render('layout/footer', Array, true)
#3 /home/elrowade/CI_FrameWork/app/Views/404.php(241): view('layout/footer')
#4 /home/elrowade/CI_FrameWork/system/View/View.php(246): include('/home/elrowade/...')
#5 /home/elrowade/CI_FrameWork/system/Common.php(1087): CodeIgniter\View\View->render('404', Array, true)
#6 /home/elrowade/CI_FrameWork/app/Helpers/lang_helper.php(8): view('404')
#7 /home/elrowade/CI_FrameWork/app/Controllers/Error_404.php(12): lang_check()
#8 /home/elrowade/CI_FrameWork/system/CodeIgniter.php(914): App\Controllers\Error_404->show404('left-men.png')
#9 /home/elrowade/CI_FrameWork/system/CodeIgniter.php(950): CodeIgniter\CodeIgniter->runController(Object(App\Controllers\Error_404))
#10 /home/elrowade/CI_FrameWork/system/CodeIgniter.php(324): CodeIgniter\CodeIgniter->display404errors(Object(CodeIgniter\Exceptions\PageNotFoundException))
#11 /home/elrowade/public_html/index.php(45): CodeIgniter\CodeIgniter->run()
#12 {main}
CRITICAL - 2020-07-18 17:06:45 --> Undefined variable: lang
#0 /home/elrowade/CI_FrameWork/app/Views/layout/footer.php(27): CodeIgniter\Debug\Exceptions->errorHandler(8, 'Undefined varia...', '/home/elrowade/...', 27, Array)
#1 /home/elrowade/CI_FrameWork/system/View/View.php(246): include('/home/elrowade/...')
#2 /home/elrowade/CI_FrameWork/system/Common.php(1087): CodeIgniter\View\View->render('layout/footer', Array, true)
#3 /home/elrowade/CI_FrameWork/app/Views/404.php(241): view('layout/footer')
#4 /home/elrowade/CI_FrameWork/system/View/View.php(246): include('/home/elrowade/...')
#5 /home/elrowade/CI_FrameWork/system/Common.php(1087): CodeIgniter\View\View->render('404', Array, true)
#6 /home/elrowade/CI_FrameWork/app/Helpers/lang_helper.php(8): view('404')
#7 /home/elrowade/CI_FrameWork/app/Controllers/Error_404.php(12): lang_check()
#8 /home/elrowade/CI_FrameWork/system/CodeIgniter.php(914): App\Controllers\Error_404->show404('bg-5.png')
#9 /home/elrowade/CI_FrameWork/system/CodeIgniter.php(950): CodeIgniter\CodeIgniter->runController(Object(App\Controllers\Error_404))
#10 /home/elrowade/CI_FrameWork/system/CodeIgniter.php(324): CodeIgniter\CodeIgniter->display404errors(Object(CodeIgniter\Exceptions\PageNotFoundException))
#11 /home/elrowade/public_html/index.php(45): CodeIgniter\CodeIgniter->run()
#12 {main}
CRITICAL - 2020-07-18 17:06:57 --> Undefined variable: lang
#0 /home/elrowade/CI_FrameWork/app/Views/layout/footer.php(27): CodeIgniter\Debug\Exceptions->errorHandler(8, 'Undefined varia...', '/home/elrowade/...', 27, Array)
#1 /home/elrowade/CI_FrameWork/system/View/View.php(246): include('/home/elrowade/...')
#2 /home/elrowade/CI_FrameWork/system/Common.php(1087): CodeIgniter\View\View->render('layout/footer', Array, true)
#3 /home/elrowade/CI_FrameWork/app/Views/404.php(241): view('layout/footer')
#4 /home/elrowade/CI_FrameWork/system/View/View.php(246): include('/home/elrowade/...')
#5 /home/elrowade/CI_FrameWork/system/Common.php(1087): CodeIgniter\View\View->render('404', Array, true)
#6 /home/elrowade/CI_FrameWork/app/Helpers/lang_helper.php(8): view('404')
#7 /home/elrowade/CI_FrameWork/app/Controllers/Error_404.php(12): lang_check()
#8 /home/elrowade/CI_FrameWork/system/CodeIgniter.php(914): App\Controllers\Error_404->show404('background', 'bg-5.png')
#9 /home/elrowade/CI_FrameWork/system/CodeIgniter.php(950): CodeIgniter\CodeIgniter->runController(Object(App\Controllers\Error_404))
#10 /home/elrowade/CI_FrameWork/system/CodeIgniter.php(324): CodeIgniter\CodeIgniter->display404errors(Object(CodeIgniter\Exceptions\PageNotFoundException))
#11 /home/elrowade/public_html/index.php(45): CodeIgniter\CodeIgniter->run()
#12 {main}
CRITICAL - 2020-07-18 17:07:07 --> Undefined variable: lang
#0 /home/elrowade/CI_FrameWork/app/Views/layout/footer.php(27): CodeIgniter\Debug\Exceptions->errorHandler(8, 'Undefined varia...', '/home/elrowade/...', 27, Array)
#1 /home/elrowade/CI_FrameWork/system/View/View.php(246): include('/home/elrowade/...')
#2 /home/elrowade/CI_FrameWork/system/Common.php(1087): CodeIgniter\View\View->render('layout/footer', Array, true)
#3 /home/elrowade/CI_FrameWork/app/Views/404.php(241): view('layout/footer')
#4 /home/elrowade/CI_FrameWork/system/View/View.php(246): include('/home/elrowade/...')
#5 /home/elrowade/CI_FrameWork/system/Common.php(1087): CodeIgniter\View\View->render('404', Array, true)
#6 /home/elrowade/CI_FrameWork/app/Helpers/lang_helper.php(8): view('404')
#7 /home/elrowade/CI_FrameWork/app/Controllers/Error_404.php(12): lang_check()
#8 /home/elrowade/CI_FrameWork/system/CodeIgniter.php(914): App\Controllers\Error_404->show404('bg-5.png')
#9 /home/elrowade/CI_FrameWork/system/CodeIgniter.php(950): CodeIgniter\CodeIgniter->runController(Object(App\Controllers\Error_404))
#10 /home/elrowade/CI_FrameWork/system/CodeIgniter.php(324): CodeIgniter\CodeIgniter->display404errors(Object(CodeIgniter\Exceptions\PageNotFoundException))
#11 /home/elrowade/public_html/index.php(45): CodeIgniter\CodeIgniter->run()
#12 {main}
CRITICAL - 2020-07-18 17:30:34 --> Undefined variable: lang
#0 /home/elrowade/CI_FrameWork/app/Views/layout/footer.php(27): CodeIgniter\Debug\Exceptions->errorHandler(8, 'Undefined varia...', '/home/elrowade/...', 27, Array)
#1 /home/elrowade/CI_FrameWork/system/View/View.php(246): include('/home/elrowade/...')
#2 /home/elrowade/CI_FrameWork/system/Common.php(1087): CodeIgniter\View\View->render('layout/footer', Array, true)
#3 /home/elrowade/CI_FrameWork/app/Views/404.php(241): view('layout/footer')
#4 /home/elrowade/CI_FrameWork/system/View/View.php(246): include('/home/elrowade/...')
#5 /home/elrowade/CI_FrameWork/system/Common.php(1087): CodeIgniter\View\View->render('404', Array, true)
#6 /home/elrowade/CI_FrameWork/app/Helpers/lang_helper.php(8): view('404')
#7 /home/elrowade/CI_FrameWork/app/Controllers/Error_404.php(12): lang_check()
#8 /home/elrowade/CI_FrameWork/system/CodeIgniter.php(914): App\Controllers\Error_404->show404()
#9 /home/elrowade/CI_FrameWork/system/CodeIgniter.php(950): CodeIgniter\CodeIgniter->runController(Object(App\Controllers\Error_404))
#10 /home/elrowade/CI_FrameWork/system/CodeIgniter.php(324): CodeIgniter\CodeIgniter->display404errors(Object(CodeIgniter\Exceptions\PageNotFoundException))
#11 /home/elrowade/public_html/index.php(45): CodeIgniter\CodeIgniter->run()
#12 {main}
CRITICAL - 2020-07-18 17:57:53 --> Undefined variable: lang
#0 /home/elrowade/CI_FrameWork/app/Views/layout/footer.php(27): CodeIgniter\Debug\Exceptions->errorHandler(8, 'Undefined varia...', '/home/elrowade/...', 27, Array)
#1 /home/elrowade/CI_FrameWork/system/View/View.php(246): include('/home/elrowade/...')
#2 /home/elrowade/CI_FrameWork/system/Common.php(1087): CodeIgniter\View\View->render('layout/footer', Array, true)
#3 /home/elrowade/CI_FrameWork/app/Views/404.php(241): view('layout/footer')
#4 /home/elrowade/CI_FrameWork/system/View/View.php(246): include('/home/elrowade/...')
#5 /home/elrowade/CI_FrameWork/system/Common.php(1087): CodeIgniter\View\View->render('404', Array, true)
#6 /home/elrowade/CI_FrameWork/app/Helpers/lang_helper.php(8): view('404')
#7 /home/elrowade/CI_FrameWork/app/Controllers/Error_404.php(12): lang_check()
#8 /home/elrowade/CI_FrameWork/system/CodeIgniter.php(914): App\Controllers\Error_404->show404()
#9 /home/elrowade/CI_FrameWork/system/CodeIgniter.php(950): CodeIgniter\CodeIgniter->runController(Object(App\Controllers\Error_404))
#10 /home/elrowade/CI_FrameWork/system/CodeIgniter.php(324): CodeIgniter\CodeIgniter->display404errors(Object(CodeIgniter\Exceptions\PageNotFoundException))
#11 /home/elrowade/public_html/index.php(45): CodeIgniter\CodeIgniter->run()
#12 {main}
CRITICAL - 2020-07-18 18:24:41 --> Undefined variable: lang
#0 /home/elrowade/CI_FrameWork/app/Views/layout/footer.php(27): CodeIgniter\Debug\Exceptions->errorHandler(8, 'Undefined varia...', '/home/elrowade/...', 27, Array)
#1 /home/elrowade/CI_FrameWork/system/View/View.php(246): include('/home/elrowade/...')
#2 /home/elrowade/CI_FrameWork/system/Common.php(1087): CodeIgniter\View\View->render('layout/footer', Array, true)
#3 /home/elrowade/CI_FrameWork/app/Views/404.php(241): view('layout/footer')
#4 /home/elrowade/CI_FrameWork/system/View/View.php(246): include('/home/elrowade/...')
#5 /home/elrowade/CI_FrameWork/system/Common.php(1087): CodeIgniter\View\View->render('404', Array, true)
#6 /home/elrowade/CI_FrameWork/app/Helpers/lang_helper.php(8): view('404')
#7 /home/elrowade/CI_FrameWork/app/Controllers/Error_404.php(12): lang_check()
#8 /home/elrowade/CI_FrameWork/system/CodeIgniter.php(914): App\Controllers\Error_404->show404()
#9 /home/elrowade/CI_FrameWork/system/CodeIgniter.php(950): CodeIgniter\CodeIgniter->runController(Object(App\Controllers\Error_404))
#10 /home/elrowade/CI_FrameWork/system/CodeIgniter.php(324): CodeIgniter\CodeIgniter->display404errors(Object(CodeIgniter\Exceptions\PageNotFoundException))
#11 /home/elrowade/public_html/index.php(45): CodeIgniter\CodeIgniter->run()
#12 {main}
CRITICAL - 2020-07-18 19:34:01 --> Undefined variable: lang
#0 /home/elrowade/CI_FrameWork/app/Views/layout/footer.php(27): CodeIgniter\Debug\Exceptions->errorHandler(8, 'Undefined varia...', '/home/elrowade/...', 27, Array)
#1 /home/elrowade/CI_FrameWork/system/View/View.php(246): include('/home/elrowade/...')
#2 /home/elrowade/CI_FrameWork/system/Common.php(1087): CodeIgniter\View\View->render('layout/footer', Array, true)
#3 /home/elrowade/CI_FrameWork/app/Views/404.php(241): view('layout/footer')
#4 /home/elrowade/CI_FrameWork/system/View/View.php(246): include('/home/elrowade/...')
#5 /home/elrowade/CI_FrameWork/system/Common.php(1087): CodeIgniter\View\View->render('404', Array, true)
#6 /home/elrowade/CI_FrameWork/app/Helpers/lang_helper.php(8): view('404')
#7 /home/elrowade/CI_FrameWork/app/Controllers/Error_404.php(12): lang_check()
#8 /home/elrowade/CI_FrameWork/system/CodeIgniter.php(914): App\Controllers\Error_404->show404()
#9 /home/elrowade/CI_FrameWork/system/CodeIgniter.php(950): CodeIgniter\CodeIgniter->runController(Object(App\Controllers\Error_404))
#10 /home/elrowade/CI_FrameWork/system/CodeIgniter.php(324): CodeIgniter\CodeIgniter->display404errors(Object(CodeIgniter\Exceptions\PageNotFoundException))
#11 /home/elrowade/public_html/index.php(45): CodeIgniter\CodeIgniter->run()
#12 {main}
CRITICAL - 2020-07-18 19:51:57 --> Undefined variable: lang
#0 /home/elrowade/CI_FrameWork/app/Views/layout/footer.php(27): CodeIgniter\Debug\Exceptions->errorHandler(8, 'Undefined varia...', '/home/elrowade/...', 27, Array)
#1 /home/elrowade/CI_FrameWork/system/View/View.php(246): include('/home/elrowade/...')
#2 /home/elrowade/CI_FrameWork/system/Common.php(1087): CodeIgniter\View\View->render('layout/footer', Array, true)
#3 /home/elrowade/CI_FrameWork/app/Views/404.php(241): view('layout/footer')
#4 /home/elrowade/CI_FrameWork/system/View/View.php(246): include('/home/elrowade/...')
#5 /home/elrowade/CI_FrameWork/system/Common.php(1087): CodeIgniter\View\View->render('404', Array, true)
#6 /home/elrowade/CI_FrameWork/app/Helpers/lang_helper.php(8): view('404')
#7 /home/elrowade/CI_FrameWork/app/Controllers/Error_404.php(12): lang_check()
#8 /home/elrowade/CI_FrameWork/system/CodeIgniter.php(914): App\Controllers\Error_404->show404()
#9 /home/elrowade/CI_FrameWork/system/CodeIgniter.php(950): CodeIgniter\CodeIgniter->runController(Object(App\Controllers\Error_404))
#10 /home/elrowade/CI_FrameWork/system/CodeIgniter.php(324): CodeIgniter\CodeIgniter->display404errors(Object(CodeIgniter\Exceptions\PageNotFoundException))
#11 /home/elrowade/public_html/index.php(45): CodeIgniter\CodeIgniter->run()
#12 {main}
CRITICAL - 2020-07-18 19:58:24 --> Undefined variable: lang
#0 /home/elrowade/CI_FrameWork/app/Views/layout/footer.php(27): CodeIgniter\Debug\Exceptions->errorHandler(8, 'Undefined varia...', '/home/elrowade/...', 27, Array)
#1 /home/elrowade/CI_FrameWork/system/View/View.php(246): include('/home/elrowade/...')
#2 /home/elrowade/CI_FrameWork/system/Common.php(1087): CodeIgniter\View\View->render('layout/footer', Array, true)
#3 /home/elrowade/CI_FrameWork/app/Views/404.php(241): view('layout/footer')
#4 /home/elrowade/CI_FrameWork/system/View/View.php(246): include('/home/elrowade/...')
#5 /home/elrowade/CI_FrameWork/system/Common.php(1087): CodeIgniter\View\View->render('404', Array, true)
#6 /home/elrowade/CI_FrameWork/app/Helpers/lang_helper.php(8): view('404')
#7 /home/elrowade/CI_FrameWork/app/Controllers/Error_404.php(12): lang_check()
#8 /home/elrowade/CI_FrameWork/system/CodeIgniter.php(914): App\Controllers\Error_404->show404('bg-5.png')
#9 /home/elrowade/CI_FrameWork/system/CodeIgniter.php(950): CodeIgniter\CodeIgniter->runController(Object(App\Controllers\Error_404))
#10 /home/elrowade/CI_FrameWork/system/CodeIgniter.php(324): CodeIgniter\CodeIgniter->display404errors(Object(CodeIgniter\Exceptions\PageNotFoundException))
#11 /home/elrowade/public_html/index.php(45): CodeIgniter\CodeIgniter->run()
#12 {main}
CRITICAL - 2020-07-18 20:00:52 --> Undefined variable: lang
#0 /home/elrowade/CI_FrameWork/app/Views/layout/footer.php(27): CodeIgniter\Debug\Exceptions->errorHandler(8, 'Undefined varia...', '/home/elrowade/...', 27, Array)
#1 /home/elrowade/CI_FrameWork/system/View/View.php(246): include('/home/elrowade/...')
#2 /home/elrowade/CI_FrameWork/system/Common.php(1087): CodeIgniter\View\View->render('layout/footer', Array, true)
#3 /home/elrowade/CI_FrameWork/app/Views/404.php(241): view('layout/footer')
#4 /home/elrowade/CI_FrameWork/system/View/View.php(246): include('/home/elrowade/...')
#5 /home/elrowade/CI_FrameWork/system/Common.php(1087): CodeIgniter\View\View->render('404', Array, true)
#6 /home/elrowade/CI_FrameWork/app/Helpers/lang_helper.php(8): view('404')
#7 /home/elrowade/CI_FrameWork/app/Controllers/Error_404.php(12): lang_check()
#8 /home/elrowade/CI_FrameWork/system/CodeIgniter.php(914): App\Controllers\Error_404->show404('bg-5.png')
#9 /home/elrowade/CI_FrameWork/system/CodeIgniter.php(950): CodeIgniter\CodeIgniter->runController(Object(App\Controllers\Error_404))
#10 /home/elrowade/CI_FrameWork/system/CodeIgniter.php(324): CodeIgniter\CodeIgniter->display404errors(Object(CodeIgniter\Exceptions\PageNotFoundException))
#11 /home/elrowade/public_html/index.php(45): CodeIgniter\CodeIgniter->run()
#12 {main}
CRITICAL - 2020-07-18 20:01:47 --> Undefined variable: lang
#0 /home/elrowade/CI_FrameWork/app/Views/layout/footer.php(27): CodeIgniter\Debug\Exceptions->errorHandler(8, 'Undefined varia...', '/home/elrowade/...', 27, Array)
#1 /home/elrowade/CI_FrameWork/system/View/View.php(246): include('/home/elrowade/...')
#2 /home/elrowade/CI_FrameWork/system/Common.php(1087): CodeIgniter\View\View->render('layout/footer', Array, true)
#3 /home/elrowade/CI_FrameWork/app/Views/404.php(241): view('layout/footer')
#4 /home/elrowade/CI_FrameWork/system/View/View.php(246): include('/home/elrowade/...')
#5 /home/elrowade/CI_FrameWork/system/Common.php(1087): CodeIgniter\View\View->render('404', Array, true)
#6 /home/elrowade/CI_FrameWork/app/Helpers/lang_helper.php(8): view('404')
#7 /home/elrowade/CI_FrameWork/app/Controllers/Error_404.php(12): lang_check()
#8 /home/elrowade/CI_FrameWork/system/CodeIgniter.php(914): App\Controllers\Error_404->show404('bg-5.png')
#9 /home/elrowade/CI_FrameWork/system/CodeIgniter.php(950): CodeIgniter\CodeIgniter->runController(Object(App\Controllers\Error_404))
#10 /home/elrowade/CI_FrameWork/system/CodeIgniter.php(324): CodeIgniter\CodeIgniter->display404errors(Object(CodeIgniter\Exceptions\PageNotFoundException))
#11 /home/elrowade/public_html/index.php(45): CodeIgniter\CodeIgniter->run()
#12 {main}
CRITICAL - 2020-07-18 20:04:17 --> Undefined variable: lang
#0 /home/elrowade/CI_FrameWork/app/Views/layout/footer.php(27): CodeIgniter\Debug\Exceptions->errorHandler(8, 'Undefined varia...', '/home/elrowade/...', 27, Array)
#1 /home/elrowade/CI_FrameWork/system/View/View.php(246): include('/home/elrowade/...')
#2 /home/elrowade/CI_FrameWork/system/Common.php(1087): CodeIgniter\View\View->render('layout/footer', Array, true)
#3 /home/elrowade/CI_FrameWork/app/Views/404.php(241): view('layout/footer')
#4 /home/elrowade/CI_FrameWork/system/View/View.php(246): include('/home/elrowade/...')
#5 /home/elrowade/CI_FrameWork/system/Common.php(1087): CodeIgniter\View\View->render('404', Array, true)
#6 /home/elrowade/CI_FrameWork/app/Helpers/lang_helper.php(8): view('404')
#7 /home/elrowade/CI_FrameWork/app/Controllers/Error_404.php(12): lang_check()
#8 /home/elrowade/CI_FrameWork/system/CodeIgniter.php(914): App\Controllers\Error_404->show404('bg-5.png')
#9 /home/elrowade/CI_FrameWork/system/CodeIgniter.php(950): CodeIgniter\CodeIgniter->runController(Object(App\Controllers\Error_404))
#10 /home/elrowade/CI_FrameWork/system/CodeIgniter.php(324): CodeIgniter\CodeIgniter->display404errors(Object(CodeIgniter\Exceptions\PageNotFoundException))
#11 /home/elrowade/public_html/index.php(45): CodeIgniter\CodeIgniter->run()
#12 {main}
CRITICAL - 2020-07-18 20:08:58 --> Undefined variable: meta
#0 /home/elrowade/CI_FrameWork/app/Views/layout/header.php(27): CodeIgniter\Debug\Exceptions->errorHandler(8, 'Undefined varia...', '/home/elrowade/...', 27, Array)
#1 /home/elrowade/CI_FrameWork/system/View/View.php(246): include('/home/elrowade/...')
#2 /home/elrowade/CI_FrameWork/system/Common.php(1087): CodeIgniter\View\View->render('layout/header', Array, true)
#3 /home/elrowade/CI_FrameWork/app/Views/projects/projects.php(2): view('layout/header')
#4 /home/elrowade/CI_FrameWork/system/View/View.php(246): include('/home/elrowade/...')
#5 /home/elrowade/CI_FrameWork/system/Common.php(1087): CodeIgniter\View\View->render('projects/projec...', Array, true)
#6 /home/elrowade/CI_FrameWork/app/Controllers/Projects.php(79): view('projects/projec...', Array)
#7 /home/elrowade/CI_FrameWork/system/CodeIgniter.php(914): App\Controllers\Projects->all_projects('schools')
#8 /home/elrowade/CI_FrameWork/system/CodeIgniter.php(400): CodeIgniter\CodeIgniter->runController(Object(App\Controllers\Projects))
#9 /home/elrowade/CI_FrameWork/system/CodeIgniter.php(308): CodeIgniter\CodeIgniter->handleRequest(NULL, Object(Config\Cache), false)
#10 /home/elrowade/public_html/index.php(45): CodeIgniter\CodeIgniter->run()
#11 {main}
CRITICAL - 2020-07-18 20:15:42 --> Undefined variable: meta
#0 /home/elrowade/CI_FrameWork/app/Views/layout/header.php(27): CodeIgniter\Debug\Exceptions->errorHandler(8, 'Undefined varia...', '/home/elrowade/...', 27, Array)
#1 /home/elrowade/CI_FrameWork/system/View/View.php(246): include('/home/elrowade/...')
#2 /home/elrowade/CI_FrameWork/system/Common.php(1087): CodeIgniter\View\View->render('layout/header', Array, true)
#3 /home/elrowade/CI_FrameWork/app/Views/projects/projects.php(2): view('layout/header')
#4 /home/elrowade/CI_FrameWork/system/View/View.php(246): include('/home/elrowade/...')
#5 /home/elrowade/CI_FrameWork/system/Common.php(1087): CodeIgniter\View\View->render('projects/projec...', Array, true)
#6 /home/elrowade/CI_FrameWork/app/Controllers/Projects.php(79): view('projects/projec...', Array)
#7 /home/elrowade/CI_FrameWork/system/CodeIgniter.php(914): App\Controllers\Projects->all_projects('industrial')
#8 /home/elrowade/CI_FrameWork/system/CodeIgniter.php(400): CodeIgniter\CodeIgniter->runController(Object(App\Controllers\Projects))
#9 /home/elrowade/CI_FrameWork/system/CodeIgniter.php(308): CodeIgniter\CodeIgniter->handleRequest(NULL, Object(Config\Cache), false)
#10 /home/elrowade/public_html/index.php(45): CodeIgniter\CodeIgniter->run()
#11 {main}
CRITICAL - 2020-07-18 20:23:31 --> Undefined variable: meta
#0 /home/elrowade/CI_FrameWork/app/Views/layout/header.php(27): CodeIgniter\Debug\Exceptions->errorHandler(8, 'Undefined varia...', '/home/elrowade/...', 27, Array)
#1 /home/elrowade/CI_FrameWork/system/View/View.php(246): include('/home/elrowade/...')
#2 /home/elrowade/CI_FrameWork/system/Common.php(1087): CodeIgniter\View\View->render('layout/header', Array, true)
#3 /home/elrowade/CI_FrameWork/app/Views/projects/projects.php(2): view('layout/header')
#4 /home/elrowade/CI_FrameWork/system/View/View.php(246): include('/home/elrowade/...')
#5 /home/elrowade/CI_FrameWork/system/Common.php(1087): CodeIgniter\View\View->render('projects/projec...', Array, true)
#6 /home/elrowade/CI_FrameWork/app/Controllers/Projects.php(79): view('projects/projec...', Array)
#7 /home/elrowade/CI_FrameWork/system/CodeIgniter.php(914): App\Controllers\Projects->all_projects('commercial')
#8 /home/elrowade/CI_FrameWork/system/CodeIgniter.php(400): CodeIgniter\CodeIgniter->runController(Object(App\Controllers\Projects))
#9 /home/elrowade/CI_FrameWork/system/CodeIgniter.php(308): CodeIgniter\CodeIgniter->handleRequest(NULL, Object(Config\Cache), false)
#10 /home/elrowade/public_html/index.php(45): CodeIgniter\CodeIgniter->run()
#11 {main}
CRITICAL - 2020-07-18 20:29:56 --> Undefined variable: meta
#0 /home/elrowade/CI_FrameWork/app/Views/layout/header.php(27): CodeIgniter\Debug\Exceptions->errorHandler(8, 'Undefined varia...', '/home/elrowade/...', 27, Array)
#1 /home/elrowade/CI_FrameWork/system/View/View.php(246): include('/home/elrowade/...')
#2 /home/elrowade/CI_FrameWork/system/Common.php(1087): CodeIgniter\View\View->render('layout/header', Array, true)
#3 /home/elrowade/CI_FrameWork/app/Views/projects/projects.php(2): view('layout/header')
#4 /home/elrowade/CI_FrameWork/system/View/View.php(246): include('/home/elrowade/...')
#5 /home/elrowade/CI_FrameWork/system/Common.php(1087): CodeIgniter\View\View->render('projects/projec...', Array, true)
#6 /home/elrowade/CI_FrameWork/app/Controllers/Projects.php(79): view('projects/projec...', Array)
#7 /home/elrowade/CI_FrameWork/system/CodeIgniter.php(914): App\Controllers\Projects->all_projects('a%D9%90dministr...')
#8 /home/elrowade/CI_FrameWork/system/CodeIgniter.php(400): CodeIgniter\CodeIgniter->runController(Object(App\Controllers\Projects))
#9 /home/elrowade/CI_FrameWork/system/CodeIgniter.php(308): CodeIgniter\CodeIgniter->handleRequest(NULL, Object(Config\Cache), false)
#10 /home/elrowade/public_html/index.php(45): CodeIgniter\CodeIgniter->run()
#11 {main}
CRITICAL - 2020-07-18 20:34:38 --> Undefined variable: meta
#0 /home/elrowade/CI_FrameWork/app/Views/layout/header.php(27): CodeIgniter\Debug\Exceptions->errorHandler(8, 'Undefined varia...', '/home/elrowade/...', 27, Array)
#1 /home/elrowade/CI_FrameWork/system/View/View.php(246): include('/home/elrowade/...')
#2 /home/elrowade/CI_FrameWork/system/Common.php(1087): CodeIgniter\View\View->render('layout/header', Array, true)
#3 /home/elrowade/CI_FrameWork/app/Views/projects/projects.php(2): view('layout/header')
#4 /home/elrowade/CI_FrameWork/system/View/View.php(246): include('/home/elrowade/...')
#5 /home/elrowade/CI_FrameWork/system/Common.php(1087): CodeIgniter\View\View->render('projects/projec...', Array, true)
#6 /home/elrowade/CI_FrameWork/app/Controllers/Projects.php(79): view('projects/projec...', Array)
#7 /home/elrowade/CI_FrameWork/system/CodeIgniter.php(914): App\Controllers\Projects->all_projects('residential')
#8 /home/elrowade/CI_FrameWork/system/CodeIgniter.php(400): CodeIgniter\CodeIgniter->runController(Object(App\Controllers\Projects))
#9 /home/elrowade/CI_FrameWork/system/CodeIgniter.php(308): CodeIgniter\CodeIgniter->handleRequest(NULL, Object(Config\Cache), false)
#10 /home/elrowade/public_html/index.php(45): CodeIgniter\CodeIgniter->run()
#11 {main}
CRITICAL - 2020-07-18 20:36:28 --> Undefined variable: meta
#0 /home/elrowade/CI_FrameWork/app/Views/layout/header.php(27): CodeIgniter\Debug\Exceptions->errorHandler(8, 'Undefined varia...', '/home/elrowade/...', 27, Array)
#1 /home/elrowade/CI_FrameWork/system/View/View.php(246): include('/home/elrowade/...')
#2 /home/elrowade/CI_FrameWork/system/Common.php(1087): CodeIgniter\View\View->render('layout/header', Array, true)
#3 /home/elrowade/CI_FrameWork/app/Views/projects/projects.php(2): view('layout/header')
#4 /home/elrowade/CI_FrameWork/system/View/View.php(246): include('/home/elrowade/...')
#5 /home/elrowade/CI_FrameWork/system/Common.php(1087): CodeIgniter\View\View->render('projects/projec...', Array, true)
#6 /home/elrowade/CI_FrameWork/app/Controllers/Projects.php(79): view('projects/projec...', Array)
#7 /home/elrowade/CI_FrameWork/system/CodeIgniter.php(914): App\Controllers\Projects->all_projects('hospitals')
#8 /home/elrowade/CI_FrameWork/system/CodeIgniter.php(400): CodeIgniter\CodeIgniter->runController(Object(App\Controllers\Projects))
#9 /home/elrowade/CI_FrameWork/system/CodeIgniter.php(308): CodeIgniter\CodeIgniter->handleRequest(NULL, Object(Config\Cache), false)
#10 /home/elrowade/public_html/index.php(45): CodeIgniter\CodeIgniter->run()
#11 {main}
CRITICAL - 2020-07-18 21:04:00 --> Undefined variable: lang
#0 /home/elrowade/CI_FrameWork/app/Views/layout/footer.php(27): CodeIgniter\Debug\Exceptions->errorHandler(8, 'Undefined varia...', '/home/elrowade/...', 27, Array)
#1 /home/elrowade/CI_FrameWork/system/View/View.php(246): include('/home/elrowade/...')
#2 /home/elrowade/CI_FrameWork/system/Common.php(1087): CodeIgniter\View\View->render('layout/footer', Array, true)
#3 /home/elrowade/CI_FrameWork/app/Views/404.php(241): view('layout/footer')
#4 /home/elrowade/CI_FrameWork/system/View/View.php(246): include('/home/elrowade/...')
#5 /home/elrowade/CI_FrameWork/system/Common.php(1087): CodeIgniter\View\View->render('404', Array, true)
#6 /home/elrowade/CI_FrameWork/app/Helpers/lang_helper.php(8): view('404')
#7 /home/elrowade/CI_FrameWork/app/Controllers/Error_404.php(12): lang_check()
#8 /home/elrowade/CI_FrameWork/system/CodeIgniter.php(914): App\Controllers\Error_404->show404('2-2015-02-04-08...')
#9 /home/elrowade/CI_FrameWork/system/CodeIgniter.php(950): CodeIgniter\CodeIgniter->runController(Object(App\Controllers\Error_404))
#10 /home/elrowade/CI_FrameWork/system/CodeIgniter.php(324): CodeIgniter\CodeIgniter->display404errors(Object(CodeIgniter\Exceptions\PageNotFoundException))
#11 /home/elrowade/public_html/index.php(45): CodeIgniter\CodeIgniter->run()
#12 {main}
CRITICAL - 2020-07-18 22:10:02 --> Undefined variable: meta
#0 /home/elrowade/CI_FrameWork/app/Views/layout/header.php(27): CodeIgniter\Debug\Exceptions->errorHandler(8, 'Undefined varia...', '/home/elrowade/...', 27, Array)
#1 /home/elrowade/CI_FrameWork/system/View/View.php(246): include('/home/elrowade/...')
#2 /home/elrowade/CI_FrameWork/system/Common.php(1087): CodeIgniter\View\View->render('layout/header', Array, true)
#3 /home/elrowade/CI_FrameWork/app/Views/projects/projects.php(2): view('layout/header')
#4 /home/elrowade/CI_FrameWork/system/View/View.php(246): include('/home/elrowade/...')
#5 /home/elrowade/CI_FrameWork/system/Common.php(1087): CodeIgniter\View\View->render('projects/projec...', Array, true)
#6 /home/elrowade/CI_FrameWork/app/Controllers/Projects.php(79): view('projects/projec...', Array)
#7 /home/elrowade/CI_FrameWork/system/CodeIgniter.php(914): App\Controllers\Projects->all_projects('schools')
#8 /home/elrowade/CI_FrameWork/system/CodeIgniter.php(400): CodeIgniter\CodeIgniter->runController(Object(App\Controllers\Projects))
#9 /home/elrowade/CI_FrameWork/system/CodeIgniter.php(308): CodeIgniter\CodeIgniter->handleRequest(NULL, Object(Config\Cache), false)
#10 /home/elrowade/public_html/index.php(45): CodeIgniter\CodeIgniter->run()
#11 {main}
CRITICAL - 2020-07-18 22:16:20 --> Undefined variable: meta
#0 /home/elrowade/CI_FrameWork/app/Views/layout/header.php(27): CodeIgniter\Debug\Exceptions->errorHandler(8, 'Undefined varia...', '/home/elrowade/...', 27, Array)
#1 /home/elrowade/CI_FrameWork/system/View/View.php(246): include('/home/elrowade/...')
#2 /home/elrowade/CI_FrameWork/system/Common.php(1087): CodeIgniter\View\View->render('layout/header', Array, true)
#3 /home/elrowade/CI_FrameWork/app/Views/projects/projects.php(2): view('layout/header')
#4 /home/elrowade/CI_FrameWork/system/View/View.php(246): include('/home/elrowade/...')
#5 /home/elrowade/CI_FrameWork/system/Common.php(1087): CodeIgniter\View\View->render('projects/projec...', Array, true)
#6 /home/elrowade/CI_FrameWork/app/Controllers/Projects.php(79): view('projects/projec...', Array)
#7 /home/elrowade/CI_FrameWork/system/CodeIgniter.php(914): App\Controllers\Projects->all_projects('industrial')
#8 /home/elrowade/CI_FrameWork/system/CodeIgniter.php(400): CodeIgniter\CodeIgniter->runController(Object(App\Controllers\Projects))
#9 /home/elrowade/CI_FrameWork/system/CodeIgniter.php(308): CodeIgniter\CodeIgniter->handleRequest(NULL, Object(Config\Cache), false)
#10 /home/elrowade/public_html/index.php(45): CodeIgniter\CodeIgniter->run()
#11 {main}
CRITICAL - 2020-07-18 22:23:37 --> Undefined variable: meta
#0 /home/elrowade/CI_FrameWork/app/Views/layout/header.php(27): CodeIgniter\Debug\Exceptions->errorHandler(8, 'Undefined varia...', '/home/elrowade/...', 27, Array)
#1 /home/elrowade/CI_FrameWork/system/View/View.php(246): include('/home/elrowade/...')
#2 /home/elrowade/CI_FrameWork/system/Common.php(1087): CodeIgniter\View\View->render('layout/header', Array, true)
#3 /home/elrowade/CI_FrameWork/app/Views/projects/projects.php(2): view('layout/header')
#4 /home/elrowade/CI_FrameWork/system/View/View.php(246): include('/home/elrowade/...')
#5 /home/elrowade/CI_FrameWork/system/Common.php(1087): CodeIgniter\View\View->render('projects/projec...', Array, true)
#6 /home/elrowade/CI_FrameWork/app/Controllers/Projects.php(79): view('projects/projec...', Array)
#7 /home/elrowade/CI_FrameWork/system/CodeIgniter.php(914): App\Controllers\Projects->all_projects('commercial')
#8 /home/elrowade/CI_FrameWork/system/CodeIgniter.php(400): CodeIgniter\CodeIgniter->runController(Object(App\Controllers\Projects))
#9 /home/elrowade/CI_FrameWork/system/CodeIgniter.php(308): CodeIgniter\CodeIgniter->handleRequest(NULL, Object(Config\Cache), false)
#10 /home/elrowade/public_html/index.php(45): CodeIgniter\CodeIgniter->run()
#11 {main}
CRITICAL - 2020-07-18 22:29:37 --> Undefined variable: meta
#0 /home/elrowade/CI_FrameWork/app/Views/layout/header.php(27): CodeIgniter\Debug\Exceptions->errorHandler(8, 'Undefined varia...', '/home/elrowade/...', 27, Array)
#1 /home/elrowade/CI_FrameWork/system/View/View.php(246): include('/home/elrowade/...')
#2 /home/elrowade/CI_FrameWork/system/Common.php(1087): CodeIgniter\View\View->render('layout/header', Array, true)
#3 /home/elrowade/CI_FrameWork/app/Views/projects/projects.php(2): view('layout/header')
#4 /home/elrowade/CI_FrameWork/system/View/View.php(246): include('/home/elrowade/...')
#5 /home/elrowade/CI_FrameWork/system/Common.php(1087): CodeIgniter\View\View->render('projects/projec...', Array, true)
#6 /home/elrowade/CI_FrameWork/app/Controllers/Projects.php(79): view('projects/projec...', Array)
#7 /home/elrowade/CI_FrameWork/system/CodeIgniter.php(914): App\Controllers\Projects->all_projects('a%D9%90dministr...')
#8 /home/elrowade/CI_FrameWork/system/CodeIgniter.php(400): CodeIgniter\CodeIgniter->runController(Object(App\Controllers\Projects))
#9 /home/elrowade/CI_FrameWork/system/CodeIgniter.php(308): CodeIgniter\CodeIgniter->handleRequest(NULL, Object(Config\Cache), false)
#10 /home/elrowade/public_html/index.php(45): CodeIgniter\CodeIgniter->run()
#11 {main}
CRITICAL - 2020-07-18 22:34:04 --> Undefined variable: meta
#0 /home/elrowade/CI_FrameWork/app/Views/layout/header.php(27): CodeIgniter\Debug\Exceptions->errorHandler(8, 'Undefined varia...', '/home/elrowade/...', 27, Array)
#1 /home/elrowade/CI_FrameWork/system/View/View.php(246): include('/home/elrowade/...')
#2 /home/elrowade/CI_FrameWork/system/Common.php(1087): CodeIgniter\View\View->render('layout/header', Array, true)
#3 /home/elrowade/CI_FrameWork/app/Views/projects/projects.php(2): view('layout/header')
#4 /home/elrowade/CI_FrameWork/system/View/View.php(246): include('/home/elrowade/...')
#5 /home/elrowade/CI_FrameWork/system/Common.php(1087): CodeIgniter\View\View->render('projects/projec...', Array, true)
#6 /home/elrowade/CI_FrameWork/app/Controllers/Projects.php(79): view('projects/projec...', Array)
#7 /home/elrowade/CI_FrameWork/system/CodeIgniter.php(914): App\Controllers\Projects->all_projects('residential')
#8 /home/elrowade/CI_FrameWork/system/CodeIgniter.php(400): CodeIgniter\CodeIgniter->runController(Object(App\Controllers\Projects))
#9 /home/elrowade/CI_FrameWork/system/CodeIgniter.php(308): CodeIgniter\CodeIgniter->handleRequest(NULL, Object(Config\Cache), false)
#10 /home/elrowade/public_html/index.php(45): CodeIgniter\CodeIgniter->run()
#11 {main}
CRITICAL - 2020-07-18 22:35:51 --> Undefined variable: meta
#0 /home/elrowade/CI_FrameWork/app/Views/layout/header.php(27): CodeIgniter\Debug\Exceptions->errorHandler(8, 'Undefined varia...', '/home/elrowade/...', 27, Array)
#1 /home/elrowade/CI_FrameWork/system/View/View.php(246): include('/home/elrowade/...')
#2 /home/elrowade/CI_FrameWork/system/Common.php(1087): CodeIgniter\View\View->render('layout/header', Array, true)
#3 /home/elrowade/CI_FrameWork/app/Views/projects/projects.php(2): view('layout/header')
#4 /home/elrowade/CI_FrameWork/system/View/View.php(246): include('/home/elrowade/...')
#5 /home/elrowade/CI_FrameWork/system/Common.php(1087): CodeIgniter\View\View->render('projects/projec...', Array, true)
#6 /home/elrowade/CI_FrameWork/app/Controllers/Projects.php(79): view('projects/projec...', Array)
#7 /home/elrowade/CI_FrameWork/system/CodeIgniter.php(914): App\Controllers\Projects->all_projects('hospitals')
#8 /home/elrowade/CI_FrameWork/system/CodeIgniter.php(400): CodeIgniter\CodeIgniter->runController(Object(App\Controllers\Projects))
#9 /home/elrowade/CI_FrameWork/system/CodeIgniter.php(308): CodeIgniter\CodeIgniter->handleRequest(NULL, Object(Config\Cache), false)
#10 /home/elrowade/public_html/index.php(45): CodeIgniter\CodeIgniter->run()
#11 {main}
CRITICAL - 2020-07-18 23:46:45 --> Undefined variable: lang
#0 /home/elrowade/CI_FrameWork/app/Views/layout/footer.php(27): CodeIgniter\Debug\Exceptions->errorHandler(8, 'Undefined varia...', '/home/elrowade/...', 27, Array)
#1 /home/elrowade/CI_FrameWork/system/View/View.php(246): include('/home/elrowade/...')
#2 /home/elrowade/CI_FrameWork/system/Common.php(1087): CodeIgniter\View\View->render('layout/footer', Array, true)
#3 /home/elrowade/CI_FrameWork/app/Views/404.php(241): view('layout/footer')
#4 /home/elrowade/CI_FrameWork/system/View/View.php(246): include('/home/elrowade/...')
#5 /home/elrowade/CI_FrameWork/system/Common.php(1087): CodeIgniter\View\View->render('404', Array, true)
#6 /home/elrowade/CI_FrameWork/app/Helpers/lang_helper.php(8): view('404')
#7 /home/elrowade/CI_FrameWork/app/Controllers/Error_404.php(12): lang_check()
#8 /home/elrowade/CI_FrameWork/system/CodeIgniter.php(914): App\Controllers\Error_404->show404()
#9 /home/elrowade/CI_FrameWork/system/CodeIgniter.php(950): CodeIgniter\CodeIgniter->runController(Object(App\Controllers\Error_404))
#10 /home/elrowade/CI_FrameWork/system/CodeIgniter.php(324): CodeIgniter\CodeIgniter->display404errors(Object(CodeIgniter\Exceptions\PageNotFoundException))
#11 /home/elrowade/public_html/index.php(45): CodeIgniter\CodeIgniter->run()
#12 {main}
