CRITICAL - 2023-06-12 06:56:15 --> Undefined variable: lang
#0 /home/rowadnet/public_html/CI_FrameWork/app/Views/layout/footer.php(27): CodeIgniter\Debug\Exceptions->errorHandler(8, 'Undefined varia...', '/home/rowadnet/...', 27, Array)
#1 /home/rowadnet/public_html/CI_FrameWork/system/View/View.php(246): include('/home/rowadnet/...')
#2 /home/rowadnet/public_html/CI_FrameWork/system/Common.php(1087): CodeIgniter\View\View->render('layout/footer', Array, true)
#3 /home/rowadnet/public_html/CI_FrameWork/app/Views/404.php(241): view('layout/footer')
#4 /home/rowadnet/public_html/CI_FrameWork/system/View/View.php(246): include('/home/rowadnet/...')
#5 /home/rowadnet/public_html/CI_FrameWork/system/Common.php(1087): CodeIgniter\View\View->render('404', Array, true)
#6 /home/rowadnet/public_html/CI_FrameWork/app/Helpers/lang_helper.php(8): view('404')
#7 /home/rowadnet/public_html/CI_FrameWork/app/Controllers/Error_404.php(12): lang_check()
#8 /home/rowadnet/public_html/CI_FrameWork/system/CodeIgniter.php(914): App\Controllers\Error_404->show404('binaries')
#9 /home/rowadnet/public_html/CI_FrameWork/system/CodeIgniter.php(950): CodeIgniter\CodeIgniter->runController(Object(App\Controllers\Error_404))
#10 /home/rowadnet/public_html/CI_FrameWork/system/CodeIgniter.php(324): CodeIgniter\CodeIgniter->display404errors(Object(CodeIgniter\Exceptions\PageNotFoundException))
#11 /home/rowadnet/public_html/index.php(45): CodeIgniter\CodeIgniter->run()
#12 {main}
CRITICAL - 2023-06-12 12:15:11 --> Undefined variable: lang
#0 /home/rowadnet/public_html/CI_FrameWork/app/Views/layout/footer.php(27): CodeIgniter\Debug\Exceptions->errorHandler(8, 'Undefined varia...', '/home/rowadnet/...', 27, Array)
#1 /home/rowadnet/public_html/CI_FrameWork/system/View/View.php(246): include('/home/rowadnet/...')
#2 /home/rowadnet/public_html/CI_FrameWork/system/Common.php(1087): CodeIgniter\View\View->render('layout/footer', Array, true)
#3 /home/rowadnet/public_html/CI_FrameWork/app/Views/404.php(241): view('layout/footer')
#4 /home/rowadnet/public_html/CI_FrameWork/system/View/View.php(246): include('/home/rowadnet/...')
#5 /home/rowadnet/public_html/CI_FrameWork/system/Common.php(1087): CodeIgniter\View\View->render('404', Array, true)
#6 /home/rowadnet/public_html/CI_FrameWork/app/Helpers/lang_helper.php(8): view('404')
#7 /home/rowadnet/public_html/CI_FrameWork/app/Controllers/Error_404.php(12): lang_check()
#8 /home/rowadnet/public_html/CI_FrameWork/system/CodeIgniter.php(914): App\Controllers\Error_404->show404()
#9 /home/rowadnet/public_html/CI_FrameWork/system/CodeIgniter.php(950): CodeIgniter\CodeIgniter->runController(Object(App\Controllers\Error_404))
#10 /home/rowadnet/public_html/CI_FrameWork/system/CodeIgniter.php(324): CodeIgniter\CodeIgniter->display404errors(Object(CodeIgniter\Exceptions\PageNotFoundException))
#11 /home/rowadnet/public_html/index.php(45): CodeIgniter\CodeIgniter->run()
#12 {main}
CRITICAL - 2023-06-12 19:50:43 --> Undefined variable: section
#0 /home/rowadnet/public_html/CI_FrameWork/app/Views/projects/show.php(37): CodeIgniter\Debug\Exceptions->errorHandler(8, 'Undefined varia...', '/home/rowadnet/...', 37, Array)
#1 /home/rowadnet/public_html/CI_FrameWork/system/View/View.php(246): include('/home/rowadnet/...')
#2 /home/rowadnet/public_html/CI_FrameWork/system/Common.php(1087): CodeIgniter\View\View->render('projects/show', Array, true)
#3 /home/rowadnet/public_html/CI_FrameWork/app/Controllers/Projects.php(123): view('projects/show', Array)
#4 /home/rowadnet/public_html/CI_FrameWork/system/CodeIgniter.php(914): App\Controllers\Projects->show('bg-5.png', '')
#5 /home/rowadnet/public_html/CI_FrameWork/system/CodeIgniter.php(400): CodeIgniter\CodeIgniter->runController(Object(App\Controllers\Projects))
#6 /home/rowadnet/public_html/CI_FrameWork/system/CodeIgniter.php(308): CodeIgniter\CodeIgniter->handleRequest(NULL, Object(Config\Cache), false)
#7 /home/rowadnet/public_html/index.php(45): CodeIgniter\CodeIgniter->run()
#8 {main}
CRITICAL - 2023-06-12 19:50:48 --> Undefined variable: section
#0 /home/rowadnet/public_html/CI_FrameWork/app/Views/projects/show.php(37): CodeIgniter\Debug\Exceptions->errorHandler(8, 'Undefined varia...', '/home/rowadnet/...', 37, Array)
#1 /home/rowadnet/public_html/CI_FrameWork/system/View/View.php(246): include('/home/rowadnet/...')
#2 /home/rowadnet/public_html/CI_FrameWork/system/Common.php(1087): CodeIgniter\View\View->render('projects/show', Array, true)
#3 /home/rowadnet/public_html/CI_FrameWork/app/Controllers/Projects.php(123): view('projects/show', Array)
#4 /home/rowadnet/public_html/CI_FrameWork/system/CodeIgniter.php(914): App\Controllers\Projects->show('bg-5.png', '')
#5 /home/rowadnet/public_html/CI_FrameWork/system/CodeIgniter.php(400): CodeIgniter\CodeIgniter->runController(Object(App\Controllers\Projects))
#6 /home/rowadnet/public_html/CI_FrameWork/system/CodeIgniter.php(308): CodeIgniter\CodeIgniter->handleRequest(NULL, Object(Config\Cache), false)
#7 /home/rowadnet/public_html/index.php(45): CodeIgniter\CodeIgniter->run()
#8 {main}
CRITICAL - 2023-06-12 20:40:04 --> Undefined variable: lang
#0 /home/rowadnet/public_html/CI_FrameWork/app/Views/layout/footer.php(27): CodeIgniter\Debug\Exceptions->errorHandler(8, 'Undefined varia...', '/home/rowadnet/...', 27, Array)
#1 /home/rowadnet/public_html/CI_FrameWork/system/View/View.php(246): include('/home/rowadnet/...')
#2 /home/rowadnet/public_html/CI_FrameWork/system/Common.php(1087): CodeIgniter\View\View->render('layout/footer', Array, true)
#3 /home/rowadnet/public_html/CI_FrameWork/app/Views/404.php(241): view('layout/footer')
#4 /home/rowadnet/public_html/CI_FrameWork/system/View/View.php(246): include('/home/rowadnet/...')
#5 /home/rowadnet/public_html/CI_FrameWork/system/Common.php(1087): CodeIgniter\View\View->render('404', Array, true)
#6 /home/rowadnet/public_html/CI_FrameWork/app/Helpers/lang_helper.php(8): view('404')
#7 /home/rowadnet/public_html/CI_FrameWork/app/Controllers/Error_404.php(12): lang_check()
#8 /home/rowadnet/public_html/CI_FrameWork/system/CodeIgniter.php(914): App\Controllers\Error_404->show404('photo-gallery', 'readme.txt')
#9 /home/rowadnet/public_html/CI_FrameWork/system/CodeIgniter.php(950): CodeIgniter\CodeIgniter->runController(Object(App\Controllers\Error_404))
#10 /home/rowadnet/public_html/CI_FrameWork/system/CodeIgniter.php(324): CodeIgniter\CodeIgniter->display404errors(Object(CodeIgniter\Exceptions\PageNotFoundException))
#11 /home/rowadnet/public_html/index.php(45): CodeIgniter\CodeIgniter->run()
#12 {main}
CRITICAL - 2023-06-12 22:09:26 --> Undefined variable: section
#0 /home/rowadnet/public_html/CI_FrameWork/app/Views/articles/show.php(37): CodeIgniter\Debug\Exceptions->errorHandler(8, 'Undefined varia...', '/home/rowadnet/...', 37, Array)
#1 /home/rowadnet/public_html/CI_FrameWork/system/View/View.php(246): include('/home/rowadnet/...')
#2 /home/rowadnet/public_html/CI_FrameWork/system/Common.php(1087): CodeIgniter\View\View->render('articles/show', Array, true)
#3 /home/rowadnet/public_html/CI_FrameWork/app/Controllers/Articles.php(66): view('articles/show', Array)
#4 /home/rowadnet/public_html/CI_FrameWork/system/CodeIgniter.php(914): App\Controllers\Articles->show('images', 'background', 'bg-5.png')
#5 /home/rowadnet/public_html/CI_FrameWork/system/CodeIgniter.php(400): CodeIgniter\CodeIgniter->runController(Object(App\Controllers\Articles))
#6 /home/rowadnet/public_html/CI_FrameWork/system/CodeIgniter.php(308): CodeIgniter\CodeIgniter->handleRequest(NULL, Object(Config\Cache), false)
#7 /home/rowadnet/public_html/index.php(45): CodeIgniter\CodeIgniter->run()
#8 {main}
CRITICAL - 2023-06-12 22:09:26 --> Undefined variable: lang
#0 /home/rowadnet/public_html/CI_FrameWork/app/Views/layout/footer.php(27): CodeIgniter\Debug\Exceptions->errorHandler(8, 'Undefined varia...', '/home/rowadnet/...', 27, Array)
#1 /home/rowadnet/public_html/CI_FrameWork/system/View/View.php(246): include('/home/rowadnet/...')
#2 /home/rowadnet/public_html/CI_FrameWork/system/Common.php(1087): CodeIgniter\View\View->render('layout/footer', Array, true)
#3 /home/rowadnet/public_html/CI_FrameWork/app/Views/404.php(241): view('layout/footer')
#4 /home/rowadnet/public_html/CI_FrameWork/system/View/View.php(246): include('/home/rowadnet/...')
#5 /home/rowadnet/public_html/CI_FrameWork/system/Common.php(1087): CodeIgniter\View\View->render('404', Array, true)
#6 /home/rowadnet/public_html/CI_FrameWork/app/Helpers/lang_helper.php(8): view('404')
#7 /home/rowadnet/public_html/CI_FrameWork/app/Controllers/Error_404.php(12): lang_check()
#8 /home/rowadnet/public_html/CI_FrameWork/system/CodeIgniter.php(914): App\Controllers\Error_404->show404('images', 'background', 'bg-site.webp')
#9 /home/rowadnet/public_html/CI_FrameWork/system/CodeIgniter.php(950): CodeIgniter\CodeIgniter->runController(Object(App\Controllers\Error_404))
#10 /home/rowadnet/public_html/CI_FrameWork/system/CodeIgniter.php(324): CodeIgniter\CodeIgniter->display404errors(Object(CodeIgniter\Exceptions\PageNotFoundException))
#11 /home/rowadnet/public_html/index.php(45): CodeIgniter\CodeIgniter->run()
#12 {main}
CRITICAL - 2023-06-12 22:09:57 --> Undefined variable: lang
#0 /home/rowadnet/public_html/CI_FrameWork/app/Views/layout/footer.php(27): CodeIgniter\Debug\Exceptions->errorHandler(8, 'Undefined varia...', '/home/rowadnet/...', 27, Array)
#1 /home/rowadnet/public_html/CI_FrameWork/system/View/View.php(246): include('/home/rowadnet/...')
#2 /home/rowadnet/public_html/CI_FrameWork/system/Common.php(1087): CodeIgniter\View\View->render('layout/footer', Array, true)
#3 /home/rowadnet/public_html/CI_FrameWork/app/Views/404.php(241): view('layout/footer')
#4 /home/rowadnet/public_html/CI_FrameWork/system/View/View.php(246): include('/home/rowadnet/...')
#5 /home/rowadnet/public_html/CI_FrameWork/system/Common.php(1087): CodeIgniter\View\View->render('404', Array, true)
#6 /home/rowadnet/public_html/CI_FrameWork/app/Helpers/lang_helper.php(8): view('404')
#7 /home/rowadnet/public_html/CI_FrameWork/app/Controllers/Error_404.php(12): lang_check()
#8 /home/rowadnet/public_html/CI_FrameWork/system/CodeIgniter.php(914): App\Controllers\Error_404->show404('background', 'bg-5.png')
#9 /home/rowadnet/public_html/CI_FrameWork/system/CodeIgniter.php(950): CodeIgniter\CodeIgniter->runController(Object(App\Controllers\Error_404))
#10 /home/rowadnet/public_html/CI_FrameWork/system/CodeIgniter.php(324): CodeIgniter\CodeIgniter->display404errors(Object(CodeIgniter\Exceptions\PageNotFoundException))
#11 /home/rowadnet/public_html/index.php(45): CodeIgniter\CodeIgniter->run()
#12 {main}
CRITICAL - 2023-06-12 22:10:11 --> Undefined variable: lang
#0 /home/rowadnet/public_html/CI_FrameWork/app/Views/layout/footer.php(27): CodeIgniter\Debug\Exceptions->errorHandler(8, 'Undefined varia...', '/home/rowadnet/...', 27, Array)
#1 /home/rowadnet/public_html/CI_FrameWork/system/View/View.php(246): include('/home/rowadnet/...')
#2 /home/rowadnet/public_html/CI_FrameWork/system/Common.php(1087): CodeIgniter\View\View->render('layout/footer', Array, true)
#3 /home/rowadnet/public_html/CI_FrameWork/app/Views/404.php(241): view('layout/footer')
#4 /home/rowadnet/public_html/CI_FrameWork/system/View/View.php(246): include('/home/rowadnet/...')
#5 /home/rowadnet/public_html/CI_FrameWork/system/Common.php(1087): CodeIgniter\View\View->render('404', Array, true)
#6 /home/rowadnet/public_html/CI_FrameWork/app/Helpers/lang_helper.php(8): view('404')
#7 /home/rowadnet/public_html/CI_FrameWork/app/Controllers/Error_404.php(12): lang_check()
#8 /home/rowadnet/public_html/CI_FrameWork/system/CodeIgniter.php(914): App\Controllers\Error_404->show404('images', 'background', 'bg-site.webp')
#9 /home/rowadnet/public_html/CI_FrameWork/system/CodeIgniter.php(950): CodeIgniter\CodeIgniter->runController(Object(App\Controllers\Error_404))
#10 /home/rowadnet/public_html/CI_FrameWork/system/CodeIgniter.php(324): CodeIgniter\CodeIgniter->display404errors(Object(CodeIgniter\Exceptions\PageNotFoundException))
#11 /home/rowadnet/public_html/index.php(45): CodeIgniter\CodeIgniter->run()
#12 {main}
CRITICAL - 2023-06-12 22:10:11 --> Undefined variable: section
#0 /home/rowadnet/public_html/CI_FrameWork/app/Views/projects/show.php(37): CodeIgniter\Debug\Exceptions->errorHandler(8, 'Undefined varia...', '/home/rowadnet/...', 37, Array)
#1 /home/rowadnet/public_html/CI_FrameWork/system/View/View.php(246): include('/home/rowadnet/...')
#2 /home/rowadnet/public_html/CI_FrameWork/system/Common.php(1087): CodeIgniter\View\View->render('projects/show', Array, true)
#3 /home/rowadnet/public_html/CI_FrameWork/app/Controllers/Projects.php(123): view('projects/show', Array)
#4 /home/rowadnet/public_html/CI_FrameWork/system/CodeIgniter.php(914): App\Controllers\Projects->show('bg-5.png', '')
#5 /home/rowadnet/public_html/CI_FrameWork/system/CodeIgniter.php(400): CodeIgniter\CodeIgniter->runController(Object(App\Controllers\Projects))
#6 /home/rowadnet/public_html/CI_FrameWork/system/CodeIgniter.php(308): CodeIgniter\CodeIgniter->handleRequest(NULL, Object(Config\Cache), false)
#7 /home/rowadnet/public_html/index.php(45): CodeIgniter\CodeIgniter->run()
#8 {main}
