CRITICAL - 2022-11-11 00:08:47 --> Undefined variable: meta
#0 /home2/realias6/CI_FrameWork/app/Views/layout/header.php(27): CodeIgniter\Debug\Exceptions->errorHandler(8, 'Undefined varia...', '/home2/realias6...', 27, Array)
#1 /home2/realias6/CI_FrameWork/system/View/View.php(246): include('/home2/realias6...')
#2 /home2/realias6/CI_FrameWork/system/Common.php(1087): CodeIgniter\View\View->render('layout/header', Array, true)
#3 /home2/realias6/CI_FrameWork/app/Views/projects/projects.php(2): view('layout/header')
#4 /home2/realias6/CI_FrameWork/system/View/View.php(246): include('/home2/realias6...')
#5 /home2/realias6/CI_FrameWork/system/Common.php(1087): CodeIgniter\View\View->render('projects/projec...', Array, true)
#6 /home2/realias6/CI_FrameWork/app/Controllers/Projects.php(79): view('projects/projec...', Array)
#7 /home2/realias6/CI_FrameWork/system/CodeIgniter.php(914): App\Controllers\Projects->all_projects('industrial')
#8 /home2/realias6/CI_FrameWork/system/CodeIgniter.php(400): CodeIgniter\CodeIgniter->runController(Object(App\Controllers\Projects))
#9 /home2/realias6/CI_FrameWork/system/CodeIgniter.php(308): CodeIgniter\CodeIgniter->handleRequest(NULL, Object(Config\Cache), false)
#10 /home2/realias6/elrowad-eg.com/index.php(45): CodeIgniter\CodeIgniter->run()
#11 {main}
CRITICAL - 2022-11-11 00:40:17 --> Undefined variable: lang
#0 /home2/realias6/CI_FrameWork/app/Views/layout/footer.php(27): CodeIgniter\Debug\Exceptions->errorHandler(8, 'Undefined varia...', '/home2/realias6...', 27, Array)
#1 /home2/realias6/CI_FrameWork/system/View/View.php(246): include('/home2/realias6...')
#2 /home2/realias6/CI_FrameWork/system/Common.php(1087): CodeIgniter\View\View->render('layout/footer', Array, true)
#3 /home2/realias6/CI_FrameWork/app/Views/404.php(241): view('layout/footer')
#4 /home2/realias6/CI_FrameWork/system/View/View.php(246): include('/home2/realias6...')
#5 /home2/realias6/CI_FrameWork/system/Common.php(1087): CodeIgniter\View\View->render('404', Array, true)
#6 /home2/realias6/CI_FrameWork/app/Helpers/lang_helper.php(8): view('404')
#7 /home2/realias6/CI_FrameWork/app/Controllers/Home.php(13): lang_check()
#8 /home2/realias6/CI_FrameWork/system/CodeIgniter.php(886): App\Controllers\Home->__construct()
#9 /home2/realias6/CI_FrameWork/system/CodeIgniter.php(395): CodeIgniter\CodeIgniter->createController()
#10 /home2/realias6/CI_FrameWork/system/CodeIgniter.php(308): CodeIgniter\CodeIgniter->handleRequest(NULL, Object(Config\Cache), false)
#11 /home2/realias6/elrowad-eg.com/index.php(45): CodeIgniter\CodeIgniter->run()
#12 {main}
CRITICAL - 2022-11-11 01:51:20 --> Undefined variable: lang
#0 /home2/realias6/CI_FrameWork/app/Views/layout/footer.php(27): CodeIgniter\Debug\Exceptions->errorHandler(8, 'Undefined varia...', '/home2/realias6...', 27, Array)
#1 /home2/realias6/CI_FrameWork/system/View/View.php(246): include('/home2/realias6...')
#2 /home2/realias6/CI_FrameWork/system/Common.php(1087): CodeIgniter\View\View->render('layout/footer', Array, true)
#3 /home2/realias6/CI_FrameWork/app/Views/404.php(241): view('layout/footer')
#4 /home2/realias6/CI_FrameWork/system/View/View.php(246): include('/home2/realias6...')
#5 /home2/realias6/CI_FrameWork/system/Common.php(1087): CodeIgniter\View\View->render('404', Array, true)
#6 /home2/realias6/CI_FrameWork/app/Helpers/lang_helper.php(8): view('404')
#7 /home2/realias6/CI_FrameWork/app/Controllers/Home.php(13): lang_check()
#8 /home2/realias6/CI_FrameWork/system/CodeIgniter.php(886): App\Controllers\Home->__construct()
#9 /home2/realias6/CI_FrameWork/system/CodeIgniter.php(395): CodeIgniter\CodeIgniter->createController()
#10 /home2/realias6/CI_FrameWork/system/CodeIgniter.php(308): CodeIgniter\CodeIgniter->handleRequest(NULL, Object(Config\Cache), false)
#11 /home2/realias6/elrowad-eg.com/index.php(45): CodeIgniter\CodeIgniter->run()
#12 {main}
CRITICAL - 2022-11-11 02:09:29 --> Undefined variable: lang
#0 /home2/realias6/CI_FrameWork/app/Views/layout/footer.php(27): CodeIgniter\Debug\Exceptions->errorHandler(8, 'Undefined varia...', '/home2/realias6...', 27, Array)
#1 /home2/realias6/CI_FrameWork/system/View/View.php(246): include('/home2/realias6...')
#2 /home2/realias6/CI_FrameWork/system/Common.php(1087): CodeIgniter\View\View->render('layout/footer', Array, true)
#3 /home2/realias6/CI_FrameWork/app/Views/404.php(241): view('layout/footer')
#4 /home2/realias6/CI_FrameWork/system/View/View.php(246): include('/home2/realias6...')
#5 /home2/realias6/CI_FrameWork/system/Common.php(1087): CodeIgniter\View\View->render('404', Array, true)
#6 /home2/realias6/CI_FrameWork/app/Helpers/lang_helper.php(8): view('404')
#7 /home2/realias6/CI_FrameWork/app/Controllers/Error_404.php(12): lang_check()
#8 /home2/realias6/CI_FrameWork/system/CodeIgniter.php(914): App\Controllers\Error_404->show404()
#9 /home2/realias6/CI_FrameWork/system/CodeIgniter.php(950): CodeIgniter\CodeIgniter->runController(Object(App\Controllers\Error_404))
#10 /home2/realias6/CI_FrameWork/system/CodeIgniter.php(324): CodeIgniter\CodeIgniter->display404errors(Object(CodeIgniter\Exceptions\PageNotFoundException))
#11 /home2/realias6/elrowad-eg.com/index.php(45): CodeIgniter\CodeIgniter->run()
#12 {main}
CRITICAL - 2022-11-11 04:24:02 --> Undefined variable: lang
#0 /home2/realias6/CI_FrameWork/app/Views/layout/footer.php(27): CodeIgniter\Debug\Exceptions->errorHandler(8, 'Undefined varia...', '/home2/realias6...', 27, Array)
#1 /home2/realias6/CI_FrameWork/system/View/View.php(246): include('/home2/realias6...')
#2 /home2/realias6/CI_FrameWork/system/Common.php(1087): CodeIgniter\View\View->render('layout/footer', Array, true)
#3 /home2/realias6/CI_FrameWork/app/Views/404.php(241): view('layout/footer')
#4 /home2/realias6/CI_FrameWork/system/View/View.php(246): include('/home2/realias6...')
#5 /home2/realias6/CI_FrameWork/system/Common.php(1087): CodeIgniter\View\View->render('404', Array, true)
#6 /home2/realias6/CI_FrameWork/app/Helpers/lang_helper.php(8): view('404')
#7 /home2/realias6/CI_FrameWork/app/Controllers/Home.php(13): lang_check()
#8 /home2/realias6/CI_FrameWork/system/CodeIgniter.php(886): App\Controllers\Home->__construct()
#9 /home2/realias6/CI_FrameWork/system/CodeIgniter.php(395): CodeIgniter\CodeIgniter->createController()
#10 /home2/realias6/CI_FrameWork/system/CodeIgniter.php(308): CodeIgniter\CodeIgniter->handleRequest(NULL, Object(Config\Cache), false)
#11 /home2/realias6/elrowad-eg.com/index.php(45): CodeIgniter\CodeIgniter->run()
#12 {main}
CRITICAL - 2022-11-11 05:28:03 --> Undefined variable: lang
#0 /home2/realias6/CI_FrameWork/app/Views/layout/footer.php(27): CodeIgniter\Debug\Exceptions->errorHandler(8, 'Undefined varia...', '/home2/realias6...', 27, Array)
#1 /home2/realias6/CI_FrameWork/system/View/View.php(246): include('/home2/realias6...')
#2 /home2/realias6/CI_FrameWork/system/Common.php(1087): CodeIgniter\View\View->render('layout/footer', Array, true)
#3 /home2/realias6/CI_FrameWork/app/Views/404.php(241): view('layout/footer')
#4 /home2/realias6/CI_FrameWork/system/View/View.php(246): include('/home2/realias6...')
#5 /home2/realias6/CI_FrameWork/system/Common.php(1087): CodeIgniter\View\View->render('404', Array, true)
#6 /home2/realias6/CI_FrameWork/app/Helpers/lang_helper.php(8): view('404')
#7 /home2/realias6/CI_FrameWork/app/Controllers/Home.php(13): lang_check()
#8 /home2/realias6/CI_FrameWork/system/CodeIgniter.php(886): App\Controllers\Home->__construct()
#9 /home2/realias6/CI_FrameWork/system/CodeIgniter.php(395): CodeIgniter\CodeIgniter->createController()
#10 /home2/realias6/CI_FrameWork/system/CodeIgniter.php(308): CodeIgniter\CodeIgniter->handleRequest(NULL, Object(Config\Cache), false)
#11 /home2/realias6/elrowad-eg.com/index.php(45): CodeIgniter\CodeIgniter->run()
#12 {main}
CRITICAL - 2022-11-11 06:20:44 --> Undefined variable: lang
#0 /home2/realias6/CI_FrameWork/app/Views/layout/footer.php(27): CodeIgniter\Debug\Exceptions->errorHandler(8, 'Undefined varia...', '/home2/realias6...', 27, Array)
#1 /home2/realias6/CI_FrameWork/system/View/View.php(246): include('/home2/realias6...')
#2 /home2/realias6/CI_FrameWork/system/Common.php(1087): CodeIgniter\View\View->render('layout/footer', Array, true)
#3 /home2/realias6/CI_FrameWork/app/Views/404.php(241): view('layout/footer')
#4 /home2/realias6/CI_FrameWork/system/View/View.php(246): include('/home2/realias6...')
#5 /home2/realias6/CI_FrameWork/system/Common.php(1087): CodeIgniter\View\View->render('404', Array, true)
#6 /home2/realias6/CI_FrameWork/app/Helpers/lang_helper.php(8): view('404')
#7 /home2/realias6/CI_FrameWork/app/Controllers/Home.php(13): lang_check()
#8 /home2/realias6/CI_FrameWork/system/CodeIgniter.php(886): App\Controllers\Home->__construct()
#9 /home2/realias6/CI_FrameWork/system/CodeIgniter.php(395): CodeIgniter\CodeIgniter->createController()
#10 /home2/realias6/CI_FrameWork/system/CodeIgniter.php(308): CodeIgniter\CodeIgniter->handleRequest(NULL, Object(Config\Cache), false)
#11 /home2/realias6/elrowad-eg.com/index.php(45): CodeIgniter\CodeIgniter->run()
#12 {main}
CRITICAL - 2022-11-11 07:32:10 --> Undefined variable: lang
#0 /home2/realias6/CI_FrameWork/app/Views/layout/footer.php(27): CodeIgniter\Debug\Exceptions->errorHandler(8, 'Undefined varia...', '/home2/realias6...', 27, Array)
#1 /home2/realias6/CI_FrameWork/system/View/View.php(246): include('/home2/realias6...')
#2 /home2/realias6/CI_FrameWork/system/Common.php(1087): CodeIgniter\View\View->render('layout/footer', Array, true)
#3 /home2/realias6/CI_FrameWork/app/Views/404.php(241): view('layout/footer')
#4 /home2/realias6/CI_FrameWork/system/View/View.php(246): include('/home2/realias6...')
#5 /home2/realias6/CI_FrameWork/system/Common.php(1087): CodeIgniter\View\View->render('404', Array, true)
#6 /home2/realias6/CI_FrameWork/app/Helpers/lang_helper.php(8): view('404')
#7 /home2/realias6/CI_FrameWork/app/Controllers/Home.php(13): lang_check()
#8 /home2/realias6/CI_FrameWork/system/CodeIgniter.php(886): App\Controllers\Home->__construct()
#9 /home2/realias6/CI_FrameWork/system/CodeIgniter.php(395): CodeIgniter\CodeIgniter->createController()
#10 /home2/realias6/CI_FrameWork/system/CodeIgniter.php(308): CodeIgniter\CodeIgniter->handleRequest(NULL, Object(Config\Cache), false)
#11 /home2/realias6/elrowad-eg.com/index.php(45): CodeIgniter\CodeIgniter->run()
#12 {main}
CRITICAL - 2022-11-11 08:33:08 --> Undefined variable: lang
#0 /home2/realias6/CI_FrameWork/app/Views/layout/footer.php(27): CodeIgniter\Debug\Exceptions->errorHandler(8, 'Undefined varia...', '/home2/realias6...', 27, Array)
#1 /home2/realias6/CI_FrameWork/system/View/View.php(246): include('/home2/realias6...')
#2 /home2/realias6/CI_FrameWork/system/Common.php(1087): CodeIgniter\View\View->render('layout/footer', Array, true)
#3 /home2/realias6/CI_FrameWork/app/Views/404.php(241): view('layout/footer')
#4 /home2/realias6/CI_FrameWork/system/View/View.php(246): include('/home2/realias6...')
#5 /home2/realias6/CI_FrameWork/system/Common.php(1087): CodeIgniter\View\View->render('404', Array, true)
#6 /home2/realias6/CI_FrameWork/app/Helpers/lang_helper.php(8): view('404')
#7 /home2/realias6/CI_FrameWork/app/Controllers/Error_404.php(12): lang_check()
#8 /home2/realias6/CI_FrameWork/system/CodeIgniter.php(914): App\Controllers\Error_404->show404('bg-5.png')
#9 /home2/realias6/CI_FrameWork/system/CodeIgniter.php(950): CodeIgniter\CodeIgniter->runController(Object(App\Controllers\Error_404))
#10 /home2/realias6/CI_FrameWork/system/CodeIgniter.php(324): CodeIgniter\CodeIgniter->display404errors(Object(CodeIgniter\Exceptions\PageNotFoundException))
#11 /home2/realias6/elrowad-eg.com/index.php(45): CodeIgniter\CodeIgniter->run()
#12 {main}
CRITICAL - 2022-11-11 08:33:21 --> Undefined variable: lang
#0 /home2/realias6/CI_FrameWork/app/Views/layout/footer.php(27): CodeIgniter\Debug\Exceptions->errorHandler(8, 'Undefined varia...', '/home2/realias6...', 27, Array)
#1 /home2/realias6/CI_FrameWork/system/View/View.php(246): include('/home2/realias6...')
#2 /home2/realias6/CI_FrameWork/system/Common.php(1087): CodeIgniter\View\View->render('layout/footer', Array, true)
#3 /home2/realias6/CI_FrameWork/app/Views/404.php(241): view('layout/footer')
#4 /home2/realias6/CI_FrameWork/system/View/View.php(246): include('/home2/realias6...')
#5 /home2/realias6/CI_FrameWork/system/Common.php(1087): CodeIgniter\View\View->render('404', Array, true)
#6 /home2/realias6/CI_FrameWork/app/Helpers/lang_helper.php(8): view('404')
#7 /home2/realias6/CI_FrameWork/app/Controllers/Error_404.php(12): lang_check()
#8 /home2/realias6/CI_FrameWork/system/CodeIgniter.php(914): App\Controllers\Error_404->show404('background', 'bg-5.png')
#9 /home2/realias6/CI_FrameWork/system/CodeIgniter.php(950): CodeIgniter\CodeIgniter->runController(Object(App\Controllers\Error_404))
#10 /home2/realias6/CI_FrameWork/system/CodeIgniter.php(324): CodeIgniter\CodeIgniter->display404errors(Object(CodeIgniter\Exceptions\PageNotFoundException))
#11 /home2/realias6/elrowad-eg.com/index.php(45): CodeIgniter\CodeIgniter->run()
#12 {main}
CRITICAL - 2022-11-11 08:33:31 --> Undefined variable: lang
#0 /home2/realias6/CI_FrameWork/app/Views/layout/footer.php(27): CodeIgniter\Debug\Exceptions->errorHandler(8, 'Undefined varia...', '/home2/realias6...', 27, Array)
#1 /home2/realias6/CI_FrameWork/system/View/View.php(246): include('/home2/realias6...')
#2 /home2/realias6/CI_FrameWork/system/Common.php(1087): CodeIgniter\View\View->render('layout/footer', Array, true)
#3 /home2/realias6/CI_FrameWork/app/Views/404.php(241): view('layout/footer')
#4 /home2/realias6/CI_FrameWork/system/View/View.php(246): include('/home2/realias6...')
#5 /home2/realias6/CI_FrameWork/system/Common.php(1087): CodeIgniter\View\View->render('404', Array, true)
#6 /home2/realias6/CI_FrameWork/app/Helpers/lang_helper.php(8): view('404')
#7 /home2/realias6/CI_FrameWork/app/Controllers/Error_404.php(12): lang_check()
#8 /home2/realias6/CI_FrameWork/system/CodeIgniter.php(914): App\Controllers\Error_404->show404('background', 'bg-5.png')
#9 /home2/realias6/CI_FrameWork/system/CodeIgniter.php(950): CodeIgniter\CodeIgniter->runController(Object(App\Controllers\Error_404))
#10 /home2/realias6/CI_FrameWork/system/CodeIgniter.php(324): CodeIgniter\CodeIgniter->display404errors(Object(CodeIgniter\Exceptions\PageNotFoundException))
#11 /home2/realias6/elrowad-eg.com/index.php(45): CodeIgniter\CodeIgniter->run()
#12 {main}
CRITICAL - 2022-11-11 08:34:41 --> Undefined variable: lang
#0 /home2/realias6/CI_FrameWork/app/Views/layout/footer.php(27): CodeIgniter\Debug\Exceptions->errorHandler(8, 'Undefined varia...', '/home2/realias6...', 27, Array)
#1 /home2/realias6/CI_FrameWork/system/View/View.php(246): include('/home2/realias6...')
#2 /home2/realias6/CI_FrameWork/system/Common.php(1087): CodeIgniter\View\View->render('layout/footer', Array, true)
#3 /home2/realias6/CI_FrameWork/app/Views/404.php(241): view('layout/footer')
#4 /home2/realias6/CI_FrameWork/system/View/View.php(246): include('/home2/realias6...')
#5 /home2/realias6/CI_FrameWork/system/Common.php(1087): CodeIgniter\View\View->render('404', Array, true)
#6 /home2/realias6/CI_FrameWork/app/Helpers/lang_helper.php(8): view('404')
#7 /home2/realias6/CI_FrameWork/app/Controllers/Error_404.php(12): lang_check()
#8 /home2/realias6/CI_FrameWork/system/CodeIgniter.php(914): App\Controllers\Error_404->show404()
#9 /home2/realias6/CI_FrameWork/system/CodeIgniter.php(950): CodeIgniter\CodeIgniter->runController(Object(App\Controllers\Error_404))
#10 /home2/realias6/CI_FrameWork/system/CodeIgniter.php(324): CodeIgniter\CodeIgniter->display404errors(Object(CodeIgniter\Exceptions\PageNotFoundException))
#11 /home2/realias6/elrowad-eg.com/index.php(45): CodeIgniter\CodeIgniter->run()
#12 {main}
CRITICAL - 2022-11-11 08:54:05 --> Undefined variable: lang
#0 /home2/realias6/CI_FrameWork/app/Views/layout/footer.php(27): CodeIgniter\Debug\Exceptions->errorHandler(8, 'Undefined varia...', '/home2/realias6...', 27, Array)
#1 /home2/realias6/CI_FrameWork/system/View/View.php(246): include('/home2/realias6...')
#2 /home2/realias6/CI_FrameWork/system/Common.php(1087): CodeIgniter\View\View->render('layout/footer', Array, true)
#3 /home2/realias6/CI_FrameWork/app/Views/404.php(241): view('layout/footer')
#4 /home2/realias6/CI_FrameWork/system/View/View.php(246): include('/home2/realias6...')
#5 /home2/realias6/CI_FrameWork/system/Common.php(1087): CodeIgniter\View\View->render('404', Array, true)
#6 /home2/realias6/CI_FrameWork/app/Helpers/lang_helper.php(8): view('404')
#7 /home2/realias6/CI_FrameWork/app/Controllers/Error_404.php(12): lang_check()
#8 /home2/realias6/CI_FrameWork/system/CodeIgniter.php(914): App\Controllers\Error_404->show404('bg-5.png')
#9 /home2/realias6/CI_FrameWork/system/CodeIgniter.php(950): CodeIgniter\CodeIgniter->runController(Object(App\Controllers\Error_404))
#10 /home2/realias6/CI_FrameWork/system/CodeIgniter.php(324): CodeIgniter\CodeIgniter->display404errors(Object(CodeIgniter\Exceptions\PageNotFoundException))
#11 /home2/realias6/elrowad-eg.com/index.php(45): CodeIgniter\CodeIgniter->run()
#12 {main}
CRITICAL - 2022-11-11 09:08:20 --> Undefined variable: lang
#0 /home2/realias6/CI_FrameWork/app/Views/layout/footer.php(27): CodeIgniter\Debug\Exceptions->errorHandler(8, 'Undefined varia...', '/home2/realias6...', 27, Array)
#1 /home2/realias6/CI_FrameWork/system/View/View.php(246): include('/home2/realias6...')
#2 /home2/realias6/CI_FrameWork/system/Common.php(1087): CodeIgniter\View\View->render('layout/footer', Array, true)
#3 /home2/realias6/CI_FrameWork/app/Views/404.php(241): view('layout/footer')
#4 /home2/realias6/CI_FrameWork/system/View/View.php(246): include('/home2/realias6...')
#5 /home2/realias6/CI_FrameWork/system/Common.php(1087): CodeIgniter\View\View->render('404', Array, true)
#6 /home2/realias6/CI_FrameWork/app/Helpers/lang_helper.php(8): view('404')
#7 /home2/realias6/CI_FrameWork/app/Controllers/Home.php(13): lang_check()
#8 /home2/realias6/CI_FrameWork/system/CodeIgniter.php(886): App\Controllers\Home->__construct()
#9 /home2/realias6/CI_FrameWork/system/CodeIgniter.php(395): CodeIgniter\CodeIgniter->createController()
#10 /home2/realias6/CI_FrameWork/system/CodeIgniter.php(308): CodeIgniter\CodeIgniter->handleRequest(NULL, Object(Config\Cache), false)
#11 /home2/realias6/elrowad-eg.com/index.php(45): CodeIgniter\CodeIgniter->run()
#12 {main}
CRITICAL - 2022-11-11 10:01:21 --> Undefined variable: lang
#0 /home2/realias6/CI_FrameWork/app/Views/layout/footer.php(27): CodeIgniter\Debug\Exceptions->errorHandler(8, 'Undefined varia...', '/home2/realias6...', 27, Array)
#1 /home2/realias6/CI_FrameWork/system/View/View.php(246): include('/home2/realias6...')
#2 /home2/realias6/CI_FrameWork/system/Common.php(1087): CodeIgniter\View\View->render('layout/footer', Array, true)
#3 /home2/realias6/CI_FrameWork/app/Views/404.php(241): view('layout/footer')
#4 /home2/realias6/CI_FrameWork/system/View/View.php(246): include('/home2/realias6...')
#5 /home2/realias6/CI_FrameWork/system/Common.php(1087): CodeIgniter\View\View->render('404', Array, true)
#6 /home2/realias6/CI_FrameWork/app/Helpers/lang_helper.php(8): view('404')
#7 /home2/realias6/CI_FrameWork/app/Controllers/Home.php(13): lang_check()
#8 /home2/realias6/CI_FrameWork/system/CodeIgniter.php(886): App\Controllers\Home->__construct()
#9 /home2/realias6/CI_FrameWork/system/CodeIgniter.php(395): CodeIgniter\CodeIgniter->createController()
#10 /home2/realias6/CI_FrameWork/system/CodeIgniter.php(308): CodeIgniter\CodeIgniter->handleRequest(NULL, Object(Config\Cache), false)
#11 /home2/realias6/elrowad-eg.com/index.php(45): CodeIgniter\CodeIgniter->run()
#12 {main}
CRITICAL - 2022-11-11 10:20:34 --> Undefined variable: lang
#0 /home2/realias6/CI_FrameWork/app/Views/layout/footer.php(27): CodeIgniter\Debug\Exceptions->errorHandler(8, 'Undefined varia...', '/home2/realias6...', 27, Array)
#1 /home2/realias6/CI_FrameWork/system/View/View.php(246): include('/home2/realias6...')
#2 /home2/realias6/CI_FrameWork/system/Common.php(1087): CodeIgniter\View\View->render('layout/footer', Array, true)
#3 /home2/realias6/CI_FrameWork/app/Views/404.php(241): view('layout/footer')
#4 /home2/realias6/CI_FrameWork/system/View/View.php(246): include('/home2/realias6...')
#5 /home2/realias6/CI_FrameWork/system/Common.php(1087): CodeIgniter\View\View->render('404', Array, true)
#6 /home2/realias6/CI_FrameWork/app/Helpers/lang_helper.php(8): view('404')
#7 /home2/realias6/CI_FrameWork/app/Controllers/Error_404.php(12): lang_check()
#8 /home2/realias6/CI_FrameWork/system/CodeIgniter.php(914): App\Controllers\Error_404->show404()
#9 /home2/realias6/CI_FrameWork/system/CodeIgniter.php(950): CodeIgniter\CodeIgniter->runController(Object(App\Controllers\Error_404))
#10 /home2/realias6/CI_FrameWork/system/CodeIgniter.php(324): CodeIgniter\CodeIgniter->display404errors(Object(CodeIgniter\Exceptions\PageNotFoundException))
#11 /home2/realias6/elrowad-eg.com/index.php(45): CodeIgniter\CodeIgniter->run()
#12 {main}
CRITICAL - 2022-11-11 10:20:35 --> Undefined variable: lang
#0 /home2/realias6/CI_FrameWork/app/Views/layout/footer.php(27): CodeIgniter\Debug\Exceptions->errorHandler(8, 'Undefined varia...', '/home2/realias6...', 27, Array)
#1 /home2/realias6/CI_FrameWork/system/View/View.php(246): include('/home2/realias6...')
#2 /home2/realias6/CI_FrameWork/system/Common.php(1087): CodeIgniter\View\View->render('layout/footer', Array, true)
#3 /home2/realias6/CI_FrameWork/app/Views/404.php(241): view('layout/footer')
#4 /home2/realias6/CI_FrameWork/system/View/View.php(246): include('/home2/realias6...')
#5 /home2/realias6/CI_FrameWork/system/Common.php(1087): CodeIgniter\View\View->render('404', Array, true)
#6 /home2/realias6/CI_FrameWork/app/Helpers/lang_helper.php(8): view('404')
#7 /home2/realias6/CI_FrameWork/app/Controllers/Home.php(13): lang_check()
#8 /home2/realias6/CI_FrameWork/system/CodeIgniter.php(886): App\Controllers\Home->__construct()
#9 /home2/realias6/CI_FrameWork/system/CodeIgniter.php(395): CodeIgniter\CodeIgniter->createController()
#10 /home2/realias6/CI_FrameWork/system/CodeIgniter.php(308): CodeIgniter\CodeIgniter->handleRequest(NULL, Object(Config\Cache), false)
#11 /home2/realias6/elrowad-eg.com/index.php(45): CodeIgniter\CodeIgniter->run()
#12 {main}
CRITICAL - 2022-11-11 10:20:35 --> Undefined variable: lang
#0 /home2/realias6/CI_FrameWork/app/Views/layout/footer.php(27): CodeIgniter\Debug\Exceptions->errorHandler(8, 'Undefined varia...', '/home2/realias6...', 27, Array)
#1 /home2/realias6/CI_FrameWork/system/View/View.php(246): include('/home2/realias6...')
#2 /home2/realias6/CI_FrameWork/system/Common.php(1087): CodeIgniter\View\View->render('layout/footer', Array, true)
#3 /home2/realias6/CI_FrameWork/app/Views/404.php(241): view('layout/footer')
#4 /home2/realias6/CI_FrameWork/system/View/View.php(246): include('/home2/realias6...')
#5 /home2/realias6/CI_FrameWork/system/Common.php(1087): CodeIgniter\View\View->render('404', Array, true)
#6 /home2/realias6/CI_FrameWork/app/Helpers/lang_helper.php(8): view('404')
#7 /home2/realias6/CI_FrameWork/app/Controllers/Home.php(13): lang_check()
#8 /home2/realias6/CI_FrameWork/system/CodeIgniter.php(886): App\Controllers\Home->__construct()
#9 /home2/realias6/CI_FrameWork/system/CodeIgniter.php(395): CodeIgniter\CodeIgniter->createController()
#10 /home2/realias6/CI_FrameWork/system/CodeIgniter.php(308): CodeIgniter\CodeIgniter->handleRequest(NULL, Object(Config\Cache), false)
#11 /home2/realias6/elrowad-eg.com/index.php(45): CodeIgniter\CodeIgniter->run()
#12 {main}
CRITICAL - 2022-11-11 10:20:36 --> Undefined variable: lang
#0 /home2/realias6/CI_FrameWork/app/Views/layout/footer.php(27): CodeIgniter\Debug\Exceptions->errorHandler(8, 'Undefined varia...', '/home2/realias6...', 27, Array)
#1 /home2/realias6/CI_FrameWork/system/View/View.php(246): include('/home2/realias6...')
#2 /home2/realias6/CI_FrameWork/system/Common.php(1087): CodeIgniter\View\View->render('layout/footer', Array, true)
#3 /home2/realias6/CI_FrameWork/app/Views/404.php(241): view('layout/footer')
#4 /home2/realias6/CI_FrameWork/system/View/View.php(246): include('/home2/realias6...')
#5 /home2/realias6/CI_FrameWork/system/Common.php(1087): CodeIgniter\View\View->render('404', Array, true)
#6 /home2/realias6/CI_FrameWork/app/Helpers/lang_helper.php(8): view('404')
#7 /home2/realias6/CI_FrameWork/app/Controllers/Home.php(13): lang_check()
#8 /home2/realias6/CI_FrameWork/system/CodeIgniter.php(886): App\Controllers\Home->__construct()
#9 /home2/realias6/CI_FrameWork/system/CodeIgniter.php(395): CodeIgniter\CodeIgniter->createController()
#10 /home2/realias6/CI_FrameWork/system/CodeIgniter.php(308): CodeIgniter\CodeIgniter->handleRequest(NULL, Object(Config\Cache), false)
#11 /home2/realias6/elrowad-eg.com/index.php(45): CodeIgniter\CodeIgniter->run()
#12 {main}
CRITICAL - 2022-11-11 10:20:42 --> Undefined variable: lang
#0 /home2/realias6/CI_FrameWork/app/Views/layout/footer.php(27): CodeIgniter\Debug\Exceptions->errorHandler(8, 'Undefined varia...', '/home2/realias6...', 27, Array)
#1 /home2/realias6/CI_FrameWork/system/View/View.php(246): include('/home2/realias6...')
#2 /home2/realias6/CI_FrameWork/system/Common.php(1087): CodeIgniter\View\View->render('layout/footer', Array, true)
#3 /home2/realias6/CI_FrameWork/app/Views/404.php(241): view('layout/footer')
#4 /home2/realias6/CI_FrameWork/system/View/View.php(246): include('/home2/realias6...')
#5 /home2/realias6/CI_FrameWork/system/Common.php(1087): CodeIgniter\View\View->render('404', Array, true)
#6 /home2/realias6/CI_FrameWork/app/Helpers/lang_helper.php(8): view('404')
#7 /home2/realias6/CI_FrameWork/app/Controllers/Home.php(13): lang_check()
#8 /home2/realias6/CI_FrameWork/system/CodeIgniter.php(886): App\Controllers\Home->__construct()
#9 /home2/realias6/CI_FrameWork/system/CodeIgniter.php(395): CodeIgniter\CodeIgniter->createController()
#10 /home2/realias6/CI_FrameWork/system/CodeIgniter.php(308): CodeIgniter\CodeIgniter->handleRequest(NULL, Object(Config\Cache), false)
#11 /home2/realias6/elrowad-eg.com/index.php(45): CodeIgniter\CodeIgniter->run()
#12 {main}
CRITICAL - 2022-11-11 10:20:51 --> Undefined variable: lang
#0 /home2/realias6/CI_FrameWork/app/Views/layout/footer.php(27): CodeIgniter\Debug\Exceptions->errorHandler(8, 'Undefined varia...', '/home2/realias6...', 27, Array)
#1 /home2/realias6/CI_FrameWork/system/View/View.php(246): include('/home2/realias6...')
#2 /home2/realias6/CI_FrameWork/system/Common.php(1087): CodeIgniter\View\View->render('layout/footer', Array, true)
#3 /home2/realias6/CI_FrameWork/app/Views/404.php(241): view('layout/footer')
#4 /home2/realias6/CI_FrameWork/system/View/View.php(246): include('/home2/realias6...')
#5 /home2/realias6/CI_FrameWork/system/Common.php(1087): CodeIgniter\View\View->render('404', Array, true)
#6 /home2/realias6/CI_FrameWork/app/Helpers/lang_helper.php(8): view('404')
#7 /home2/realias6/CI_FrameWork/app/Controllers/Error_404.php(12): lang_check()
#8 /home2/realias6/CI_FrameWork/system/CodeIgniter.php(914): App\Controllers\Error_404->show404()
#9 /home2/realias6/CI_FrameWork/system/CodeIgniter.php(950): CodeIgniter\CodeIgniter->runController(Object(App\Controllers\Error_404))
#10 /home2/realias6/CI_FrameWork/system/CodeIgniter.php(324): CodeIgniter\CodeIgniter->display404errors(Object(CodeIgniter\Exceptions\PageNotFoundException))
#11 /home2/realias6/elrowad-eg.com/index.php(45): CodeIgniter\CodeIgniter->run()
#12 {main}
CRITICAL - 2022-11-11 10:20:54 --> Undefined variable: lang
#0 /home2/realias6/CI_FrameWork/app/Views/layout/footer.php(27): CodeIgniter\Debug\Exceptions->errorHandler(8, 'Undefined varia...', '/home2/realias6...', 27, Array)
#1 /home2/realias6/CI_FrameWork/system/View/View.php(246): include('/home2/realias6...')
#2 /home2/realias6/CI_FrameWork/system/Common.php(1087): CodeIgniter\View\View->render('layout/footer', Array, true)
#3 /home2/realias6/CI_FrameWork/app/Views/404.php(241): view('layout/footer')
#4 /home2/realias6/CI_FrameWork/system/View/View.php(246): include('/home2/realias6...')
#5 /home2/realias6/CI_FrameWork/system/Common.php(1087): CodeIgniter\View\View->render('404', Array, true)
#6 /home2/realias6/CI_FrameWork/app/Helpers/lang_helper.php(8): view('404')
#7 /home2/realias6/CI_FrameWork/app/Controllers/Error_404.php(12): lang_check()
#8 /home2/realias6/CI_FrameWork/system/CodeIgniter.php(914): App\Controllers\Error_404->show404()
#9 /home2/realias6/CI_FrameWork/system/CodeIgniter.php(950): CodeIgniter\CodeIgniter->runController(Object(App\Controllers\Error_404))
#10 /home2/realias6/CI_FrameWork/system/CodeIgniter.php(324): CodeIgniter\CodeIgniter->display404errors(Object(CodeIgniter\Exceptions\PageNotFoundException))
#11 /home2/realias6/elrowad-eg.com/index.php(45): CodeIgniter\CodeIgniter->run()
#12 {main}
CRITICAL - 2022-11-11 10:20:57 --> Undefined variable: lang
#0 /home2/realias6/CI_FrameWork/app/Views/layout/footer.php(27): CodeIgniter\Debug\Exceptions->errorHandler(8, 'Undefined varia...', '/home2/realias6...', 27, Array)
#1 /home2/realias6/CI_FrameWork/system/View/View.php(246): include('/home2/realias6...')
#2 /home2/realias6/CI_FrameWork/system/Common.php(1087): CodeIgniter\View\View->render('layout/footer', Array, true)
#3 /home2/realias6/CI_FrameWork/app/Views/404.php(241): view('layout/footer')
#4 /home2/realias6/CI_FrameWork/system/View/View.php(246): include('/home2/realias6...')
#5 /home2/realias6/CI_FrameWork/system/Common.php(1087): CodeIgniter\View\View->render('404', Array, true)
#6 /home2/realias6/CI_FrameWork/app/Helpers/lang_helper.php(8): view('404')
#7 /home2/realias6/CI_FrameWork/app/Controllers/Home.php(13): lang_check()
#8 /home2/realias6/CI_FrameWork/system/CodeIgniter.php(886): App\Controllers\Home->__construct()
#9 /home2/realias6/CI_FrameWork/system/CodeIgniter.php(395): CodeIgniter\CodeIgniter->createController()
#10 /home2/realias6/CI_FrameWork/system/CodeIgniter.php(308): CodeIgniter\CodeIgniter->handleRequest(NULL, Object(Config\Cache), false)
#11 /home2/realias6/elrowad-eg.com/index.php(45): CodeIgniter\CodeIgniter->run()
#12 {main}
CRITICAL - 2022-11-11 11:58:40 --> Undefined variable: lang
#0 /home2/realias6/CI_FrameWork/app/Views/layout/footer.php(27): CodeIgniter\Debug\Exceptions->errorHandler(8, 'Undefined varia...', '/home2/realias6...', 27, Array)
#1 /home2/realias6/CI_FrameWork/system/View/View.php(246): include('/home2/realias6...')
#2 /home2/realias6/CI_FrameWork/system/Common.php(1087): CodeIgniter\View\View->render('layout/footer', Array, true)
#3 /home2/realias6/CI_FrameWork/app/Views/404.php(241): view('layout/footer')
#4 /home2/realias6/CI_FrameWork/system/View/View.php(246): include('/home2/realias6...')
#5 /home2/realias6/CI_FrameWork/system/Common.php(1087): CodeIgniter\View\View->render('404', Array, true)
#6 /home2/realias6/CI_FrameWork/app/Helpers/lang_helper.php(8): view('404')
#7 /home2/realias6/CI_FrameWork/app/Controllers/Home.php(13): lang_check()
#8 /home2/realias6/CI_FrameWork/system/CodeIgniter.php(886): App\Controllers\Home->__construct()
#9 /home2/realias6/CI_FrameWork/system/CodeIgniter.php(395): CodeIgniter\CodeIgniter->createController()
#10 /home2/realias6/CI_FrameWork/system/CodeIgniter.php(308): CodeIgniter\CodeIgniter->handleRequest(NULL, Object(Config\Cache), false)
#11 /home2/realias6/elrowad-eg.com/index.php(45): CodeIgniter\CodeIgniter->run()
#12 {main}
CRITICAL - 2022-11-11 13:00:05 --> Undefined variable: lang
#0 /home2/realias6/CI_FrameWork/app/Views/layout/footer.php(27): CodeIgniter\Debug\Exceptions->errorHandler(8, 'Undefined varia...', '/home2/realias6...', 27, Array)
#1 /home2/realias6/CI_FrameWork/system/View/View.php(246): include('/home2/realias6...')
#2 /home2/realias6/CI_FrameWork/system/Common.php(1087): CodeIgniter\View\View->render('layout/footer', Array, true)
#3 /home2/realias6/CI_FrameWork/app/Views/404.php(241): view('layout/footer')
#4 /home2/realias6/CI_FrameWork/system/View/View.php(246): include('/home2/realias6...')
#5 /home2/realias6/CI_FrameWork/system/Common.php(1087): CodeIgniter\View\View->render('404', Array, true)
#6 /home2/realias6/CI_FrameWork/app/Helpers/lang_helper.php(8): view('404')
#7 /home2/realias6/CI_FrameWork/app/Controllers/Error_404.php(12): lang_check()
#8 /home2/realias6/CI_FrameWork/system/CodeIgniter.php(914): App\Controllers\Error_404->show404('bg-5.png')
#9 /home2/realias6/CI_FrameWork/system/CodeIgniter.php(950): CodeIgniter\CodeIgniter->runController(Object(App\Controllers\Error_404))
#10 /home2/realias6/CI_FrameWork/system/CodeIgniter.php(324): CodeIgniter\CodeIgniter->display404errors(Object(CodeIgniter\Exceptions\PageNotFoundException))
#11 /home2/realias6/elrowad-eg.com/index.php(45): CodeIgniter\CodeIgniter->run()
#12 {main}
CRITICAL - 2022-11-11 13:55:37 --> Undefined variable: lang
#0 /home2/realias6/CI_FrameWork/app/Views/layout/footer.php(27): CodeIgniter\Debug\Exceptions->errorHandler(8, 'Undefined varia...', '/home2/realias6...', 27, Array)
#1 /home2/realias6/CI_FrameWork/system/View/View.php(246): include('/home2/realias6...')
#2 /home2/realias6/CI_FrameWork/system/Common.php(1087): CodeIgniter\View\View->render('layout/footer', Array, true)
#3 /home2/realias6/CI_FrameWork/app/Views/404.php(241): view('layout/footer')
#4 /home2/realias6/CI_FrameWork/system/View/View.php(246): include('/home2/realias6...')
#5 /home2/realias6/CI_FrameWork/system/Common.php(1087): CodeIgniter\View\View->render('404', Array, true)
#6 /home2/realias6/CI_FrameWork/app/Helpers/lang_helper.php(8): view('404')
#7 /home2/realias6/CI_FrameWork/app/Controllers/Home.php(13): lang_check()
#8 /home2/realias6/CI_FrameWork/system/CodeIgniter.php(886): App\Controllers\Home->__construct()
#9 /home2/realias6/CI_FrameWork/system/CodeIgniter.php(395): CodeIgniter\CodeIgniter->createController()
#10 /home2/realias6/CI_FrameWork/system/CodeIgniter.php(308): CodeIgniter\CodeIgniter->handleRequest(NULL, Object(Config\Cache), false)
#11 /home2/realias6/elrowad-eg.com/index.php(45): CodeIgniter\CodeIgniter->run()
#12 {main}
CRITICAL - 2022-11-11 14:18:56 --> Undefined variable: lang
#0 /home2/realias6/CI_FrameWork/app/Views/layout/footer.php(27): CodeIgniter\Debug\Exceptions->errorHandler(8, 'Undefined varia...', '/home2/realias6...', 27, Array)
#1 /home2/realias6/CI_FrameWork/system/View/View.php(246): include('/home2/realias6...')
#2 /home2/realias6/CI_FrameWork/system/Common.php(1087): CodeIgniter\View\View->render('layout/footer', Array, true)
#3 /home2/realias6/CI_FrameWork/app/Views/404.php(241): view('layout/footer')
#4 /home2/realias6/CI_FrameWork/system/View/View.php(246): include('/home2/realias6...')
#5 /home2/realias6/CI_FrameWork/system/Common.php(1087): CodeIgniter\View\View->render('404', Array, true)
#6 /home2/realias6/CI_FrameWork/app/Helpers/lang_helper.php(8): view('404')
#7 /home2/realias6/CI_FrameWork/app/Controllers/Home.php(13): lang_check()
#8 /home2/realias6/CI_FrameWork/system/CodeIgniter.php(886): App\Controllers\Home->__construct()
#9 /home2/realias6/CI_FrameWork/system/CodeIgniter.php(395): CodeIgniter\CodeIgniter->createController()
#10 /home2/realias6/CI_FrameWork/system/CodeIgniter.php(308): CodeIgniter\CodeIgniter->handleRequest(NULL, Object(Config\Cache), false)
#11 /home2/realias6/elrowad-eg.com/index.php(45): CodeIgniter\CodeIgniter->run()
#12 {main}
CRITICAL - 2022-11-11 15:59:54 --> Undefined variable: lang
#0 /home2/realias6/CI_FrameWork/app/Views/layout/footer.php(27): CodeIgniter\Debug\Exceptions->errorHandler(8, 'Undefined varia...', '/home2/realias6...', 27, Array)
#1 /home2/realias6/CI_FrameWork/system/View/View.php(246): include('/home2/realias6...')
#2 /home2/realias6/CI_FrameWork/system/Common.php(1087): CodeIgniter\View\View->render('layout/footer', Array, true)
#3 /home2/realias6/CI_FrameWork/app/Views/404.php(241): view('layout/footer')
#4 /home2/realias6/CI_FrameWork/system/View/View.php(246): include('/home2/realias6...')
#5 /home2/realias6/CI_FrameWork/system/Common.php(1087): CodeIgniter\View\View->render('404', Array, true)
#6 /home2/realias6/CI_FrameWork/app/Helpers/lang_helper.php(8): view('404')
#7 /home2/realias6/CI_FrameWork/app/Controllers/Error_404.php(12): lang_check()
#8 /home2/realias6/CI_FrameWork/system/CodeIgniter.php(914): App\Controllers\Error_404->show404('bg-5.png')
#9 /home2/realias6/CI_FrameWork/system/CodeIgniter.php(950): CodeIgniter\CodeIgniter->runController(Object(App\Controllers\Error_404))
#10 /home2/realias6/CI_FrameWork/system/CodeIgniter.php(324): CodeIgniter\CodeIgniter->display404errors(Object(CodeIgniter\Exceptions\PageNotFoundException))
#11 /home2/realias6/elrowad-eg.com/index.php(45): CodeIgniter\CodeIgniter->run()
#12 {main}
CRITICAL - 2022-11-11 16:42:00 --> Undefined variable: lang
#0 /home2/realias6/CI_FrameWork/app/Views/layout/footer.php(27): CodeIgniter\Debug\Exceptions->errorHandler(8, 'Undefined varia...', '/home2/realias6...', 27, Array)
#1 /home2/realias6/CI_FrameWork/system/View/View.php(246): include('/home2/realias6...')
#2 /home2/realias6/CI_FrameWork/system/Common.php(1087): CodeIgniter\View\View->render('layout/footer', Array, true)
#3 /home2/realias6/CI_FrameWork/app/Views/404.php(241): view('layout/footer')
#4 /home2/realias6/CI_FrameWork/system/View/View.php(246): include('/home2/realias6...')
#5 /home2/realias6/CI_FrameWork/system/Common.php(1087): CodeIgniter\View\View->render('404', Array, true)
#6 /home2/realias6/CI_FrameWork/app/Helpers/lang_helper.php(8): view('404')
#7 /home2/realias6/CI_FrameWork/app/Controllers/Error_404.php(12): lang_check()
#8 /home2/realias6/CI_FrameWork/system/CodeIgniter.php(914): App\Controllers\Error_404->show404('bg-5.png')
#9 /home2/realias6/CI_FrameWork/system/CodeIgniter.php(950): CodeIgniter\CodeIgniter->runController(Object(App\Controllers\Error_404))
#10 /home2/realias6/CI_FrameWork/system/CodeIgniter.php(324): CodeIgniter\CodeIgniter->display404errors(Object(CodeIgniter\Exceptions\PageNotFoundException))
#11 /home2/realias6/elrowad-eg.com/index.php(45): CodeIgniter\CodeIgniter->run()
#12 {main}
CRITICAL - 2022-11-11 17:32:48 --> Undefined variable: lang
#0 /home2/realias6/CI_FrameWork/app/Views/layout/footer.php(27): CodeIgniter\Debug\Exceptions->errorHandler(8, 'Undefined varia...', '/home2/realias6...', 27, Array)
#1 /home2/realias6/CI_FrameWork/system/View/View.php(246): include('/home2/realias6...')
#2 /home2/realias6/CI_FrameWork/system/Common.php(1087): CodeIgniter\View\View->render('layout/footer', Array, true)
#3 /home2/realias6/CI_FrameWork/app/Views/404.php(241): view('layout/footer')
#4 /home2/realias6/CI_FrameWork/system/View/View.php(246): include('/home2/realias6...')
#5 /home2/realias6/CI_FrameWork/system/Common.php(1087): CodeIgniter\View\View->render('404', Array, true)
#6 /home2/realias6/CI_FrameWork/app/Helpers/lang_helper.php(8): view('404')
#7 /home2/realias6/CI_FrameWork/app/Controllers/Home.php(13): lang_check()
#8 /home2/realias6/CI_FrameWork/system/CodeIgniter.php(886): App\Controllers\Home->__construct()
#9 /home2/realias6/CI_FrameWork/system/CodeIgniter.php(395): CodeIgniter\CodeIgniter->createController()
#10 /home2/realias6/CI_FrameWork/system/CodeIgniter.php(308): CodeIgniter\CodeIgniter->handleRequest(NULL, Object(Config\Cache), false)
#11 /home2/realias6/elrowad-eg.com/index.php(45): CodeIgniter\CodeIgniter->run()
#12 {main}
CRITICAL - 2022-11-11 17:36:51 --> Undefined variable: lang
#0 /home2/realias6/CI_FrameWork/app/Views/layout/footer.php(27): CodeIgniter\Debug\Exceptions->errorHandler(8, 'Undefined varia...', '/home2/realias6...', 27, Array)
#1 /home2/realias6/CI_FrameWork/system/View/View.php(246): include('/home2/realias6...')
#2 /home2/realias6/CI_FrameWork/system/Common.php(1087): CodeIgniter\View\View->render('layout/footer', Array, true)
#3 /home2/realias6/CI_FrameWork/app/Views/404.php(241): view('layout/footer')
#4 /home2/realias6/CI_FrameWork/system/View/View.php(246): include('/home2/realias6...')
#5 /home2/realias6/CI_FrameWork/system/Common.php(1087): CodeIgniter\View\View->render('404', Array, true)
#6 /home2/realias6/CI_FrameWork/app/Helpers/lang_helper.php(8): view('404')
#7 /home2/realias6/CI_FrameWork/app/Controllers/Error_404.php(12): lang_check()
#8 /home2/realias6/CI_FrameWork/system/CodeIgniter.php(914): App\Controllers\Error_404->show404('bg-5.png')
#9 /home2/realias6/CI_FrameWork/system/CodeIgniter.php(950): CodeIgniter\CodeIgniter->runController(Object(App\Controllers\Error_404))
#10 /home2/realias6/CI_FrameWork/system/CodeIgniter.php(324): CodeIgniter\CodeIgniter->display404errors(Object(CodeIgniter\Exceptions\PageNotFoundException))
#11 /home2/realias6/elrowad-eg.com/index.php(45): CodeIgniter\CodeIgniter->run()
#12 {main}
CRITICAL - 2022-11-11 18:19:15 --> Undefined variable: lang
#0 /home2/realias6/CI_FrameWork/app/Views/layout/footer.php(27): CodeIgniter\Debug\Exceptions->errorHandler(8, 'Undefined varia...', '/home2/realias6...', 27, Array)
#1 /home2/realias6/CI_FrameWork/system/View/View.php(246): include('/home2/realias6...')
#2 /home2/realias6/CI_FrameWork/system/Common.php(1087): CodeIgniter\View\View->render('layout/footer', Array, true)
#3 /home2/realias6/CI_FrameWork/app/Views/404.php(241): view('layout/footer')
#4 /home2/realias6/CI_FrameWork/system/View/View.php(246): include('/home2/realias6...')
#5 /home2/realias6/CI_FrameWork/system/Common.php(1087): CodeIgniter\View\View->render('404', Array, true)
#6 /home2/realias6/CI_FrameWork/app/Helpers/lang_helper.php(8): view('404')
#7 /home2/realias6/CI_FrameWork/app/Controllers/Home.php(13): lang_check()
#8 /home2/realias6/CI_FrameWork/system/CodeIgniter.php(886): App\Controllers\Home->__construct()
#9 /home2/realias6/CI_FrameWork/system/CodeIgniter.php(395): CodeIgniter\CodeIgniter->createController()
#10 /home2/realias6/CI_FrameWork/system/CodeIgniter.php(308): CodeIgniter\CodeIgniter->handleRequest(NULL, Object(Config\Cache), false)
#11 /home2/realias6/elrowad-eg.com/index.php(45): CodeIgniter\CodeIgniter->run()
#12 {main}
CRITICAL - 2022-11-11 19:25:17 --> Undefined variable: lang
#0 /home2/realias6/CI_FrameWork/app/Views/layout/footer.php(27): CodeIgniter\Debug\Exceptions->errorHandler(8, 'Undefined varia...', '/home2/realias6...', 27, Array)
#1 /home2/realias6/CI_FrameWork/system/View/View.php(246): include('/home2/realias6...')
#2 /home2/realias6/CI_FrameWork/system/Common.php(1087): CodeIgniter\View\View->render('layout/footer', Array, true)
#3 /home2/realias6/CI_FrameWork/app/Views/404.php(241): view('layout/footer')
#4 /home2/realias6/CI_FrameWork/system/View/View.php(246): include('/home2/realias6...')
#5 /home2/realias6/CI_FrameWork/system/Common.php(1087): CodeIgniter\View\View->render('404', Array, true)
#6 /home2/realias6/CI_FrameWork/app/Helpers/lang_helper.php(8): view('404')
#7 /home2/realias6/CI_FrameWork/app/Controllers/Error_404.php(12): lang_check()
#8 /home2/realias6/CI_FrameWork/system/CodeIgniter.php(914): App\Controllers\Error_404->show404('bg-5.png')
#9 /home2/realias6/CI_FrameWork/system/CodeIgniter.php(950): CodeIgniter\CodeIgniter->runController(Object(App\Controllers\Error_404))
#10 /home2/realias6/CI_FrameWork/system/CodeIgniter.php(324): CodeIgniter\CodeIgniter->display404errors(Object(CodeIgniter\Exceptions\PageNotFoundException))
#11 /home2/realias6/elrowad-eg.com/index.php(45): CodeIgniter\CodeIgniter->run()
#12 {main}
CRITICAL - 2022-11-11 19:45:34 --> Undefined variable: lang
#0 /home2/realias6/CI_FrameWork/app/Views/layout/footer.php(27): CodeIgniter\Debug\Exceptions->errorHandler(8, 'Undefined varia...', '/home2/realias6...', 27, Array)
#1 /home2/realias6/CI_FrameWork/system/View/View.php(246): include('/home2/realias6...')
#2 /home2/realias6/CI_FrameWork/system/Common.php(1087): CodeIgniter\View\View->render('layout/footer', Array, true)
#3 /home2/realias6/CI_FrameWork/app/Views/404.php(241): view('layout/footer')
#4 /home2/realias6/CI_FrameWork/system/View/View.php(246): include('/home2/realias6...')
#5 /home2/realias6/CI_FrameWork/system/Common.php(1087): CodeIgniter\View\View->render('404', Array, true)
#6 /home2/realias6/CI_FrameWork/app/Helpers/lang_helper.php(8): view('404')
#7 /home2/realias6/CI_FrameWork/app/Controllers/Error_404.php(12): lang_check()
#8 /home2/realias6/CI_FrameWork/system/CodeIgniter.php(914): App\Controllers\Error_404->show404('bg-5.png')
#9 /home2/realias6/CI_FrameWork/system/CodeIgniter.php(950): CodeIgniter\CodeIgniter->runController(Object(App\Controllers\Error_404))
#10 /home2/realias6/CI_FrameWork/system/CodeIgniter.php(324): CodeIgniter\CodeIgniter->display404errors(Object(CodeIgniter\Exceptions\PageNotFoundException))
#11 /home2/realias6/elrowad-eg.com/index.php(45): CodeIgniter\CodeIgniter->run()
#12 {main}
CRITICAL - 2022-11-11 21:03:53 --> Undefined variable: lang
#0 /home2/realias6/CI_FrameWork/app/Views/layout/footer.php(27): CodeIgniter\Debug\Exceptions->errorHandler(8, 'Undefined varia...', '/home2/realias6...', 27, Array)
#1 /home2/realias6/CI_FrameWork/system/View/View.php(246): include('/home2/realias6...')
#2 /home2/realias6/CI_FrameWork/system/Common.php(1087): CodeIgniter\View\View->render('layout/footer', Array, true)
#3 /home2/realias6/CI_FrameWork/app/Views/404.php(241): view('layout/footer')
#4 /home2/realias6/CI_FrameWork/system/View/View.php(246): include('/home2/realias6...')
#5 /home2/realias6/CI_FrameWork/system/Common.php(1087): CodeIgniter\View\View->render('404', Array, true)
#6 /home2/realias6/CI_FrameWork/app/Helpers/lang_helper.php(8): view('404')
#7 /home2/realias6/CI_FrameWork/app/Controllers/Home.php(13): lang_check()
#8 /home2/realias6/CI_FrameWork/system/CodeIgniter.php(886): App\Controllers\Home->__construct()
#9 /home2/realias6/CI_FrameWork/system/CodeIgniter.php(395): CodeIgniter\CodeIgniter->createController()
#10 /home2/realias6/CI_FrameWork/system/CodeIgniter.php(308): CodeIgniter\CodeIgniter->handleRequest(NULL, Object(Config\Cache), false)
#11 /home2/realias6/elrowad-eg.com/index.php(45): CodeIgniter\CodeIgniter->run()
#12 {main}
CRITICAL - 2022-11-11 21:04:13 --> Undefined variable: lang
#0 /home2/realias6/CI_FrameWork/app/Views/layout/footer.php(27): CodeIgniter\Debug\Exceptions->errorHandler(8, 'Undefined varia...', '/home2/realias6...', 27, Array)
#1 /home2/realias6/CI_FrameWork/system/View/View.php(246): include('/home2/realias6...')
#2 /home2/realias6/CI_FrameWork/system/Common.php(1087): CodeIgniter\View\View->render('layout/footer', Array, true)
#3 /home2/realias6/CI_FrameWork/app/Views/404.php(241): view('layout/footer')
#4 /home2/realias6/CI_FrameWork/system/View/View.php(246): include('/home2/realias6...')
#5 /home2/realias6/CI_FrameWork/system/Common.php(1087): CodeIgniter\View\View->render('404', Array, true)
#6 /home2/realias6/CI_FrameWork/app/Helpers/lang_helper.php(8): view('404')
#7 /home2/realias6/CI_FrameWork/app/Controllers/Home.php(13): lang_check()
#8 /home2/realias6/CI_FrameWork/system/CodeIgniter.php(886): App\Controllers\Home->__construct()
#9 /home2/realias6/CI_FrameWork/system/CodeIgniter.php(395): CodeIgniter\CodeIgniter->createController()
#10 /home2/realias6/CI_FrameWork/system/CodeIgniter.php(308): CodeIgniter\CodeIgniter->handleRequest(NULL, Object(Config\Cache), false)
#11 /home2/realias6/elrowad-eg.com/index.php(45): CodeIgniter\CodeIgniter->run()
#12 {main}
CRITICAL - 2022-11-11 21:06:51 --> Undefined variable: lang
#0 /home2/realias6/CI_FrameWork/app/Views/layout/footer.php(27): CodeIgniter\Debug\Exceptions->errorHandler(8, 'Undefined varia...', '/home2/realias6...', 27, Array)
#1 /home2/realias6/CI_FrameWork/system/View/View.php(246): include('/home2/realias6...')
#2 /home2/realias6/CI_FrameWork/system/Common.php(1087): CodeIgniter\View\View->render('layout/footer', Array, true)
#3 /home2/realias6/CI_FrameWork/app/Views/404.php(241): view('layout/footer')
#4 /home2/realias6/CI_FrameWork/system/View/View.php(246): include('/home2/realias6...')
#5 /home2/realias6/CI_FrameWork/system/Common.php(1087): CodeIgniter\View\View->render('404', Array, true)
#6 /home2/realias6/CI_FrameWork/app/Helpers/lang_helper.php(8): view('404')
#7 /home2/realias6/CI_FrameWork/app/Controllers/Error_404.php(12): lang_check()
#8 /home2/realias6/CI_FrameWork/system/CodeIgniter.php(914): App\Controllers\Error_404->show404('bg-5.png')
#9 /home2/realias6/CI_FrameWork/system/CodeIgniter.php(950): CodeIgniter\CodeIgniter->runController(Object(App\Controllers\Error_404))
#10 /home2/realias6/CI_FrameWork/system/CodeIgniter.php(324): CodeIgniter\CodeIgniter->display404errors(Object(CodeIgniter\Exceptions\PageNotFoundException))
#11 /home2/realias6/elrowad-eg.com/index.php(45): CodeIgniter\CodeIgniter->run()
#12 {main}
CRITICAL - 2022-11-11 23:00:34 --> Undefined variable: lang
#0 /home2/realias6/CI_FrameWork/app/Views/layout/footer.php(27): CodeIgniter\Debug\Exceptions->errorHandler(8, 'Undefined varia...', '/home2/realias6...', 27, Array)
#1 /home2/realias6/CI_FrameWork/system/View/View.php(246): include('/home2/realias6...')
#2 /home2/realias6/CI_FrameWork/system/Common.php(1087): CodeIgniter\View\View->render('layout/footer', Array, true)
#3 /home2/realias6/CI_FrameWork/app/Views/404.php(241): view('layout/footer')
#4 /home2/realias6/CI_FrameWork/system/View/View.php(246): include('/home2/realias6...')
#5 /home2/realias6/CI_FrameWork/system/Common.php(1087): CodeIgniter\View\View->render('404', Array, true)
#6 /home2/realias6/CI_FrameWork/app/Helpers/lang_helper.php(8): view('404')
#7 /home2/realias6/CI_FrameWork/app/Controllers/Error_404.php(12): lang_check()
#8 /home2/realias6/CI_FrameWork/system/CodeIgniter.php(914): App\Controllers\Error_404->show404('bg-5.png')
#9 /home2/realias6/CI_FrameWork/system/CodeIgniter.php(950): CodeIgniter\CodeIgniter->runController(Object(App\Controllers\Error_404))
#10 /home2/realias6/CI_FrameWork/system/CodeIgniter.php(324): CodeIgniter\CodeIgniter->display404errors(Object(CodeIgniter\Exceptions\PageNotFoundException))
#11 /home2/realias6/elrowad-eg.com/index.php(45): CodeIgniter\CodeIgniter->run()
#12 {main}
CRITICAL - 2022-11-11 23:09:11 --> Undefined variable: lang
#0 /home2/realias6/CI_FrameWork/app/Views/layout/footer.php(27): CodeIgniter\Debug\Exceptions->errorHandler(8, 'Undefined varia...', '/home2/realias6...', 27, Array)
#1 /home2/realias6/CI_FrameWork/system/View/View.php(246): include('/home2/realias6...')
#2 /home2/realias6/CI_FrameWork/system/Common.php(1087): CodeIgniter\View\View->render('layout/footer', Array, true)
#3 /home2/realias6/CI_FrameWork/app/Views/404.php(241): view('layout/footer')
#4 /home2/realias6/CI_FrameWork/system/View/View.php(246): include('/home2/realias6...')
#5 /home2/realias6/CI_FrameWork/system/Common.php(1087): CodeIgniter\View\View->render('404', Array, true)
#6 /home2/realias6/CI_FrameWork/app/Helpers/lang_helper.php(8): view('404')
#7 /home2/realias6/CI_FrameWork/app/Controllers/Error_404.php(12): lang_check()
#8 /home2/realias6/CI_FrameWork/system/CodeIgniter.php(914): App\Controllers\Error_404->show404()
#9 /home2/realias6/CI_FrameWork/system/CodeIgniter.php(950): CodeIgniter\CodeIgniter->runController(Object(App\Controllers\Error_404))
#10 /home2/realias6/CI_FrameWork/system/CodeIgniter.php(324): CodeIgniter\CodeIgniter->display404errors(Object(CodeIgniter\Exceptions\PageNotFoundException))
#11 /home2/realias6/elrowad-eg.com/index.php(45): CodeIgniter\CodeIgniter->run()
#12 {main}
CRITICAL - 2022-11-11 23:29:23 --> Undefined variable: lang
#0 /home2/realias6/CI_FrameWork/app/Views/layout/footer.php(27): CodeIgniter\Debug\Exceptions->errorHandler(8, 'Undefined varia...', '/home2/realias6...', 27, Array)
#1 /home2/realias6/CI_FrameWork/system/View/View.php(246): include('/home2/realias6...')
#2 /home2/realias6/CI_FrameWork/system/Common.php(1087): CodeIgniter\View\View->render('layout/footer', Array, true)
#3 /home2/realias6/CI_FrameWork/app/Views/404.php(241): view('layout/footer')
#4 /home2/realias6/CI_FrameWork/system/View/View.php(246): include('/home2/realias6...')
#5 /home2/realias6/CI_FrameWork/system/Common.php(1087): CodeIgniter\View\View->render('404', Array, true)
#6 /home2/realias6/CI_FrameWork/app/Helpers/lang_helper.php(8): view('404')
#7 /home2/realias6/CI_FrameWork/app/Controllers/Home.php(13): lang_check()
#8 /home2/realias6/CI_FrameWork/system/CodeIgniter.php(886): App\Controllers\Home->__construct()
#9 /home2/realias6/CI_FrameWork/system/CodeIgniter.php(395): CodeIgniter\CodeIgniter->createController()
#10 /home2/realias6/CI_FrameWork/system/CodeIgniter.php(308): CodeIgniter\CodeIgniter->handleRequest(NULL, Object(Config\Cache), false)
#11 /home2/realias6/elrowad-eg.com/index.php(45): CodeIgniter\CodeIgniter->run()
#12 {main}
CRITICAL - 2022-11-11 23:50:34 --> Undefined variable: lang
#0 /home2/realias6/CI_FrameWork/app/Views/layout/footer.php(27): CodeIgniter\Debug\Exceptions->errorHandler(8, 'Undefined varia...', '/home2/realias6...', 27, Array)
#1 /home2/realias6/CI_FrameWork/system/View/View.php(246): include('/home2/realias6...')
#2 /home2/realias6/CI_FrameWork/system/Common.php(1087): CodeIgniter\View\View->render('layout/footer', Array, true)
#3 /home2/realias6/CI_FrameWork/app/Views/404.php(241): view('layout/footer')
#4 /home2/realias6/CI_FrameWork/system/View/View.php(246): include('/home2/realias6...')
#5 /home2/realias6/CI_FrameWork/system/Common.php(1087): CodeIgniter\View\View->render('404', Array, true)
#6 /home2/realias6/CI_FrameWork/app/Helpers/lang_helper.php(8): view('404')
#7 /home2/realias6/CI_FrameWork/app/Controllers/Home.php(13): lang_check()
#8 /home2/realias6/CI_FrameWork/system/CodeIgniter.php(886): App\Controllers\Home->__construct()
#9 /home2/realias6/CI_FrameWork/system/CodeIgniter.php(395): CodeIgniter\CodeIgniter->createController()
#10 /home2/realias6/CI_FrameWork/system/CodeIgniter.php(308): CodeIgniter\CodeIgniter->handleRequest(NULL, Object(Config\Cache), false)
#11 /home2/realias6/elrowad-eg.com/index.php(45): CodeIgniter\CodeIgniter->run()
#12 {main}
